Start Train Job! 
Epoch 1/1

  1/237 [..............................] - ETA: 23:45 - loss: 0.7503 - accuracy: 0.3400
  2/237 [..............................] - ETA: 16:17 - loss: 0.6127 - accuracy: 0.5250
  3/237 [..............................] - ETA: 13:38 - loss: 0.5801 - accuracy: 0.5667
  4/237 [..............................] - ETA: 12:41 - loss: 0.5403 - accuracy: 0.6100
  5/237 [..............................] - ETA: 11:58 - loss: 0.5306 - accuracy: 0.6060
  6/237 [..............................] - ETA: 11:38 - loss: 0.4950 - accuracy: 0.6283
  7/237 [..............................] - ETA: 11:32 - loss: 0.4602 - accuracy: 0.6600
  8/237 [>.............................] - ETA: 11:01 - loss: 0.4293 - accuracy: 0.7013
  9/237 [>.............................] - ETA: 10:48 - loss: 0.4036 - accuracy: 0.7322
 10/237 [>.............................] - ETA: 10:42 - loss: 0.3797 - accuracy: 0.7570
 11/237 [>.............................] - ETA: 10:30 - loss: 0.3579 - accuracy: 0.7782
 12/237 [>.............................] - ETA: 10:29 - loss: 0.3363 - accuracy: 0.7967
 13/237 [>.............................] - ETA: 10:22 - loss: 0.3177 - accuracy: 0.8115
 14/237 [>.............................] - ETA: 10:16 - loss: 0.3011 - accuracy: 0.8243
 15/237 [>.............................] - ETA: 10:09 - loss: 0.2846 - accuracy: 0.8360
 16/237 [=>............................] - ETA: 10:03 - loss: 0.2705 - accuracy: 0.8456
 17/237 [=>............................] - ETA: 9:54 - loss: 0.2590 - accuracy: 0.8535 
 18/237 [=>............................] - ETA: 9:50 - loss: 0.2499 - accuracy: 0.8600
 19/237 [=>............................] - ETA: 9:49 - loss: 0.2428 - accuracy: 0.8653
 20/237 [=>............................] - ETA: 9:39 - loss: 0.2313 - accuracy: 0.8720
 21/237 [=>............................] - ETA: 9:37 - loss: 0.2208 - accuracy: 0.8781
 22/237 [=>............................] - ETA: 9:36 - loss: 0.2116 - accuracy: 0.8836
 23/237 [=>............................] - ETA: 9:32 - loss: 0.2041 - accuracy: 0.8883
 24/237 [==>...........................] - ETA: 9:27 - loss: 0.1979 - accuracy: 0.8921
 25/237 [==>...........................] - ETA: 9:21 - loss: 0.1902 - accuracy: 0.8964
 26/237 [==>...........................] - ETA: 9:17 - loss: 0.1888 - accuracy: 0.8988
 27/237 [==>...........................] - ETA: 9:15 - loss: 0.1863 - accuracy: 0.9011
 28/237 [==>...........................] - ETA: 9:13 - loss: 0.1799 - accuracy: 0.9046
 29/237 [==>...........................] - ETA: 9:07 - loss: 0.1773 - accuracy: 0.9066
 30/237 [==>...........................] - ETA: 9:04 - loss: 0.1751 - accuracy: 0.9083
 31/237 [==>...........................] - ETA: 9:04 - loss: 0.1740 - accuracy: 0.9100
 32/237 [===>..........................] - ETA: 9:01 - loss: 0.1714 - accuracy: 0.9122
 33/237 [===>..........................] - ETA: 8:56 - loss: 0.1671 - accuracy: 0.9145
 34/237 [===>..........................] - ETA: 8:53 - loss: 0.1645 - accuracy: 0.9165
 35/237 [===>..........................] - ETA: 8:51 - loss: 0.1608 - accuracy: 0.9186
 36/237 [===>..........................] - ETA: 8:45 - loss: 0.1594 - accuracy: 0.9197
 37/237 [===>..........................] - ETA: 8:43 - loss: 0.1569 - accuracy: 0.9214
 38/237 [===>..........................] - ETA: 8:39 - loss: 0.1560 - accuracy: 0.9226
 39/237 [===>..........................] - ETA: 8:36 - loss: 0.1537 - accuracy: 0.9238
 40/237 [====>.........................] - ETA: 8:33 - loss: 0.1521 - accuracy: 0.9250
 41/237 [====>.........................] - ETA: 8:30 - loss: 0.1503 - accuracy: 0.9261
 42/237 [====>.........................] - ETA: 8:27 - loss: 0.1477 - accuracy: 0.9276
 43/237 [====>.........................] - ETA: 8:25 - loss: 0.1451 - accuracy: 0.9288
 44/237 [====>.........................] - ETA: 8:21 - loss: 0.1437 - accuracy: 0.9300
 45/237 [====>.........................] - ETA: 8:18 - loss: 0.1411 - accuracy: 0.9316
 46/237 [====>.........................] - ETA: 8:16 - loss: 0.1389 - accuracy: 0.9326
 47/237 [====>.........................] - ETA: 8:14 - loss: 0.1366 - accuracy: 0.9340
 48/237 [=====>........................] - ETA: 8:10 - loss: 0.1354 - accuracy: 0.9348
 49/237 [=====>........................] - ETA: 8:09 - loss: 0.1331 - accuracy: 0.9361
 50/237 [=====>........................] - ETA: 8:05 - loss: 0.1312 - accuracy: 0.9370
 51/237 [=====>........................] - ETA: 8:01 - loss: 0.1302 - accuracy: 0.9378
 52/237 [=====>........................] - ETA: 7:59 - loss: 0.1300 - accuracy: 0.9385
 53/237 [=====>........................] - ETA: 7:57 - loss: 0.1283 - accuracy: 0.9394
 54/237 [=====>........................] - ETA: 7:54 - loss: 0.1267 - accuracy: 0.9404
 55/237 [=====>........................] - ETA: 7:51 - loss: 0.1259 - accuracy: 0.9411
 56/237 [======>.......................] - ETA: 7:48 - loss: 0.1249 - accuracy: 0.9418
 57/237 [======>.......................] - ETA: 7:46 - loss: 0.1246 - accuracy: 0.9423
 58/237 [======>.......................] - ETA: 7:43 - loss: 0.1230 - accuracy: 0.9431
 59/237 [======>.......................] - ETA: 7:41 - loss: 0.1213 - accuracy: 0.9441
 60/237 [======>.......................] - ETA: 7:37 - loss: 0.1203 - accuracy: 0.9447
 61/237 [======>.......................] - ETA: 7:35 - loss: 0.1191 - accuracy: 0.9452
 62/237 [======>.......................] - ETA: 7:32 - loss: 0.1174 - accuracy: 0.9461
 63/237 [======>.......................] - ETA: 7:29 - loss: 0.1162 - accuracy: 0.9468
 64/237 [=======>......................] - ETA: 7:26 - loss: 0.1149 - accuracy: 0.9475
 65/237 [=======>......................] - ETA: 7:23 - loss: 0.1139 - accuracy: 0.9478
 66/237 [=======>......................] - ETA: 7:21 - loss: 0.1127 - accuracy: 0.9485
 67/237 [=======>......................] - ETA: 7:18 - loss: 0.1114 - accuracy: 0.9491
 68/237 [=======>......................] - ETA: 7:16 - loss: 0.1100 - accuracy: 0.9497
 69/237 [=======>......................] - ETA: 7:13 - loss: 0.1089 - accuracy: 0.9503
 70/237 [=======>......................] - ETA: 7:11 - loss: 0.1081 - accuracy: 0.9507
 71/237 [=======>......................] - ETA: 7:08 - loss: 0.1077 - accuracy: 0.9513
 72/237 [========>.....................] - ETA: 7:05 - loss: 0.1071 - accuracy: 0.9517
 73/237 [========>.....................] - ETA: 7:03 - loss: 0.1063 - accuracy: 0.9521
 74/237 [========>.....................] - ETA: 7:00 - loss: 0.1057 - accuracy: 0.9526
 75/237 [========>.....................] - ETA: 6:57 - loss: 0.1046 - accuracy: 0.9532
 76/237 [========>.....................] - ETA: 6:54 - loss: 0.1033 - accuracy: 0.9538
 77/237 [========>.....................] - ETA: 6:51 - loss: 0.1022 - accuracy: 0.9543
 78/237 [========>.....................] - ETA: 6:49 - loss: 0.1013 - accuracy: 0.9547
 79/237 [=========>....................] - ETA: 6:46 - loss: 0.1001 - accuracy: 0.9553
 80/237 [=========>....................] - ETA: 6:44 - loss: 0.0989 - accuracy: 0.9559
 81/237 [=========>....................] - ETA: 6:41 - loss: 0.0989 - accuracy: 0.9562
 82/237 [=========>....................] - ETA: 6:39 - loss: 0.0983 - accuracy: 0.9563
 83/237 [=========>....................] - ETA: 6:36 - loss: 0.0976 - accuracy: 0.9565
 84/237 [=========>....................] - ETA: 6:33 - loss: 0.0972 - accuracy: 0.9568
 85/237 [=========>....................] - ETA: 6:31 - loss: 0.0963 - accuracy: 0.9572
 86/237 [=========>....................] - ETA: 6:28 - loss: 0.0956 - accuracy: 0.9576
 87/237 [==========>...................] - ETA: 6:25 - loss: 0.0950 - accuracy: 0.9579
 88/237 [==========>...................] - ETA: 6:22 - loss: 0.0949 - accuracy: 0.9582
 89/237 [==========>...................] - ETA: 6:20 - loss: 0.0940 - accuracy: 0.9587
 90/237 [==========>...................] - ETA: 6:18 - loss: 0.0933 - accuracy: 0.9590
 91/237 [==========>...................] - ETA: 6:15 - loss: 0.0928 - accuracy: 0.9592
 92/237 [==========>...................] - ETA: 6:12 - loss: 0.0919 - accuracy: 0.9597
 93/237 [==========>...................] - ETA: 6:10 - loss: 0.0912 - accuracy: 0.9600
 94/237 [==========>...................] - ETA: 6:07 - loss: 0.0907 - accuracy: 0.9603
 95/237 [===========>..................] - ETA: 6:04 - loss: 0.0899 - accuracy: 0.9607
 96/237 [===========>..................] - ETA: 6:02 - loss: 0.0891 - accuracy: 0.9611
 97/237 [===========>..................] - ETA: 5:59 - loss: 0.0885 - accuracy: 0.9614
 98/237 [===========>..................] - ETA: 5:57 - loss: 0.0880 - accuracy: 0.9617
 99/237 [===========>..................] - ETA: 5:54 - loss: 0.0872 - accuracy: 0.9621
100/237 [===========>..................] - ETA: 5:51 - loss: 0.0870 - accuracy: 0.9624
101/237 [===========>..................] - ETA: 5:49 - loss: 0.0869 - accuracy: 0.9625
102/237 [===========>..................] - ETA: 5:46 - loss: 0.0865 - accuracy: 0.9627
103/237 [============>.................] - ETA: 5:44 - loss: 0.0857 - accuracy: 0.9631
104/237 [============>.................] - ETA: 5:41 - loss: 0.0852 - accuracy: 0.9634
105/237 [============>.................] - ETA: 5:38 - loss: 0.0847 - accuracy: 0.9636
106/237 [============>.................] - ETA: 5:36 - loss: 0.0842 - accuracy: 0.9638
107/237 [============>.................] - ETA: 5:33 - loss: 0.0839 - accuracy: 0.9639
108/237 [============>.................] - ETA: 5:31 - loss: 0.0836 - accuracy: 0.9641
109/237 [============>.................] - ETA: 5:28 - loss: 0.0830 - accuracy: 0.9643
110/237 [============>.................] - ETA: 5:25 - loss: 0.0828 - accuracy: 0.9645
111/237 [=============>................] - ETA: 5:23 - loss: 0.0821 - accuracy: 0.9648
112/237 [=============>................] - ETA: 5:20 - loss: 0.0818 - accuracy: 0.9650
113/237 [=============>................] - ETA: 5:17 - loss: 0.0811 - accuracy: 0.9653
114/237 [=============>................] - ETA: 5:15 - loss: 0.0808 - accuracy: 0.9655
115/237 [=============>................] - ETA: 5:12 - loss: 0.0801 - accuracy: 0.9658
116/237 [=============>................] - ETA: 5:10 - loss: 0.0799 - accuracy: 0.9659
117/237 [=============>................] - ETA: 5:07 - loss: 0.0795 - accuracy: 0.9662
118/237 [=============>................] - ETA: 5:04 - loss: 0.0788 - accuracy: 0.9664
119/237 [==============>...............] - ETA: 5:02 - loss: 0.0784 - accuracy: 0.9666
120/237 [==============>...............] - ETA: 4:59 - loss: 0.0778 - accuracy: 0.9669
121/237 [==============>...............] - ETA: 4:56 - loss: 0.0772 - accuracy: 0.9672
122/237 [==============>...............] - ETA: 4:54 - loss: 0.0766 - accuracy: 0.9675
123/237 [==============>...............] - ETA: 4:51 - loss: 0.0766 - accuracy: 0.9676
124/237 [==============>...............] - ETA: 4:49 - loss: 0.0762 - accuracy: 0.9678
125/237 [==============>...............] - ETA: 4:46 - loss: 0.0757 - accuracy: 0.9681
126/237 [==============>...............] - ETA: 4:44 - loss: 0.0751 - accuracy: 0.9683
127/237 [===============>..............] - ETA: 4:41 - loss: 0.0749 - accuracy: 0.9684
128/237 [===============>..............] - ETA: 4:38 - loss: 0.0743 - accuracy: 0.9687
129/237 [===============>..............] - ETA: 4:36 - loss: 0.0739 - accuracy: 0.9688
130/237 [===============>..............] - ETA: 4:33 - loss: 0.0738 - accuracy: 0.9689
131/237 [===============>..............] - ETA: 4:31 - loss: 0.0737 - accuracy: 0.9690
132/237 [===============>..............] - ETA: 4:28 - loss: 0.0734 - accuracy: 0.9692
133/237 [===============>..............] - ETA: 4:25 - loss: 0.0729 - accuracy: 0.9694
134/237 [===============>..............] - ETA: 4:23 - loss: 0.0725 - accuracy: 0.9696
135/237 [================>.............] - ETA: 4:20 - loss: 0.0723 - accuracy: 0.9697
136/237 [================>.............] - ETA: 4:17 - loss: 0.0722 - accuracy: 0.9699
137/237 [================>.............] - ETA: 4:15 - loss: 0.0720 - accuracy: 0.9699
138/237 [================>.............] - ETA: 4:13 - loss: 0.0722 - accuracy: 0.9699
139/237 [================>.............] - ETA: 4:10 - loss: 0.0720 - accuracy: 0.9701
140/237 [================>.............] - ETA: 4:07 - loss: 0.0716 - accuracy: 0.9703
141/237 [================>.............] - ETA: 4:05 - loss: 0.0712 - accuracy: 0.9705
142/237 [================>.............] - ETA: 4:02 - loss: 0.0708 - accuracy: 0.9706
143/237 [=================>............] - ETA: 3:59 - loss: 0.0707 - accuracy: 0.9707
144/237 [=================>............] - ETA: 3:57 - loss: 0.0704 - accuracy: 0.9708
145/237 [=================>............] - ETA: 3:54 - loss: 0.0701 - accuracy: 0.9710
146/237 [=================>............] - ETA: 3:52 - loss: 0.0697 - accuracy: 0.9712
147/237 [=================>............] - ETA: 3:49 - loss: 0.0694 - accuracy: 0.9713
148/237 [=================>............] - ETA: 3:46 - loss: 0.0693 - accuracy: 0.9714
149/237 [=================>............] - ETA: 3:44 - loss: 0.0689 - accuracy: 0.9716
150/237 [=================>............] - ETA: 3:41 - loss: 0.0685 - accuracy: 0.9718
151/237 [==================>...........] - ETA: 3:39 - loss: 0.0681 - accuracy: 0.9720
152/237 [==================>...........] - ETA: 3:36 - loss: 0.0677 - accuracy: 0.9722
153/237 [==================>...........] - ETA: 3:34 - loss: 0.0673 - accuracy: 0.9724
154/237 [==================>...........] - ETA: 3:31 - loss: 0.0669 - accuracy: 0.9725
155/237 [==================>...........] - ETA: 3:29 - loss: 0.0665 - accuracy: 0.9727
156/237 [==================>...........] - ETA: 3:26 - loss: 0.0661 - accuracy: 0.9729
157/237 [==================>...........] - ETA: 3:23 - loss: 0.0657 - accuracy: 0.9731
158/237 [===================>..........] - ETA: 3:21 - loss: 0.0654 - accuracy: 0.9732
159/237 [===================>..........] - ETA: 3:18 - loss: 0.0650 - accuracy: 0.9733
160/237 [===================>..........] - ETA: 3:16 - loss: 0.0652 - accuracy: 0.9734
161/237 [===================>..........] - ETA: 3:13 - loss: 0.0651 - accuracy: 0.9735
162/237 [===================>..........] - ETA: 3:10 - loss: 0.0647 - accuracy: 0.9736
163/237 [===================>..........] - ETA: 3:08 - loss: 0.0644 - accuracy: 0.9737
164/237 [===================>..........] - ETA: 3:05 - loss: 0.0645 - accuracy: 0.9738
165/237 [===================>..........] - ETA: 3:03 - loss: 0.0643 - accuracy: 0.9739
166/237 [====================>.........] - ETA: 3:00 - loss: 0.0639 - accuracy: 0.9740
167/237 [====================>.........] - ETA: 2:58 - loss: 0.0636 - accuracy: 0.9742
168/237 [====================>.........] - ETA: 2:55 - loss: 0.0633 - accuracy: 0.9743
169/237 [====================>.........] - ETA: 2:52 - loss: 0.0635 - accuracy: 0.9743
170/237 [====================>.........] - ETA: 2:50 - loss: 0.0632 - accuracy: 0.9745
171/237 [====================>.........] - ETA: 2:47 - loss: 0.0632 - accuracy: 0.9745
172/237 [====================>.........] - ETA: 2:45 - loss: 0.0629 - accuracy: 0.9747
173/237 [====================>.........] - ETA: 2:42 - loss: 0.0628 - accuracy: 0.9747
174/237 [=====================>........] - ETA: 2:40 - loss: 0.0625 - accuracy: 0.9748
175/237 [=====================>........] - ETA: 2:37 - loss: 0.0622 - accuracy: 0.9750
176/237 [=====================>........] - ETA: 2:34 - loss: 0.0622 - accuracy: 0.9750
177/237 [=====================>........] - ETA: 2:32 - loss: 0.0620 - accuracy: 0.9751
178/237 [=====================>........] - ETA: 2:29 - loss: 0.0620 - accuracy: 0.9751
179/237 [=====================>........] - ETA: 2:27 - loss: 0.0617 - accuracy: 0.9753
180/237 [=====================>........] - ETA: 2:24 - loss: 0.0614 - accuracy: 0.9754
181/237 [=====================>........] - ETA: 2:22 - loss: 0.0612 - accuracy: 0.9755
182/237 [======================>.......] - ETA: 2:19 - loss: 0.0609 - accuracy: 0.9757
183/237 [======================>.......] - ETA: 2:16 - loss: 0.0607 - accuracy: 0.9757
184/237 [======================>.......] - ETA: 2:14 - loss: 0.0604 - accuracy: 0.9759
185/237 [======================>.......] - ETA: 2:11 - loss: 0.0601 - accuracy: 0.9760
186/237 [======================>.......] - ETA: 2:09 - loss: 0.0598 - accuracy: 0.9761
187/237 [======================>.......] - ETA: 2:06 - loss: 0.0598 - accuracy: 0.9761
188/237 [======================>.......] - ETA: 2:04 - loss: 0.0597 - accuracy: 0.9762
189/237 [======================>.......] - ETA: 2:01 - loss: 0.0599 - accuracy: 0.9762
190/237 [=======================>......] - ETA: 1:59 - loss: 0.0596 - accuracy: 0.9764
191/237 [=======================>......] - ETA: 1:56 - loss: 0.0593 - accuracy: 0.9765
192/237 [=======================>......] - ETA: 1:54 - loss: 0.0592 - accuracy: 0.9766
193/237 [=======================>......] - ETA: 1:51 - loss: 0.0589 - accuracy: 0.9767
194/237 [=======================>......] - ETA: 1:49 - loss: 0.0587 - accuracy: 0.9767
195/237 [=======================>......] - ETA: 1:46 - loss: 0.0586 - accuracy: 0.9767
196/237 [=======================>......] - ETA: 1:43 - loss: 0.0584 - accuracy: 0.9768
197/237 [=======================>......] - ETA: 1:41 - loss: 0.0583 - accuracy: 0.9769
198/237 [========================>.....] - ETA: 1:38 - loss: 0.0581 - accuracy: 0.9770
199/237 [========================>.....] - ETA: 1:36 - loss: 0.0578 - accuracy: 0.9771
200/237 [========================>.....] - ETA: 1:33 - loss: 0.0576 - accuracy: 0.9772
201/237 [========================>.....] - ETA: 1:31 - loss: 0.0573 - accuracy: 0.9773
202/237 [========================>.....] - ETA: 1:28 - loss: 0.0573 - accuracy: 0.9774
203/237 [========================>.....] - ETA: 1:26 - loss: 0.0574 - accuracy: 0.9774
204/237 [========================>.....] - ETA: 1:23 - loss: 0.0571 - accuracy: 0.9775
205/237 [========================>.....] - ETA: 1:20 - loss: 0.0570 - accuracy: 0.9776
206/237 [=========================>....] - ETA: 1:18 - loss: 0.0570 - accuracy: 0.9776
207/237 [=========================>....] - ETA: 1:15 - loss: 0.0572 - accuracy: 0.9776
208/237 [=========================>....] - ETA: 1:13 - loss: 0.0570 - accuracy: 0.9777
209/237 [=========================>....] - ETA: 1:10 - loss: 0.0570 - accuracy: 0.9778
210/237 [=========================>....] - ETA: 1:08 - loss: 0.0569 - accuracy: 0.9778
211/237 [=========================>....] - ETA: 1:05 - loss: 0.0566 - accuracy: 0.9779
212/237 [=========================>....] - ETA: 1:03 - loss: 0.0566 - accuracy: 0.9780
213/237 [=========================>....] - ETA: 1:00 - loss: 0.0565 - accuracy: 0.9780
214/237 [==========================>...] - ETA: 58s - loss: 0.0566 - accuracy: 0.9780 
215/237 [==========================>...] - ETA: 55s - loss: 0.0565 - accuracy: 0.9780
216/237 [==========================>...] - ETA: 53s - loss: 0.0565 - accuracy: 0.9781
217/237 [==========================>...] - ETA: 50s - loss: 0.0564 - accuracy: 0.9782
218/237 [==========================>...] - ETA: 48s - loss: 0.0563 - accuracy: 0.9782
219/237 [==========================>...] - ETA: 45s - loss: 0.0564 - accuracy: 0.9782
220/237 [==========================>...] - ETA: 42s - loss: 0.0562 - accuracy: 0.9783
221/237 [==========================>...] - ETA: 40s - loss: 0.0560 - accuracy: 0.9784
222/237 [===========================>..] - ETA: 37s - loss: 0.0561 - accuracy: 0.9784
223/237 [===========================>..] - ETA: 35s - loss: 0.0560 - accuracy: 0.9784
224/237 [===========================>..] - ETA: 32s - loss: 0.0559 - accuracy: 0.9785
225/237 [===========================>..] - ETA: 30s - loss: 0.0558 - accuracy: 0.9785
226/237 [===========================>..] - ETA: 27s - loss: 0.0557 - accuracy: 0.9786
227/237 [===========================>..] - ETA: 25s - loss: 0.0555 - accuracy: 0.9787
228/237 [===========================>..] - ETA: 22s - loss: 0.0554 - accuracy: 0.9787
229/237 [===========================>..] - ETA: 20s - loss: 0.0552 - accuracy: 0.9788
230/237 [============================>.] - ETA: 17s - loss: 0.0551 - accuracy: 0.9789
231/237 [============================>.] - ETA: 15s - loss: 0.0549 - accuracy: 0.9790
232/237 [============================>.] - ETA: 12s - loss: 0.0547 - accuracy: 0.9791
233/237 [============================>.] - ETA: 10s - loss: 0.0545 - accuracy: 0.9791
234/237 [============================>.] - ETA: 7s - loss: 0.0547 - accuracy: 0.9791 
235/237 [============================>.] - ETA: 5s - loss: 0.0545 - accuracy: 0.9792
236/237 [============================>.] - ETA: 2s - loss: 0.0545 - accuracy: 0.9793
237/237 [==============================] - 597s 3s/step - loss: 0.0545 - accuracy: 0.9793
Over train job in 599.032143 s
Model: "model_1"
__________________________________________________________________________________________________
Layer (type)                    Output Shape         Param #     Connected to                     
==================================================================================================
input_1 (InputLayer)            (None, 755, 128)     0                                            
__________________________________________________________________________________________________
conv1d_2 (Conv1D)               (None, 752, 128)     65664       input_1[0][0]                    
__________________________________________________________________________________________________
conv1d_3 (Conv1D)               (None, 750, 128)     98432       input_1[0][0]                    
__________________________________________________________________________________________________
conv1d_1 (Conv1D)               (None, 754, 128)     32896       input_1[0][0]                    
__________________________________________________________________________________________________
zero_padding1d_1 (ZeroPadding1D (None, 754, 128)     0           conv1d_2[0][0]                   
__________________________________________________________________________________________________
zero_padding1d_2 (ZeroPadding1D (None, 754, 128)     0           conv1d_3[0][0]                   
__________________________________________________________________________________________________
concatenate_1 (Concatenate)     (None, 754, 384)     0           conv1d_1[0][0]                   
                                                                 zero_padding1d_1[0][0]           
                                                                 zero_padding1d_2[0][0]           
__________________________________________________________________________________________________
lstm_1 (LSTM)                   (None, 128)          262656      concatenate_1[0][0]              
__________________________________________________________________________________________________
dropout_1 (Dropout)             (None, 128)          0           lstm_1[0][0]                     
__________________________________________________________________________________________________
Output (Dense)                  (None, 2)            258         dropout_1[0][0]                  
==================================================================================================
Total params: 459,906
Trainable params: 459,906
Non-trainable params: 0
__________________________________________________________________________________________________
None
1/27 batch
2/27 batch
3/27 batch
4/27 batch
5/27 batch
6/27 batch
7/27 batch
8/27 batch
9/27 batch
10/27 batch
11/27 batch
12/27 batch
13/27 batch
14/27 batch
15/27 batch
16/27 batch
17/27 batch
18/27 batch
19/27 batch
20/27 batch
21/27 batch
22/27 batch
23/27 batch
24/27 batch
25/27 batch
26/27 batch
27/27 batch
Precision score is : 0.9989224137931034
Recall score is : 0.9903846153846154
Accuracy score is :  0.992412746585736
F1 score is :  0.9946351931330473
FP rate is : [0.        0.0026178 1.       ]
TP rate is : [0.         0.99038462 1.        ]
Roc_AOC is : 0.9938834071687475
