Start Train Job! 
Epoch 1/1

  1/474 [..............................] - ETA: 44:27 - loss: 0.6529 - accuracy: 0.5900
  2/474 [..............................] - ETA: 29:40 - loss: 0.5731 - accuracy: 0.6450
  3/474 [..............................] - ETA: 26:04 - loss: 0.5452 - accuracy: 0.6667
  4/474 [..............................] - ETA: 24:45 - loss: 0.5071 - accuracy: 0.6850
  5/474 [..............................] - ETA: 22:54 - loss: 0.4682 - accuracy: 0.7020
  6/474 [..............................] - ETA: 22:27 - loss: 0.4422 - accuracy: 0.7217
  7/474 [..............................] - ETA: 22:02 - loss: 0.4133 - accuracy: 0.7514
  8/474 [..............................] - ETA: 21:44 - loss: 0.3895 - accuracy: 0.7825
  9/474 [..............................] - ETA: 21:28 - loss: 0.3705 - accuracy: 0.8044
 10/474 [..............................] - ETA: 20:51 - loss: 0.3465 - accuracy: 0.8220
 11/474 [..............................] - ETA: 20:38 - loss: 0.3309 - accuracy: 0.8327
 12/474 [..............................] - ETA: 20:22 - loss: 0.3124 - accuracy: 0.8450
 13/474 [..............................] - ETA: 20:13 - loss: 0.3006 - accuracy: 0.8515
 14/474 [..............................] - ETA: 20:06 - loss: 0.2832 - accuracy: 0.8621
 15/474 [..............................] - ETA: 20:09 - loss: 0.2680 - accuracy: 0.8707
 16/474 [>.............................] - ETA: 19:54 - loss: 0.2555 - accuracy: 0.8775
 17/474 [>.............................] - ETA: 19:42 - loss: 0.2438 - accuracy: 0.8835
 18/474 [>.............................] - ETA: 19:39 - loss: 0.2312 - accuracy: 0.8900
 19/474 [>.............................] - ETA: 19:38 - loss: 0.2204 - accuracy: 0.8953
 20/474 [>.............................] - ETA: 19:38 - loss: 0.2128 - accuracy: 0.8990
 21/474 [>.............................] - ETA: 19:26 - loss: 0.2057 - accuracy: 0.9029
 22/474 [>.............................] - ETA: 19:26 - loss: 0.1987 - accuracy: 0.9068
 23/474 [>.............................] - ETA: 19:22 - loss: 0.1917 - accuracy: 0.9100
 24/474 [>.............................] - ETA: 19:23 - loss: 0.1850 - accuracy: 0.9133
 25/474 [>.............................] - ETA: 19:13 - loss: 0.1793 - accuracy: 0.9164
 26/474 [>.............................] - ETA: 19:09 - loss: 0.1733 - accuracy: 0.9192
 27/474 [>.............................] - ETA: 19:05 - loss: 0.1674 - accuracy: 0.9222
 28/474 [>.............................] - ETA: 19:03 - loss: 0.1651 - accuracy: 0.9236
 29/474 [>.............................] - ETA: 18:58 - loss: 0.1599 - accuracy: 0.9259
 30/474 [>.............................] - ETA: 18:57 - loss: 0.1565 - accuracy: 0.9277
 31/474 [>.............................] - ETA: 18:57 - loss: 0.1527 - accuracy: 0.9294
 32/474 [=>............................] - ETA: 18:47 - loss: 0.1483 - accuracy: 0.9316
 33/474 [=>............................] - ETA: 18:45 - loss: 0.1456 - accuracy: 0.9330
 34/474 [=>............................] - ETA: 18:45 - loss: 0.1415 - accuracy: 0.9350
 35/474 [=>............................] - ETA: 18:41 - loss: 0.1396 - accuracy: 0.9360
 36/474 [=>............................] - ETA: 18:33 - loss: 0.1371 - accuracy: 0.9375
 37/474 [=>............................] - ETA: 18:36 - loss: 0.1351 - accuracy: 0.9386
 38/474 [=>............................] - ETA: 18:31 - loss: 0.1317 - accuracy: 0.9403
 39/474 [=>............................] - ETA: 18:28 - loss: 0.1294 - accuracy: 0.9410
 40/474 [=>............................] - ETA: 18:22 - loss: 0.1273 - accuracy: 0.9420
 41/474 [=>............................] - ETA: 18:21 - loss: 0.1255 - accuracy: 0.9432
 42/474 [=>............................] - ETA: 18:13 - loss: 0.1229 - accuracy: 0.9445
 43/474 [=>............................] - ETA: 18:09 - loss: 0.1214 - accuracy: 0.9453
 44/474 [=>............................] - ETA: 18:09 - loss: 0.1202 - accuracy: 0.9459
 45/474 [=>............................] - ETA: 18:06 - loss: 0.1179 - accuracy: 0.9471
 46/474 [=>............................] - ETA: 18:06 - loss: 0.1157 - accuracy: 0.9483
 47/474 [=>............................] - ETA: 18:01 - loss: 0.1148 - accuracy: 0.9489
 48/474 [==>...........................] - ETA: 17:57 - loss: 0.1127 - accuracy: 0.9500
 49/474 [==>...........................] - ETA: 17:55 - loss: 0.1111 - accuracy: 0.9508
 50/474 [==>...........................] - ETA: 17:53 - loss: 0.1093 - accuracy: 0.9516
 51/474 [==>...........................] - ETA: 17:48 - loss: 0.1075 - accuracy: 0.9524
 52/474 [==>...........................] - ETA: 17:46 - loss: 0.1057 - accuracy: 0.9533
 53/474 [==>...........................] - ETA: 17:43 - loss: 0.1043 - accuracy: 0.9540
 54/474 [==>...........................] - ETA: 17:40 - loss: 0.1025 - accuracy: 0.9548
 55/474 [==>...........................] - ETA: 17:38 - loss: 0.1018 - accuracy: 0.9551
 56/474 [==>...........................] - ETA: 17:35 - loss: 0.1006 - accuracy: 0.9557
 57/474 [==>...........................] - ETA: 17:32 - loss: 0.1006 - accuracy: 0.9560
 58/474 [==>...........................] - ETA: 17:29 - loss: 0.1000 - accuracy: 0.9566
 59/474 [==>...........................] - ETA: 17:26 - loss: 0.0989 - accuracy: 0.9571
 60/474 [==>...........................] - ETA: 17:26 - loss: 0.0978 - accuracy: 0.9577
 61/474 [==>...........................] - ETA: 17:21 - loss: 0.0987 - accuracy: 0.9575
 62/474 [==>...........................] - ETA: 17:18 - loss: 0.0981 - accuracy: 0.9581
 63/474 [==>...........................] - ETA: 17:16 - loss: 0.0970 - accuracy: 0.9586
 64/474 [===>..........................] - ETA: 17:15 - loss: 0.0957 - accuracy: 0.9592
 65/474 [===>..........................] - ETA: 17:10 - loss: 0.0952 - accuracy: 0.9597
 66/474 [===>..........................] - ETA: 17:07 - loss: 0.0939 - accuracy: 0.9603
 67/474 [===>..........................] - ETA: 17:05 - loss: 0.0926 - accuracy: 0.9609
 68/474 [===>..........................] - ETA: 17:04 - loss: 0.0923 - accuracy: 0.9612
 69/474 [===>..........................] - ETA: 16:59 - loss: 0.0912 - accuracy: 0.9617
 70/474 [===>..........................] - ETA: 16:58 - loss: 0.0900 - accuracy: 0.9623
 71/474 [===>..........................] - ETA: 16:55 - loss: 0.0895 - accuracy: 0.9627
 72/474 [===>..........................] - ETA: 16:54 - loss: 0.0887 - accuracy: 0.9631
 73/474 [===>..........................] - ETA: 16:52 - loss: 0.0876 - accuracy: 0.9636
 74/474 [===>..........................] - ETA: 16:47 - loss: 0.0867 - accuracy: 0.9639
 75/474 [===>..........................] - ETA: 16:46 - loss: 0.0856 - accuracy: 0.9644
 76/474 [===>..........................] - ETA: 16:42 - loss: 0.0846 - accuracy: 0.9649
 77/474 [===>..........................] - ETA: 16:39 - loss: 0.0844 - accuracy: 0.9651
 78/474 [===>..........................] - ETA: 16:36 - loss: 0.0837 - accuracy: 0.9654
 79/474 [====>.........................] - ETA: 16:34 - loss: 0.0834 - accuracy: 0.9656
 80/474 [====>.........................] - ETA: 16:31 - loss: 0.0826 - accuracy: 0.9660
 81/474 [====>.........................] - ETA: 16:29 - loss: 0.0820 - accuracy: 0.9663
 82/474 [====>.........................] - ETA: 16:25 - loss: 0.0811 - accuracy: 0.9667
 83/474 [====>.........................] - ETA: 16:22 - loss: 0.0802 - accuracy: 0.9671
 84/474 [====>.........................] - ETA: 16:19 - loss: 0.0794 - accuracy: 0.9675
 85/474 [====>.........................] - ETA: 16:16 - loss: 0.0786 - accuracy: 0.9679
 86/474 [====>.........................] - ETA: 16:15 - loss: 0.0778 - accuracy: 0.9683
 87/474 [====>.........................] - ETA: 16:11 - loss: 0.0773 - accuracy: 0.9684
 88/474 [====>.........................] - ETA: 16:08 - loss: 0.0768 - accuracy: 0.9686
 89/474 [====>.........................] - ETA: 16:06 - loss: 0.0760 - accuracy: 0.9690
 90/474 [====>.........................] - ETA: 16:05 - loss: 0.0754 - accuracy: 0.9692
 91/474 [====>.........................] - ETA: 16:01 - loss: 0.0747 - accuracy: 0.9695
 92/474 [====>.........................] - ETA: 15:58 - loss: 0.0740 - accuracy: 0.9698
 93/474 [====>.........................] - ETA: 15:57 - loss: 0.0732 - accuracy: 0.9701
 94/474 [====>.........................] - ETA: 15:55 - loss: 0.0731 - accuracy: 0.9703
 95/474 [=====>........................] - ETA: 15:51 - loss: 0.0724 - accuracy: 0.9706
 96/474 [=====>........................] - ETA: 15:49 - loss: 0.0722 - accuracy: 0.9708
 97/474 [=====>........................] - ETA: 15:47 - loss: 0.0715 - accuracy: 0.9711
 98/474 [=====>........................] - ETA: 15:43 - loss: 0.0708 - accuracy: 0.9714
 99/474 [=====>........................] - ETA: 15:41 - loss: 0.0703 - accuracy: 0.9716
100/474 [=====>........................] - ETA: 15:40 - loss: 0.0702 - accuracy: 0.9717
101/474 [=====>........................] - ETA: 15:37 - loss: 0.0706 - accuracy: 0.9717
102/474 [=====>........................] - ETA: 15:33 - loss: 0.0705 - accuracy: 0.9719
103/474 [=====>........................] - ETA: 15:31 - loss: 0.0698 - accuracy: 0.9721
104/474 [=====>........................] - ETA: 15:28 - loss: 0.0692 - accuracy: 0.9724
105/474 [=====>........................] - ETA: 15:25 - loss: 0.0686 - accuracy: 0.9727
106/474 [=====>........................] - ETA: 15:24 - loss: 0.0685 - accuracy: 0.9727
107/474 [=====>........................] - ETA: 15:20 - loss: 0.0682 - accuracy: 0.9728
108/474 [=====>........................] - ETA: 15:18 - loss: 0.0676 - accuracy: 0.9731
109/474 [=====>........................] - ETA: 15:15 - loss: 0.0675 - accuracy: 0.9731
110/474 [=====>........................] - ETA: 15:12 - loss: 0.0674 - accuracy: 0.9733
111/474 [======>.......................] - ETA: 15:10 - loss: 0.0669 - accuracy: 0.9735
112/474 [======>.......................] - ETA: 15:07 - loss: 0.0663 - accuracy: 0.9737
113/474 [======>.......................] - ETA: 15:05 - loss: 0.0663 - accuracy: 0.9739
114/474 [======>.......................] - ETA: 15:02 - loss: 0.0658 - accuracy: 0.9741
115/474 [======>.......................] - ETA: 15:00 - loss: 0.0656 - accuracy: 0.9743
116/474 [======>.......................] - ETA: 14:58 - loss: 0.0654 - accuracy: 0.9744
117/474 [======>.......................] - ETA: 14:54 - loss: 0.0651 - accuracy: 0.9745
118/474 [======>.......................] - ETA: 14:52 - loss: 0.0650 - accuracy: 0.9747
119/474 [======>.......................] - ETA: 14:50 - loss: 0.0645 - accuracy: 0.9749
120/474 [======>.......................] - ETA: 14:47 - loss: 0.0643 - accuracy: 0.9750
121/474 [======>.......................] - ETA: 14:45 - loss: 0.0645 - accuracy: 0.9750
122/474 [======>.......................] - ETA: 14:42 - loss: 0.0641 - accuracy: 0.9752
123/474 [======>.......................] - ETA: 14:40 - loss: 0.0637 - accuracy: 0.9753
124/474 [======>.......................] - ETA: 14:36 - loss: 0.0636 - accuracy: 0.9752
125/474 [======>.......................] - ETA: 14:34 - loss: 0.0632 - accuracy: 0.9754
126/474 [======>.......................] - ETA: 14:32 - loss: 0.0628 - accuracy: 0.9756
127/474 [=======>......................] - ETA: 14:29 - loss: 0.0623 - accuracy: 0.9758
128/474 [=======>......................] - ETA: 14:26 - loss: 0.0619 - accuracy: 0.9760
129/474 [=======>......................] - ETA: 14:24 - loss: 0.0615 - accuracy: 0.9762
130/474 [=======>......................] - ETA: 14:22 - loss: 0.0614 - accuracy: 0.9763
131/474 [=======>......................] - ETA: 14:19 - loss: 0.0612 - accuracy: 0.9764
132/474 [=======>......................] - ETA: 14:16 - loss: 0.0609 - accuracy: 0.9765
133/474 [=======>......................] - ETA: 14:13 - loss: 0.0605 - accuracy: 0.9767
134/474 [=======>......................] - ETA: 14:11 - loss: 0.0601 - accuracy: 0.9769
135/474 [=======>......................] - ETA: 14:09 - loss: 0.0606 - accuracy: 0.9767
136/474 [=======>......................] - ETA: 14:05 - loss: 0.0602 - accuracy: 0.9769
137/474 [=======>......................] - ETA: 14:03 - loss: 0.0600 - accuracy: 0.9770
138/474 [=======>......................] - ETA: 14:01 - loss: 0.0599 - accuracy: 0.9771
139/474 [=======>......................] - ETA: 13:58 - loss: 0.0597 - accuracy: 0.9771
140/474 [=======>......................] - ETA: 13:55 - loss: 0.0595 - accuracy: 0.9772
141/474 [=======>......................] - ETA: 13:53 - loss: 0.0593 - accuracy: 0.9774
142/474 [=======>......................] - ETA: 13:51 - loss: 0.0592 - accuracy: 0.9774
143/474 [========>.....................] - ETA: 13:48 - loss: 0.0590 - accuracy: 0.9775
144/474 [========>.....................] - ETA: 13:45 - loss: 0.0589 - accuracy: 0.9776
145/474 [========>.....................] - ETA: 13:43 - loss: 0.0586 - accuracy: 0.9777
146/474 [========>.....................] - ETA: 13:40 - loss: 0.0583 - accuracy: 0.9778
147/474 [========>.....................] - ETA: 13:38 - loss: 0.0581 - accuracy: 0.9779
148/474 [========>.....................] - ETA: 13:35 - loss: 0.0580 - accuracy: 0.9780
149/474 [========>.....................] - ETA: 13:33 - loss: 0.0576 - accuracy: 0.9781
150/474 [========>.....................] - ETA: 13:29 - loss: 0.0575 - accuracy: 0.9782
151/474 [========>.....................] - ETA: 13:27 - loss: 0.0574 - accuracy: 0.9783
152/474 [========>.....................] - ETA: 13:25 - loss: 0.0571 - accuracy: 0.9784
153/474 [========>.....................] - ETA: 13:23 - loss: 0.0573 - accuracy: 0.9784
154/474 [========>.....................] - ETA: 13:20 - loss: 0.0571 - accuracy: 0.9785
155/474 [========>.....................] - ETA: 13:17 - loss: 0.0568 - accuracy: 0.9786
156/474 [========>.....................] - ETA: 13:15 - loss: 0.0568 - accuracy: 0.9787
157/474 [========>.....................] - ETA: 13:12 - loss: 0.0564 - accuracy: 0.9788
158/474 [=========>....................] - ETA: 13:09 - loss: 0.0561 - accuracy: 0.9789
159/474 [=========>....................] - ETA: 13:07 - loss: 0.0559 - accuracy: 0.9790
160/474 [=========>....................] - ETA: 13:04 - loss: 0.0557 - accuracy: 0.9791
161/474 [=========>....................] - ETA: 13:02 - loss: 0.0554 - accuracy: 0.9792
162/474 [=========>....................] - ETA: 12:59 - loss: 0.0554 - accuracy: 0.9793
163/474 [=========>....................] - ETA: 12:57 - loss: 0.0555 - accuracy: 0.9793
164/474 [=========>....................] - ETA: 12:55 - loss: 0.0552 - accuracy: 0.9794
165/474 [=========>....................] - ETA: 12:52 - loss: 0.0550 - accuracy: 0.9795
166/474 [=========>....................] - ETA: 12:49 - loss: 0.0553 - accuracy: 0.9794
167/474 [=========>....................] - ETA: 12:47 - loss: 0.0552 - accuracy: 0.9795
168/474 [=========>....................] - ETA: 12:45 - loss: 0.0549 - accuracy: 0.9796
169/474 [=========>....................] - ETA: 12:42 - loss: 0.0547 - accuracy: 0.9797
170/474 [=========>....................] - ETA: 12:39 - loss: 0.0544 - accuracy: 0.9798
171/474 [=========>....................] - ETA: 12:37 - loss: 0.0542 - accuracy: 0.9799
172/474 [=========>....................] - ETA: 12:35 - loss: 0.0540 - accuracy: 0.9799
173/474 [=========>....................] - ETA: 12:32 - loss: 0.0537 - accuracy: 0.9801
174/474 [==========>...................] - ETA: 12:29 - loss: 0.0537 - accuracy: 0.9801
175/474 [==========>...................] - ETA: 12:27 - loss: 0.0536 - accuracy: 0.9802
176/474 [==========>...................] - ETA: 12:24 - loss: 0.0534 - accuracy: 0.9803
177/474 [==========>...................] - ETA: 12:21 - loss: 0.0536 - accuracy: 0.9803
178/474 [==========>...................] - ETA: 12:19 - loss: 0.0537 - accuracy: 0.9803
179/474 [==========>...................] - ETA: 12:17 - loss: 0.0534 - accuracy: 0.9804
180/474 [==========>...................] - ETA: 12:14 - loss: 0.0532 - accuracy: 0.9805
181/474 [==========>...................] - ETA: 12:11 - loss: 0.0529 - accuracy: 0.9806
182/474 [==========>...................] - ETA: 12:09 - loss: 0.0531 - accuracy: 0.9806
183/474 [==========>...................] - ETA: 12:07 - loss: 0.0528 - accuracy: 0.9807
184/474 [==========>...................] - ETA: 12:04 - loss: 0.0528 - accuracy: 0.9807
185/474 [==========>...................] - ETA: 12:01 - loss: 0.0528 - accuracy: 0.9808
186/474 [==========>...................] - ETA: 11:59 - loss: 0.0526 - accuracy: 0.9808
187/474 [==========>...................] - ETA: 11:56 - loss: 0.0523 - accuracy: 0.9809
188/474 [==========>...................] - ETA: 11:54 - loss: 0.0523 - accuracy: 0.9810
189/474 [==========>...................] - ETA: 11:51 - loss: 0.0522 - accuracy: 0.9810
190/474 [===========>..................] - ETA: 11:49 - loss: 0.0521 - accuracy: 0.9811
191/474 [===========>..................] - ETA: 11:47 - loss: 0.0521 - accuracy: 0.9811
192/474 [===========>..................] - ETA: 11:44 - loss: 0.0522 - accuracy: 0.9811
193/474 [===========>..................] - ETA: 11:41 - loss: 0.0521 - accuracy: 0.9811
194/474 [===========>..................] - ETA: 11:39 - loss: 0.0521 - accuracy: 0.9812
195/474 [===========>..................] - ETA: 11:37 - loss: 0.0519 - accuracy: 0.9813
196/474 [===========>..................] - ETA: 11:34 - loss: 0.0517 - accuracy: 0.9814
197/474 [===========>..................] - ETA: 11:32 - loss: 0.0516 - accuracy: 0.9814
198/474 [===========>..................] - ETA: 11:28 - loss: 0.0514 - accuracy: 0.9815
199/474 [===========>..................] - ETA: 11:26 - loss: 0.0513 - accuracy: 0.9816
200/474 [===========>..................] - ETA: 11:24 - loss: 0.0511 - accuracy: 0.9816
201/474 [===========>..................] - ETA: 11:22 - loss: 0.0514 - accuracy: 0.9816
202/474 [===========>..................] - ETA: 11:19 - loss: 0.0512 - accuracy: 0.9816
203/474 [===========>..................] - ETA: 11:16 - loss: 0.0510 - accuracy: 0.9817
204/474 [===========>..................] - ETA: 11:14 - loss: 0.0509 - accuracy: 0.9818
205/474 [===========>..................] - ETA: 11:12 - loss: 0.0509 - accuracy: 0.9818
206/474 [============>.................] - ETA: 11:09 - loss: 0.0507 - accuracy: 0.9818
207/474 [============>.................] - ETA: 11:07 - loss: 0.0507 - accuracy: 0.9819
208/474 [============>.................] - ETA: 11:04 - loss: 0.0505 - accuracy: 0.9820
209/474 [============>.................] - ETA: 11:01 - loss: 0.0504 - accuracy: 0.9820
210/474 [============>.................] - ETA: 10:58 - loss: 0.0502 - accuracy: 0.9821
211/474 [============>.................] - ETA: 10:56 - loss: 0.0500 - accuracy: 0.9822
212/474 [============>.................] - ETA: 10:54 - loss: 0.0499 - accuracy: 0.9822
213/474 [============>.................] - ETA: 10:52 - loss: 0.0497 - accuracy: 0.9823
214/474 [============>.................] - ETA: 10:49 - loss: 0.0495 - accuracy: 0.9823
215/474 [============>.................] - ETA: 10:46 - loss: 0.0494 - accuracy: 0.9824
216/474 [============>.................] - ETA: 10:44 - loss: 0.0496 - accuracy: 0.9824
217/474 [============>.................] - ETA: 10:41 - loss: 0.0497 - accuracy: 0.9824
218/474 [============>.................] - ETA: 10:39 - loss: 0.0498 - accuracy: 0.9823
219/474 [============>.................] - ETA: 10:36 - loss: 0.0502 - accuracy: 0.9823
220/474 [============>.................] - ETA: 10:34 - loss: 0.0500 - accuracy: 0.9824
221/474 [============>.................] - ETA: 10:31 - loss: 0.0499 - accuracy: 0.9824
222/474 [=============>................] - ETA: 10:29 - loss: 0.0497 - accuracy: 0.9824
223/474 [=============>................] - ETA: 10:26 - loss: 0.0496 - accuracy: 0.9825
224/474 [=============>................] - ETA: 10:24 - loss: 0.0496 - accuracy: 0.9825
225/474 [=============>................] - ETA: 10:21 - loss: 0.0495 - accuracy: 0.9826
226/474 [=============>................] - ETA: 10:19 - loss: 0.0493 - accuracy: 0.9827
227/474 [=============>................] - ETA: 10:17 - loss: 0.0493 - accuracy: 0.9827
228/474 [=============>................] - ETA: 10:14 - loss: 0.0491 - accuracy: 0.9827
229/474 [=============>................] - ETA: 10:11 - loss: 0.0490 - accuracy: 0.9827
230/474 [=============>................] - ETA: 10:09 - loss: 0.0489 - accuracy: 0.9828
231/474 [=============>................] - ETA: 10:07 - loss: 0.0487 - accuracy: 0.9829
232/474 [=============>................] - ETA: 10:04 - loss: 0.0487 - accuracy: 0.9828
233/474 [=============>................] - ETA: 10:01 - loss: 0.0485 - accuracy: 0.9829
234/474 [=============>................] - ETA: 9:59 - loss: 0.0485 - accuracy: 0.9829 
235/474 [=============>................] - ETA: 9:56 - loss: 0.0483 - accuracy: 0.9830
236/474 [=============>................] - ETA: 9:54 - loss: 0.0482 - accuracy: 0.9831
237/474 [==============>...............] - ETA: 9:51 - loss: 0.0480 - accuracy: 0.9832
238/474 [==============>...............] - ETA: 9:49 - loss: 0.0479 - accuracy: 0.9832
239/474 [==============>...............] - ETA: 9:46 - loss: 0.0478 - accuracy: 0.9833
240/474 [==============>...............] - ETA: 9:44 - loss: 0.0476 - accuracy: 0.9833
241/474 [==============>...............] - ETA: 9:42 - loss: 0.0476 - accuracy: 0.9834
242/474 [==============>...............] - ETA: 9:39 - loss: 0.0477 - accuracy: 0.9834
243/474 [==============>...............] - ETA: 9:37 - loss: 0.0475 - accuracy: 0.9835
244/474 [==============>...............] - ETA: 9:34 - loss: 0.0474 - accuracy: 0.9835
245/474 [==============>...............] - ETA: 9:31 - loss: 0.0473 - accuracy: 0.9836
246/474 [==============>...............] - ETA: 9:29 - loss: 0.0478 - accuracy: 0.9834
247/474 [==============>...............] - ETA: 9:26 - loss: 0.0476 - accuracy: 0.9835
248/474 [==============>...............] - ETA: 9:24 - loss: 0.0475 - accuracy: 0.9835
249/474 [==============>...............] - ETA: 9:21 - loss: 0.0475 - accuracy: 0.9835
250/474 [==============>...............] - ETA: 9:19 - loss: 0.0474 - accuracy: 0.9835
251/474 [==============>...............] - ETA: 9:16 - loss: 0.0472 - accuracy: 0.9836
252/474 [==============>...............] - ETA: 9:14 - loss: 0.0471 - accuracy: 0.9837
253/474 [===============>..............] - ETA: 9:12 - loss: 0.0469 - accuracy: 0.9837
254/474 [===============>..............] - ETA: 9:09 - loss: 0.0468 - accuracy: 0.9837
255/474 [===============>..............] - ETA: 9:06 - loss: 0.0469 - accuracy: 0.9837
256/474 [===============>..............] - ETA: 9:04 - loss: 0.0468 - accuracy: 0.9837
257/474 [===============>..............] - ETA: 9:01 - loss: 0.0467 - accuracy: 0.9838
258/474 [===============>..............] - ETA: 8:59 - loss: 0.0467 - accuracy: 0.9838
259/474 [===============>..............] - ETA: 8:56 - loss: 0.0465 - accuracy: 0.9839
260/474 [===============>..............] - ETA: 8:54 - loss: 0.0465 - accuracy: 0.9839
261/474 [===============>..............] - ETA: 8:51 - loss: 0.0466 - accuracy: 0.9839
262/474 [===============>..............] - ETA: 8:49 - loss: 0.0465 - accuracy: 0.9839
263/474 [===============>..............] - ETA: 8:46 - loss: 0.0464 - accuracy: 0.9839
264/474 [===============>..............] - ETA: 8:44 - loss: 0.0462 - accuracy: 0.9840
265/474 [===============>..............] - ETA: 8:41 - loss: 0.0461 - accuracy: 0.9840
266/474 [===============>..............] - ETA: 8:39 - loss: 0.0459 - accuracy: 0.9841
267/474 [===============>..............] - ETA: 8:36 - loss: 0.0459 - accuracy: 0.9841
268/474 [===============>..............] - ETA: 8:34 - loss: 0.0458 - accuracy: 0.9841
269/474 [================>.............] - ETA: 8:31 - loss: 0.0457 - accuracy: 0.9842
270/474 [================>.............] - ETA: 8:29 - loss: 0.0458 - accuracy: 0.9842
271/474 [================>.............] - ETA: 8:26 - loss: 0.0457 - accuracy: 0.9842
272/474 [================>.............] - ETA: 8:24 - loss: 0.0456 - accuracy: 0.9843
273/474 [================>.............] - ETA: 8:22 - loss: 0.0456 - accuracy: 0.9843
274/474 [================>.............] - ETA: 8:19 - loss: 0.0457 - accuracy: 0.9843
275/474 [================>.............] - ETA: 8:17 - loss: 0.0455 - accuracy: 0.9844
276/474 [================>.............] - ETA: 8:14 - loss: 0.0454 - accuracy: 0.9844
277/474 [================>.............] - ETA: 8:11 - loss: 0.0453 - accuracy: 0.9844
278/474 [================>.............] - ETA: 8:09 - loss: 0.0452 - accuracy: 0.9845
279/474 [================>.............] - ETA: 8:06 - loss: 0.0451 - accuracy: 0.9846
280/474 [================>.............] - ETA: 8:04 - loss: 0.0452 - accuracy: 0.9846
281/474 [================>.............] - ETA: 8:01 - loss: 0.0453 - accuracy: 0.9846
282/474 [================>.............] - ETA: 7:59 - loss: 0.0453 - accuracy: 0.9845
283/474 [================>.............] - ETA: 7:57 - loss: 0.0452 - accuracy: 0.9846
284/474 [================>.............] - ETA: 7:54 - loss: 0.0451 - accuracy: 0.9846
285/474 [=================>............] - ETA: 7:52 - loss: 0.0451 - accuracy: 0.9846
286/474 [=================>............] - ETA: 7:49 - loss: 0.0449 - accuracy: 0.9847
287/474 [=================>............] - ETA: 7:47 - loss: 0.0450 - accuracy: 0.9847
288/474 [=================>............] - ETA: 7:44 - loss: 0.0449 - accuracy: 0.9848
289/474 [=================>............] - ETA: 7:42 - loss: 0.0447 - accuracy: 0.9848
290/474 [=================>............] - ETA: 7:39 - loss: 0.0447 - accuracy: 0.9848
291/474 [=================>............] - ETA: 7:37 - loss: 0.0446 - accuracy: 0.9849
292/474 [=================>............] - ETA: 7:34 - loss: 0.0447 - accuracy: 0.9849
293/474 [=================>............] - ETA: 7:32 - loss: 0.0447 - accuracy: 0.9848
294/474 [=================>............] - ETA: 7:29 - loss: 0.0446 - accuracy: 0.9849
295/474 [=================>............] - ETA: 7:27 - loss: 0.0446 - accuracy: 0.9849
296/474 [=================>............] - ETA: 7:24 - loss: 0.0445 - accuracy: 0.9849
297/474 [=================>............] - ETA: 7:22 - loss: 0.0446 - accuracy: 0.9849
298/474 [=================>............] - ETA: 7:20 - loss: 0.0444 - accuracy: 0.9850
299/474 [=================>............] - ETA: 7:17 - loss: 0.0443 - accuracy: 0.9850
300/474 [=================>............] - ETA: 7:15 - loss: 0.0444 - accuracy: 0.9850
301/474 [==================>...........] - ETA: 7:12 - loss: 0.0444 - accuracy: 0.9850
302/474 [==================>...........] - ETA: 7:10 - loss: 0.0444 - accuracy: 0.9850
303/474 [==================>...........] - ETA: 7:07 - loss: 0.0444 - accuracy: 0.9850
304/474 [==================>...........] - ETA: 7:05 - loss: 0.0443 - accuracy: 0.9851
305/474 [==================>...........] - ETA: 7:02 - loss: 0.0442 - accuracy: 0.9851
306/474 [==================>...........] - ETA: 7:00 - loss: 0.0445 - accuracy: 0.9851
307/474 [==================>...........] - ETA: 6:57 - loss: 0.0443 - accuracy: 0.9851
308/474 [==================>...........] - ETA: 6:55 - loss: 0.0443 - accuracy: 0.9851
309/474 [==================>...........] - ETA: 6:52 - loss: 0.0442 - accuracy: 0.9852
310/474 [==================>...........] - ETA: 6:50 - loss: 0.0440 - accuracy: 0.9852
311/474 [==================>...........] - ETA: 6:47 - loss: 0.0440 - accuracy: 0.9852
312/474 [==================>...........] - ETA: 6:45 - loss: 0.0439 - accuracy: 0.9853
313/474 [==================>...........] - ETA: 6:42 - loss: 0.0439 - accuracy: 0.9853
314/474 [==================>...........] - ETA: 6:40 - loss: 0.0438 - accuracy: 0.9854
315/474 [==================>...........] - ETA: 6:37 - loss: 0.0438 - accuracy: 0.9854
316/474 [===================>..........] - ETA: 6:35 - loss: 0.0438 - accuracy: 0.9854
317/474 [===================>..........] - ETA: 6:32 - loss: 0.0436 - accuracy: 0.9854
318/474 [===================>..........] - ETA: 6:30 - loss: 0.0436 - accuracy: 0.9854
319/474 [===================>..........] - ETA: 6:27 - loss: 0.0437 - accuracy: 0.9854
320/474 [===================>..........] - ETA: 6:25 - loss: 0.0436 - accuracy: 0.9855
321/474 [===================>..........] - ETA: 6:22 - loss: 0.0435 - accuracy: 0.9855
322/474 [===================>..........] - ETA: 6:20 - loss: 0.0434 - accuracy: 0.9855
323/474 [===================>..........] - ETA: 6:17 - loss: 0.0434 - accuracy: 0.9855
324/474 [===================>..........] - ETA: 6:15 - loss: 0.0433 - accuracy: 0.9856
325/474 [===================>..........] - ETA: 6:12 - loss: 0.0432 - accuracy: 0.9856
326/474 [===================>..........] - ETA: 6:10 - loss: 0.0433 - accuracy: 0.9856
327/474 [===================>..........] - ETA: 6:07 - loss: 0.0432 - accuracy: 0.9856
328/474 [===================>..........] - ETA: 6:05 - loss: 0.0432 - accuracy: 0.9856
329/474 [===================>..........] - ETA: 6:02 - loss: 0.0431 - accuracy: 0.9857
330/474 [===================>..........] - ETA: 6:00 - loss: 0.0431 - accuracy: 0.9856
331/474 [===================>..........] - ETA: 5:57 - loss: 0.0432 - accuracy: 0.9856
332/474 [====================>.........] - ETA: 5:55 - loss: 0.0431 - accuracy: 0.9857
333/474 [====================>.........] - ETA: 5:52 - loss: 0.0430 - accuracy: 0.9857
334/474 [====================>.........] - ETA: 5:50 - loss: 0.0430 - accuracy: 0.9857
335/474 [====================>.........] - ETA: 5:47 - loss: 0.0429 - accuracy: 0.9857
336/474 [====================>.........] - ETA: 5:45 - loss: 0.0428 - accuracy: 0.9858
337/474 [====================>.........] - ETA: 5:42 - loss: 0.0428 - accuracy: 0.9858
338/474 [====================>.........] - ETA: 5:40 - loss: 0.0428 - accuracy: 0.9858
339/474 [====================>.........] - ETA: 5:37 - loss: 0.0426 - accuracy: 0.9858
340/474 [====================>.........] - ETA: 5:35 - loss: 0.0426 - accuracy: 0.9859
341/474 [====================>.........] - ETA: 5:33 - loss: 0.0425 - accuracy: 0.9859
342/474 [====================>.........] - ETA: 5:30 - loss: 0.0424 - accuracy: 0.9860
343/474 [====================>.........] - ETA: 5:27 - loss: 0.0423 - accuracy: 0.9860
344/474 [====================>.........] - ETA: 5:25 - loss: 0.0422 - accuracy: 0.9860
345/474 [====================>.........] - ETA: 5:22 - loss: 0.0422 - accuracy: 0.9860
346/474 [====================>.........] - ETA: 5:20 - loss: 0.0422 - accuracy: 0.9860
347/474 [====================>.........] - ETA: 5:17 - loss: 0.0421 - accuracy: 0.9861
348/474 [=====================>........] - ETA: 5:15 - loss: 0.0421 - accuracy: 0.9861
349/474 [=====================>........] - ETA: 5:12 - loss: 0.0422 - accuracy: 0.9860
350/474 [=====================>........] - ETA: 5:10 - loss: 0.0422 - accuracy: 0.9861
351/474 [=====================>........] - ETA: 5:08 - loss: 0.0421 - accuracy: 0.9861
352/474 [=====================>........] - ETA: 5:05 - loss: 0.0420 - accuracy: 0.9861
353/474 [=====================>........] - ETA: 5:02 - loss: 0.0420 - accuracy: 0.9861
354/474 [=====================>........] - ETA: 5:00 - loss: 0.0418 - accuracy: 0.9862
355/474 [=====================>........] - ETA: 4:57 - loss: 0.0417 - accuracy: 0.9862
356/474 [=====================>........] - ETA: 4:55 - loss: 0.0416 - accuracy: 0.9863
357/474 [=====================>........] - ETA: 4:52 - loss: 0.0416 - accuracy: 0.9863
358/474 [=====================>........] - ETA: 4:50 - loss: 0.0415 - accuracy: 0.9863
359/474 [=====================>........] - ETA: 4:47 - loss: 0.0414 - accuracy: 0.9864
360/474 [=====================>........] - ETA: 4:45 - loss: 0.0413 - accuracy: 0.9864
361/474 [=====================>........] - ETA: 4:42 - loss: 0.0412 - accuracy: 0.9865
362/474 [=====================>........] - ETA: 4:40 - loss: 0.0412 - accuracy: 0.9865
363/474 [=====================>........] - ETA: 4:37 - loss: 0.0411 - accuracy: 0.9865
364/474 [======================>.......] - ETA: 4:35 - loss: 0.0410 - accuracy: 0.9865
365/474 [======================>.......] - ETA: 4:32 - loss: 0.0412 - accuracy: 0.9865
366/474 [======================>.......] - ETA: 4:30 - loss: 0.0411 - accuracy: 0.9865
367/474 [======================>.......] - ETA: 4:27 - loss: 0.0412 - accuracy: 0.9865
368/474 [======================>.......] - ETA: 4:25 - loss: 0.0411 - accuracy: 0.9865
369/474 [======================>.......] - ETA: 4:22 - loss: 0.0410 - accuracy: 0.9866
370/474 [======================>.......] - ETA: 4:20 - loss: 0.0409 - accuracy: 0.9866
371/474 [======================>.......] - ETA: 4:17 - loss: 0.0408 - accuracy: 0.9867
372/474 [======================>.......] - ETA: 4:15 - loss: 0.0407 - accuracy: 0.9867
373/474 [======================>.......] - ETA: 4:12 - loss: 0.0406 - accuracy: 0.9867
374/474 [======================>.......] - ETA: 4:10 - loss: 0.0405 - accuracy: 0.9868
375/474 [======================>.......] - ETA: 4:08 - loss: 0.0405 - accuracy: 0.9868
376/474 [======================>.......] - ETA: 4:05 - loss: 0.0405 - accuracy: 0.9868
377/474 [======================>.......] - ETA: 4:03 - loss: 0.0405 - accuracy: 0.9868
378/474 [======================>.......] - ETA: 4:00 - loss: 0.0404 - accuracy: 0.9868
379/474 [======================>.......] - ETA: 3:58 - loss: 0.0403 - accuracy: 0.9868
380/474 [=======================>......] - ETA: 3:55 - loss: 0.0403 - accuracy: 0.9869
381/474 [=======================>......] - ETA: 3:52 - loss: 0.0402 - accuracy: 0.9869
382/474 [=======================>......] - ETA: 3:50 - loss: 0.0402 - accuracy: 0.9869
383/474 [=======================>......] - ETA: 3:48 - loss: 0.0402 - accuracy: 0.9869
384/474 [=======================>......] - ETA: 3:45 - loss: 0.0402 - accuracy: 0.9869
385/474 [=======================>......] - ETA: 3:42 - loss: 0.0403 - accuracy: 0.9869
386/474 [=======================>......] - ETA: 3:40 - loss: 0.0402 - accuracy: 0.9869
387/474 [=======================>......] - ETA: 3:37 - loss: 0.0401 - accuracy: 0.9869
388/474 [=======================>......] - ETA: 3:35 - loss: 0.0402 - accuracy: 0.9869
389/474 [=======================>......] - ETA: 3:32 - loss: 0.0401 - accuracy: 0.9869
390/474 [=======================>......] - ETA: 3:30 - loss: 0.0400 - accuracy: 0.9870
391/474 [=======================>......] - ETA: 3:27 - loss: 0.0402 - accuracy: 0.9869
392/474 [=======================>......] - ETA: 3:25 - loss: 0.0402 - accuracy: 0.9869
393/474 [=======================>......] - ETA: 3:22 - loss: 0.0401 - accuracy: 0.9870
394/474 [=======================>......] - ETA: 3:20 - loss: 0.0400 - accuracy: 0.9870
395/474 [========================>.....] - ETA: 3:17 - loss: 0.0400 - accuracy: 0.9870
396/474 [========================>.....] - ETA: 3:15 - loss: 0.0400 - accuracy: 0.9870
397/474 [========================>.....] - ETA: 3:12 - loss: 0.0400 - accuracy: 0.9870
398/474 [========================>.....] - ETA: 3:10 - loss: 0.0401 - accuracy: 0.9870
399/474 [========================>.....] - ETA: 3:07 - loss: 0.0402 - accuracy: 0.9870
400/474 [========================>.....] - ETA: 3:05 - loss: 0.0401 - accuracy: 0.9870
401/474 [========================>.....] - ETA: 3:02 - loss: 0.0402 - accuracy: 0.9870
402/474 [========================>.....] - ETA: 3:00 - loss: 0.0401 - accuracy: 0.9870
403/474 [========================>.....] - ETA: 2:57 - loss: 0.0400 - accuracy: 0.9871
404/474 [========================>.....] - ETA: 2:55 - loss: 0.0399 - accuracy: 0.9871
405/474 [========================>.....] - ETA: 2:52 - loss: 0.0399 - accuracy: 0.9871
406/474 [========================>.....] - ETA: 2:50 - loss: 0.0399 - accuracy: 0.9871
407/474 [========================>.....] - ETA: 2:47 - loss: 0.0399 - accuracy: 0.9871
408/474 [========================>.....] - ETA: 2:45 - loss: 0.0398 - accuracy: 0.9872
409/474 [========================>.....] - ETA: 2:42 - loss: 0.0398 - accuracy: 0.9872
410/474 [========================>.....] - ETA: 2:40 - loss: 0.0397 - accuracy: 0.9872
411/474 [=========================>....] - ETA: 2:37 - loss: 0.0397 - accuracy: 0.9872
412/474 [=========================>....] - ETA: 2:35 - loss: 0.0396 - accuracy: 0.9872
413/474 [=========================>....] - ETA: 2:32 - loss: 0.0396 - accuracy: 0.9872
414/474 [=========================>....] - ETA: 2:30 - loss: 0.0395 - accuracy: 0.9872
415/474 [=========================>....] - ETA: 2:27 - loss: 0.0395 - accuracy: 0.9873
416/474 [=========================>....] - ETA: 2:25 - loss: 0.0395 - accuracy: 0.9873
417/474 [=========================>....] - ETA: 2:22 - loss: 0.0397 - accuracy: 0.9872
418/474 [=========================>....] - ETA: 2:20 - loss: 0.0396 - accuracy: 0.9873
419/474 [=========================>....] - ETA: 2:17 - loss: 0.0395 - accuracy: 0.9873
420/474 [=========================>....] - ETA: 2:15 - loss: 0.0394 - accuracy: 0.9873
421/474 [=========================>....] - ETA: 2:12 - loss: 0.0394 - accuracy: 0.9873
422/474 [=========================>....] - ETA: 2:10 - loss: 0.0393 - accuracy: 0.9874
423/474 [=========================>....] - ETA: 2:07 - loss: 0.0394 - accuracy: 0.9874
424/474 [=========================>....] - ETA: 2:05 - loss: 0.0393 - accuracy: 0.9874
425/474 [=========================>....] - ETA: 2:02 - loss: 0.0393 - accuracy: 0.9874
426/474 [=========================>....] - ETA: 2:00 - loss: 0.0393 - accuracy: 0.9874
427/474 [==========================>...] - ETA: 1:57 - loss: 0.0393 - accuracy: 0.9874
428/474 [==========================>...] - ETA: 1:55 - loss: 0.0392 - accuracy: 0.9874
429/474 [==========================>...] - ETA: 1:52 - loss: 0.0392 - accuracy: 0.9875
430/474 [==========================>...] - ETA: 1:50 - loss: 0.0392 - accuracy: 0.9874
431/474 [==========================>...] - ETA: 1:47 - loss: 0.0392 - accuracy: 0.9874
432/474 [==========================>...] - ETA: 1:45 - loss: 0.0393 - accuracy: 0.9875
433/474 [==========================>...] - ETA: 1:42 - loss: 0.0393 - accuracy: 0.9874
434/474 [==========================>...] - ETA: 1:40 - loss: 0.0392 - accuracy: 0.9874
435/474 [==========================>...] - ETA: 1:37 - loss: 0.0392 - accuracy: 0.9874
436/474 [==========================>...] - ETA: 1:35 - loss: 0.0393 - accuracy: 0.9875
437/474 [==========================>...] - ETA: 1:32 - loss: 0.0394 - accuracy: 0.9874
438/474 [==========================>...] - ETA: 1:30 - loss: 0.0393 - accuracy: 0.9874
439/474 [==========================>...] - ETA: 1:27 - loss: 0.0394 - accuracy: 0.9874
440/474 [==========================>...] - ETA: 1:25 - loss: 0.0394 - accuracy: 0.9874
441/474 [==========================>...] - ETA: 1:22 - loss: 0.0393 - accuracy: 0.9875
442/474 [==========================>...] - ETA: 1:20 - loss: 0.0392 - accuracy: 0.9875
443/474 [===========================>..] - ETA: 1:17 - loss: 0.0392 - accuracy: 0.9875
444/474 [===========================>..] - ETA: 1:15 - loss: 0.0391 - accuracy: 0.9875
445/474 [===========================>..] - ETA: 1:12 - loss: 0.0391 - accuracy: 0.9876
446/474 [===========================>..] - ETA: 1:10 - loss: 0.0390 - accuracy: 0.9876
447/474 [===========================>..] - ETA: 1:07 - loss: 0.0389 - accuracy: 0.9876
448/474 [===========================>..] - ETA: 1:05 - loss: 0.0389 - accuracy: 0.9876
449/474 [===========================>..] - ETA: 1:02 - loss: 0.0389 - accuracy: 0.9876
450/474 [===========================>..] - ETA: 1:00 - loss: 0.0389 - accuracy: 0.9876
451/474 [===========================>..] - ETA: 57s - loss: 0.0388 - accuracy: 0.9877 
452/474 [===========================>..] - ETA: 55s - loss: 0.0388 - accuracy: 0.9877
453/474 [===========================>..] - ETA: 52s - loss: 0.0387 - accuracy: 0.9877
454/474 [===========================>..] - ETA: 50s - loss: 0.0387 - accuracy: 0.9877
455/474 [===========================>..] - ETA: 47s - loss: 0.0387 - accuracy: 0.9877
456/474 [===========================>..] - ETA: 45s - loss: 0.0387 - accuracy: 0.9877
457/474 [===========================>..] - ETA: 42s - loss: 0.0386 - accuracy: 0.9877
458/474 [===========================>..] - ETA: 40s - loss: 0.0386 - accuracy: 0.9878
459/474 [============================>.] - ETA: 37s - loss: 0.0386 - accuracy: 0.9878
460/474 [============================>.] - ETA: 35s - loss: 0.0385 - accuracy: 0.9878
461/474 [============================>.] - ETA: 32s - loss: 0.0387 - accuracy: 0.9878
462/474 [============================>.] - ETA: 30s - loss: 0.0386 - accuracy: 0.9878
463/474 [============================>.] - ETA: 27s - loss: 0.0386 - accuracy: 0.9878
464/474 [============================>.] - ETA: 25s - loss: 0.0386 - accuracy: 0.9878
465/474 [============================>.] - ETA: 22s - loss: 0.0386 - accuracy: 0.9878
466/474 [============================>.] - ETA: 20s - loss: 0.0385 - accuracy: 0.9878
467/474 [============================>.] - ETA: 17s - loss: 0.0384 - accuracy: 0.9879
468/474 [============================>.] - ETA: 15s - loss: 0.0384 - accuracy: 0.9879
469/474 [============================>.] - ETA: 12s - loss: 0.0383 - accuracy: 0.9879
470/474 [============================>.] - ETA: 10s - loss: 0.0382 - accuracy: 0.9879
471/474 [============================>.] - ETA: 7s - loss: 0.0382 - accuracy: 0.9879 
472/474 [============================>.] - ETA: 5s - loss: 0.0382 - accuracy: 0.9880
473/474 [============================>.] - ETA: 2s - loss: 0.0381 - accuracy: 0.9880
474/474 [==============================] - 1188s 3s/step - loss: 0.0381 - accuracy: 0.9880
Over train job in 1189.518110 s
Model: "model_1"
__________________________________________________________________________________________________
Layer (type)                    Output Shape         Param #     Connected to                     
==================================================================================================
input_1 (InputLayer)            (None, 755, 128)     0                                            
__________________________________________________________________________________________________
conv1d_2 (Conv1D)               (None, 752, 128)     65664       input_1[0][0]                    
__________________________________________________________________________________________________
conv1d_3 (Conv1D)               (None, 750, 128)     98432       input_1[0][0]                    
__________________________________________________________________________________________________
conv1d_1 (Conv1D)               (None, 754, 128)     32896       input_1[0][0]                    
__________________________________________________________________________________________________
zero_padding1d_1 (ZeroPadding1D (None, 754, 128)     0           conv1d_2[0][0]                   
__________________________________________________________________________________________________
zero_padding1d_2 (ZeroPadding1D (None, 754, 128)     0           conv1d_3[0][0]                   
__________________________________________________________________________________________________
concatenate_1 (Concatenate)     (None, 754, 384)     0           conv1d_1[0][0]                   
                                                                 zero_padding1d_1[0][0]           
                                                                 zero_padding1d_2[0][0]           
__________________________________________________________________________________________________
lstm_1 (LSTM)                   (None, 128)          262656      concatenate_1[0][0]              
__________________________________________________________________________________________________
dropout_1 (Dropout)             (None, 128)          0           lstm_1[0][0]                     
__________________________________________________________________________________________________
Output (Dense)                  (None, 2)            258         dropout_1[0][0]                  
==================================================================================================
Total params: 459,906
Trainable params: 459,906
Non-trainable params: 0
__________________________________________________________________________________________________
None
1/53 batch
2/53 batch
3/53 batch
4/53 batch
5/53 batch
6/53 batch
7/53 batch
8/53 batch
9/53 batch
10/53 batch
11/53 batch
12/53 batch
13/53 batch
14/53 batch
15/53 batch
16/53 batch
17/53 batch
18/53 batch
19/53 batch
20/53 batch
21/53 batch
22/53 batch
23/53 batch
24/53 batch
25/53 batch
26/53 batch
27/53 batch
28/53 batch
29/53 batch
30/53 batch
31/53 batch
32/53 batch
33/53 batch
34/53 batch
35/53 batch
36/53 batch
37/53 batch
38/53 batch
39/53 batch
40/53 batch
41/53 batch
42/53 batch
43/53 batch
44/53 batch
45/53 batch
46/53 batch
47/53 batch
48/53 batch
49/53 batch
50/53 batch
51/53 batch
52/53 batch
53/53 batch
Precision score is : 1.0
Recall score is : 0.992176962503372
Accuracy score is :  0.9945002844680447
F1 score is :  0.9960731211916046
FP rate is : [0. 0. 1.]
TP rate is : [0.         0.99217696 1.        ]
Roc_AOC is : 0.9960884812516859
