Start Train Job! 
Epoch 1/1

  1/105 [..............................] - ETA: 23:09 - loss: 0.7321 - accuracy: 0.3660
  2/105 [..............................] - ETA: 18:24 - loss: 0.6135 - accuracy: 0.5260
  3/105 [..............................] - ETA: 17:03 - loss: 0.5606 - accuracy: 0.5773
  4/105 [>.............................] - ETA: 16:38 - loss: 0.5315 - accuracy: 0.6025
  5/105 [>.............................] - ETA: 16:10 - loss: 0.4999 - accuracy: 0.6244
  6/105 [>.............................] - ETA: 15:51 - loss: 0.4680 - accuracy: 0.6460
  7/105 [=>............................] - ETA: 15:30 - loss: 0.4400 - accuracy: 0.6797
  8/105 [=>............................] - ETA: 15:14 - loss: 0.4136 - accuracy: 0.7165
  9/105 [=>............................] - ETA: 14:56 - loss: 0.3879 - accuracy: 0.7464
 10/105 [=>............................] - ETA: 14:45 - loss: 0.3664 - accuracy: 0.7688
 11/105 [==>...........................] - ETA: 14:33 - loss: 0.3452 - accuracy: 0.7875
 12/105 [==>...........................] - ETA: 14:23 - loss: 0.3254 - accuracy: 0.8035
 13/105 [==>...........................] - ETA: 14:09 - loss: 0.3074 - accuracy: 0.8171
 14/105 [===>..........................] - ETA: 13:57 - loss: 0.2918 - accuracy: 0.8280
 15/105 [===>..........................] - ETA: 13:48 - loss: 0.2769 - accuracy: 0.8380
 16/105 [===>..........................] - ETA: 13:39 - loss: 0.2628 - accuracy: 0.8472
 17/105 [===>..........................] - ETA: 13:29 - loss: 0.2503 - accuracy: 0.8556
 18/105 [====>.........................] - ETA: 13:17 - loss: 0.2394 - accuracy: 0.8631
 19/105 [====>.........................] - ETA: 13:08 - loss: 0.2303 - accuracy: 0.8692
 20/105 [====>.........................] - ETA: 12:57 - loss: 0.2213 - accuracy: 0.8751
 21/105 [=====>........................] - ETA: 12:48 - loss: 0.2143 - accuracy: 0.8802
 22/105 [=====>........................] - ETA: 12:38 - loss: 0.2080 - accuracy: 0.8847
 23/105 [=====>........................] - ETA: 12:28 - loss: 0.2022 - accuracy: 0.8887
 24/105 [=====>........................] - ETA: 12:18 - loss: 0.1964 - accuracy: 0.8927
 25/105 [======>.......................] - ETA: 12:11 - loss: 0.1911 - accuracy: 0.8962
 26/105 [======>.......................] - ETA: 12:01 - loss: 0.1868 - accuracy: 0.8992
 27/105 [======>.......................] - ETA: 11:51 - loss: 0.1827 - accuracy: 0.9021
 28/105 [=======>......................] - ETA: 11:42 - loss: 0.1777 - accuracy: 0.9052
 29/105 [=======>......................] - ETA: 11:33 - loss: 0.1734 - accuracy: 0.9079
 30/105 [=======>......................] - ETA: 11:22 - loss: 0.1693 - accuracy: 0.9102
 31/105 [=======>......................] - ETA: 11:13 - loss: 0.1646 - accuracy: 0.9128
 32/105 [========>.....................] - ETA: 11:03 - loss: 0.1610 - accuracy: 0.9149
 33/105 [========>.....................] - ETA: 10:55 - loss: 0.1581 - accuracy: 0.9170
 34/105 [========>.....................] - ETA: 10:46 - loss: 0.1542 - accuracy: 0.9192
 35/105 [=========>....................] - ETA: 10:36 - loss: 0.1506 - accuracy: 0.9211
 36/105 [=========>....................] - ETA: 10:27 - loss: 0.1477 - accuracy: 0.9228
 37/105 [=========>....................] - ETA: 10:18 - loss: 0.1450 - accuracy: 0.9244
 38/105 [=========>....................] - ETA: 10:10 - loss: 0.1417 - accuracy: 0.9264
 39/105 [==========>...................] - ETA: 10:01 - loss: 0.1390 - accuracy: 0.9280
 40/105 [==========>...................] - ETA: 9:52 - loss: 0.1362 - accuracy: 0.9296 
 41/105 [==========>...................] - ETA: 9:42 - loss: 0.1341 - accuracy: 0.9310
 42/105 [===========>..................] - ETA: 9:33 - loss: 0.1314 - accuracy: 0.9325
 43/105 [===========>..................] - ETA: 9:23 - loss: 0.1290 - accuracy: 0.9339
 44/105 [===========>..................] - ETA: 9:15 - loss: 0.1271 - accuracy: 0.9351
 45/105 [===========>..................] - ETA: 9:05 - loss: 0.1253 - accuracy: 0.9364
 46/105 [============>.................] - ETA: 8:56 - loss: 0.1233 - accuracy: 0.9375
 47/105 [============>.................] - ETA: 8:47 - loss: 0.1217 - accuracy: 0.9386
 48/105 [============>.................] - ETA: 8:38 - loss: 0.1202 - accuracy: 0.9395
 49/105 [=============>................] - ETA: 8:28 - loss: 0.1183 - accuracy: 0.9406
 50/105 [=============>................] - ETA: 8:19 - loss: 0.1163 - accuracy: 0.9418
 51/105 [=============>................] - ETA: 8:10 - loss: 0.1153 - accuracy: 0.9426
 52/105 [=============>................] - ETA: 8:01 - loss: 0.1137 - accuracy: 0.9435
 53/105 [==============>...............] - ETA: 7:52 - loss: 0.1120 - accuracy: 0.9445
 54/105 [==============>...............] - ETA: 7:43 - loss: 0.1105 - accuracy: 0.9453
 55/105 [==============>...............] - ETA: 7:33 - loss: 0.1092 - accuracy: 0.9460
 56/105 [===============>..............] - ETA: 7:24 - loss: 0.1078 - accuracy: 0.9469
 57/105 [===============>..............] - ETA: 7:15 - loss: 0.1064 - accuracy: 0.9476
 58/105 [===============>..............] - ETA: 7:06 - loss: 0.1051 - accuracy: 0.9484
 59/105 [===============>..............] - ETA: 6:57 - loss: 0.1035 - accuracy: 0.9492
 60/105 [================>.............] - ETA: 6:48 - loss: 0.1023 - accuracy: 0.9499
 61/105 [================>.............] - ETA: 6:39 - loss: 0.1015 - accuracy: 0.9505
 62/105 [================>.............] - ETA: 6:30 - loss: 0.1005 - accuracy: 0.9512
 63/105 [=================>............] - ETA: 6:20 - loss: 0.0991 - accuracy: 0.9519
 64/105 [=================>............] - ETA: 6:11 - loss: 0.0979 - accuracy: 0.9526
 65/105 [=================>............] - ETA: 6:02 - loss: 0.0969 - accuracy: 0.9532
 66/105 [=================>............] - ETA: 5:53 - loss: 0.0959 - accuracy: 0.9537
 67/105 [==================>...........] - ETA: 5:44 - loss: 0.0953 - accuracy: 0.9542
 68/105 [==================>...........] - ETA: 5:35 - loss: 0.0942 - accuracy: 0.9548
 69/105 [==================>...........] - ETA: 5:26 - loss: 0.0934 - accuracy: 0.9553
 70/105 [===================>..........] - ETA: 5:17 - loss: 0.0923 - accuracy: 0.9559
 71/105 [===================>..........] - ETA: 5:08 - loss: 0.0913 - accuracy: 0.9564
 72/105 [===================>..........] - ETA: 4:59 - loss: 0.0902 - accuracy: 0.9570
 73/105 [===================>..........] - ETA: 4:50 - loss: 0.0897 - accuracy: 0.9574
 74/105 [====================>.........] - ETA: 4:41 - loss: 0.0889 - accuracy: 0.9578
 75/105 [====================>.........] - ETA: 4:31 - loss: 0.0880 - accuracy: 0.9583
 76/105 [====================>.........] - ETA: 4:23 - loss: 0.0872 - accuracy: 0.9587
 77/105 [=====================>........] - ETA: 4:13 - loss: 0.0865 - accuracy: 0.9592
 78/105 [=====================>........] - ETA: 4:04 - loss: 0.0859 - accuracy: 0.9596
 79/105 [=====================>........] - ETA: 3:55 - loss: 0.0853 - accuracy: 0.9600
 80/105 [=====================>........] - ETA: 3:46 - loss: 0.0844 - accuracy: 0.9604
 81/105 [======================>.......] - ETA: 3:37 - loss: 0.0839 - accuracy: 0.9608
 82/105 [======================>.......] - ETA: 3:28 - loss: 0.0833 - accuracy: 0.9611
 83/105 [======================>.......] - ETA: 3:19 - loss: 0.0827 - accuracy: 0.9615
 84/105 [=======================>......] - ETA: 3:10 - loss: 0.0822 - accuracy: 0.9619
 85/105 [=======================>......] - ETA: 3:01 - loss: 0.0813 - accuracy: 0.9623
 86/105 [=======================>......] - ETA: 2:52 - loss: 0.0807 - accuracy: 0.9627
 87/105 [=======================>......] - ETA: 2:43 - loss: 0.0802 - accuracy: 0.9630
 88/105 [========================>.....] - ETA: 2:34 - loss: 0.0794 - accuracy: 0.9634
 89/105 [========================>.....] - ETA: 2:25 - loss: 0.0789 - accuracy: 0.9637
 90/105 [========================>.....] - ETA: 2:16 - loss: 0.0783 - accuracy: 0.9641
 91/105 [=========================>....] - ETA: 2:07 - loss: 0.0779 - accuracy: 0.9644
 92/105 [=========================>....] - ETA: 1:57 - loss: 0.0774 - accuracy: 0.9647
 93/105 [=========================>....] - ETA: 1:48 - loss: 0.0769 - accuracy: 0.9649
 94/105 [=========================>....] - ETA: 1:39 - loss: 0.0768 - accuracy: 0.9652
 95/105 [==========================>...] - ETA: 1:30 - loss: 0.0762 - accuracy: 0.9655
 96/105 [==========================>...] - ETA: 1:21 - loss: 0.0759 - accuracy: 0.9657
 97/105 [==========================>...] - ETA: 1:12 - loss: 0.0753 - accuracy: 0.9660
 98/105 [===========================>..] - ETA: 1:03 - loss: 0.0748 - accuracy: 0.9663
 99/105 [===========================>..] - ETA: 54s - loss: 0.0742 - accuracy: 0.9666 
100/105 [===========================>..] - ETA: 45s - loss: 0.0739 - accuracy: 0.9668
101/105 [===========================>..] - ETA: 36s - loss: 0.0735 - accuracy: 0.9670
102/105 [============================>.] - ETA: 27s - loss: 0.0729 - accuracy: 0.9673
103/105 [============================>.] - ETA: 18s - loss: 0.0725 - accuracy: 0.9676
104/105 [============================>.] - ETA: 9s - loss: 0.0721 - accuracy: 0.9678 
105/105 [==============================] - 952s 9s/step - loss: 0.0717 - accuracy: 0.9680
Over train job in 953.661131 s
Model: "model_1"
__________________________________________________________________________________________________
Layer (type)                    Output Shape         Param #     Connected to                     
==================================================================================================
input_1 (InputLayer)            (None, 755, 128)     0                                            
__________________________________________________________________________________________________
conv1d_2 (Conv1D)               (None, 752, 128)     65664       input_1[0][0]                    
__________________________________________________________________________________________________
conv1d_3 (Conv1D)               (None, 750, 128)     98432       input_1[0][0]                    
__________________________________________________________________________________________________
conv1d_1 (Conv1D)               (None, 754, 128)     32896       input_1[0][0]                    
__________________________________________________________________________________________________
zero_padding1d_1 (ZeroPadding1D (None, 754, 128)     0           conv1d_2[0][0]                   
__________________________________________________________________________________________________
zero_padding1d_2 (ZeroPadding1D (None, 754, 128)     0           conv1d_3[0][0]                   
__________________________________________________________________________________________________
concatenate_1 (Concatenate)     (None, 754, 384)     0           conv1d_1[0][0]                   
                                                                 zero_padding1d_1[0][0]           
                                                                 zero_padding1d_2[0][0]           
__________________________________________________________________________________________________
lstm_1 (LSTM)                   (None, 128)          262656      concatenate_1[0][0]              
__________________________________________________________________________________________________
dropout_1 (Dropout)             (None, 128)          0           lstm_1[0][0]                     
__________________________________________________________________________________________________
Output (Dense)                  (None, 2)            258         dropout_1[0][0]                  
==================================================================================================
Total params: 459,906
Trainable params: 459,906
Non-trainable params: 0
__________________________________________________________________________________________________
None
1/106 batch
2/106 batch
3/106 batch
4/106 batch
5/106 batch
6/106 batch
7/106 batch
8/106 batch
9/106 batch
10/106 batch
11/106 batch
12/106 batch
13/106 batch
14/106 batch
15/106 batch
16/106 batch
17/106 batch
18/106 batch
19/106 batch
20/106 batch
21/106 batch
22/106 batch
23/106 batch
24/106 batch
25/106 batch
26/106 batch
27/106 batch
28/106 batch
29/106 batch
30/106 batch
31/106 batch
32/106 batch
33/106 batch
34/106 batch
35/106 batch
36/106 batch
37/106 batch
38/106 batch
39/106 batch
40/106 batch
41/106 batch
42/106 batch
43/106 batch
44/106 batch
45/106 batch
46/106 batch
47/106 batch
48/106 batch
49/106 batch
50/106 batch
51/106 batch
52/106 batch
53/106 batch
54/106 batch
55/106 batch
56/106 batch
57/106 batch
58/106 batch
59/106 batch
60/106 batch
61/106 batch
62/106 batch
63/106 batch
64/106 batch
65/106 batch
66/106 batch
67/106 batch
68/106 batch
69/106 batch
70/106 batch
71/106 batch
72/106 batch
73/106 batch
74/106 batch
75/106 batch
76/106 batch
77/106 batch
78/106 batch
79/106 batch
80/106 batch
81/106 batch
82/106 batch
83/106 batch
84/106 batch
85/106 batch
86/106 batch
87/106 batch
88/106 batch
89/106 batch
90/106 batch
91/106 batch
92/106 batch
93/106 batch
94/106 batch
95/106 batch
96/106 batch
97/106 batch
98/106 batch
99/106 batch
100/106 batch
101/106 batch
102/106 batch
103/106 batch
104/106 batch
105/106 batch
106/106 batch
Precision score is : 0.9955265155623034
Recall score is : 0.9916817457530991
Accuracy score is :  0.9910306248222244
F1 score is :  0.993600411305489
FP rate is : [0.        0.0105042 1.       ]
TP rate is : [0.         0.99168175 1.        ]
Roc_AOC is : 0.9905887720362134
