Start Train Job! 
Epoch 1/1

  1/527 [..............................] - ETA: 50:29 - loss: 0.7185 - accuracy: 0.4300
  2/527 [..............................] - ETA: 35:06 - loss: 0.6262 - accuracy: 0.5400
  3/527 [..............................] - ETA: 28:57 - loss: 0.6302 - accuracy: 0.5500
  4/527 [..............................] - ETA: 27:41 - loss: 0.5705 - accuracy: 0.5950
  5/527 [..............................] - ETA: 25:36 - loss: 0.5246 - accuracy: 0.6120
  6/527 [..............................] - ETA: 24:48 - loss: 0.4800 - accuracy: 0.6467
  7/527 [..............................] - ETA: 24:19 - loss: 0.4503 - accuracy: 0.6757
  8/527 [..............................] - ETA: 24:01 - loss: 0.4293 - accuracy: 0.7138
  9/527 [..............................] - ETA: 23:39 - loss: 0.4022 - accuracy: 0.7444
 10/527 [..............................] - ETA: 23:05 - loss: 0.3796 - accuracy: 0.7690
 11/527 [..............................] - ETA: 23:03 - loss: 0.3591 - accuracy: 0.7873
 12/527 [..............................] - ETA: 22:46 - loss: 0.3365 - accuracy: 0.8050
 13/527 [..............................] - ETA: 22:24 - loss: 0.3161 - accuracy: 0.8200
 14/527 [..............................] - ETA: 22:14 - loss: 0.2991 - accuracy: 0.8321
 15/527 [..............................] - ETA: 22:03 - loss: 0.2829 - accuracy: 0.8413
 16/527 [..............................] - ETA: 21:51 - loss: 0.2700 - accuracy: 0.8500
 17/527 [..............................] - ETA: 21:54 - loss: 0.2572 - accuracy: 0.8582
 18/527 [>.............................] - ETA: 21:40 - loss: 0.2470 - accuracy: 0.8650
 19/527 [>.............................] - ETA: 21:34 - loss: 0.2381 - accuracy: 0.8711
 20/527 [>.............................] - ETA: 21:34 - loss: 0.2266 - accuracy: 0.8775
 21/527 [>.............................] - ETA: 21:29 - loss: 0.2192 - accuracy: 0.8824
 22/527 [>.............................] - ETA: 21:17 - loss: 0.2112 - accuracy: 0.8873
 23/527 [>.............................] - ETA: 21:12 - loss: 0.2054 - accuracy: 0.8909
 24/527 [>.............................] - ETA: 21:10 - loss: 0.1970 - accuracy: 0.8954
 25/527 [>.............................] - ETA: 21:04 - loss: 0.1903 - accuracy: 0.8992
 26/527 [>.............................] - ETA: 20:55 - loss: 0.1834 - accuracy: 0.9031
 27/527 [>.............................] - ETA: 20:55 - loss: 0.1786 - accuracy: 0.9059
 28/527 [>.............................] - ETA: 20:45 - loss: 0.1745 - accuracy: 0.9082
 29/527 [>.............................] - ETA: 20:45 - loss: 0.1687 - accuracy: 0.9114
 30/527 [>.............................] - ETA: 20:42 - loss: 0.1648 - accuracy: 0.9140
 31/527 [>.............................] - ETA: 20:43 - loss: 0.1606 - accuracy: 0.9165
 32/527 [>.............................] - ETA: 20:33 - loss: 0.1559 - accuracy: 0.9191
 33/527 [>.............................] - ETA: 20:31 - loss: 0.1550 - accuracy: 0.9203
 34/527 [>.............................] - ETA: 20:30 - loss: 0.1523 - accuracy: 0.9218
 35/527 [>.............................] - ETA: 20:27 - loss: 0.1496 - accuracy: 0.9237
 36/527 [=>............................] - ETA: 20:20 - loss: 0.1459 - accuracy: 0.9256
 37/527 [=>............................] - ETA: 20:17 - loss: 0.1428 - accuracy: 0.9273
 38/527 [=>............................] - ETA: 20:17 - loss: 0.1403 - accuracy: 0.9287
 39/527 [=>............................] - ETA: 20:10 - loss: 0.1370 - accuracy: 0.9305
 40/527 [=>............................] - ETA: 20:11 - loss: 0.1338 - accuracy: 0.9323
 41/527 [=>............................] - ETA: 20:06 - loss: 0.1308 - accuracy: 0.9339
 42/527 [=>............................] - ETA: 20:05 - loss: 0.1280 - accuracy: 0.9355
 43/527 [=>............................] - ETA: 20:02 - loss: 0.1253 - accuracy: 0.9370
 44/527 [=>............................] - ETA: 19:59 - loss: 0.1227 - accuracy: 0.9384
 45/527 [=>............................] - ETA: 19:53 - loss: 0.1209 - accuracy: 0.9393
 46/527 [=>............................] - ETA: 19:52 - loss: 0.1184 - accuracy: 0.9407
 47/527 [=>............................] - ETA: 19:48 - loss: 0.1170 - accuracy: 0.9417
 48/527 [=>............................] - ETA: 19:44 - loss: 0.1156 - accuracy: 0.9425
 49/527 [=>............................] - ETA: 19:43 - loss: 0.1157 - accuracy: 0.9431
 50/527 [=>............................] - ETA: 19:41 - loss: 0.1152 - accuracy: 0.9438
 51/527 [=>............................] - ETA: 19:35 - loss: 0.1141 - accuracy: 0.9447
 52/527 [=>............................] - ETA: 19:34 - loss: 0.1123 - accuracy: 0.9458
 53/527 [==>...........................] - ETA: 19:33 - loss: 0.1113 - accuracy: 0.9464
 54/527 [==>...........................] - ETA: 19:31 - loss: 0.1098 - accuracy: 0.9472
 55/527 [==>...........................] - ETA: 19:28 - loss: 0.1090 - accuracy: 0.9480
 56/527 [==>...........................] - ETA: 19:24 - loss: 0.1080 - accuracy: 0.9488
 57/527 [==>...........................] - ETA: 19:19 - loss: 0.1063 - accuracy: 0.9496
 58/527 [==>...........................] - ETA: 19:20 - loss: 0.1051 - accuracy: 0.9503
 59/527 [==>...........................] - ETA: 19:15 - loss: 0.1035 - accuracy: 0.9512
 60/527 [==>...........................] - ETA: 19:14 - loss: 0.1032 - accuracy: 0.9515
 61/527 [==>...........................] - ETA: 19:09 - loss: 0.1021 - accuracy: 0.9521
 62/527 [==>...........................] - ETA: 19:08 - loss: 0.1010 - accuracy: 0.9526
 63/527 [==>...........................] - ETA: 19:04 - loss: 0.0998 - accuracy: 0.9532
 64/527 [==>...........................] - ETA: 19:01 - loss: 0.0993 - accuracy: 0.9534
 65/527 [==>...........................] - ETA: 19:01 - loss: 0.0982 - accuracy: 0.9540
 66/527 [==>...........................] - ETA: 18:55 - loss: 0.0975 - accuracy: 0.9545
 67/527 [==>...........................] - ETA: 18:55 - loss: 0.0975 - accuracy: 0.9549
 68/527 [==>...........................] - ETA: 18:51 - loss: 0.0966 - accuracy: 0.9554
 69/527 [==>...........................] - ETA: 18:50 - loss: 0.0963 - accuracy: 0.9558
 70/527 [==>...........................] - ETA: 18:48 - loss: 0.0954 - accuracy: 0.9563
 71/527 [===>..........................] - ETA: 18:44 - loss: 0.0949 - accuracy: 0.9568
 72/527 [===>..........................] - ETA: 18:43 - loss: 0.0941 - accuracy: 0.9572
 73/527 [===>..........................] - ETA: 18:39 - loss: 0.0939 - accuracy: 0.9574
 74/527 [===>..........................] - ETA: 18:39 - loss: 0.0927 - accuracy: 0.9580
 75/527 [===>..........................] - ETA: 18:35 - loss: 0.0915 - accuracy: 0.9585
 76/527 [===>..........................] - ETA: 18:33 - loss: 0.0904 - accuracy: 0.9591
 77/527 [===>..........................] - ETA: 18:30 - loss: 0.0901 - accuracy: 0.9594
 78/527 [===>..........................] - ETA: 18:28 - loss: 0.0898 - accuracy: 0.9595
 79/527 [===>..........................] - ETA: 18:26 - loss: 0.0887 - accuracy: 0.9600
 80/527 [===>..........................] - ETA: 18:22 - loss: 0.0879 - accuracy: 0.9604
 81/527 [===>..........................] - ETA: 18:20 - loss: 0.0877 - accuracy: 0.9607
 82/527 [===>..........................] - ETA: 18:19 - loss: 0.0875 - accuracy: 0.9611
 83/527 [===>..........................] - ETA: 18:16 - loss: 0.0870 - accuracy: 0.9614
 84/527 [===>..........................] - ETA: 18:13 - loss: 0.0864 - accuracy: 0.9618
 85/527 [===>..........................] - ETA: 18:09 - loss: 0.0855 - accuracy: 0.9622
 86/527 [===>..........................] - ETA: 18:09 - loss: 0.0851 - accuracy: 0.9626
 87/527 [===>..........................] - ETA: 18:04 - loss: 0.0843 - accuracy: 0.9630
 88/527 [====>.........................] - ETA: 18:03 - loss: 0.0838 - accuracy: 0.9633
 89/527 [====>.........................] - ETA: 18:00 - loss: 0.0829 - accuracy: 0.9637
 90/527 [====>.........................] - ETA: 17:59 - loss: 0.0821 - accuracy: 0.9641
 91/527 [====>.........................] - ETA: 17:56 - loss: 0.0813 - accuracy: 0.9645
 92/527 [====>.........................] - ETA: 17:51 - loss: 0.0809 - accuracy: 0.9648
 93/527 [====>.........................] - ETA: 17:51 - loss: 0.0818 - accuracy: 0.9647
 94/527 [====>.........................] - ETA: 17:48 - loss: 0.0811 - accuracy: 0.9651
 95/527 [====>.........................] - ETA: 17:43 - loss: 0.0805 - accuracy: 0.9654
 96/527 [====>.........................] - ETA: 17:41 - loss: 0.0799 - accuracy: 0.9657
 97/527 [====>.........................] - ETA: 17:40 - loss: 0.0792 - accuracy: 0.9661
 98/527 [====>.........................] - ETA: 17:37 - loss: 0.0786 - accuracy: 0.9663
 99/527 [====>.........................] - ETA: 17:34 - loss: 0.0779 - accuracy: 0.9667
100/527 [====>.........................] - ETA: 17:30 - loss: 0.0775 - accuracy: 0.9669
101/527 [====>.........................] - ETA: 17:28 - loss: 0.0777 - accuracy: 0.9670
102/527 [====>.........................] - ETA: 17:25 - loss: 0.0770 - accuracy: 0.9674
103/527 [====>.........................] - ETA: 17:23 - loss: 0.0764 - accuracy: 0.9677
104/527 [====>.........................] - ETA: 17:19 - loss: 0.0762 - accuracy: 0.9679
105/527 [====>.........................] - ETA: 17:17 - loss: 0.0755 - accuracy: 0.9682
106/527 [=====>........................] - ETA: 17:14 - loss: 0.0749 - accuracy: 0.9685
107/527 [=====>........................] - ETA: 17:10 - loss: 0.0748 - accuracy: 0.9686
108/527 [=====>........................] - ETA: 17:09 - loss: 0.0746 - accuracy: 0.9687
109/527 [=====>........................] - ETA: 17:05 - loss: 0.0740 - accuracy: 0.9690
110/527 [=====>........................] - ETA: 17:03 - loss: 0.0739 - accuracy: 0.9690
111/527 [=====>........................] - ETA: 17:01 - loss: 0.0740 - accuracy: 0.9691
112/527 [=====>........................] - ETA: 16:58 - loss: 0.0739 - accuracy: 0.9692
113/527 [=====>........................] - ETA: 16:54 - loss: 0.0734 - accuracy: 0.9694
114/527 [=====>........................] - ETA: 16:53 - loss: 0.0734 - accuracy: 0.9695
115/527 [=====>........................] - ETA: 16:49 - loss: 0.0733 - accuracy: 0.9696
116/527 [=====>........................] - ETA: 16:48 - loss: 0.0733 - accuracy: 0.9695
117/527 [=====>........................] - ETA: 16:43 - loss: 0.0729 - accuracy: 0.9697
118/527 [=====>........................] - ETA: 16:42 - loss: 0.0726 - accuracy: 0.9698
119/527 [=====>........................] - ETA: 16:39 - loss: 0.0723 - accuracy: 0.9700
120/527 [=====>........................] - ETA: 16:36 - loss: 0.0717 - accuracy: 0.9703
121/527 [=====>........................] - ETA: 16:32 - loss: 0.0714 - accuracy: 0.9704
122/527 [=====>........................] - ETA: 16:29 - loss: 0.0710 - accuracy: 0.9707
123/527 [======>.......................] - ETA: 16:26 - loss: 0.0708 - accuracy: 0.9708
124/527 [======>.......................] - ETA: 16:25 - loss: 0.0703 - accuracy: 0.9710
125/527 [======>.......................] - ETA: 16:23 - loss: 0.0704 - accuracy: 0.9710
126/527 [======>.......................] - ETA: 16:19 - loss: 0.0704 - accuracy: 0.9710
127/527 [======>.......................] - ETA: 16:17 - loss: 0.0701 - accuracy: 0.9712
128/527 [======>.......................] - ETA: 16:13 - loss: 0.0704 - accuracy: 0.9712
129/527 [======>.......................] - ETA: 16:11 - loss: 0.0701 - accuracy: 0.9714
130/527 [======>.......................] - ETA: 16:08 - loss: 0.0701 - accuracy: 0.9715
131/527 [======>.......................] - ETA: 16:05 - loss: 0.0700 - accuracy: 0.9715
132/527 [======>.......................] - ETA: 16:03 - loss: 0.0699 - accuracy: 0.9714
133/527 [======>.......................] - ETA: 16:00 - loss: 0.0699 - accuracy: 0.9715
134/527 [======>.......................] - ETA: 15:58 - loss: 0.0696 - accuracy: 0.9716
135/527 [======>.......................] - ETA: 15:55 - loss: 0.0695 - accuracy: 0.9717
136/527 [======>.......................] - ETA: 15:52 - loss: 0.0695 - accuracy: 0.9718
137/527 [======>.......................] - ETA: 15:50 - loss: 0.0690 - accuracy: 0.9720
138/527 [======>.......................] - ETA: 15:47 - loss: 0.0687 - accuracy: 0.9722
139/527 [======>.......................] - ETA: 15:44 - loss: 0.0686 - accuracy: 0.9722
140/527 [======>.......................] - ETA: 15:41 - loss: 0.0683 - accuracy: 0.9724
141/527 [=======>......................] - ETA: 15:39 - loss: 0.0684 - accuracy: 0.9724
142/527 [=======>......................] - ETA: 15:36 - loss: 0.0683 - accuracy: 0.9725
143/527 [=======>......................] - ETA: 15:33 - loss: 0.0681 - accuracy: 0.9727
144/527 [=======>......................] - ETA: 15:30 - loss: 0.0678 - accuracy: 0.9728
145/527 [=======>......................] - ETA: 15:28 - loss: 0.0676 - accuracy: 0.9729
146/527 [=======>......................] - ETA: 15:25 - loss: 0.0674 - accuracy: 0.9730
147/527 [=======>......................] - ETA: 15:23 - loss: 0.0671 - accuracy: 0.9732
148/527 [=======>......................] - ETA: 15:20 - loss: 0.0667 - accuracy: 0.9734
149/527 [=======>......................] - ETA: 15:18 - loss: 0.0664 - accuracy: 0.9735
150/527 [=======>......................] - ETA: 15:16 - loss: 0.0662 - accuracy: 0.9736
151/527 [=======>......................] - ETA: 15:12 - loss: 0.0659 - accuracy: 0.9736
152/527 [=======>......................] - ETA: 15:10 - loss: 0.0657 - accuracy: 0.9737
153/527 [=======>......................] - ETA: 15:08 - loss: 0.0653 - accuracy: 0.9739
154/527 [=======>......................] - ETA: 15:04 - loss: 0.0649 - accuracy: 0.9741
155/527 [=======>......................] - ETA: 15:02 - loss: 0.0646 - accuracy: 0.9743
156/527 [=======>......................] - ETA: 15:00 - loss: 0.0642 - accuracy: 0.9744
157/527 [=======>......................] - ETA: 14:57 - loss: 0.0642 - accuracy: 0.9745
158/527 [=======>......................] - ETA: 14:55 - loss: 0.0639 - accuracy: 0.9746
159/527 [========>.....................] - ETA: 14:53 - loss: 0.0636 - accuracy: 0.9747
160/527 [========>.....................] - ETA: 14:50 - loss: 0.0635 - accuracy: 0.9747
161/527 [========>.....................] - ETA: 14:47 - loss: 0.0638 - accuracy: 0.9748
162/527 [========>.....................] - ETA: 14:45 - loss: 0.0638 - accuracy: 0.9748
163/527 [========>.....................] - ETA: 14:43 - loss: 0.0638 - accuracy: 0.9748
164/527 [========>.....................] - ETA: 14:40 - loss: 0.0636 - accuracy: 0.9749
165/527 [========>.....................] - ETA: 14:37 - loss: 0.0635 - accuracy: 0.9750
166/527 [========>.....................] - ETA: 14:35 - loss: 0.0632 - accuracy: 0.9752
167/527 [========>.....................] - ETA: 14:33 - loss: 0.0629 - accuracy: 0.9753
168/527 [========>.....................] - ETA: 14:30 - loss: 0.0628 - accuracy: 0.9754
169/527 [========>.....................] - ETA: 14:28 - loss: 0.0626 - accuracy: 0.9755
170/527 [========>.....................] - ETA: 14:25 - loss: 0.0623 - accuracy: 0.9756
171/527 [========>.....................] - ETA: 14:23 - loss: 0.0620 - accuracy: 0.9757
172/527 [========>.....................] - ETA: 14:20 - loss: 0.0617 - accuracy: 0.9759
173/527 [========>.....................] - ETA: 14:18 - loss: 0.0615 - accuracy: 0.9760
174/527 [========>.....................] - ETA: 14:14 - loss: 0.0616 - accuracy: 0.9760
175/527 [========>.....................] - ETA: 14:12 - loss: 0.0612 - accuracy: 0.9762
176/527 [=========>....................] - ETA: 14:10 - loss: 0.0610 - accuracy: 0.9762
177/527 [=========>....................] - ETA: 14:07 - loss: 0.0610 - accuracy: 0.9763
178/527 [=========>....................] - ETA: 14:05 - loss: 0.0607 - accuracy: 0.9765
179/527 [=========>....................] - ETA: 14:02 - loss: 0.0604 - accuracy: 0.9766
180/527 [=========>....................] - ETA: 14:00 - loss: 0.0605 - accuracy: 0.9766
181/527 [=========>....................] - ETA: 13:58 - loss: 0.0602 - accuracy: 0.9766
182/527 [=========>....................] - ETA: 13:55 - loss: 0.0602 - accuracy: 0.9766
183/527 [=========>....................] - ETA: 13:52 - loss: 0.0599 - accuracy: 0.9768
184/527 [=========>....................] - ETA: 13:50 - loss: 0.0597 - accuracy: 0.9769
185/527 [=========>....................] - ETA: 13:47 - loss: 0.0595 - accuracy: 0.9770
186/527 [=========>....................] - ETA: 13:45 - loss: 0.0592 - accuracy: 0.9771
187/527 [=========>....................] - ETA: 13:43 - loss: 0.0589 - accuracy: 0.9772
188/527 [=========>....................] - ETA: 13:40 - loss: 0.0586 - accuracy: 0.9773
189/527 [=========>....................] - ETA: 13:38 - loss: 0.0586 - accuracy: 0.9774
190/527 [=========>....................] - ETA: 13:36 - loss: 0.0584 - accuracy: 0.9775
191/527 [=========>....................] - ETA: 13:33 - loss: 0.0583 - accuracy: 0.9776
192/527 [=========>....................] - ETA: 13:31 - loss: 0.0580 - accuracy: 0.9777
193/527 [=========>....................] - ETA: 13:29 - loss: 0.0578 - accuracy: 0.9778
194/527 [==========>...................] - ETA: 13:26 - loss: 0.0575 - accuracy: 0.9779
195/527 [==========>...................] - ETA: 13:24 - loss: 0.0575 - accuracy: 0.9779
196/527 [==========>...................] - ETA: 13:21 - loss: 0.0573 - accuracy: 0.9780
197/527 [==========>...................] - ETA: 13:19 - loss: 0.0573 - accuracy: 0.9781
198/527 [==========>...................] - ETA: 13:17 - loss: 0.0572 - accuracy: 0.9781
199/527 [==========>...................] - ETA: 13:15 - loss: 0.0569 - accuracy: 0.9782
200/527 [==========>...................] - ETA: 13:12 - loss: 0.0567 - accuracy: 0.9783
201/527 [==========>...................] - ETA: 13:09 - loss: 0.0566 - accuracy: 0.9784
202/527 [==========>...................] - ETA: 13:07 - loss: 0.0565 - accuracy: 0.9785
203/527 [==========>...................] - ETA: 13:05 - loss: 0.0564 - accuracy: 0.9785
204/527 [==========>...................] - ETA: 13:02 - loss: 0.0563 - accuracy: 0.9786
205/527 [==========>...................] - ETA: 13:00 - loss: 0.0561 - accuracy: 0.9787
206/527 [==========>...................] - ETA: 12:58 - loss: 0.0559 - accuracy: 0.9787
207/527 [==========>...................] - ETA: 12:55 - loss: 0.0556 - accuracy: 0.9788
208/527 [==========>...................] - ETA: 12:53 - loss: 0.0554 - accuracy: 0.9789
209/527 [==========>...................] - ETA: 12:50 - loss: 0.0552 - accuracy: 0.9790
210/527 [==========>...................] - ETA: 12:48 - loss: 0.0552 - accuracy: 0.9791
211/527 [===========>..................] - ETA: 12:45 - loss: 0.0550 - accuracy: 0.9792
212/527 [===========>..................] - ETA: 12:43 - loss: 0.0547 - accuracy: 0.9793
213/527 [===========>..................] - ETA: 12:40 - loss: 0.0547 - accuracy: 0.9793
214/527 [===========>..................] - ETA: 12:38 - loss: 0.0549 - accuracy: 0.9793
215/527 [===========>..................] - ETA: 12:36 - loss: 0.0547 - accuracy: 0.9794
216/527 [===========>..................] - ETA: 12:33 - loss: 0.0545 - accuracy: 0.9795
217/527 [===========>..................] - ETA: 12:31 - loss: 0.0545 - accuracy: 0.9795
218/527 [===========>..................] - ETA: 12:28 - loss: 0.0545 - accuracy: 0.9795
219/527 [===========>..................] - ETA: 12:26 - loss: 0.0543 - accuracy: 0.9795
220/527 [===========>..................] - ETA: 12:23 - loss: 0.0543 - accuracy: 0.9795
221/527 [===========>..................] - ETA: 12:21 - loss: 0.0542 - accuracy: 0.9795
222/527 [===========>..................] - ETA: 12:19 - loss: 0.0544 - accuracy: 0.9795
223/527 [===========>..................] - ETA: 12:16 - loss: 0.0543 - accuracy: 0.9795
224/527 [===========>..................] - ETA: 12:14 - loss: 0.0543 - accuracy: 0.9796
225/527 [===========>..................] - ETA: 12:11 - loss: 0.0541 - accuracy: 0.9796
226/527 [===========>..................] - ETA: 12:09 - loss: 0.0541 - accuracy: 0.9796
227/527 [===========>..................] - ETA: 12:06 - loss: 0.0541 - accuracy: 0.9797
228/527 [===========>..................] - ETA: 12:04 - loss: 0.0539 - accuracy: 0.9798
229/527 [============>.................] - ETA: 12:02 - loss: 0.0539 - accuracy: 0.9798
230/527 [============>.................] - ETA: 11:59 - loss: 0.0536 - accuracy: 0.9799
231/527 [============>.................] - ETA: 11:57 - loss: 0.0536 - accuracy: 0.9800
232/527 [============>.................] - ETA: 11:55 - loss: 0.0535 - accuracy: 0.9800
233/527 [============>.................] - ETA: 11:52 - loss: 0.0535 - accuracy: 0.9800
234/527 [============>.................] - ETA: 11:50 - loss: 0.0534 - accuracy: 0.9801
235/527 [============>.................] - ETA: 11:47 - loss: 0.0533 - accuracy: 0.9801
236/527 [============>.................] - ETA: 11:45 - loss: 0.0531 - accuracy: 0.9802
237/527 [============>.................] - ETA: 11:43 - loss: 0.0529 - accuracy: 0.9803
238/527 [============>.................] - ETA: 11:40 - loss: 0.0528 - accuracy: 0.9804
239/527 [============>.................] - ETA: 11:37 - loss: 0.0530 - accuracy: 0.9803
240/527 [============>.................] - ETA: 11:35 - loss: 0.0531 - accuracy: 0.9803
241/527 [============>.................] - ETA: 11:33 - loss: 0.0531 - accuracy: 0.9803
242/527 [============>.................] - ETA: 11:30 - loss: 0.0530 - accuracy: 0.9803
243/527 [============>.................] - ETA: 11:28 - loss: 0.0529 - accuracy: 0.9804
244/527 [============>.................] - ETA: 11:26 - loss: 0.0527 - accuracy: 0.9805
245/527 [============>.................] - ETA: 11:23 - loss: 0.0526 - accuracy: 0.9805
246/527 [=============>................] - ETA: 11:21 - loss: 0.0525 - accuracy: 0.9806
247/527 [=============>................] - ETA: 11:18 - loss: 0.0523 - accuracy: 0.9807
248/527 [=============>................] - ETA: 11:16 - loss: 0.0522 - accuracy: 0.9808
249/527 [=============>................] - ETA: 11:14 - loss: 0.0520 - accuracy: 0.9808
250/527 [=============>................] - ETA: 11:11 - loss: 0.0519 - accuracy: 0.9809
251/527 [=============>................] - ETA: 11:08 - loss: 0.0517 - accuracy: 0.9810
252/527 [=============>................] - ETA: 11:06 - loss: 0.0518 - accuracy: 0.9810
253/527 [=============>................] - ETA: 11:03 - loss: 0.0517 - accuracy: 0.9810
254/527 [=============>................] - ETA: 11:01 - loss: 0.0518 - accuracy: 0.9810
255/527 [=============>................] - ETA: 10:59 - loss: 0.0517 - accuracy: 0.9811
256/527 [=============>................] - ETA: 10:57 - loss: 0.0516 - accuracy: 0.9811
257/527 [=============>................] - ETA: 10:54 - loss: 0.0517 - accuracy: 0.9811
258/527 [=============>................] - ETA: 10:52 - loss: 0.0515 - accuracy: 0.9812
259/527 [=============>................] - ETA: 10:49 - loss: 0.0514 - accuracy: 0.9812
260/527 [=============>................] - ETA: 10:47 - loss: 0.0512 - accuracy: 0.9813
261/527 [=============>................] - ETA: 10:44 - loss: 0.0512 - accuracy: 0.9813
262/527 [=============>................] - ETA: 10:42 - loss: 0.0511 - accuracy: 0.9814
263/527 [=============>................] - ETA: 10:40 - loss: 0.0509 - accuracy: 0.9814
264/527 [==============>...............] - ETA: 10:37 - loss: 0.0508 - accuracy: 0.9815
265/527 [==============>...............] - ETA: 10:35 - loss: 0.0507 - accuracy: 0.9815
266/527 [==============>...............] - ETA: 10:33 - loss: 0.0505 - accuracy: 0.9816
267/527 [==============>...............] - ETA: 10:30 - loss: 0.0505 - accuracy: 0.9816
268/527 [==============>...............] - ETA: 10:27 - loss: 0.0504 - accuracy: 0.9817
269/527 [==============>...............] - ETA: 10:25 - loss: 0.0504 - accuracy: 0.9817
270/527 [==============>...............] - ETA: 10:23 - loss: 0.0503 - accuracy: 0.9818
271/527 [==============>...............] - ETA: 10:20 - loss: 0.0504 - accuracy: 0.9818
272/527 [==============>...............] - ETA: 10:18 - loss: 0.0503 - accuracy: 0.9818
273/527 [==============>...............] - ETA: 10:15 - loss: 0.0502 - accuracy: 0.9819
274/527 [==============>...............] - ETA: 10:13 - loss: 0.0501 - accuracy: 0.9819
275/527 [==============>...............] - ETA: 10:10 - loss: 0.0500 - accuracy: 0.9819
276/527 [==============>...............] - ETA: 10:08 - loss: 0.0499 - accuracy: 0.9820
277/527 [==============>...............] - ETA: 10:06 - loss: 0.0498 - accuracy: 0.9820
278/527 [==============>...............] - ETA: 10:03 - loss: 0.0497 - accuracy: 0.9821
279/527 [==============>...............] - ETA: 10:01 - loss: 0.0496 - accuracy: 0.9821
280/527 [==============>...............] - ETA: 9:58 - loss: 0.0495 - accuracy: 0.9821 
281/527 [==============>...............] - ETA: 9:56 - loss: 0.0495 - accuracy: 0.9821
282/527 [===============>..............] - ETA: 9:54 - loss: 0.0493 - accuracy: 0.9822
283/527 [===============>..............] - ETA: 9:51 - loss: 0.0492 - accuracy: 0.9822
284/527 [===============>..............] - ETA: 9:49 - loss: 0.0492 - accuracy: 0.9822
285/527 [===============>..............] - ETA: 9:46 - loss: 0.0491 - accuracy: 0.9822
286/527 [===============>..............] - ETA: 9:44 - loss: 0.0489 - accuracy: 0.9823
287/527 [===============>..............] - ETA: 9:41 - loss: 0.0489 - accuracy: 0.9823
288/527 [===============>..............] - ETA: 9:39 - loss: 0.0487 - accuracy: 0.9824
289/527 [===============>..............] - ETA: 9:36 - loss: 0.0486 - accuracy: 0.9824
290/527 [===============>..............] - ETA: 9:34 - loss: 0.0487 - accuracy: 0.9824
291/527 [===============>..............] - ETA: 9:31 - loss: 0.0486 - accuracy: 0.9824
292/527 [===============>..............] - ETA: 9:29 - loss: 0.0485 - accuracy: 0.9825
293/527 [===============>..............] - ETA: 9:27 - loss: 0.0483 - accuracy: 0.9826
294/527 [===============>..............] - ETA: 9:24 - loss: 0.0482 - accuracy: 0.9826
295/527 [===============>..............] - ETA: 9:22 - loss: 0.0480 - accuracy: 0.9827
296/527 [===============>..............] - ETA: 9:19 - loss: 0.0479 - accuracy: 0.9827
297/527 [===============>..............] - ETA: 9:17 - loss: 0.0479 - accuracy: 0.9827
298/527 [===============>..............] - ETA: 9:15 - loss: 0.0479 - accuracy: 0.9827
299/527 [================>.............] - ETA: 9:12 - loss: 0.0479 - accuracy: 0.9827
300/527 [================>.............] - ETA: 9:10 - loss: 0.0478 - accuracy: 0.9828
301/527 [================>.............] - ETA: 9:07 - loss: 0.0478 - accuracy: 0.9828
302/527 [================>.............] - ETA: 9:05 - loss: 0.0477 - accuracy: 0.9828
303/527 [================>.............] - ETA: 9:02 - loss: 0.0476 - accuracy: 0.9829
304/527 [================>.............] - ETA: 9:00 - loss: 0.0476 - accuracy: 0.9829
305/527 [================>.............] - ETA: 8:57 - loss: 0.0476 - accuracy: 0.9830
306/527 [================>.............] - ETA: 8:55 - loss: 0.0474 - accuracy: 0.9830
307/527 [================>.............] - ETA: 8:53 - loss: 0.0475 - accuracy: 0.9830
308/527 [================>.............] - ETA: 8:50 - loss: 0.0475 - accuracy: 0.9831
309/527 [================>.............] - ETA: 8:48 - loss: 0.0473 - accuracy: 0.9831
310/527 [================>.............] - ETA: 8:45 - loss: 0.0474 - accuracy: 0.9831
311/527 [================>.............] - ETA: 8:43 - loss: 0.0473 - accuracy: 0.9832
312/527 [================>.............] - ETA: 8:40 - loss: 0.0472 - accuracy: 0.9832
313/527 [================>.............] - ETA: 8:38 - loss: 0.0471 - accuracy: 0.9833
314/527 [================>.............] - ETA: 8:36 - loss: 0.0470 - accuracy: 0.9833
315/527 [================>.............] - ETA: 8:33 - loss: 0.0469 - accuracy: 0.9833
316/527 [================>.............] - ETA: 8:31 - loss: 0.0468 - accuracy: 0.9834
317/527 [=================>............] - ETA: 8:28 - loss: 0.0466 - accuracy: 0.9834
318/527 [=================>............] - ETA: 8:26 - loss: 0.0465 - accuracy: 0.9835
319/527 [=================>............] - ETA: 8:23 - loss: 0.0464 - accuracy: 0.9835
320/527 [=================>............] - ETA: 8:21 - loss: 0.0463 - accuracy: 0.9836
321/527 [=================>............] - ETA: 8:18 - loss: 0.0462 - accuracy: 0.9836
322/527 [=================>............] - ETA: 8:16 - loss: 0.0464 - accuracy: 0.9836
323/527 [=================>............] - ETA: 8:13 - loss: 0.0463 - accuracy: 0.9837
324/527 [=================>............] - ETA: 8:11 - loss: 0.0462 - accuracy: 0.9837
325/527 [=================>............] - ETA: 8:09 - loss: 0.0461 - accuracy: 0.9837
326/527 [=================>............] - ETA: 8:06 - loss: 0.0459 - accuracy: 0.9838
327/527 [=================>............] - ETA: 8:04 - loss: 0.0460 - accuracy: 0.9838
328/527 [=================>............] - ETA: 8:01 - loss: 0.0459 - accuracy: 0.9838
329/527 [=================>............] - ETA: 7:59 - loss: 0.0460 - accuracy: 0.9838
330/527 [=================>............] - ETA: 7:57 - loss: 0.0458 - accuracy: 0.9838
331/527 [=================>............] - ETA: 7:54 - loss: 0.0460 - accuracy: 0.9838
332/527 [=================>............] - ETA: 7:52 - loss: 0.0460 - accuracy: 0.9839
333/527 [=================>............] - ETA: 7:49 - loss: 0.0460 - accuracy: 0.9839
334/527 [==================>...........] - ETA: 7:47 - loss: 0.0461 - accuracy: 0.9839
335/527 [==================>...........] - ETA: 7:45 - loss: 0.0460 - accuracy: 0.9839
336/527 [==================>...........] - ETA: 7:42 - loss: 0.0459 - accuracy: 0.9840
337/527 [==================>...........] - ETA: 7:40 - loss: 0.0458 - accuracy: 0.9840
338/527 [==================>...........] - ETA: 7:37 - loss: 0.0458 - accuracy: 0.9840
339/527 [==================>...........] - ETA: 7:35 - loss: 0.0456 - accuracy: 0.9840
340/527 [==================>...........] - ETA: 7:32 - loss: 0.0455 - accuracy: 0.9841
341/527 [==================>...........] - ETA: 7:30 - loss: 0.0455 - accuracy: 0.9841
342/527 [==================>...........] - ETA: 7:27 - loss: 0.0455 - accuracy: 0.9841
343/527 [==================>...........] - ETA: 7:25 - loss: 0.0455 - accuracy: 0.9841
344/527 [==================>...........] - ETA: 7:23 - loss: 0.0454 - accuracy: 0.9842
345/527 [==================>...........] - ETA: 7:20 - loss: 0.0454 - accuracy: 0.9842
346/527 [==================>...........] - ETA: 7:18 - loss: 0.0453 - accuracy: 0.9842
347/527 [==================>...........] - ETA: 7:15 - loss: 0.0452 - accuracy: 0.9843
348/527 [==================>...........] - ETA: 7:13 - loss: 0.0452 - accuracy: 0.9843
349/527 [==================>...........] - ETA: 7:10 - loss: 0.0451 - accuracy: 0.9843
350/527 [==================>...........] - ETA: 7:08 - loss: 0.0450 - accuracy: 0.9844
351/527 [==================>...........] - ETA: 7:06 - loss: 0.0449 - accuracy: 0.9844
352/527 [===================>..........] - ETA: 7:03 - loss: 0.0448 - accuracy: 0.9845
353/527 [===================>..........] - ETA: 7:01 - loss: 0.0448 - accuracy: 0.9844
354/527 [===================>..........] - ETA: 6:58 - loss: 0.0447 - accuracy: 0.9845
355/527 [===================>..........] - ETA: 6:56 - loss: 0.0447 - accuracy: 0.9845
356/527 [===================>..........] - ETA: 6:53 - loss: 0.0446 - accuracy: 0.9845
357/527 [===================>..........] - ETA: 6:51 - loss: 0.0445 - accuracy: 0.9845
358/527 [===================>..........] - ETA: 6:49 - loss: 0.0444 - accuracy: 0.9846
359/527 [===================>..........] - ETA: 6:46 - loss: 0.0443 - accuracy: 0.9846
360/527 [===================>..........] - ETA: 6:44 - loss: 0.0442 - accuracy: 0.9846
361/527 [===================>..........] - ETA: 6:41 - loss: 0.0441 - accuracy: 0.9847
362/527 [===================>..........] - ETA: 6:39 - loss: 0.0441 - accuracy: 0.9847
363/527 [===================>..........] - ETA: 6:36 - loss: 0.0442 - accuracy: 0.9847
364/527 [===================>..........] - ETA: 6:34 - loss: 0.0441 - accuracy: 0.9847
365/527 [===================>..........] - ETA: 6:32 - loss: 0.0442 - accuracy: 0.9847
366/527 [===================>..........] - ETA: 6:29 - loss: 0.0441 - accuracy: 0.9847
367/527 [===================>..........] - ETA: 6:27 - loss: 0.0442 - accuracy: 0.9847
368/527 [===================>..........] - ETA: 6:24 - loss: 0.0441 - accuracy: 0.9847
369/527 [====================>.........] - ETA: 6:22 - loss: 0.0441 - accuracy: 0.9847
370/527 [====================>.........] - ETA: 6:19 - loss: 0.0440 - accuracy: 0.9847
371/527 [====================>.........] - ETA: 6:17 - loss: 0.0439 - accuracy: 0.9847
372/527 [====================>.........] - ETA: 6:15 - loss: 0.0438 - accuracy: 0.9848
373/527 [====================>.........] - ETA: 6:12 - loss: 0.0437 - accuracy: 0.9848
374/527 [====================>.........] - ETA: 6:10 - loss: 0.0437 - accuracy: 0.9848
375/527 [====================>.........] - ETA: 6:07 - loss: 0.0437 - accuracy: 0.9849
376/527 [====================>.........] - ETA: 6:05 - loss: 0.0437 - accuracy: 0.9849
377/527 [====================>.........] - ETA: 6:03 - loss: 0.0436 - accuracy: 0.9849
378/527 [====================>.........] - ETA: 6:00 - loss: 0.0436 - accuracy: 0.9849
379/527 [====================>.........] - ETA: 5:58 - loss: 0.0435 - accuracy: 0.9849
380/527 [====================>.........] - ETA: 5:55 - loss: 0.0434 - accuracy: 0.9850
381/527 [====================>.........] - ETA: 5:53 - loss: 0.0433 - accuracy: 0.9850
382/527 [====================>.........] - ETA: 5:50 - loss: 0.0433 - accuracy: 0.9850
383/527 [====================>.........] - ETA: 5:48 - loss: 0.0434 - accuracy: 0.9850
384/527 [====================>.........] - ETA: 5:46 - loss: 0.0433 - accuracy: 0.9851
385/527 [====================>.........] - ETA: 5:43 - loss: 0.0432 - accuracy: 0.9851
386/527 [====================>.........] - ETA: 5:41 - loss: 0.0432 - accuracy: 0.9851
387/527 [=====================>........] - ETA: 5:38 - loss: 0.0431 - accuracy: 0.9851
388/527 [=====================>........] - ETA: 5:36 - loss: 0.0431 - accuracy: 0.9852
389/527 [=====================>........] - ETA: 5:34 - loss: 0.0431 - accuracy: 0.9852
390/527 [=====================>........] - ETA: 5:31 - loss: 0.0431 - accuracy: 0.9852
391/527 [=====================>........] - ETA: 5:29 - loss: 0.0431 - accuracy: 0.9852
392/527 [=====================>........] - ETA: 5:26 - loss: 0.0432 - accuracy: 0.9852
393/527 [=====================>........] - ETA: 5:24 - loss: 0.0431 - accuracy: 0.9852
394/527 [=====================>........] - ETA: 5:21 - loss: 0.0431 - accuracy: 0.9852
395/527 [=====================>........] - ETA: 5:19 - loss: 0.0430 - accuracy: 0.9853
396/527 [=====================>........] - ETA: 5:16 - loss: 0.0430 - accuracy: 0.9853
397/527 [=====================>........] - ETA: 5:14 - loss: 0.0429 - accuracy: 0.9853
398/527 [=====================>........] - ETA: 5:12 - loss: 0.0428 - accuracy: 0.9853
399/527 [=====================>........] - ETA: 5:09 - loss: 0.0428 - accuracy: 0.9854
400/527 [=====================>........] - ETA: 5:07 - loss: 0.0427 - accuracy: 0.9854
401/527 [=====================>........] - ETA: 5:04 - loss: 0.0427 - accuracy: 0.9854
402/527 [=====================>........] - ETA: 5:02 - loss: 0.0429 - accuracy: 0.9854
403/527 [=====================>........] - ETA: 4:59 - loss: 0.0428 - accuracy: 0.9854
404/527 [=====================>........] - ETA: 4:57 - loss: 0.0428 - accuracy: 0.9854
405/527 [======================>.......] - ETA: 4:55 - loss: 0.0427 - accuracy: 0.9854
406/527 [======================>.......] - ETA: 4:52 - loss: 0.0426 - accuracy: 0.9855
407/527 [======================>.......] - ETA: 4:50 - loss: 0.0425 - accuracy: 0.9855
408/527 [======================>.......] - ETA: 4:47 - loss: 0.0425 - accuracy: 0.9855
409/527 [======================>.......] - ETA: 4:45 - loss: 0.0426 - accuracy: 0.9855
410/527 [======================>.......] - ETA: 4:43 - loss: 0.0426 - accuracy: 0.9855
411/527 [======================>.......] - ETA: 4:40 - loss: 0.0425 - accuracy: 0.9855
412/527 [======================>.......] - ETA: 4:38 - loss: 0.0426 - accuracy: 0.9855
413/527 [======================>.......] - ETA: 4:35 - loss: 0.0426 - accuracy: 0.9856
414/527 [======================>.......] - ETA: 4:33 - loss: 0.0425 - accuracy: 0.9856
415/527 [======================>.......] - ETA: 4:30 - loss: 0.0425 - accuracy: 0.9856
416/527 [======================>.......] - ETA: 4:28 - loss: 0.0424 - accuracy: 0.9856
417/527 [======================>.......] - ETA: 4:26 - loss: 0.0423 - accuracy: 0.9857
418/527 [======================>.......] - ETA: 4:23 - loss: 0.0423 - accuracy: 0.9857
419/527 [======================>.......] - ETA: 4:21 - loss: 0.0422 - accuracy: 0.9857
420/527 [======================>.......] - ETA: 4:18 - loss: 0.0423 - accuracy: 0.9857
421/527 [======================>.......] - ETA: 4:16 - loss: 0.0422 - accuracy: 0.9858
422/527 [=======================>......] - ETA: 4:14 - loss: 0.0421 - accuracy: 0.9858
423/527 [=======================>......] - ETA: 4:11 - loss: 0.0420 - accuracy: 0.9858
424/527 [=======================>......] - ETA: 4:09 - loss: 0.0420 - accuracy: 0.9859
425/527 [=======================>......] - ETA: 4:06 - loss: 0.0419 - accuracy: 0.9859
426/527 [=======================>......] - ETA: 4:04 - loss: 0.0418 - accuracy: 0.9859
427/527 [=======================>......] - ETA: 4:01 - loss: 0.0417 - accuracy: 0.9860
428/527 [=======================>......] - ETA: 3:59 - loss: 0.0416 - accuracy: 0.9860
429/527 [=======================>......] - ETA: 3:57 - loss: 0.0417 - accuracy: 0.9860
430/527 [=======================>......] - ETA: 3:54 - loss: 0.0417 - accuracy: 0.9860
431/527 [=======================>......] - ETA: 3:52 - loss: 0.0417 - accuracy: 0.9860
432/527 [=======================>......] - ETA: 3:49 - loss: 0.0416 - accuracy: 0.9861
433/527 [=======================>......] - ETA: 3:47 - loss: 0.0415 - accuracy: 0.9861
434/527 [=======================>......] - ETA: 3:44 - loss: 0.0416 - accuracy: 0.9861
435/527 [=======================>......] - ETA: 3:42 - loss: 0.0416 - accuracy: 0.9861
436/527 [=======================>......] - ETA: 3:40 - loss: 0.0415 - accuracy: 0.9861
437/527 [=======================>......] - ETA: 3:37 - loss: 0.0415 - accuracy: 0.9861
438/527 [=======================>......] - ETA: 3:35 - loss: 0.0414 - accuracy: 0.9862
439/527 [=======================>......] - ETA: 3:32 - loss: 0.0414 - accuracy: 0.9862
440/527 [========================>.....] - ETA: 3:30 - loss: 0.0413 - accuracy: 0.9862
441/527 [========================>.....] - ETA: 3:27 - loss: 0.0413 - accuracy: 0.9862
442/527 [========================>.....] - ETA: 3:25 - loss: 0.0413 - accuracy: 0.9862
443/527 [========================>.....] - ETA: 3:23 - loss: 0.0412 - accuracy: 0.9863
444/527 [========================>.....] - ETA: 3:20 - loss: 0.0413 - accuracy: 0.9863
445/527 [========================>.....] - ETA: 3:18 - loss: 0.0412 - accuracy: 0.9863
446/527 [========================>.....] - ETA: 3:15 - loss: 0.0412 - accuracy: 0.9863
447/527 [========================>.....] - ETA: 3:13 - loss: 0.0411 - accuracy: 0.9863
448/527 [========================>.....] - ETA: 3:11 - loss: 0.0411 - accuracy: 0.9863
449/527 [========================>.....] - ETA: 3:08 - loss: 0.0410 - accuracy: 0.9864
450/527 [========================>.....] - ETA: 3:06 - loss: 0.0410 - accuracy: 0.9864
451/527 [========================>.....] - ETA: 3:03 - loss: 0.0409 - accuracy: 0.9864
452/527 [========================>.....] - ETA: 3:01 - loss: 0.0409 - accuracy: 0.9864
453/527 [========================>.....] - ETA: 2:59 - loss: 0.0409 - accuracy: 0.9864
454/527 [========================>.....] - ETA: 2:56 - loss: 0.0408 - accuracy: 0.9864
455/527 [========================>.....] - ETA: 2:54 - loss: 0.0408 - accuracy: 0.9864
456/527 [========================>.....] - ETA: 2:51 - loss: 0.0407 - accuracy: 0.9865
457/527 [=========================>....] - ETA: 2:49 - loss: 0.0407 - accuracy: 0.9865
458/527 [=========================>....] - ETA: 2:46 - loss: 0.0407 - accuracy: 0.9864
459/527 [=========================>....] - ETA: 2:44 - loss: 0.0408 - accuracy: 0.9864
460/527 [=========================>....] - ETA: 2:41 - loss: 0.0407 - accuracy: 0.9865
461/527 [=========================>....] - ETA: 2:39 - loss: 0.0407 - accuracy: 0.9865
462/527 [=========================>....] - ETA: 2:37 - loss: 0.0406 - accuracy: 0.9865
463/527 [=========================>....] - ETA: 2:34 - loss: 0.0406 - accuracy: 0.9865
464/527 [=========================>....] - ETA: 2:32 - loss: 0.0406 - accuracy: 0.9865
465/527 [=========================>....] - ETA: 2:29 - loss: 0.0405 - accuracy: 0.9866
466/527 [=========================>....] - ETA: 2:27 - loss: 0.0406 - accuracy: 0.9865
467/527 [=========================>....] - ETA: 2:25 - loss: 0.0406 - accuracy: 0.9865
468/527 [=========================>....] - ETA: 2:22 - loss: 0.0405 - accuracy: 0.9866
469/527 [=========================>....] - ETA: 2:20 - loss: 0.0405 - accuracy: 0.9865
470/527 [=========================>....] - ETA: 2:17 - loss: 0.0405 - accuracy: 0.9866
471/527 [=========================>....] - ETA: 2:15 - loss: 0.0405 - accuracy: 0.9866
472/527 [=========================>....] - ETA: 2:13 - loss: 0.0405 - accuracy: 0.9866
473/527 [=========================>....] - ETA: 2:10 - loss: 0.0404 - accuracy: 0.9866
474/527 [=========================>....] - ETA: 2:08 - loss: 0.0404 - accuracy: 0.9866
475/527 [==========================>...] - ETA: 2:05 - loss: 0.0403 - accuracy: 0.9867
476/527 [==========================>...] - ETA: 2:03 - loss: 0.0402 - accuracy: 0.9867
477/527 [==========================>...] - ETA: 2:00 - loss: 0.0403 - accuracy: 0.9867
478/527 [==========================>...] - ETA: 1:58 - loss: 0.0403 - accuracy: 0.9867
479/527 [==========================>...] - ETA: 1:56 - loss: 0.0404 - accuracy: 0.9867
480/527 [==========================>...] - ETA: 1:53 - loss: 0.0403 - accuracy: 0.9867
481/527 [==========================>...] - ETA: 1:51 - loss: 0.0403 - accuracy: 0.9867
482/527 [==========================>...] - ETA: 1:48 - loss: 0.0402 - accuracy: 0.9867
483/527 [==========================>...] - ETA: 1:46 - loss: 0.0401 - accuracy: 0.9868
484/527 [==========================>...] - ETA: 1:43 - loss: 0.0402 - accuracy: 0.9868
485/527 [==========================>...] - ETA: 1:41 - loss: 0.0402 - accuracy: 0.9868
486/527 [==========================>...] - ETA: 1:39 - loss: 0.0401 - accuracy: 0.9868
487/527 [==========================>...] - ETA: 1:36 - loss: 0.0400 - accuracy: 0.9868
488/527 [==========================>...] - ETA: 1:34 - loss: 0.0401 - accuracy: 0.9868
489/527 [==========================>...] - ETA: 1:31 - loss: 0.0400 - accuracy: 0.9869
490/527 [==========================>...] - ETA: 1:29 - loss: 0.0399 - accuracy: 0.9869
491/527 [==========================>...] - ETA: 1:27 - loss: 0.0399 - accuracy: 0.9869
492/527 [===========================>..] - ETA: 1:24 - loss: 0.0398 - accuracy: 0.9869
493/527 [===========================>..] - ETA: 1:22 - loss: 0.0398 - accuracy: 0.9869
494/527 [===========================>..] - ETA: 1:19 - loss: 0.0397 - accuracy: 0.9870
495/527 [===========================>..] - ETA: 1:17 - loss: 0.0398 - accuracy: 0.9870
496/527 [===========================>..] - ETA: 1:14 - loss: 0.0397 - accuracy: 0.9870
497/527 [===========================>..] - ETA: 1:12 - loss: 0.0398 - accuracy: 0.9870
498/527 [===========================>..] - ETA: 1:10 - loss: 0.0398 - accuracy: 0.9869
499/527 [===========================>..] - ETA: 1:07 - loss: 0.0399 - accuracy: 0.9869
500/527 [===========================>..] - ETA: 1:05 - loss: 0.0398 - accuracy: 0.9869
501/527 [===========================>..] - ETA: 1:02 - loss: 0.0398 - accuracy: 0.9870
502/527 [===========================>..] - ETA: 1:00 - loss: 0.0397 - accuracy: 0.9870
503/527 [===========================>..] - ETA: 58s - loss: 0.0397 - accuracy: 0.9870 
504/527 [===========================>..] - ETA: 55s - loss: 0.0398 - accuracy: 0.9870
505/527 [===========================>..] - ETA: 53s - loss: 0.0399 - accuracy: 0.9869
506/527 [===========================>..] - ETA: 50s - loss: 0.0398 - accuracy: 0.9869
507/527 [===========================>..] - ETA: 48s - loss: 0.0398 - accuracy: 0.9869
508/527 [===========================>..] - ETA: 45s - loss: 0.0398 - accuracy: 0.9869
509/527 [===========================>..] - ETA: 43s - loss: 0.0397 - accuracy: 0.9870
510/527 [============================>.] - ETA: 41s - loss: 0.0396 - accuracy: 0.9870
511/527 [============================>.] - ETA: 38s - loss: 0.0396 - accuracy: 0.9870
512/527 [============================>.] - ETA: 36s - loss: 0.0396 - accuracy: 0.9870
513/527 [============================>.] - ETA: 33s - loss: 0.0396 - accuracy: 0.9870
514/527 [============================>.] - ETA: 31s - loss: 0.0395 - accuracy: 0.9871
515/527 [============================>.] - ETA: 29s - loss: 0.0395 - accuracy: 0.9870
516/527 [============================>.] - ETA: 26s - loss: 0.0395 - accuracy: 0.9871
517/527 [============================>.] - ETA: 24s - loss: 0.0395 - accuracy: 0.9871
518/527 [============================>.] - ETA: 21s - loss: 0.0394 - accuracy: 0.9871
519/527 [============================>.] - ETA: 19s - loss: 0.0393 - accuracy: 0.9871
520/527 [============================>.] - ETA: 16s - loss: 0.0394 - accuracy: 0.9871
521/527 [============================>.] - ETA: 14s - loss: 0.0394 - accuracy: 0.9871
522/527 [============================>.] - ETA: 12s - loss: 0.0393 - accuracy: 0.9871
523/527 [============================>.] - ETA: 9s - loss: 0.0394 - accuracy: 0.9872 
524/527 [============================>.] - ETA: 7s - loss: 0.0393 - accuracy: 0.9872
525/527 [============================>.] - ETA: 4s - loss: 0.0393 - accuracy: 0.9872
526/527 [============================>.] - ETA: 2s - loss: 0.0392 - accuracy: 0.9872
527/527 [==============================] - 1273s 2s/step - loss: 0.0392 - accuracy: 0.9872
Over train job in 1274.937232 s
Model: "model_1"
__________________________________________________________________________________________________
Layer (type)                    Output Shape         Param #     Connected to                     
==================================================================================================
input_1 (InputLayer)            (None, 755, 128)     0                                            
__________________________________________________________________________________________________
conv1d_2 (Conv1D)               (None, 752, 128)     65664       input_1[0][0]                    
__________________________________________________________________________________________________
conv1d_3 (Conv1D)               (None, 750, 128)     98432       input_1[0][0]                    
__________________________________________________________________________________________________
conv1d_1 (Conv1D)               (None, 754, 128)     32896       input_1[0][0]                    
__________________________________________________________________________________________________
zero_padding1d_1 (ZeroPadding1D (None, 754, 128)     0           conv1d_2[0][0]                   
__________________________________________________________________________________________________
zero_padding1d_2 (ZeroPadding1D (None, 754, 128)     0           conv1d_3[0][0]                   
__________________________________________________________________________________________________
concatenate_1 (Concatenate)     (None, 754, 384)     0           conv1d_1[0][0]                   
                                                                 zero_padding1d_1[0][0]           
                                                                 zero_padding1d_2[0][0]           
__________________________________________________________________________________________________
lstm_1 (LSTM)                   (None, 128)          262656      concatenate_1[0][0]              
__________________________________________________________________________________________________
dropout_1 (Dropout)             (None, 128)          0           lstm_1[0][0]                     
__________________________________________________________________________________________________
Output (Dense)                  (None, 2)            258         dropout_1[0][0]                  
==================================================================================================
Total params: 459,906
Trainable params: 459,906
Non-trainable params: 0
__________________________________________________________________________________________________
None
1/528 batch
2/528 batch
3/528 batch
4/528 batch
5/528 batch
6/528 batch
7/528 batch
8/528 batch
9/528 batch
10/528 batch
11/528 batch
12/528 batch
13/528 batch
14/528 batch
15/528 batch
16/528 batch
17/528 batch
18/528 batch
19/528 batch
20/528 batch
21/528 batch
22/528 batch
23/528 batch
24/528 batch
25/528 batch
26/528 batch
27/528 batch
28/528 batch
29/528 batch
30/528 batch
31/528 batch
32/528 batch
33/528 batch
34/528 batch
35/528 batch
36/528 batch
37/528 batch
38/528 batch
39/528 batch
40/528 batch
41/528 batch
42/528 batch
43/528 batch
44/528 batch
45/528 batch
46/528 batch
47/528 batch
48/528 batch
49/528 batch
50/528 batch
51/528 batch
52/528 batch
53/528 batch
54/528 batch
55/528 batch
56/528 batch
57/528 batch
58/528 batch
59/528 batch
60/528 batch
61/528 batch
62/528 batch
63/528 batch
64/528 batch
65/528 batch
66/528 batch
67/528 batch
68/528 batch
69/528 batch
70/528 batch
71/528 batch
72/528 batch
73/528 batch
74/528 batch
75/528 batch
76/528 batch
77/528 batch
78/528 batch
79/528 batch
80/528 batch
81/528 batch
82/528 batch
83/528 batch
84/528 batch
85/528 batch
86/528 batch
87/528 batch
88/528 batch
89/528 batch
90/528 batch
91/528 batch
92/528 batch
93/528 batch
94/528 batch
95/528 batch
96/528 batch
97/528 batch
98/528 batch
99/528 batch
100/528 batch
101/528 batch
102/528 batch
103/528 batch
104/528 batch
105/528 batch
106/528 batch
107/528 batch
108/528 batch
109/528 batch
110/528 batch
111/528 batch
112/528 batch
113/528 batch
114/528 batch
115/528 batch
116/528 batch
117/528 batch
118/528 batch
119/528 batch
120/528 batch
121/528 batch
122/528 batch
123/528 batch
124/528 batch
125/528 batch
126/528 batch
127/528 batch
128/528 batch
129/528 batch
130/528 batch
131/528 batch
132/528 batch
133/528 batch
134/528 batch
135/528 batch
136/528 batch
137/528 batch
138/528 batch
139/528 batch
140/528 batch
141/528 batch
142/528 batch
143/528 batch
144/528 batch
145/528 batch
146/528 batch
147/528 batch
148/528 batch
149/528 batch
150/528 batch
151/528 batch
152/528 batch
153/528 batch
154/528 batch
155/528 batch
156/528 batch
157/528 batch
158/528 batch
159/528 batch
160/528 batch
161/528 batch
162/528 batch
163/528 batch
164/528 batch
165/528 batch
166/528 batch
167/528 batch
168/528 batch
169/528 batch
170/528 batch
171/528 batch
172/528 batch
173/528 batch
174/528 batch
175/528 batch
176/528 batch
177/528 batch
178/528 batch
179/528 batch
180/528 batch
181/528 batch
182/528 batch
183/528 batch
184/528 batch
185/528 batch
186/528 batch
187/528 batch
188/528 batch
189/528 batch
190/528 batch
191/528 batch
192/528 batch
193/528 batch
194/528 batch
195/528 batch
196/528 batch
197/528 batch
198/528 batch
199/528 batch
200/528 batch
201/528 batch
202/528 batch
203/528 batch
204/528 batch
205/528 batch
206/528 batch
207/528 batch
208/528 batch
209/528 batch
210/528 batch
211/528 batch
212/528 batch
213/528 batch
214/528 batch
215/528 batch
216/528 batch
217/528 batch
218/528 batch
219/528 batch
220/528 batch
221/528 batch
222/528 batch
223/528 batch
224/528 batch
225/528 batch
226/528 batch
227/528 batch
228/528 batch
229/528 batch
230/528 batch
231/528 batch
232/528 batch
233/528 batch
234/528 batch
235/528 batch
236/528 batch
237/528 batch
238/528 batch
239/528 batch
240/528 batch
241/528 batch
242/528 batch
243/528 batch
244/528 batch
245/528 batch
246/528 batch
247/528 batch
248/528 batch
249/528 batch
250/528 batch
251/528 batch
252/528 batch
253/528 batch
254/528 batch
255/528 batch
256/528 batch
257/528 batch
258/528 batch
259/528 batch
260/528 batch
261/528 batch
262/528 batch
263/528 batch
264/528 batch
265/528 batch
266/528 batch
267/528 batch
268/528 batch
269/528 batch
270/528 batch
271/528 batch
272/528 batch
273/528 batch
274/528 batch
275/528 batch
276/528 batch
277/528 batch
278/528 batch
279/528 batch
280/528 batch
281/528 batch
282/528 batch
283/528 batch
284/528 batch
285/528 batch
286/528 batch
287/528 batch
288/528 batch
289/528 batch
290/528 batch
291/528 batch
292/528 batch
293/528 batch
294/528 batch
295/528 batch
296/528 batch
297/528 batch
298/528 batch
299/528 batch
300/528 batch
301/528 batch
302/528 batch
303/528 batch
304/528 batch
305/528 batch
306/528 batch
307/528 batch
308/528 batch
309/528 batch
310/528 batch
311/528 batch
312/528 batch
313/528 batch
314/528 batch
315/528 batch
316/528 batch
317/528 batch
318/528 batch
319/528 batch
320/528 batch
321/528 batch
322/528 batch
323/528 batch
324/528 batch
325/528 batch
326/528 batch
327/528 batch
328/528 batch
329/528 batch
330/528 batch
331/528 batch
332/528 batch
333/528 batch
334/528 batch
335/528 batch
336/528 batch
337/528 batch
338/528 batch
339/528 batch
340/528 batch
341/528 batch
342/528 batch
343/528 batch
344/528 batch
345/528 batch
346/528 batch
347/528 batch
348/528 batch
349/528 batch
350/528 batch
351/528 batch
352/528 batch
353/528 batch
354/528 batch
355/528 batch
356/528 batch
357/528 batch
358/528 batch
359/528 batch
360/528 batch
361/528 batch
362/528 batch
363/528 batch
364/528 batch
365/528 batch
366/528 batch
367/528 batch
368/528 batch
369/528 batch
370/528 batch
371/528 batch
372/528 batch
373/528 batch
374/528 batch
375/528 batch
376/528 batch
377/528 batch
378/528 batch
379/528 batch
380/528 batch
381/528 batch
382/528 batch
383/528 batch
384/528 batch
385/528 batch
386/528 batch
387/528 batch
388/528 batch
389/528 batch
390/528 batch
391/528 batch
392/528 batch
393/528 batch
394/528 batch
395/528 batch
396/528 batch
397/528 batch
398/528 batch
399/528 batch
400/528 batch
401/528 batch
402/528 batch
403/528 batch
404/528 batch
405/528 batch
406/528 batch
407/528 batch
408/528 batch
409/528 batch
410/528 batch
411/528 batch
412/528 batch
413/528 batch
414/528 batch
415/528 batch
416/528 batch
417/528 batch
418/528 batch
419/528 batch
420/528 batch
421/528 batch
422/528 batch
423/528 batch
424/528 batch
425/528 batch
426/528 batch
427/528 batch
428/528 batch
429/528 batch
430/528 batch
431/528 batch
432/528 batch
433/528 batch
434/528 batch
435/528 batch
436/528 batch
437/528 batch
438/528 batch
439/528 batch
440/528 batch
441/528 batch
442/528 batch
443/528 batch
444/528 batch
445/528 batch
446/528 batch
447/528 batch
448/528 batch
449/528 batch
450/528 batch
451/528 batch
452/528 batch
453/528 batch
454/528 batch
455/528 batch
456/528 batch
457/528 batch
458/528 batch
459/528 batch
460/528 batch
461/528 batch
462/528 batch
463/528 batch
464/528 batch
465/528 batch
466/528 batch
467/528 batch
468/528 batch
469/528 batch
470/528 batch
471/528 batch
472/528 batch
473/528 batch
474/528 batch
475/528 batch
476/528 batch
477/528 batch
478/528 batch
479/528 batch
480/528 batch
481/528 batch
482/528 batch
483/528 batch
484/528 batch
485/528 batch
486/528 batch
487/528 batch
488/528 batch
489/528 batch
490/528 batch
491/528 batch
492/528 batch
493/528 batch
494/528 batch
495/528 batch
496/528 batch
497/528 batch
498/528 batch
499/528 batch
500/528 batch
501/528 batch
502/528 batch
503/528 batch
504/528 batch
505/528 batch
506/528 batch
507/528 batch
508/528 batch
509/528 batch
510/528 batch
511/528 batch
512/528 batch
513/528 batch
514/528 batch
515/528 batch
516/528 batch
517/528 batch
518/528 batch
519/528 batch
520/528 batch
521/528 batch
522/528 batch
523/528 batch
524/528 batch
525/528 batch
526/528 batch
527/528 batch
528/528 batch
Precision score is : 0.9971775178440578
Recall score is : 0.9923299214087018
Accuracy score is :  0.9926424575708732
F1 score is :  0.9947478138451958
FP rate is : [0.         0.00662083 1.        ]
TP rate is : [0.         0.99232992 1.        ]
Roc_AOC is : 0.9928545456292299
