Start Train Job! 
Epoch 1/1

  1/706 [..............................] - ETA: 1:14:18 - loss: 0.6381 - accuracy: 0.6400
  2/706 [..............................] - ETA: 47:52 - loss: 0.5574 - accuracy: 0.6750  
  3/706 [..............................] - ETA: 39:08 - loss: 0.5037 - accuracy: 0.7033
  4/706 [..............................] - ETA: 35:05 - loss: 0.4642 - accuracy: 0.7250
  5/706 [..............................] - ETA: 33:23 - loss: 0.4477 - accuracy: 0.7240
  6/706 [..............................] - ETA: 32:54 - loss: 0.4170 - accuracy: 0.7400
  7/706 [..............................] - ETA: 32:16 - loss: 0.3919 - accuracy: 0.7643
  8/706 [..............................] - ETA: 31:39 - loss: 0.3662 - accuracy: 0.7900
  9/706 [..............................] - ETA: 31:00 - loss: 0.3478 - accuracy: 0.8100
 10/706 [..............................] - ETA: 30:45 - loss: 0.3299 - accuracy: 0.8280
 11/706 [..............................] - ETA: 30:36 - loss: 0.3104 - accuracy: 0.8427
 12/706 [..............................] - ETA: 30:33 - loss: 0.2894 - accuracy: 0.8550
 13/706 [..............................] - ETA: 30:06 - loss: 0.2718 - accuracy: 0.8646
 14/706 [..............................] - ETA: 29:57 - loss: 0.2587 - accuracy: 0.8721
 15/706 [..............................] - ETA: 29:54 - loss: 0.2454 - accuracy: 0.8800
 16/706 [..............................] - ETA: 29:42 - loss: 0.2319 - accuracy: 0.8875
 17/706 [..............................] - ETA: 29:33 - loss: 0.2189 - accuracy: 0.8941
 18/706 [..............................] - ETA: 29:11 - loss: 0.2094 - accuracy: 0.8994
 19/706 [..............................] - ETA: 29:21 - loss: 0.2025 - accuracy: 0.9032
 20/706 [..............................] - ETA: 29:00 - loss: 0.1952 - accuracy: 0.9075
 21/706 [..............................] - ETA: 28:51 - loss: 0.1917 - accuracy: 0.9110
 22/706 [..............................] - ETA: 28:52 - loss: 0.1888 - accuracy: 0.9136
 23/706 [..............................] - ETA: 28:47 - loss: 0.1864 - accuracy: 0.9161
 24/706 [>.............................] - ETA: 28:48 - loss: 0.1827 - accuracy: 0.9187
 25/706 [>.............................] - ETA: 28:36 - loss: 0.1784 - accuracy: 0.9212
 26/706 [>.............................] - ETA: 28:33 - loss: 0.1745 - accuracy: 0.9231
 27/706 [>.............................] - ETA: 28:34 - loss: 0.1702 - accuracy: 0.9256
 28/706 [>.............................] - ETA: 28:32 - loss: 0.1658 - accuracy: 0.9279
 29/706 [>.............................] - ETA: 28:19 - loss: 0.1628 - accuracy: 0.9297
 30/706 [>.............................] - ETA: 28:16 - loss: 0.1579 - accuracy: 0.9320
 31/706 [>.............................] - ETA: 28:14 - loss: 0.1540 - accuracy: 0.9339
 32/706 [>.............................] - ETA: 28:11 - loss: 0.1498 - accuracy: 0.9359
 33/706 [>.............................] - ETA: 28:10 - loss: 0.1459 - accuracy: 0.9376
 34/706 [>.............................] - ETA: 28:08 - loss: 0.1427 - accuracy: 0.9391
 35/706 [>.............................] - ETA: 27:56 - loss: 0.1391 - accuracy: 0.9406
 36/706 [>.............................] - ETA: 27:54 - loss: 0.1367 - accuracy: 0.9419
 37/706 [>.............................] - ETA: 27:52 - loss: 0.1334 - accuracy: 0.9435
 38/706 [>.............................] - ETA: 27:55 - loss: 0.1308 - accuracy: 0.9447
 39/706 [>.............................] - ETA: 27:51 - loss: 0.1286 - accuracy: 0.9456
 40/706 [>.............................] - ETA: 27:43 - loss: 0.1257 - accuracy: 0.9470
 41/706 [>.............................] - ETA: 27:38 - loss: 0.1232 - accuracy: 0.9480
 42/706 [>.............................] - ETA: 27:35 - loss: 0.1210 - accuracy: 0.9488
 43/706 [>.............................] - ETA: 27:30 - loss: 0.1196 - accuracy: 0.9495
 44/706 [>.............................] - ETA: 27:29 - loss: 0.1180 - accuracy: 0.9505
 45/706 [>.............................] - ETA: 27:33 - loss: 0.1172 - accuracy: 0.9509
 46/706 [>.............................] - ETA: 27:29 - loss: 0.1156 - accuracy: 0.9515
 47/706 [>.............................] - ETA: 27:20 - loss: 0.1141 - accuracy: 0.9523
 48/706 [=>............................] - ETA: 27:16 - loss: 0.1122 - accuracy: 0.9531
 49/706 [=>............................] - ETA: 27:20 - loss: 0.1108 - accuracy: 0.9539
 50/706 [=>............................] - ETA: 27:17 - loss: 0.1091 - accuracy: 0.9546
 51/706 [=>............................] - ETA: 27:09 - loss: 0.1075 - accuracy: 0.9555
 52/706 [=>............................] - ETA: 27:09 - loss: 0.1064 - accuracy: 0.9562
 53/706 [=>............................] - ETA: 27:07 - loss: 0.1049 - accuracy: 0.9568
 54/706 [=>............................] - ETA: 27:01 - loss: 0.1034 - accuracy: 0.9574
 55/706 [=>............................] - ETA: 26:59 - loss: 0.1017 - accuracy: 0.9582
 56/706 [=>............................] - ETA: 26:59 - loss: 0.1001 - accuracy: 0.9589
 57/706 [=>............................] - ETA: 26:53 - loss: 0.0986 - accuracy: 0.9596
 58/706 [=>............................] - ETA: 26:50 - loss: 0.0972 - accuracy: 0.9602
 59/706 [=>............................] - ETA: 26:48 - loss: 0.0956 - accuracy: 0.9608
 60/706 [=>............................] - ETA: 26:48 - loss: 0.0946 - accuracy: 0.9612
 61/706 [=>............................] - ETA: 26:41 - loss: 0.0934 - accuracy: 0.9616
 62/706 [=>............................] - ETA: 26:39 - loss: 0.0938 - accuracy: 0.9618
 63/706 [=>............................] - ETA: 26:38 - loss: 0.0924 - accuracy: 0.9624
 64/706 [=>............................] - ETA: 26:33 - loss: 0.0922 - accuracy: 0.9627
 65/706 [=>............................] - ETA: 26:30 - loss: 0.0921 - accuracy: 0.9629
 66/706 [=>............................] - ETA: 26:28 - loss: 0.0916 - accuracy: 0.9632
 67/706 [=>............................] - ETA: 26:26 - loss: 0.0903 - accuracy: 0.9637
 68/706 [=>............................] - ETA: 26:24 - loss: 0.0891 - accuracy: 0.9643
 69/706 [=>............................] - ETA: 26:20 - loss: 0.0882 - accuracy: 0.9646
 70/706 [=>............................] - ETA: 26:17 - loss: 0.0878 - accuracy: 0.9647
 71/706 [==>...........................] - ETA: 26:14 - loss: 0.0870 - accuracy: 0.9651
 72/706 [==>...........................] - ETA: 26:15 - loss: 0.0860 - accuracy: 0.9656
 73/706 [==>...........................] - ETA: 26:09 - loss: 0.0855 - accuracy: 0.9659
 74/706 [==>...........................] - ETA: 26:08 - loss: 0.0846 - accuracy: 0.9664
 75/706 [==>...........................] - ETA: 26:05 - loss: 0.0836 - accuracy: 0.9668
 76/706 [==>...........................] - ETA: 26:02 - loss: 0.0827 - accuracy: 0.9672
 77/706 [==>...........................] - ETA: 26:00 - loss: 0.0824 - accuracy: 0.9675
 78/706 [==>...........................] - ETA: 25:57 - loss: 0.0816 - accuracy: 0.9678
 79/706 [==>...........................] - ETA: 25:56 - loss: 0.0807 - accuracy: 0.9682
 80/706 [==>...........................] - ETA: 25:50 - loss: 0.0801 - accuracy: 0.9685
 81/706 [==>...........................] - ETA: 25:48 - loss: 0.0795 - accuracy: 0.9686
 82/706 [==>...........................] - ETA: 25:47 - loss: 0.0790 - accuracy: 0.9689
 83/706 [==>...........................] - ETA: 25:42 - loss: 0.0782 - accuracy: 0.9692
 84/706 [==>...........................] - ETA: 25:40 - loss: 0.0780 - accuracy: 0.9694
 85/706 [==>...........................] - ETA: 25:38 - loss: 0.0772 - accuracy: 0.9698
 86/706 [==>...........................] - ETA: 25:37 - loss: 0.0772 - accuracy: 0.9699
 87/706 [==>...........................] - ETA: 25:31 - loss: 0.0764 - accuracy: 0.9702
 88/706 [==>...........................] - ETA: 25:28 - loss: 0.0759 - accuracy: 0.9705
 89/706 [==>...........................] - ETA: 25:27 - loss: 0.0751 - accuracy: 0.9708
 90/706 [==>...........................] - ETA: 25:24 - loss: 0.0743 - accuracy: 0.9711
 91/706 [==>...........................] - ETA: 25:22 - loss: 0.0736 - accuracy: 0.9714
 92/706 [==>...........................] - ETA: 25:19 - loss: 0.0748 - accuracy: 0.9714
 93/706 [==>...........................] - ETA: 25:17 - loss: 0.0747 - accuracy: 0.9715
 94/706 [==>...........................] - ETA: 25:15 - loss: 0.0739 - accuracy: 0.9718
 95/706 [===>..........................] - ETA: 25:11 - loss: 0.0732 - accuracy: 0.9721
 96/706 [===>..........................] - ETA: 25:09 - loss: 0.0726 - accuracy: 0.9723
 97/706 [===>..........................] - ETA: 25:06 - loss: 0.0724 - accuracy: 0.9724
 98/706 [===>..........................] - ETA: 25:06 - loss: 0.0717 - accuracy: 0.9727
 99/706 [===>..........................] - ETA: 25:02 - loss: 0.0713 - accuracy: 0.9728
100/706 [===>..........................] - ETA: 24:58 - loss: 0.0706 - accuracy: 0.9731
101/706 [===>..........................] - ETA: 24:57 - loss: 0.0701 - accuracy: 0.9734
102/706 [===>..........................] - ETA: 24:52 - loss: 0.0695 - accuracy: 0.9736
103/706 [===>..........................] - ETA: 24:50 - loss: 0.0692 - accuracy: 0.9738
104/706 [===>..........................] - ETA: 24:48 - loss: 0.0686 - accuracy: 0.9740
105/706 [===>..........................] - ETA: 24:44 - loss: 0.0691 - accuracy: 0.9740
106/706 [===>..........................] - ETA: 24:42 - loss: 0.0685 - accuracy: 0.9742
107/706 [===>..........................] - ETA: 24:40 - loss: 0.0689 - accuracy: 0.9742
108/706 [===>..........................] - ETA: 24:38 - loss: 0.0684 - accuracy: 0.9744
109/706 [===>..........................] - ETA: 24:34 - loss: 0.0679 - accuracy: 0.9747
110/706 [===>..........................] - ETA: 24:33 - loss: 0.0675 - accuracy: 0.9748
111/706 [===>..........................] - ETA: 24:29 - loss: 0.0670 - accuracy: 0.9750
112/706 [===>..........................] - ETA: 24:28 - loss: 0.0668 - accuracy: 0.9752
113/706 [===>..........................] - ETA: 24:24 - loss: 0.0665 - accuracy: 0.9753
114/706 [===>..........................] - ETA: 24:21 - loss: 0.0660 - accuracy: 0.9755
115/706 [===>..........................] - ETA: 24:19 - loss: 0.0658 - accuracy: 0.9757
116/706 [===>..........................] - ETA: 24:17 - loss: 0.0652 - accuracy: 0.9759
117/706 [===>..........................] - ETA: 24:14 - loss: 0.0647 - accuracy: 0.9761
118/706 [====>.........................] - ETA: 24:11 - loss: 0.0644 - accuracy: 0.9762
119/706 [====>.........................] - ETA: 24:09 - loss: 0.0642 - accuracy: 0.9763
120/706 [====>.........................] - ETA: 24:07 - loss: 0.0637 - accuracy: 0.9765
121/706 [====>.........................] - ETA: 24:03 - loss: 0.0633 - accuracy: 0.9767
122/706 [====>.........................] - ETA: 24:01 - loss: 0.0632 - accuracy: 0.9768
123/706 [====>.........................] - ETA: 23:59 - loss: 0.0630 - accuracy: 0.9769
124/706 [====>.........................] - ETA: 23:56 - loss: 0.0635 - accuracy: 0.9768
125/706 [====>.........................] - ETA: 23:53 - loss: 0.0630 - accuracy: 0.9770
126/706 [====>.........................] - ETA: 23:51 - loss: 0.0630 - accuracy: 0.9771
127/706 [====>.........................] - ETA: 23:49 - loss: 0.0627 - accuracy: 0.9772
128/706 [====>.........................] - ETA: 23:45 - loss: 0.0628 - accuracy: 0.9772
129/706 [====>.........................] - ETA: 23:42 - loss: 0.0630 - accuracy: 0.9772
130/706 [====>.........................] - ETA: 23:41 - loss: 0.0626 - accuracy: 0.9774
131/706 [====>.........................] - ETA: 23:37 - loss: 0.0622 - accuracy: 0.9776
132/706 [====>.........................] - ETA: 23:34 - loss: 0.0618 - accuracy: 0.9777
133/706 [====>.........................] - ETA: 23:32 - loss: 0.0614 - accuracy: 0.9779
134/706 [====>.........................] - ETA: 23:31 - loss: 0.0611 - accuracy: 0.9781
135/706 [====>.........................] - ETA: 23:28 - loss: 0.0607 - accuracy: 0.9782
136/706 [====>.........................] - ETA: 23:26 - loss: 0.0606 - accuracy: 0.9783
137/706 [====>.........................] - ETA: 23:22 - loss: 0.0607 - accuracy: 0.9783
138/706 [====>.........................] - ETA: 23:19 - loss: 0.0604 - accuracy: 0.9784
139/706 [====>.........................] - ETA: 23:16 - loss: 0.0600 - accuracy: 0.9786
140/706 [====>.........................] - ETA: 23:13 - loss: 0.0597 - accuracy: 0.9786
141/706 [====>.........................] - ETA: 23:12 - loss: 0.0593 - accuracy: 0.9788
142/706 [=====>........................] - ETA: 23:10 - loss: 0.0592 - accuracy: 0.9788
143/706 [=====>........................] - ETA: 23:07 - loss: 0.0589 - accuracy: 0.9790
144/706 [=====>........................] - ETA: 23:04 - loss: 0.0590 - accuracy: 0.9790
145/706 [=====>........................] - ETA: 23:01 - loss: 0.0590 - accuracy: 0.9790
146/706 [=====>........................] - ETA: 22:59 - loss: 0.0587 - accuracy: 0.9792
147/706 [=====>........................] - ETA: 22:56 - loss: 0.0584 - accuracy: 0.9793
148/706 [=====>........................] - ETA: 22:54 - loss: 0.0586 - accuracy: 0.9792
149/706 [=====>........................] - ETA: 22:52 - loss: 0.0583 - accuracy: 0.9793
150/706 [=====>........................] - ETA: 22:49 - loss: 0.0580 - accuracy: 0.9794
151/706 [=====>........................] - ETA: 22:46 - loss: 0.0577 - accuracy: 0.9795
152/706 [=====>........................] - ETA: 22:44 - loss: 0.0574 - accuracy: 0.9796
153/706 [=====>........................] - ETA: 22:40 - loss: 0.0571 - accuracy: 0.9797
154/706 [=====>........................] - ETA: 22:38 - loss: 0.0568 - accuracy: 0.9799
155/706 [=====>........................] - ETA: 22:36 - loss: 0.0565 - accuracy: 0.9800
156/706 [=====>........................] - ETA: 22:34 - loss: 0.0561 - accuracy: 0.9801
157/706 [=====>........................] - ETA: 22:30 - loss: 0.0558 - accuracy: 0.9803
158/706 [=====>........................] - ETA: 22:27 - loss: 0.0557 - accuracy: 0.9803
159/706 [=====>........................] - ETA: 22:27 - loss: 0.0556 - accuracy: 0.9804
160/706 [=====>........................] - ETA: 22:24 - loss: 0.0553 - accuracy: 0.9805
161/706 [=====>........................] - ETA: 22:20 - loss: 0.0550 - accuracy: 0.9806
162/706 [=====>........................] - ETA: 22:18 - loss: 0.0549 - accuracy: 0.9806
163/706 [=====>........................] - ETA: 22:17 - loss: 0.0546 - accuracy: 0.9807
164/706 [=====>........................] - ETA: 22:13 - loss: 0.0543 - accuracy: 0.9809
165/706 [======>.......................] - ETA: 22:11 - loss: 0.0540 - accuracy: 0.9810
166/706 [======>.......................] - ETA: 22:08 - loss: 0.0537 - accuracy: 0.9811
167/706 [======>.......................] - ETA: 22:06 - loss: 0.0534 - accuracy: 0.9812
168/706 [======>.......................] - ETA: 22:02 - loss: 0.0534 - accuracy: 0.9812
169/706 [======>.......................] - ETA: 22:00 - loss: 0.0534 - accuracy: 0.9812
170/706 [======>.......................] - ETA: 21:58 - loss: 0.0533 - accuracy: 0.9813
171/706 [======>.......................] - ETA: 21:55 - loss: 0.0530 - accuracy: 0.9814
172/706 [======>.......................] - ETA: 21:53 - loss: 0.0532 - accuracy: 0.9814
173/706 [======>.......................] - ETA: 21:51 - loss: 0.0532 - accuracy: 0.9814
174/706 [======>.......................] - ETA: 21:49 - loss: 0.0533 - accuracy: 0.9814
175/706 [======>.......................] - ETA: 21:46 - loss: 0.0532 - accuracy: 0.9814
176/706 [======>.......................] - ETA: 21:43 - loss: 0.0535 - accuracy: 0.9814
177/706 [======>.......................] - ETA: 21:40 - loss: 0.0534 - accuracy: 0.9815
178/706 [======>.......................] - ETA: 21:39 - loss: 0.0532 - accuracy: 0.9815
179/706 [======>.......................] - ETA: 21:35 - loss: 0.0530 - accuracy: 0.9816
180/706 [======>.......................] - ETA: 21:33 - loss: 0.0528 - accuracy: 0.9817
181/706 [======>.......................] - ETA: 21:30 - loss: 0.0526 - accuracy: 0.9818
182/706 [======>.......................] - ETA: 21:28 - loss: 0.0524 - accuracy: 0.9818
183/706 [======>.......................] - ETA: 21:25 - loss: 0.0524 - accuracy: 0.9819
184/706 [======>.......................] - ETA: 21:23 - loss: 0.0526 - accuracy: 0.9818
185/706 [======>.......................] - ETA: 21:21 - loss: 0.0523 - accuracy: 0.9819
186/706 [======>.......................] - ETA: 21:19 - loss: 0.0521 - accuracy: 0.9820
187/706 [======>.......................] - ETA: 21:15 - loss: 0.0524 - accuracy: 0.9819
188/706 [======>.......................] - ETA: 21:13 - loss: 0.0522 - accuracy: 0.9820
189/706 [=======>......................] - ETA: 21:11 - loss: 0.0520 - accuracy: 0.9821
190/706 [=======>......................] - ETA: 21:09 - loss: 0.0518 - accuracy: 0.9822
191/706 [=======>......................] - ETA: 21:05 - loss: 0.0516 - accuracy: 0.9823
192/706 [=======>......................] - ETA: 21:03 - loss: 0.0515 - accuracy: 0.9823
193/706 [=======>......................] - ETA: 21:01 - loss: 0.0513 - accuracy: 0.9824
194/706 [=======>......................] - ETA: 20:57 - loss: 0.0511 - accuracy: 0.9825
195/706 [=======>......................] - ETA: 20:55 - loss: 0.0509 - accuracy: 0.9826
196/706 [=======>......................] - ETA: 20:53 - loss: 0.0509 - accuracy: 0.9826
197/706 [=======>......................] - ETA: 20:50 - loss: 0.0506 - accuracy: 0.9826
198/706 [=======>......................] - ETA: 20:48 - loss: 0.0507 - accuracy: 0.9826
199/706 [=======>......................] - ETA: 20:45 - loss: 0.0507 - accuracy: 0.9826
200/706 [=======>......................] - ETA: 20:43 - loss: 0.0508 - accuracy: 0.9826
201/706 [=======>......................] - ETA: 20:41 - loss: 0.0507 - accuracy: 0.9827
202/706 [=======>......................] - ETA: 20:37 - loss: 0.0507 - accuracy: 0.9827
203/706 [=======>......................] - ETA: 20:35 - loss: 0.0505 - accuracy: 0.9828
204/706 [=======>......................] - ETA: 20:33 - loss: 0.0503 - accuracy: 0.9829
205/706 [=======>......................] - ETA: 20:31 - loss: 0.0506 - accuracy: 0.9828
206/706 [=======>......................] - ETA: 20:27 - loss: 0.0505 - accuracy: 0.9829
207/706 [=======>......................] - ETA: 20:26 - loss: 0.0503 - accuracy: 0.9829
208/706 [=======>......................] - ETA: 20:24 - loss: 0.0503 - accuracy: 0.9829
209/706 [=======>......................] - ETA: 20:20 - loss: 0.0501 - accuracy: 0.9830
210/706 [=======>......................] - ETA: 20:19 - loss: 0.0501 - accuracy: 0.9830
211/706 [=======>......................] - ETA: 20:16 - loss: 0.0502 - accuracy: 0.9830
212/706 [========>.....................] - ETA: 20:14 - loss: 0.0503 - accuracy: 0.9830
213/706 [========>.....................] - ETA: 20:10 - loss: 0.0501 - accuracy: 0.9831
214/706 [========>.....................] - ETA: 20:08 - loss: 0.0500 - accuracy: 0.9831
215/706 [========>.....................] - ETA: 20:06 - loss: 0.0499 - accuracy: 0.9832
216/706 [========>.....................] - ETA: 20:04 - loss: 0.0497 - accuracy: 0.9832
217/706 [========>.....................] - ETA: 20:01 - loss: 0.0495 - accuracy: 0.9833
218/706 [========>.....................] - ETA: 19:58 - loss: 0.0494 - accuracy: 0.9833
219/706 [========>.....................] - ETA: 19:56 - loss: 0.0495 - accuracy: 0.9833
220/706 [========>.....................] - ETA: 19:53 - loss: 0.0494 - accuracy: 0.9834
221/706 [========>.....................] - ETA: 19:50 - loss: 0.0494 - accuracy: 0.9834
222/706 [========>.....................] - ETA: 19:49 - loss: 0.0492 - accuracy: 0.9835
223/706 [========>.....................] - ETA: 19:46 - loss: 0.0490 - accuracy: 0.9835
224/706 [========>.....................] - ETA: 19:43 - loss: 0.0490 - accuracy: 0.9836
225/706 [========>.....................] - ETA: 19:41 - loss: 0.0489 - accuracy: 0.9836
226/706 [========>.....................] - ETA: 19:38 - loss: 0.0487 - accuracy: 0.9837
227/706 [========>.....................] - ETA: 19:37 - loss: 0.0486 - accuracy: 0.9837
228/706 [========>.....................] - ETA: 19:34 - loss: 0.0484 - accuracy: 0.9838
229/706 [========>.....................] - ETA: 19:31 - loss: 0.0484 - accuracy: 0.9838
230/706 [========>.....................] - ETA: 19:29 - loss: 0.0484 - accuracy: 0.9838
231/706 [========>.....................] - ETA: 19:26 - loss: 0.0484 - accuracy: 0.9838
232/706 [========>.....................] - ETA: 19:24 - loss: 0.0484 - accuracy: 0.9838
233/706 [========>.....................] - ETA: 19:21 - loss: 0.0483 - accuracy: 0.9838
234/706 [========>.....................] - ETA: 19:19 - loss: 0.0482 - accuracy: 0.9839
235/706 [========>.....................] - ETA: 19:16 - loss: 0.0480 - accuracy: 0.9840
236/706 [=========>....................] - ETA: 19:15 - loss: 0.0479 - accuracy: 0.9840
237/706 [=========>....................] - ETA: 19:12 - loss: 0.0480 - accuracy: 0.9840
238/706 [=========>....................] - ETA: 19:10 - loss: 0.0480 - accuracy: 0.9840
239/706 [=========>....................] - ETA: 19:06 - loss: 0.0479 - accuracy: 0.9841
240/706 [=========>....................] - ETA: 19:04 - loss: 0.0479 - accuracy: 0.9840
241/706 [=========>....................] - ETA: 19:02 - loss: 0.0481 - accuracy: 0.9840
242/706 [=========>....................] - ETA: 18:59 - loss: 0.0480 - accuracy: 0.9840
243/706 [=========>....................] - ETA: 18:56 - loss: 0.0479 - accuracy: 0.9841
244/706 [=========>....................] - ETA: 18:54 - loss: 0.0478 - accuracy: 0.9841
245/706 [=========>....................] - ETA: 18:52 - loss: 0.0478 - accuracy: 0.9841
246/706 [=========>....................] - ETA: 18:49 - loss: 0.0478 - accuracy: 0.9841
247/706 [=========>....................] - ETA: 18:47 - loss: 0.0477 - accuracy: 0.9842
248/706 [=========>....................] - ETA: 18:45 - loss: 0.0476 - accuracy: 0.9842
249/706 [=========>....................] - ETA: 18:42 - loss: 0.0476 - accuracy: 0.9842
250/706 [=========>....................] - ETA: 18:39 - loss: 0.0475 - accuracy: 0.9842
251/706 [=========>....................] - ETA: 18:37 - loss: 0.0475 - accuracy: 0.9843
252/706 [=========>....................] - ETA: 18:35 - loss: 0.0474 - accuracy: 0.9842
253/706 [=========>....................] - ETA: 18:32 - loss: 0.0472 - accuracy: 0.9843
254/706 [=========>....................] - ETA: 18:29 - loss: 0.0471 - accuracy: 0.9844
255/706 [=========>....................] - ETA: 18:27 - loss: 0.0469 - accuracy: 0.9844
256/706 [=========>....................] - ETA: 18:25 - loss: 0.0468 - accuracy: 0.9845
257/706 [=========>....................] - ETA: 18:22 - loss: 0.0466 - accuracy: 0.9845
258/706 [=========>....................] - ETA: 18:20 - loss: 0.0466 - accuracy: 0.9845
259/706 [==========>...................] - ETA: 18:17 - loss: 0.0466 - accuracy: 0.9846
260/706 [==========>...................] - ETA: 18:15 - loss: 0.0467 - accuracy: 0.9845
261/706 [==========>...................] - ETA: 18:12 - loss: 0.0465 - accuracy: 0.9846
262/706 [==========>...................] - ETA: 18:10 - loss: 0.0464 - accuracy: 0.9847
263/706 [==========>...................] - ETA: 18:08 - loss: 0.0462 - accuracy: 0.9847
264/706 [==========>...................] - ETA: 18:05 - loss: 0.0461 - accuracy: 0.9848
265/706 [==========>...................] - ETA: 18:02 - loss: 0.0460 - accuracy: 0.9848
266/706 [==========>...................] - ETA: 18:00 - loss: 0.0460 - accuracy: 0.9848
267/706 [==========>...................] - ETA: 17:57 - loss: 0.0459 - accuracy: 0.9848
268/706 [==========>...................] - ETA: 17:55 - loss: 0.0458 - accuracy: 0.9849
269/706 [==========>...................] - ETA: 17:53 - loss: 0.0457 - accuracy: 0.9849
270/706 [==========>...................] - ETA: 17:50 - loss: 0.0457 - accuracy: 0.9849
271/706 [==========>...................] - ETA: 17:48 - loss: 0.0457 - accuracy: 0.9849
272/706 [==========>...................] - ETA: 17:45 - loss: 0.0456 - accuracy: 0.9850
273/706 [==========>...................] - ETA: 17:43 - loss: 0.0456 - accuracy: 0.9850
274/706 [==========>...................] - ETA: 17:41 - loss: 0.0454 - accuracy: 0.9850
275/706 [==========>...................] - ETA: 17:38 - loss: 0.0454 - accuracy: 0.9851
276/706 [==========>...................] - ETA: 17:36 - loss: 0.0453 - accuracy: 0.9851
277/706 [==========>...................] - ETA: 17:33 - loss: 0.0451 - accuracy: 0.9852
278/706 [==========>...................] - ETA: 17:31 - loss: 0.0450 - accuracy: 0.9852
279/706 [==========>...................] - ETA: 17:28 - loss: 0.0449 - accuracy: 0.9852
280/706 [==========>...................] - ETA: 17:26 - loss: 0.0448 - accuracy: 0.9852
281/706 [==========>...................] - ETA: 17:23 - loss: 0.0449 - accuracy: 0.9852
282/706 [==========>...................] - ETA: 17:21 - loss: 0.0447 - accuracy: 0.9852
283/706 [===========>..................] - ETA: 17:19 - loss: 0.0448 - accuracy: 0.9852
284/706 [===========>..................] - ETA: 17:16 - loss: 0.0447 - accuracy: 0.9852
285/706 [===========>..................] - ETA: 17:14 - loss: 0.0446 - accuracy: 0.9853
286/706 [===========>..................] - ETA: 17:11 - loss: 0.0446 - accuracy: 0.9852
287/706 [===========>..................] - ETA: 17:08 - loss: 0.0445 - accuracy: 0.9853
288/706 [===========>..................] - ETA: 17:06 - loss: 0.0445 - accuracy: 0.9853
289/706 [===========>..................] - ETA: 17:03 - loss: 0.0444 - accuracy: 0.9853
290/706 [===========>..................] - ETA: 17:00 - loss: 0.0444 - accuracy: 0.9853
291/706 [===========>..................] - ETA: 16:58 - loss: 0.0443 - accuracy: 0.9853
292/706 [===========>..................] - ETA: 16:56 - loss: 0.0442 - accuracy: 0.9854
293/706 [===========>..................] - ETA: 16:53 - loss: 0.0441 - accuracy: 0.9854
294/706 [===========>..................] - ETA: 16:51 - loss: 0.0441 - accuracy: 0.9854
295/706 [===========>..................] - ETA: 16:48 - loss: 0.0441 - accuracy: 0.9854
296/706 [===========>..................] - ETA: 16:46 - loss: 0.0440 - accuracy: 0.9855
297/706 [===========>..................] - ETA: 16:44 - loss: 0.0439 - accuracy: 0.9855
298/706 [===========>..................] - ETA: 16:41 - loss: 0.0438 - accuracy: 0.9855
299/706 [===========>..................] - ETA: 16:38 - loss: 0.0437 - accuracy: 0.9856
300/706 [===========>..................] - ETA: 16:36 - loss: 0.0436 - accuracy: 0.9856
301/706 [===========>..................] - ETA: 16:33 - loss: 0.0436 - accuracy: 0.9856
302/706 [===========>..................] - ETA: 16:31 - loss: 0.0434 - accuracy: 0.9856
303/706 [===========>..................] - ETA: 16:29 - loss: 0.0433 - accuracy: 0.9856
304/706 [===========>..................] - ETA: 16:26 - loss: 0.0432 - accuracy: 0.9857
305/706 [===========>..................] - ETA: 16:24 - loss: 0.0432 - accuracy: 0.9857
306/706 [============>.................] - ETA: 16:22 - loss: 0.0431 - accuracy: 0.9858
307/706 [============>.................] - ETA: 16:19 - loss: 0.0429 - accuracy: 0.9858
308/706 [============>.................] - ETA: 16:16 - loss: 0.0430 - accuracy: 0.9858
309/706 [============>.................] - ETA: 16:14 - loss: 0.0428 - accuracy: 0.9859
310/706 [============>.................] - ETA: 16:11 - loss: 0.0427 - accuracy: 0.9859
311/706 [============>.................] - ETA: 16:09 - loss: 0.0426 - accuracy: 0.9859
312/706 [============>.................] - ETA: 16:06 - loss: 0.0425 - accuracy: 0.9860
313/706 [============>.................] - ETA: 16:04 - loss: 0.0424 - accuracy: 0.9860
314/706 [============>.................] - ETA: 16:01 - loss: 0.0423 - accuracy: 0.9861
315/706 [============>.................] - ETA: 15:59 - loss: 0.0421 - accuracy: 0.9861
316/706 [============>.................] - ETA: 15:56 - loss: 0.0420 - accuracy: 0.9861
317/706 [============>.................] - ETA: 15:54 - loss: 0.0421 - accuracy: 0.9861
318/706 [============>.................] - ETA: 15:52 - loss: 0.0420 - accuracy: 0.9862
319/706 [============>.................] - ETA: 15:49 - loss: 0.0419 - accuracy: 0.9862
320/706 [============>.................] - ETA: 15:46 - loss: 0.0421 - accuracy: 0.9862
321/706 [============>.................] - ETA: 15:44 - loss: 0.0420 - accuracy: 0.9862
322/706 [============>.................] - ETA: 15:42 - loss: 0.0421 - accuracy: 0.9861
323/706 [============>.................] - ETA: 15:39 - loss: 0.0421 - accuracy: 0.9862
324/706 [============>.................] - ETA: 15:36 - loss: 0.0421 - accuracy: 0.9862
325/706 [============>.................] - ETA: 15:34 - loss: 0.0423 - accuracy: 0.9861
326/706 [============>.................] - ETA: 15:32 - loss: 0.0422 - accuracy: 0.9862
327/706 [============>.................] - ETA: 15:29 - loss: 0.0423 - accuracy: 0.9861
328/706 [============>.................] - ETA: 15:26 - loss: 0.0421 - accuracy: 0.9862
329/706 [============>.................] - ETA: 15:24 - loss: 0.0421 - accuracy: 0.9862
330/706 [=============>................] - ETA: 15:22 - loss: 0.0420 - accuracy: 0.9862
331/706 [=============>................] - ETA: 15:19 - loss: 0.0419 - accuracy: 0.9862
332/706 [=============>................] - ETA: 15:17 - loss: 0.0418 - accuracy: 0.9863
333/706 [=============>................] - ETA: 15:15 - loss: 0.0418 - accuracy: 0.9862
334/706 [=============>................] - ETA: 15:12 - loss: 0.0418 - accuracy: 0.9863
335/706 [=============>................] - ETA: 15:09 - loss: 0.0417 - accuracy: 0.9863
336/706 [=============>................] - ETA: 15:07 - loss: 0.0417 - accuracy: 0.9863
337/706 [=============>................] - ETA: 15:04 - loss: 0.0416 - accuracy: 0.9864
338/706 [=============>................] - ETA: 15:02 - loss: 0.0416 - accuracy: 0.9864
339/706 [=============>................] - ETA: 14:59 - loss: 0.0416 - accuracy: 0.9863
340/706 [=============>................] - ETA: 14:57 - loss: 0.0416 - accuracy: 0.9864
341/706 [=============>................] - ETA: 14:54 - loss: 0.0415 - accuracy: 0.9864
342/706 [=============>................] - ETA: 14:52 - loss: 0.0414 - accuracy: 0.9864
343/706 [=============>................] - ETA: 14:50 - loss: 0.0414 - accuracy: 0.9864
344/706 [=============>................] - ETA: 14:47 - loss: 0.0413 - accuracy: 0.9865
345/706 [=============>................] - ETA: 14:45 - loss: 0.0412 - accuracy: 0.9865
346/706 [=============>................] - ETA: 14:42 - loss: 0.0414 - accuracy: 0.9865
347/706 [=============>................] - ETA: 14:40 - loss: 0.0413 - accuracy: 0.9865
348/706 [=============>................] - ETA: 14:37 - loss: 0.0412 - accuracy: 0.9866
349/706 [=============>................] - ETA: 14:35 - loss: 0.0413 - accuracy: 0.9865
350/706 [=============>................] - ETA: 14:32 - loss: 0.0413 - accuracy: 0.9865
351/706 [=============>................] - ETA: 14:30 - loss: 0.0412 - accuracy: 0.9866
352/706 [=============>................] - ETA: 14:28 - loss: 0.0411 - accuracy: 0.9866
353/706 [==============>...............] - ETA: 14:25 - loss: 0.0410 - accuracy: 0.9866
354/706 [==============>...............] - ETA: 14:23 - loss: 0.0409 - accuracy: 0.9866
355/706 [==============>...............] - ETA: 14:20 - loss: 0.0409 - accuracy: 0.9866
356/706 [==============>...............] - ETA: 14:18 - loss: 0.0408 - accuracy: 0.9867
357/706 [==============>...............] - ETA: 14:16 - loss: 0.0407 - accuracy: 0.9867
358/706 [==============>...............] - ETA: 14:13 - loss: 0.0408 - accuracy: 0.9867
359/706 [==============>...............] - ETA: 14:11 - loss: 0.0408 - accuracy: 0.9867
360/706 [==============>...............] - ETA: 14:08 - loss: 0.0409 - accuracy: 0.9867
361/706 [==============>...............] - ETA: 14:05 - loss: 0.0408 - accuracy: 0.9867
362/706 [==============>...............] - ETA: 14:03 - loss: 0.0407 - accuracy: 0.9868
363/706 [==============>...............] - ETA: 14:01 - loss: 0.0406 - accuracy: 0.9868
364/706 [==============>...............] - ETA: 13:58 - loss: 0.0405 - accuracy: 0.9868
365/706 [==============>...............] - ETA: 13:56 - loss: 0.0404 - accuracy: 0.9868
366/706 [==============>...............] - ETA: 13:53 - loss: 0.0403 - accuracy: 0.9869
367/706 [==============>...............] - ETA: 13:51 - loss: 0.0402 - accuracy: 0.9869
368/706 [==============>...............] - ETA: 13:48 - loss: 0.0401 - accuracy: 0.9870
369/706 [==============>...............] - ETA: 13:46 - loss: 0.0401 - accuracy: 0.9870
370/706 [==============>...............] - ETA: 13:43 - loss: 0.0401 - accuracy: 0.9870
371/706 [==============>...............] - ETA: 13:41 - loss: 0.0401 - accuracy: 0.9870
372/706 [==============>...............] - ETA: 13:38 - loss: 0.0400 - accuracy: 0.9870
373/706 [==============>...............] - ETA: 13:36 - loss: 0.0403 - accuracy: 0.9870
374/706 [==============>...............] - ETA: 13:33 - loss: 0.0402 - accuracy: 0.9870
375/706 [==============>...............] - ETA: 13:31 - loss: 0.0401 - accuracy: 0.9870
376/706 [==============>...............] - ETA: 13:28 - loss: 0.0400 - accuracy: 0.9871
377/706 [===============>..............] - ETA: 13:26 - loss: 0.0399 - accuracy: 0.9871
378/706 [===============>..............] - ETA: 13:24 - loss: 0.0398 - accuracy: 0.9871
379/706 [===============>..............] - ETA: 13:21 - loss: 0.0398 - accuracy: 0.9871
380/706 [===============>..............] - ETA: 13:19 - loss: 0.0398 - accuracy: 0.9871
381/706 [===============>..............] - ETA: 13:16 - loss: 0.0397 - accuracy: 0.9871
382/706 [===============>..............] - ETA: 13:13 - loss: 0.0397 - accuracy: 0.9871
383/706 [===============>..............] - ETA: 13:11 - loss: 0.0396 - accuracy: 0.9872
384/706 [===============>..............] - ETA: 13:09 - loss: 0.0396 - accuracy: 0.9872
385/706 [===============>..............] - ETA: 13:06 - loss: 0.0395 - accuracy: 0.9872
386/706 [===============>..............] - ETA: 13:03 - loss: 0.0394 - accuracy: 0.9873
387/706 [===============>..............] - ETA: 13:01 - loss: 0.0395 - accuracy: 0.9873
388/706 [===============>..............] - ETA: 12:59 - loss: 0.0395 - accuracy: 0.9873
389/706 [===============>..............] - ETA: 12:56 - loss: 0.0395 - accuracy: 0.9873
390/706 [===============>..............] - ETA: 12:54 - loss: 0.0394 - accuracy: 0.9873
391/706 [===============>..............] - ETA: 12:51 - loss: 0.0393 - accuracy: 0.9873
392/706 [===============>..............] - ETA: 12:49 - loss: 0.0392 - accuracy: 0.9874
393/706 [===============>..............] - ETA: 12:46 - loss: 0.0392 - accuracy: 0.9874
394/706 [===============>..............] - ETA: 12:44 - loss: 0.0391 - accuracy: 0.9874
395/706 [===============>..............] - ETA: 12:41 - loss: 0.0391 - accuracy: 0.9874
396/706 [===============>..............] - ETA: 12:39 - loss: 0.0390 - accuracy: 0.9875
397/706 [===============>..............] - ETA: 12:36 - loss: 0.0390 - accuracy: 0.9875
398/706 [===============>..............] - ETA: 12:34 - loss: 0.0389 - accuracy: 0.9875
399/706 [===============>..............] - ETA: 12:32 - loss: 0.0389 - accuracy: 0.9875
400/706 [===============>..............] - ETA: 12:29 - loss: 0.0388 - accuracy: 0.9875
401/706 [================>.............] - ETA: 12:26 - loss: 0.0387 - accuracy: 0.9876
402/706 [================>.............] - ETA: 12:24 - loss: 0.0388 - accuracy: 0.9875
403/706 [================>.............] - ETA: 12:22 - loss: 0.0387 - accuracy: 0.9876
404/706 [================>.............] - ETA: 12:19 - loss: 0.0386 - accuracy: 0.9876
405/706 [================>.............] - ETA: 12:17 - loss: 0.0385 - accuracy: 0.9876
406/706 [================>.............] - ETA: 12:14 - loss: 0.0385 - accuracy: 0.9876
407/706 [================>.............] - ETA: 12:12 - loss: 0.0384 - accuracy: 0.9876
408/706 [================>.............] - ETA: 12:09 - loss: 0.0384 - accuracy: 0.9877
409/706 [================>.............] - ETA: 12:07 - loss: 0.0383 - accuracy: 0.9877
410/706 [================>.............] - ETA: 12:04 - loss: 0.0384 - accuracy: 0.9877
411/706 [================>.............] - ETA: 12:02 - loss: 0.0383 - accuracy: 0.9877
412/706 [================>.............] - ETA: 11:59 - loss: 0.0383 - accuracy: 0.9877
413/706 [================>.............] - ETA: 11:57 - loss: 0.0383 - accuracy: 0.9877
414/706 [================>.............] - ETA: 11:54 - loss: 0.0383 - accuracy: 0.9877
415/706 [================>.............] - ETA: 11:52 - loss: 0.0382 - accuracy: 0.9877
416/706 [================>.............] - ETA: 11:50 - loss: 0.0381 - accuracy: 0.9878
417/706 [================>.............] - ETA: 11:47 - loss: 0.0381 - accuracy: 0.9878
418/706 [================>.............] - ETA: 11:45 - loss: 0.0380 - accuracy: 0.9878
419/706 [================>.............] - ETA: 11:42 - loss: 0.0380 - accuracy: 0.9878
420/706 [================>.............] - ETA: 11:39 - loss: 0.0381 - accuracy: 0.9878
421/706 [================>.............] - ETA: 11:37 - loss: 0.0381 - accuracy: 0.9878
422/706 [================>.............] - ETA: 11:35 - loss: 0.0380 - accuracy: 0.9878
423/706 [================>.............] - ETA: 11:32 - loss: 0.0380 - accuracy: 0.9878
424/706 [=================>............] - ETA: 11:30 - loss: 0.0380 - accuracy: 0.9879
425/706 [=================>............] - ETA: 11:27 - loss: 0.0379 - accuracy: 0.9879
426/706 [=================>............] - ETA: 11:25 - loss: 0.0379 - accuracy: 0.9879
427/706 [=================>............] - ETA: 11:22 - loss: 0.0378 - accuracy: 0.9879
428/706 [=================>............] - ETA: 11:20 - loss: 0.0377 - accuracy: 0.9879
429/706 [=================>............] - ETA: 11:17 - loss: 0.0377 - accuracy: 0.9879
430/706 [=================>............] - ETA: 11:15 - loss: 0.0376 - accuracy: 0.9880
431/706 [=================>............] - ETA: 11:13 - loss: 0.0375 - accuracy: 0.9880
432/706 [=================>............] - ETA: 11:10 - loss: 0.0375 - accuracy: 0.9880
433/706 [=================>............] - ETA: 11:08 - loss: 0.0375 - accuracy: 0.9880
434/706 [=================>............] - ETA: 11:05 - loss: 0.0374 - accuracy: 0.9880
435/706 [=================>............] - ETA: 11:03 - loss: 0.0374 - accuracy: 0.9880
436/706 [=================>............] - ETA: 11:00 - loss: 0.0373 - accuracy: 0.9881
437/706 [=================>............] - ETA: 10:58 - loss: 0.0373 - accuracy: 0.9881
438/706 [=================>............] - ETA: 10:56 - loss: 0.0373 - accuracy: 0.9881
439/706 [=================>............] - ETA: 10:53 - loss: 0.0372 - accuracy: 0.9881
440/706 [=================>............] - ETA: 10:51 - loss: 0.0372 - accuracy: 0.9881
441/706 [=================>............] - ETA: 10:48 - loss: 0.0371 - accuracy: 0.9881
442/706 [=================>............] - ETA: 10:45 - loss: 0.0371 - accuracy: 0.9881
443/706 [=================>............] - ETA: 10:43 - loss: 0.0371 - accuracy: 0.9881
444/706 [=================>............] - ETA: 10:41 - loss: 0.0371 - accuracy: 0.9881
445/706 [=================>............] - ETA: 10:38 - loss: 0.0371 - accuracy: 0.9881
446/706 [=================>............] - ETA: 10:36 - loss: 0.0372 - accuracy: 0.9880
447/706 [=================>............] - ETA: 10:33 - loss: 0.0372 - accuracy: 0.9881
448/706 [==================>...........] - ETA: 10:31 - loss: 0.0372 - accuracy: 0.9881
449/706 [==================>...........] - ETA: 10:28 - loss: 0.0371 - accuracy: 0.9881
450/706 [==================>...........] - ETA: 10:26 - loss: 0.0370 - accuracy: 0.9881
451/706 [==================>...........] - ETA: 10:24 - loss: 0.0370 - accuracy: 0.9882
452/706 [==================>...........] - ETA: 10:21 - loss: 0.0369 - accuracy: 0.9882
453/706 [==================>...........] - ETA: 10:19 - loss: 0.0370 - accuracy: 0.9881
454/706 [==================>...........] - ETA: 10:16 - loss: 0.0371 - accuracy: 0.9881
455/706 [==================>...........] - ETA: 10:14 - loss: 0.0370 - accuracy: 0.9882
456/706 [==================>...........] - ETA: 10:11 - loss: 0.0370 - accuracy: 0.9882
457/706 [==================>...........] - ETA: 10:09 - loss: 0.0370 - accuracy: 0.9882
458/706 [==================>...........] - ETA: 10:06 - loss: 0.0369 - accuracy: 0.9882
459/706 [==================>...........] - ETA: 10:04 - loss: 0.0369 - accuracy: 0.9882
460/706 [==================>...........] - ETA: 10:01 - loss: 0.0369 - accuracy: 0.9882
461/706 [==================>...........] - ETA: 9:59 - loss: 0.0369 - accuracy: 0.9882 
462/706 [==================>...........] - ETA: 9:56 - loss: 0.0369 - accuracy: 0.9882
463/706 [==================>...........] - ETA: 9:54 - loss: 0.0369 - accuracy: 0.9881
464/706 [==================>...........] - ETA: 9:52 - loss: 0.0370 - accuracy: 0.9881
465/706 [==================>...........] - ETA: 9:49 - loss: 0.0369 - accuracy: 0.9882
466/706 [==================>...........] - ETA: 9:47 - loss: 0.0369 - accuracy: 0.9882
467/706 [==================>...........] - ETA: 9:44 - loss: 0.0368 - accuracy: 0.9882
468/706 [==================>...........] - ETA: 9:42 - loss: 0.0370 - accuracy: 0.9881
469/706 [==================>...........] - ETA: 9:39 - loss: 0.0370 - accuracy: 0.9881
470/706 [==================>...........] - ETA: 9:37 - loss: 0.0370 - accuracy: 0.9882
471/706 [===================>..........] - ETA: 9:35 - loss: 0.0369 - accuracy: 0.9882
472/706 [===================>..........] - ETA: 9:32 - loss: 0.0369 - accuracy: 0.9882
473/706 [===================>..........] - ETA: 9:30 - loss: 0.0368 - accuracy: 0.9882
474/706 [===================>..........] - ETA: 9:27 - loss: 0.0369 - accuracy: 0.9882
475/706 [===================>..........] - ETA: 9:25 - loss: 0.0368 - accuracy: 0.9882
476/706 [===================>..........] - ETA: 9:22 - loss: 0.0367 - accuracy: 0.9882
477/706 [===================>..........] - ETA: 9:20 - loss: 0.0367 - accuracy: 0.9882
478/706 [===================>..........] - ETA: 9:17 - loss: 0.0368 - accuracy: 0.9882
479/706 [===================>..........] - ETA: 9:15 - loss: 0.0368 - accuracy: 0.9882
480/706 [===================>..........] - ETA: 9:13 - loss: 0.0368 - accuracy: 0.9882
481/706 [===================>..........] - ETA: 9:10 - loss: 0.0367 - accuracy: 0.9883
482/706 [===================>..........] - ETA: 9:07 - loss: 0.0368 - accuracy: 0.9882
483/706 [===================>..........] - ETA: 9:05 - loss: 0.0367 - accuracy: 0.9882
484/706 [===================>..........] - ETA: 9:03 - loss: 0.0367 - accuracy: 0.9882
485/706 [===================>..........] - ETA: 9:00 - loss: 0.0367 - accuracy: 0.9882
486/706 [===================>..........] - ETA: 8:58 - loss: 0.0367 - accuracy: 0.9883
487/706 [===================>..........] - ETA: 8:55 - loss: 0.0366 - accuracy: 0.9883
488/706 [===================>..........] - ETA: 8:53 - loss: 0.0366 - accuracy: 0.9883
489/706 [===================>..........] - ETA: 8:50 - loss: 0.0366 - accuracy: 0.9883
490/706 [===================>..........] - ETA: 8:48 - loss: 0.0367 - accuracy: 0.9883
491/706 [===================>..........] - ETA: 8:46 - loss: 0.0368 - accuracy: 0.9882
492/706 [===================>..........] - ETA: 8:43 - loss: 0.0367 - accuracy: 0.9883
493/706 [===================>..........] - ETA: 8:41 - loss: 0.0367 - accuracy: 0.9883
494/706 [===================>..........] - ETA: 8:38 - loss: 0.0366 - accuracy: 0.9883
495/706 [====================>.........] - ETA: 8:36 - loss: 0.0367 - accuracy: 0.9883
496/706 [====================>.........] - ETA: 8:33 - loss: 0.0367 - accuracy: 0.9883
497/706 [====================>.........] - ETA: 8:31 - loss: 0.0366 - accuracy: 0.9883
498/706 [====================>.........] - ETA: 8:28 - loss: 0.0366 - accuracy: 0.9884
499/706 [====================>.........] - ETA: 8:26 - loss: 0.0365 - accuracy: 0.9884
500/706 [====================>.........] - ETA: 8:23 - loss: 0.0365 - accuracy: 0.9884
501/706 [====================>.........] - ETA: 8:21 - loss: 0.0365 - accuracy: 0.9884
502/706 [====================>.........] - ETA: 8:19 - loss: 0.0364 - accuracy: 0.9884
503/706 [====================>.........] - ETA: 8:16 - loss: 0.0364 - accuracy: 0.9884
504/706 [====================>.........] - ETA: 8:14 - loss: 0.0365 - accuracy: 0.9884
505/706 [====================>.........] - ETA: 8:11 - loss: 0.0366 - accuracy: 0.9884
506/706 [====================>.........] - ETA: 8:09 - loss: 0.0365 - accuracy: 0.9884
507/706 [====================>.........] - ETA: 8:06 - loss: 0.0366 - accuracy: 0.9884
508/706 [====================>.........] - ETA: 8:04 - loss: 0.0367 - accuracy: 0.9884
509/706 [====================>.........] - ETA: 8:02 - loss: 0.0367 - accuracy: 0.9884
510/706 [====================>.........] - ETA: 7:59 - loss: 0.0366 - accuracy: 0.9884
511/706 [====================>.........] - ETA: 7:57 - loss: 0.0368 - accuracy: 0.9884
512/706 [====================>.........] - ETA: 7:54 - loss: 0.0368 - accuracy: 0.9884
513/706 [====================>.........] - ETA: 7:52 - loss: 0.0368 - accuracy: 0.9884
514/706 [====================>.........] - ETA: 7:49 - loss: 0.0367 - accuracy: 0.9884
515/706 [====================>.........] - ETA: 7:47 - loss: 0.0367 - accuracy: 0.9884
516/706 [====================>.........] - ETA: 7:44 - loss: 0.0367 - accuracy: 0.9884
517/706 [====================>.........] - ETA: 7:42 - loss: 0.0366 - accuracy: 0.9884
518/706 [=====================>........] - ETA: 7:39 - loss: 0.0366 - accuracy: 0.9884
519/706 [=====================>........] - ETA: 7:37 - loss: 0.0366 - accuracy: 0.9885
520/706 [=====================>........] - ETA: 7:35 - loss: 0.0365 - accuracy: 0.9885
521/706 [=====================>........] - ETA: 7:32 - loss: 0.0365 - accuracy: 0.9885
522/706 [=====================>........] - ETA: 7:30 - loss: 0.0364 - accuracy: 0.9885
523/706 [=====================>........] - ETA: 7:27 - loss: 0.0364 - accuracy: 0.9885
524/706 [=====================>........] - ETA: 7:25 - loss: 0.0363 - accuracy: 0.9885
525/706 [=====================>........] - ETA: 7:23 - loss: 0.0363 - accuracy: 0.9886
526/706 [=====================>........] - ETA: 7:20 - loss: 0.0363 - accuracy: 0.9886
527/706 [=====================>........] - ETA: 7:17 - loss: 0.0363 - accuracy: 0.9886
528/706 [=====================>........] - ETA: 7:15 - loss: 0.0366 - accuracy: 0.9885
529/706 [=====================>........] - ETA: 7:13 - loss: 0.0365 - accuracy: 0.9885
530/706 [=====================>........] - ETA: 7:10 - loss: 0.0365 - accuracy: 0.9885
531/706 [=====================>........] - ETA: 7:08 - loss: 0.0365 - accuracy: 0.9885
532/706 [=====================>........] - ETA: 7:05 - loss: 0.0364 - accuracy: 0.9886
533/706 [=====================>........] - ETA: 7:03 - loss: 0.0364 - accuracy: 0.9886
534/706 [=====================>........] - ETA: 7:00 - loss: 0.0363 - accuracy: 0.9886
535/706 [=====================>........] - ETA: 6:58 - loss: 0.0363 - accuracy: 0.9886
536/706 [=====================>........] - ETA: 6:56 - loss: 0.0363 - accuracy: 0.9886
537/706 [=====================>........] - ETA: 6:53 - loss: 0.0363 - accuracy: 0.9886
538/706 [=====================>........] - ETA: 6:51 - loss: 0.0363 - accuracy: 0.9886
539/706 [=====================>........] - ETA: 6:48 - loss: 0.0363 - accuracy: 0.9886
540/706 [=====================>........] - ETA: 6:46 - loss: 0.0362 - accuracy: 0.9886
541/706 [=====================>........] - ETA: 6:43 - loss: 0.0363 - accuracy: 0.9886
542/706 [======================>.......] - ETA: 6:41 - loss: 0.0363 - accuracy: 0.9886
543/706 [======================>.......] - ETA: 6:38 - loss: 0.0363 - accuracy: 0.9886
544/706 [======================>.......] - ETA: 6:36 - loss: 0.0363 - accuracy: 0.9886
545/706 [======================>.......] - ETA: 6:33 - loss: 0.0362 - accuracy: 0.9886
546/706 [======================>.......] - ETA: 6:31 - loss: 0.0363 - accuracy: 0.9886
547/706 [======================>.......] - ETA: 6:29 - loss: 0.0362 - accuracy: 0.9886
548/706 [======================>.......] - ETA: 6:26 - loss: 0.0362 - accuracy: 0.9886
549/706 [======================>.......] - ETA: 6:24 - loss: 0.0362 - accuracy: 0.9886
550/706 [======================>.......] - ETA: 6:21 - loss: 0.0361 - accuracy: 0.9886
551/706 [======================>.......] - ETA: 6:19 - loss: 0.0361 - accuracy: 0.9886
552/706 [======================>.......] - ETA: 6:16 - loss: 0.0361 - accuracy: 0.9886
553/706 [======================>.......] - ETA: 6:14 - loss: 0.0361 - accuracy: 0.9886
554/706 [======================>.......] - ETA: 6:12 - loss: 0.0360 - accuracy: 0.9887
555/706 [======================>.......] - ETA: 6:09 - loss: 0.0360 - accuracy: 0.9887
556/706 [======================>.......] - ETA: 6:07 - loss: 0.0359 - accuracy: 0.9887
557/706 [======================>.......] - ETA: 6:04 - loss: 0.0360 - accuracy: 0.9887
558/706 [======================>.......] - ETA: 6:02 - loss: 0.0360 - accuracy: 0.9887
559/706 [======================>.......] - ETA: 5:59 - loss: 0.0359 - accuracy: 0.9887
560/706 [======================>.......] - ETA: 5:57 - loss: 0.0359 - accuracy: 0.9887
561/706 [======================>.......] - ETA: 5:54 - loss: 0.0359 - accuracy: 0.9887
562/706 [======================>.......] - ETA: 5:52 - loss: 0.0359 - accuracy: 0.9887
563/706 [======================>.......] - ETA: 5:49 - loss: 0.0358 - accuracy: 0.9887
564/706 [======================>.......] - ETA: 5:47 - loss: 0.0358 - accuracy: 0.9887
565/706 [=======================>......] - ETA: 5:45 - loss: 0.0357 - accuracy: 0.9888
566/706 [=======================>......] - ETA: 5:42 - loss: 0.0357 - accuracy: 0.9887
567/706 [=======================>......] - ETA: 5:40 - loss: 0.0357 - accuracy: 0.9888
568/706 [=======================>......] - ETA: 5:37 - loss: 0.0356 - accuracy: 0.9888
569/706 [=======================>......] - ETA: 5:35 - loss: 0.0355 - accuracy: 0.9888
570/706 [=======================>......] - ETA: 5:32 - loss: 0.0355 - accuracy: 0.9888
571/706 [=======================>......] - ETA: 5:30 - loss: 0.0354 - accuracy: 0.9888
572/706 [=======================>......] - ETA: 5:27 - loss: 0.0354 - accuracy: 0.9888
573/706 [=======================>......] - ETA: 5:25 - loss: 0.0353 - accuracy: 0.9889
574/706 [=======================>......] - ETA: 5:22 - loss: 0.0354 - accuracy: 0.9889
575/706 [=======================>......] - ETA: 5:20 - loss: 0.0354 - accuracy: 0.9889
576/706 [=======================>......] - ETA: 5:18 - loss: 0.0353 - accuracy: 0.9889
577/706 [=======================>......] - ETA: 5:15 - loss: 0.0353 - accuracy: 0.9889
578/706 [=======================>......] - ETA: 5:13 - loss: 0.0353 - accuracy: 0.9889
579/706 [=======================>......] - ETA: 5:10 - loss: 0.0352 - accuracy: 0.9889
580/706 [=======================>......] - ETA: 5:08 - loss: 0.0352 - accuracy: 0.9889
581/706 [=======================>......] - ETA: 5:05 - loss: 0.0351 - accuracy: 0.9890
582/706 [=======================>......] - ETA: 5:03 - loss: 0.0351 - accuracy: 0.9890
583/706 [=======================>......] - ETA: 5:00 - loss: 0.0350 - accuracy: 0.9890
584/706 [=======================>......] - ETA: 4:58 - loss: 0.0350 - accuracy: 0.9890
585/706 [=======================>......] - ETA: 4:56 - loss: 0.0349 - accuracy: 0.9890
586/706 [=======================>......] - ETA: 4:53 - loss: 0.0350 - accuracy: 0.9890
587/706 [=======================>......] - ETA: 4:51 - loss: 0.0350 - accuracy: 0.9890
588/706 [=======================>......] - ETA: 4:48 - loss: 0.0350 - accuracy: 0.9890
589/706 [========================>.....] - ETA: 4:46 - loss: 0.0350 - accuracy: 0.9890
590/706 [========================>.....] - ETA: 4:43 - loss: 0.0349 - accuracy: 0.9891
591/706 [========================>.....] - ETA: 4:41 - loss: 0.0349 - accuracy: 0.9891
592/706 [========================>.....] - ETA: 4:38 - loss: 0.0349 - accuracy: 0.9891
593/706 [========================>.....] - ETA: 4:36 - loss: 0.0349 - accuracy: 0.9891
594/706 [========================>.....] - ETA: 4:34 - loss: 0.0349 - accuracy: 0.9891
595/706 [========================>.....] - ETA: 4:31 - loss: 0.0348 - accuracy: 0.9891
596/706 [========================>.....] - ETA: 4:29 - loss: 0.0348 - accuracy: 0.9891
597/706 [========================>.....] - ETA: 4:26 - loss: 0.0349 - accuracy: 0.9891
598/706 [========================>.....] - ETA: 4:24 - loss: 0.0350 - accuracy: 0.9891
599/706 [========================>.....] - ETA: 4:21 - loss: 0.0349 - accuracy: 0.9891
600/706 [========================>.....] - ETA: 4:19 - loss: 0.0349 - accuracy: 0.9891
601/706 [========================>.....] - ETA: 4:16 - loss: 0.0348 - accuracy: 0.9892
602/706 [========================>.....] - ETA: 4:14 - loss: 0.0348 - accuracy: 0.9892
603/706 [========================>.....] - ETA: 4:12 - loss: 0.0348 - accuracy: 0.9892
604/706 [========================>.....] - ETA: 4:09 - loss: 0.0348 - accuracy: 0.9891
605/706 [========================>.....] - ETA: 4:07 - loss: 0.0348 - accuracy: 0.9891
606/706 [========================>.....] - ETA: 4:04 - loss: 0.0348 - accuracy: 0.9892
607/706 [========================>.....] - ETA: 4:02 - loss: 0.0348 - accuracy: 0.9892
608/706 [========================>.....] - ETA: 3:59 - loss: 0.0347 - accuracy: 0.9892
609/706 [========================>.....] - ETA: 3:57 - loss: 0.0347 - accuracy: 0.9892
610/706 [========================>.....] - ETA: 3:54 - loss: 0.0347 - accuracy: 0.9892
611/706 [========================>.....] - ETA: 3:52 - loss: 0.0346 - accuracy: 0.9892
612/706 [=========================>....] - ETA: 3:50 - loss: 0.0346 - accuracy: 0.9892
613/706 [=========================>....] - ETA: 3:47 - loss: 0.0345 - accuracy: 0.9892
614/706 [=========================>....] - ETA: 3:45 - loss: 0.0345 - accuracy: 0.9892
615/706 [=========================>....] - ETA: 3:42 - loss: 0.0345 - accuracy: 0.9892
616/706 [=========================>....] - ETA: 3:40 - loss: 0.0345 - accuracy: 0.9892
617/706 [=========================>....] - ETA: 3:37 - loss: 0.0346 - accuracy: 0.9892
618/706 [=========================>....] - ETA: 3:35 - loss: 0.0346 - accuracy: 0.9892
619/706 [=========================>....] - ETA: 3:32 - loss: 0.0346 - accuracy: 0.9892
620/706 [=========================>....] - ETA: 3:30 - loss: 0.0345 - accuracy: 0.9892
621/706 [=========================>....] - ETA: 3:27 - loss: 0.0345 - accuracy: 0.9893
622/706 [=========================>....] - ETA: 3:25 - loss: 0.0344 - accuracy: 0.9893
623/706 [=========================>....] - ETA: 3:23 - loss: 0.0344 - accuracy: 0.9893
624/706 [=========================>....] - ETA: 3:20 - loss: 0.0344 - accuracy: 0.9893
625/706 [=========================>....] - ETA: 3:18 - loss: 0.0343 - accuracy: 0.9893
626/706 [=========================>....] - ETA: 3:15 - loss: 0.0343 - accuracy: 0.9893
627/706 [=========================>....] - ETA: 3:13 - loss: 0.0342 - accuracy: 0.9893
628/706 [=========================>....] - ETA: 3:10 - loss: 0.0342 - accuracy: 0.9893
629/706 [=========================>....] - ETA: 3:08 - loss: 0.0342 - accuracy: 0.9893
630/706 [=========================>....] - ETA: 3:05 - loss: 0.0343 - accuracy: 0.9893
631/706 [=========================>....] - ETA: 3:03 - loss: 0.0342 - accuracy: 0.9893
632/706 [=========================>....] - ETA: 3:01 - loss: 0.0342 - accuracy: 0.9893
633/706 [=========================>....] - ETA: 2:58 - loss: 0.0342 - accuracy: 0.9893
634/706 [=========================>....] - ETA: 2:56 - loss: 0.0343 - accuracy: 0.9893
635/706 [=========================>....] - ETA: 2:53 - loss: 0.0342 - accuracy: 0.9893
636/706 [==========================>...] - ETA: 2:51 - loss: 0.0342 - accuracy: 0.9893
637/706 [==========================>...] - ETA: 2:48 - loss: 0.0343 - accuracy: 0.9893
638/706 [==========================>...] - ETA: 2:46 - loss: 0.0342 - accuracy: 0.9893
639/706 [==========================>...] - ETA: 2:43 - loss: 0.0342 - accuracy: 0.9893
640/706 [==========================>...] - ETA: 2:41 - loss: 0.0343 - accuracy: 0.9893
641/706 [==========================>...] - ETA: 2:39 - loss: 0.0343 - accuracy: 0.9893
642/706 [==========================>...] - ETA: 2:36 - loss: 0.0342 - accuracy: 0.9893
643/706 [==========================>...] - ETA: 2:34 - loss: 0.0342 - accuracy: 0.9893
644/706 [==========================>...] - ETA: 2:31 - loss: 0.0342 - accuracy: 0.9893
645/706 [==========================>...] - ETA: 2:29 - loss: 0.0341 - accuracy: 0.9893
646/706 [==========================>...] - ETA: 2:26 - loss: 0.0341 - accuracy: 0.9893
647/706 [==========================>...] - ETA: 2:24 - loss: 0.0342 - accuracy: 0.9893
648/706 [==========================>...] - ETA: 2:21 - loss: 0.0342 - accuracy: 0.9893
649/706 [==========================>...] - ETA: 2:19 - loss: 0.0341 - accuracy: 0.9893
650/706 [==========================>...] - ETA: 2:16 - loss: 0.0342 - accuracy: 0.9893
651/706 [==========================>...] - ETA: 2:14 - loss: 0.0342 - accuracy: 0.9893
652/706 [==========================>...] - ETA: 2:12 - loss: 0.0342 - accuracy: 0.9893
653/706 [==========================>...] - ETA: 2:09 - loss: 0.0342 - accuracy: 0.9893
654/706 [==========================>...] - ETA: 2:07 - loss: 0.0342 - accuracy: 0.9893
655/706 [==========================>...] - ETA: 2:04 - loss: 0.0342 - accuracy: 0.9893
656/706 [==========================>...] - ETA: 2:02 - loss: 0.0341 - accuracy: 0.9893
657/706 [==========================>...] - ETA: 1:59 - loss: 0.0341 - accuracy: 0.9893
658/706 [==========================>...] - ETA: 1:57 - loss: 0.0341 - accuracy: 0.9893
659/706 [===========================>..] - ETA: 1:54 - loss: 0.0341 - accuracy: 0.9893
660/706 [===========================>..] - ETA: 1:52 - loss: 0.0341 - accuracy: 0.9893
661/706 [===========================>..] - ETA: 1:50 - loss: 0.0341 - accuracy: 0.9893
662/706 [===========================>..] - ETA: 1:47 - loss: 0.0340 - accuracy: 0.9893
663/706 [===========================>..] - ETA: 1:45 - loss: 0.0341 - accuracy: 0.9893
664/706 [===========================>..] - ETA: 1:42 - loss: 0.0340 - accuracy: 0.9893
665/706 [===========================>..] - ETA: 1:40 - loss: 0.0340 - accuracy: 0.9893
666/706 [===========================>..] - ETA: 1:37 - loss: 0.0340 - accuracy: 0.9893
667/706 [===========================>..] - ETA: 1:35 - loss: 0.0340 - accuracy: 0.9893
668/706 [===========================>..] - ETA: 1:32 - loss: 0.0340 - accuracy: 0.9893
669/706 [===========================>..] - ETA: 1:30 - loss: 0.0340 - accuracy: 0.9893
670/706 [===========================>..] - ETA: 1:28 - loss: 0.0339 - accuracy: 0.9894
671/706 [===========================>..] - ETA: 1:25 - loss: 0.0339 - accuracy: 0.9894
672/706 [===========================>..] - ETA: 1:23 - loss: 0.0339 - accuracy: 0.9894
673/706 [===========================>..] - ETA: 1:20 - loss: 0.0338 - accuracy: 0.9894
674/706 [===========================>..] - ETA: 1:18 - loss: 0.0338 - accuracy: 0.9894
675/706 [===========================>..] - ETA: 1:15 - loss: 0.0338 - accuracy: 0.9894
676/706 [===========================>..] - ETA: 1:13 - loss: 0.0338 - accuracy: 0.9894
677/706 [===========================>..] - ETA: 1:10 - loss: 0.0338 - accuracy: 0.9894
678/706 [===========================>..] - ETA: 1:08 - loss: 0.0338 - accuracy: 0.9894
679/706 [===========================>..] - ETA: 1:06 - loss: 0.0337 - accuracy: 0.9894
680/706 [===========================>..] - ETA: 1:03 - loss: 0.0337 - accuracy: 0.9894
681/706 [===========================>..] - ETA: 1:01 - loss: 0.0337 - accuracy: 0.9895
682/706 [===========================>..] - ETA: 58s - loss: 0.0336 - accuracy: 0.9895 
683/706 [============================>.] - ETA: 56s - loss: 0.0336 - accuracy: 0.9895
684/706 [============================>.] - ETA: 53s - loss: 0.0335 - accuracy: 0.9895
685/706 [============================>.] - ETA: 51s - loss: 0.0335 - accuracy: 0.9895
686/706 [============================>.] - ETA: 48s - loss: 0.0335 - accuracy: 0.9895
687/706 [============================>.] - ETA: 46s - loss: 0.0335 - accuracy: 0.9895
688/706 [============================>.] - ETA: 44s - loss: 0.0334 - accuracy: 0.9895
689/706 [============================>.] - ETA: 41s - loss: 0.0335 - accuracy: 0.9895
690/706 [============================>.] - ETA: 39s - loss: 0.0334 - accuracy: 0.9895
691/706 [============================>.] - ETA: 36s - loss: 0.0335 - accuracy: 0.9895
692/706 [============================>.] - ETA: 34s - loss: 0.0334 - accuracy: 0.9896
693/706 [============================>.] - ETA: 31s - loss: 0.0334 - accuracy: 0.9896
694/706 [============================>.] - ETA: 29s - loss: 0.0334 - accuracy: 0.9896
695/706 [============================>.] - ETA: 26s - loss: 0.0333 - accuracy: 0.9896
696/706 [============================>.] - ETA: 24s - loss: 0.0334 - accuracy: 0.9896
697/706 [============================>.] - ETA: 22s - loss: 0.0334 - accuracy: 0.9896
698/706 [============================>.] - ETA: 19s - loss: 0.0333 - accuracy: 0.9896
699/706 [============================>.] - ETA: 17s - loss: 0.0333 - accuracy: 0.9896
700/706 [============================>.] - ETA: 14s - loss: 0.0332 - accuracy: 0.9896
701/706 [============================>.] - ETA: 12s - loss: 0.0332 - accuracy: 0.9897
702/706 [============================>.] - ETA: 9s - loss: 0.0332 - accuracy: 0.9897 
703/706 [============================>.] - ETA: 7s - loss: 0.0332 - accuracy: 0.9897
704/706 [============================>.] - ETA: 4s - loss: 0.0332 - accuracy: 0.9897
705/706 [============================>.] - ETA: 2s - loss: 0.0331 - accuracy: 0.9897
706/706 [==============================] - 1728s 2s/step - loss: 0.0331 - accuracy: 0.9897
Over train job in 1729.053347 s
Model: "model_1"
__________________________________________________________________________________________________
Layer (type)                    Output Shape         Param #     Connected to                     
==================================================================================================
input_1 (InputLayer)            (None, 755, 128)     0                                            
__________________________________________________________________________________________________
conv1d_2 (Conv1D)               (None, 752, 128)     65664       input_1[0][0]                    
__________________________________________________________________________________________________
conv1d_3 (Conv1D)               (None, 750, 128)     98432       input_1[0][0]                    
__________________________________________________________________________________________________
conv1d_1 (Conv1D)               (None, 754, 128)     32896       input_1[0][0]                    
__________________________________________________________________________________________________
zero_padding1d_1 (ZeroPadding1D (None, 754, 128)     0           conv1d_2[0][0]                   
__________________________________________________________________________________________________
zero_padding1d_2 (ZeroPadding1D (None, 754, 128)     0           conv1d_3[0][0]                   
__________________________________________________________________________________________________
concatenate_1 (Concatenate)     (None, 754, 384)     0           conv1d_1[0][0]                   
                                                                 zero_padding1d_1[0][0]           
                                                                 zero_padding1d_2[0][0]           
__________________________________________________________________________________________________
lstm_1 (LSTM)                   (None, 128)          262656      concatenate_1[0][0]              
__________________________________________________________________________________________________
dropout_1 (Dropout)             (None, 128)          0           lstm_1[0][0]                     
__________________________________________________________________________________________________
Output (Dense)                  (None, 2)            258         dropout_1[0][0]                  
==================================================================================================
Total params: 459,906
Trainable params: 459,906
Non-trainable params: 0
__________________________________________________________________________________________________
None
1/349 batch
2/349 batch
3/349 batch
4/349 batch
5/349 batch
6/349 batch
7/349 batch
8/349 batch
9/349 batch
10/349 batch
11/349 batch
12/349 batch
13/349 batch
14/349 batch
15/349 batch
16/349 batch
17/349 batch
18/349 batch
19/349 batch
20/349 batch
21/349 batch
22/349 batch
23/349 batch
24/349 batch
25/349 batch
26/349 batch
27/349 batch
28/349 batch
29/349 batch
30/349 batch
31/349 batch
32/349 batch
33/349 batch
34/349 batch
35/349 batch
36/349 batch
37/349 batch
38/349 batch
39/349 batch
40/349 batch
41/349 batch
42/349 batch
43/349 batch
44/349 batch
45/349 batch
46/349 batch
47/349 batch
48/349 batch
49/349 batch
50/349 batch
51/349 batch
52/349 batch
53/349 batch
54/349 batch
55/349 batch
56/349 batch
57/349 batch
58/349 batch
59/349 batch
60/349 batch
61/349 batch
62/349 batch
63/349 batch
64/349 batch
65/349 batch
66/349 batch
67/349 batch
68/349 batch
69/349 batch
70/349 batch
71/349 batch
72/349 batch
73/349 batch
74/349 batch
75/349 batch
76/349 batch
77/349 batch
78/349 batch
79/349 batch
80/349 batch
81/349 batch
82/349 batch
83/349 batch
84/349 batch
85/349 batch
86/349 batch
87/349 batch
88/349 batch
89/349 batch
90/349 batch
91/349 batch
92/349 batch
93/349 batch
94/349 batch
95/349 batch
96/349 batch
97/349 batch
98/349 batch
99/349 batch
100/349 batch
101/349 batch
102/349 batch
103/349 batch
104/349 batch
105/349 batch
106/349 batch
107/349 batch
108/349 batch
109/349 batch
110/349 batch
111/349 batch
112/349 batch
113/349 batch
114/349 batch
115/349 batch
116/349 batch
117/349 batch
118/349 batch
119/349 batch
120/349 batch
121/349 batch
122/349 batch
123/349 batch
124/349 batch
125/349 batch
126/349 batch
127/349 batch
128/349 batch
129/349 batch
130/349 batch
131/349 batch
132/349 batch
133/349 batch
134/349 batch
135/349 batch
136/349 batch
137/349 batch
138/349 batch
139/349 batch
140/349 batch
141/349 batch
142/349 batch
143/349 batch
144/349 batch
145/349 batch
146/349 batch
147/349 batch
148/349 batch
149/349 batch
150/349 batch
151/349 batch
152/349 batch
153/349 batch
154/349 batch
155/349 batch
156/349 batch
157/349 batch
158/349 batch
159/349 batch
160/349 batch
161/349 batch
162/349 batch
163/349 batch
164/349 batch
165/349 batch
166/349 batch
167/349 batch
168/349 batch
169/349 batch
170/349 batch
171/349 batch
172/349 batch
173/349 batch
174/349 batch
175/349 batch
176/349 batch
177/349 batch
178/349 batch
179/349 batch
180/349 batch
181/349 batch
182/349 batch
183/349 batch
184/349 batch
185/349 batch
186/349 batch
187/349 batch
188/349 batch
189/349 batch
190/349 batch
191/349 batch
192/349 batch
193/349 batch
194/349 batch
195/349 batch
196/349 batch
197/349 batch
198/349 batch
199/349 batch
200/349 batch
201/349 batch
202/349 batch
203/349 batch
204/349 batch
205/349 batch
206/349 batch
207/349 batch
208/349 batch
209/349 batch
210/349 batch
211/349 batch
212/349 batch
213/349 batch
214/349 batch
215/349 batch
216/349 batch
217/349 batch
218/349 batch
219/349 batch
220/349 batch
221/349 batch
222/349 batch
223/349 batch
224/349 batch
225/349 batch
226/349 batch
227/349 batch
228/349 batch
229/349 batch
230/349 batch
231/349 batch
232/349 batch
233/349 batch
234/349 batch
235/349 batch
236/349 batch
237/349 batch
238/349 batch
239/349 batch
240/349 batch
241/349 batch
242/349 batch
243/349 batch
244/349 batch
245/349 batch
246/349 batch
247/349 batch
248/349 batch
249/349 batch
250/349 batch
251/349 batch
252/349 batch
253/349 batch
254/349 batch
255/349 batch
256/349 batch
257/349 batch
258/349 batch
259/349 batch
260/349 batch
261/349 batch
262/349 batch
263/349 batch
264/349 batch
265/349 batch
266/349 batch
267/349 batch
268/349 batch
269/349 batch
270/349 batch
271/349 batch
272/349 batch
273/349 batch
274/349 batch
275/349 batch
276/349 batch
277/349 batch
278/349 batch
279/349 batch
280/349 batch
281/349 batch
282/349 batch
283/349 batch
284/349 batch
285/349 batch
286/349 batch
287/349 batch
288/349 batch
289/349 batch
290/349 batch
291/349 batch
292/349 batch
293/349 batch
294/349 batch
295/349 batch
296/349 batch
297/349 batch
298/349 batch
299/349 batch
300/349 batch
301/349 batch
302/349 batch
303/349 batch
304/349 batch
305/349 batch
306/349 batch
307/349 batch
308/349 batch
309/349 batch
310/349 batch
311/349 batch
312/349 batch
313/349 batch
314/349 batch
315/349 batch
316/349 batch
317/349 batch
318/349 batch
319/349 batch
320/349 batch
321/349 batch
322/349 batch
323/349 batch
324/349 batch
325/349 batch
326/349 batch
327/349 batch
328/349 batch
329/349 batch
330/349 batch
331/349 batch
332/349 batch
333/349 batch
334/349 batch
335/349 batch
336/349 batch
337/349 batch
338/349 batch
339/349 batch
340/349 batch
341/349 batch
342/349 batch
343/349 batch
344/349 batch
345/349 batch
346/349 batch
347/349 batch
348/349 batch
349/349 batch
Precision score is : 0.9992936092412532
Recall score is : 0.989589334211176
Accuracy score is :  0.9922427167729702
F1 score is :  0.994417796890506
FP rate is : [0.         0.00161843 1.        ]
TP rate is : [0.         0.98958933 1.        ]
Roc_AOC is : 0.9939854515686497
