Start Train Job! 
Epoch 1/1

  1/949 [..............................] - ETA: 1:05:38 - loss: 0.7888 - accuracy: 0.3900
  2/949 [..............................] - ETA: 46:02 - loss: 0.7058 - accuracy: 0.5450  
  3/949 [..............................] - ETA: 44:58 - loss: 0.6504 - accuracy: 0.5933
  4/949 [..............................] - ETA: 43:38 - loss: 0.5958 - accuracy: 0.6175
  5/949 [..............................] - ETA: 40:21 - loss: 0.5456 - accuracy: 0.6500
  6/949 [..............................] - ETA: 39:39 - loss: 0.5083 - accuracy: 0.6750
  7/949 [..............................] - ETA: 40:02 - loss: 0.4932 - accuracy: 0.6757
  8/949 [..............................] - ETA: 38:50 - loss: 0.4799 - accuracy: 0.6825
  9/949 [..............................] - ETA: 38:14 - loss: 0.4762 - accuracy: 0.6800
 10/949 [..............................] - ETA: 38:01 - loss: 0.4571 - accuracy: 0.6890
 11/949 [..............................] - ETA: 38:39 - loss: 0.4460 - accuracy: 0.6945
 12/949 [..............................] - ETA: 37:16 - loss: 0.4340 - accuracy: 0.7025
 13/949 [..............................] - ETA: 37:22 - loss: 0.4195 - accuracy: 0.7154
 14/949 [..............................] - ETA: 37:33 - loss: 0.4075 - accuracy: 0.7293
 15/949 [..............................] - ETA: 37:23 - loss: 0.3939 - accuracy: 0.7440
 16/949 [..............................] - ETA: 37:00 - loss: 0.3836 - accuracy: 0.7575
 17/949 [..............................] - ETA: 36:50 - loss: 0.3708 - accuracy: 0.7712
 18/949 [..............................] - ETA: 36:57 - loss: 0.3590 - accuracy: 0.7828
 19/949 [..............................] - ETA: 36:48 - loss: 0.3491 - accuracy: 0.7916
 20/949 [..............................] - ETA: 36:39 - loss: 0.3383 - accuracy: 0.8005
 21/949 [..............................] - ETA: 36:31 - loss: 0.3275 - accuracy: 0.8090
 22/949 [..............................] - ETA: 36:33 - loss: 0.3165 - accuracy: 0.8168
 23/949 [..............................] - ETA: 36:31 - loss: 0.3058 - accuracy: 0.8243
 24/949 [..............................] - ETA: 36:21 - loss: 0.2951 - accuracy: 0.8317
 25/949 [..............................] - ETA: 36:16 - loss: 0.2854 - accuracy: 0.8384
 26/949 [..............................] - ETA: 36:12 - loss: 0.2768 - accuracy: 0.8438
 27/949 [..............................] - ETA: 36:17 - loss: 0.2696 - accuracy: 0.8489
 28/949 [..............................] - ETA: 35:51 - loss: 0.2616 - accuracy: 0.8539
 29/949 [..............................] - ETA: 35:54 - loss: 0.2543 - accuracy: 0.8586
 30/949 [..............................] - ETA: 35:52 - loss: 0.2500 - accuracy: 0.8620
 31/949 [..............................] - ETA: 36:00 - loss: 0.2454 - accuracy: 0.8648
 32/949 [>.............................] - ETA: 35:40 - loss: 0.2413 - accuracy: 0.8681
 33/949 [>.............................] - ETA: 35:36 - loss: 0.2363 - accuracy: 0.8712
 34/949 [>.............................] - ETA: 35:38 - loss: 0.2320 - accuracy: 0.8738
 35/949 [>.............................] - ETA: 35:41 - loss: 0.2266 - accuracy: 0.8774
 36/949 [>.............................] - ETA: 35:27 - loss: 0.2215 - accuracy: 0.8806
 37/949 [>.............................] - ETA: 35:21 - loss: 0.2170 - accuracy: 0.8832
 38/949 [>.............................] - ETA: 35:23 - loss: 0.2132 - accuracy: 0.8855
 39/949 [>.............................] - ETA: 35:18 - loss: 0.2085 - accuracy: 0.8885
 40/949 [>.............................] - ETA: 35:10 - loss: 0.2055 - accuracy: 0.8903
 41/949 [>.............................] - ETA: 35:13 - loss: 0.2019 - accuracy: 0.8927
 42/949 [>.............................] - ETA: 35:09 - loss: 0.1980 - accuracy: 0.8952
 43/949 [>.............................] - ETA: 35:05 - loss: 0.1949 - accuracy: 0.8970
 44/949 [>.............................] - ETA: 34:59 - loss: 0.1915 - accuracy: 0.8993
 45/949 [>.............................] - ETA: 34:56 - loss: 0.1882 - accuracy: 0.9016
 46/949 [>.............................] - ETA: 34:58 - loss: 0.1859 - accuracy: 0.9030
 47/949 [>.............................] - ETA: 34:56 - loss: 0.1831 - accuracy: 0.9049
 48/949 [>.............................] - ETA: 34:50 - loss: 0.1808 - accuracy: 0.9065
 49/949 [>.............................] - ETA: 34:49 - loss: 0.1779 - accuracy: 0.9084
 50/949 [>.............................] - ETA: 34:45 - loss: 0.1753 - accuracy: 0.9098
 51/949 [>.............................] - ETA: 34:41 - loss: 0.1724 - accuracy: 0.9116
 52/949 [>.............................] - ETA: 34:34 - loss: 0.1698 - accuracy: 0.9129
 53/949 [>.............................] - ETA: 34:33 - loss: 0.1682 - accuracy: 0.9142
 54/949 [>.............................] - ETA: 34:37 - loss: 0.1658 - accuracy: 0.9154
 55/949 [>.............................] - ETA: 34:37 - loss: 0.1639 - accuracy: 0.9164
 56/949 [>.............................] - ETA: 34:28 - loss: 0.1619 - accuracy: 0.9175
 57/949 [>.............................] - ETA: 34:27 - loss: 0.1598 - accuracy: 0.9188
 58/949 [>.............................] - ETA: 34:30 - loss: 0.1574 - accuracy: 0.9202
 59/949 [>.............................] - ETA: 34:20 - loss: 0.1551 - accuracy: 0.9215
 60/949 [>.............................] - ETA: 34:16 - loss: 0.1528 - accuracy: 0.9228
 61/949 [>.............................] - ETA: 34:16 - loss: 0.1509 - accuracy: 0.9239
 62/949 [>.............................] - ETA: 34:13 - loss: 0.1493 - accuracy: 0.9250
 63/949 [>.............................] - ETA: 34:10 - loss: 0.1477 - accuracy: 0.9260
 64/949 [=>............................] - ETA: 34:06 - loss: 0.1458 - accuracy: 0.9270
 65/949 [=>............................] - ETA: 34:04 - loss: 0.1442 - accuracy: 0.9278
 66/949 [=>............................] - ETA: 34:06 - loss: 0.1421 - accuracy: 0.9289
 67/949 [=>............................] - ETA: 34:06 - loss: 0.1409 - accuracy: 0.9299
 68/949 [=>............................] - ETA: 33:55 - loss: 0.1397 - accuracy: 0.9307
 69/949 [=>............................] - ETA: 33:53 - loss: 0.1381 - accuracy: 0.9316
 70/949 [=>............................] - ETA: 33:57 - loss: 0.1365 - accuracy: 0.9324
 71/949 [=>............................] - ETA: 33:55 - loss: 0.1348 - accuracy: 0.9334
 72/949 [=>............................] - ETA: 33:47 - loss: 0.1333 - accuracy: 0.9340
 73/949 [=>............................] - ETA: 33:44 - loss: 0.1318 - accuracy: 0.9348
 74/949 [=>............................] - ETA: 33:44 - loss: 0.1301 - accuracy: 0.9357
 75/949 [=>............................] - ETA: 33:41 - loss: 0.1287 - accuracy: 0.9364
 76/949 [=>............................] - ETA: 33:37 - loss: 0.1277 - accuracy: 0.9371
 77/949 [=>............................] - ETA: 33:34 - loss: 0.1266 - accuracy: 0.9378
 78/949 [=>............................] - ETA: 33:32 - loss: 0.1258 - accuracy: 0.9382
 79/949 [=>............................] - ETA: 33:29 - loss: 0.1265 - accuracy: 0.9386
 80/949 [=>............................] - ETA: 33:26 - loss: 0.1257 - accuracy: 0.9391
 81/949 [=>............................] - ETA: 33:24 - loss: 0.1244 - accuracy: 0.9399
 82/949 [=>............................] - ETA: 33:22 - loss: 0.1234 - accuracy: 0.9405
 83/949 [=>............................] - ETA: 33:20 - loss: 0.1221 - accuracy: 0.9411
 84/949 [=>............................] - ETA: 33:16 - loss: 0.1208 - accuracy: 0.9418
 85/949 [=>............................] - ETA: 33:14 - loss: 0.1198 - accuracy: 0.9422
 86/949 [=>............................] - ETA: 33:13 - loss: 0.1186 - accuracy: 0.9428
 87/949 [=>............................] - ETA: 33:10 - loss: 0.1182 - accuracy: 0.9431
 88/949 [=>............................] - ETA: 33:08 - loss: 0.1174 - accuracy: 0.9434
 89/949 [=>............................] - ETA: 33:03 - loss: 0.1168 - accuracy: 0.9439
 90/949 [=>............................] - ETA: 33:02 - loss: 0.1159 - accuracy: 0.9443
 91/949 [=>............................] - ETA: 33:00 - loss: 0.1148 - accuracy: 0.9449
 92/949 [=>............................] - ETA: 32:57 - loss: 0.1141 - accuracy: 0.9454
 93/949 [=>............................] - ETA: 32:55 - loss: 0.1135 - accuracy: 0.9458
 94/949 [=>............................] - ETA: 32:54 - loss: 0.1127 - accuracy: 0.9463
 95/949 [==>...........................] - ETA: 32:53 - loss: 0.1121 - accuracy: 0.9466
 96/949 [==>...........................] - ETA: 32:47 - loss: 0.1111 - accuracy: 0.9472
 97/949 [==>...........................] - ETA: 32:45 - loss: 0.1107 - accuracy: 0.9474
 98/949 [==>...........................] - ETA: 32:44 - loss: 0.1102 - accuracy: 0.9479
 99/949 [==>...........................] - ETA: 32:44 - loss: 0.1094 - accuracy: 0.9484
100/949 [==>...........................] - ETA: 32:37 - loss: 0.1085 - accuracy: 0.9489
101/949 [==>...........................] - ETA: 32:36 - loss: 0.1077 - accuracy: 0.9494
102/949 [==>...........................] - ETA: 32:35 - loss: 0.1070 - accuracy: 0.9498
103/949 [==>...........................] - ETA: 32:32 - loss: 0.1068 - accuracy: 0.9500
104/949 [==>...........................] - ETA: 32:29 - loss: 0.1062 - accuracy: 0.9504
105/949 [==>...........................] - ETA: 32:27 - loss: 0.1059 - accuracy: 0.9506
106/949 [==>...........................] - ETA: 32:25 - loss: 0.1053 - accuracy: 0.9509
107/949 [==>...........................] - ETA: 32:25 - loss: 0.1052 - accuracy: 0.9510
108/949 [==>...........................] - ETA: 32:20 - loss: 0.1044 - accuracy: 0.9515
109/949 [==>...........................] - ETA: 32:17 - loss: 0.1040 - accuracy: 0.9517
110/949 [==>...........................] - ETA: 32:17 - loss: 0.1035 - accuracy: 0.9520
111/949 [==>...........................] - ETA: 32:16 - loss: 0.1033 - accuracy: 0.9522
112/949 [==>...........................] - ETA: 32:10 - loss: 0.1031 - accuracy: 0.9523
113/949 [==>...........................] - ETA: 32:07 - loss: 0.1027 - accuracy: 0.9526
114/949 [==>...........................] - ETA: 32:09 - loss: 0.1022 - accuracy: 0.9527
115/949 [==>...........................] - ETA: 32:03 - loss: 0.1016 - accuracy: 0.9531
116/949 [==>...........................] - ETA: 32:01 - loss: 0.1011 - accuracy: 0.9534
117/949 [==>...........................] - ETA: 31:57 - loss: 0.1008 - accuracy: 0.9537
118/949 [==>...........................] - ETA: 31:55 - loss: 0.1002 - accuracy: 0.9539
119/949 [==>...........................] - ETA: 31:55 - loss: 0.0996 - accuracy: 0.9543
120/949 [==>...........................] - ETA: 31:53 - loss: 0.0994 - accuracy: 0.9545
121/949 [==>...........................] - ETA: 31:49 - loss: 0.0994 - accuracy: 0.9546
122/949 [==>...........................] - ETA: 31:47 - loss: 0.0990 - accuracy: 0.9548
123/949 [==>...........................] - ETA: 31:44 - loss: 0.0983 - accuracy: 0.9552
124/949 [==>...........................] - ETA: 31:42 - loss: 0.0980 - accuracy: 0.9554
125/949 [==>...........................] - ETA: 31:40 - loss: 0.0975 - accuracy: 0.9557
126/949 [==>...........................] - ETA: 31:38 - loss: 0.0969 - accuracy: 0.9560
127/949 [===>..........................] - ETA: 31:35 - loss: 0.0968 - accuracy: 0.9561
128/949 [===>..........................] - ETA: 31:33 - loss: 0.0962 - accuracy: 0.9565
129/949 [===>..........................] - ETA: 31:29 - loss: 0.0956 - accuracy: 0.9568
130/949 [===>..........................] - ETA: 31:28 - loss: 0.0952 - accuracy: 0.9571
131/949 [===>..........................] - ETA: 31:28 - loss: 0.0946 - accuracy: 0.9573
132/949 [===>..........................] - ETA: 31:23 - loss: 0.0943 - accuracy: 0.9576
133/949 [===>..........................] - ETA: 31:19 - loss: 0.0937 - accuracy: 0.9579
134/949 [===>..........................] - ETA: 31:18 - loss: 0.0931 - accuracy: 0.9582
135/949 [===>..........................] - ETA: 31:17 - loss: 0.0931 - accuracy: 0.9583
136/949 [===>..........................] - ETA: 31:13 - loss: 0.0926 - accuracy: 0.9585
137/949 [===>..........................] - ETA: 31:11 - loss: 0.0923 - accuracy: 0.9587
138/949 [===>..........................] - ETA: 31:08 - loss: 0.0917 - accuracy: 0.9589
139/949 [===>..........................] - ETA: 31:06 - loss: 0.0923 - accuracy: 0.9590
140/949 [===>..........................] - ETA: 31:02 - loss: 0.0918 - accuracy: 0.9593
141/949 [===>..........................] - ETA: 31:01 - loss: 0.0913 - accuracy: 0.9595
142/949 [===>..........................] - ETA: 30:59 - loss: 0.0909 - accuracy: 0.9596
143/949 [===>..........................] - ETA: 30:58 - loss: 0.0904 - accuracy: 0.9599
144/949 [===>..........................] - ETA: 30:54 - loss: 0.0899 - accuracy: 0.9602
145/949 [===>..........................] - ETA: 30:50 - loss: 0.0894 - accuracy: 0.9604
146/949 [===>..........................] - ETA: 30:49 - loss: 0.0891 - accuracy: 0.9606
147/949 [===>..........................] - ETA: 30:48 - loss: 0.0890 - accuracy: 0.9608
148/949 [===>..........................] - ETA: 30:44 - loss: 0.0886 - accuracy: 0.9609
149/949 [===>..........................] - ETA: 30:41 - loss: 0.0883 - accuracy: 0.9611
150/949 [===>..........................] - ETA: 30:39 - loss: 0.0881 - accuracy: 0.9613
151/949 [===>..........................] - ETA: 30:39 - loss: 0.0876 - accuracy: 0.9615
152/949 [===>..........................] - ETA: 30:34 - loss: 0.0872 - accuracy: 0.9618
153/949 [===>..........................] - ETA: 30:32 - loss: 0.0867 - accuracy: 0.9620
154/949 [===>..........................] - ETA: 30:30 - loss: 0.0864 - accuracy: 0.9622
155/949 [===>..........................] - ETA: 30:29 - loss: 0.0865 - accuracy: 0.9623
156/949 [===>..........................] - ETA: 30:24 - loss: 0.0861 - accuracy: 0.9625
157/949 [===>..........................] - ETA: 30:22 - loss: 0.0857 - accuracy: 0.9627
158/949 [===>..........................] - ETA: 30:21 - loss: 0.0853 - accuracy: 0.9630
159/949 [====>.........................] - ETA: 30:20 - loss: 0.0852 - accuracy: 0.9631
160/949 [====>.........................] - ETA: 30:15 - loss: 0.0847 - accuracy: 0.9633
161/949 [====>.........................] - ETA: 30:13 - loss: 0.0845 - accuracy: 0.9635
162/949 [====>.........................] - ETA: 30:12 - loss: 0.0841 - accuracy: 0.9637
163/949 [====>.........................] - ETA: 30:07 - loss: 0.0837 - accuracy: 0.9639
164/949 [====>.........................] - ETA: 30:06 - loss: 0.0832 - accuracy: 0.9641
165/949 [====>.........................] - ETA: 30:03 - loss: 0.0831 - accuracy: 0.9642
166/949 [====>.........................] - ETA: 30:01 - loss: 0.0827 - accuracy: 0.9644
167/949 [====>.........................] - ETA: 29:58 - loss: 0.0825 - accuracy: 0.9646
168/949 [====>.........................] - ETA: 29:55 - loss: 0.0823 - accuracy: 0.9646
169/949 [====>.........................] - ETA: 29:54 - loss: 0.0819 - accuracy: 0.9649
170/949 [====>.........................] - ETA: 29:52 - loss: 0.0816 - accuracy: 0.9649
171/949 [====>.........................] - ETA: 29:49 - loss: 0.0812 - accuracy: 0.9651
172/949 [====>.........................] - ETA: 29:47 - loss: 0.0810 - accuracy: 0.9653
173/949 [====>.........................] - ETA: 29:44 - loss: 0.0806 - accuracy: 0.9655
174/949 [====>.........................] - ETA: 29:43 - loss: 0.0801 - accuracy: 0.9657
175/949 [====>.........................] - ETA: 29:40 - loss: 0.0799 - accuracy: 0.9658
176/949 [====>.........................] - ETA: 29:38 - loss: 0.0795 - accuracy: 0.9660
177/949 [====>.........................] - ETA: 29:34 - loss: 0.0793 - accuracy: 0.9661
178/949 [====>.........................] - ETA: 29:33 - loss: 0.0793 - accuracy: 0.9662
179/949 [====>.........................] - ETA: 29:32 - loss: 0.0792 - accuracy: 0.9663
180/949 [====>.........................] - ETA: 29:27 - loss: 0.0788 - accuracy: 0.9665
181/949 [====>.........................] - ETA: 29:24 - loss: 0.0786 - accuracy: 0.9666
182/949 [====>.........................] - ETA: 29:22 - loss: 0.0782 - accuracy: 0.9668
183/949 [====>.........................] - ETA: 29:21 - loss: 0.0778 - accuracy: 0.9670
184/949 [====>.........................] - ETA: 29:16 - loss: 0.0777 - accuracy: 0.9671
185/949 [====>.........................] - ETA: 29:14 - loss: 0.0774 - accuracy: 0.9672
186/949 [====>.........................] - ETA: 29:12 - loss: 0.0771 - accuracy: 0.9674
187/949 [====>.........................] - ETA: 29:10 - loss: 0.0768 - accuracy: 0.9675
188/949 [====>.........................] - ETA: 29:07 - loss: 0.0766 - accuracy: 0.9677
189/949 [====>.........................] - ETA: 29:03 - loss: 0.0762 - accuracy: 0.9678
190/949 [=====>........................] - ETA: 29:02 - loss: 0.0759 - accuracy: 0.9680
191/949 [=====>........................] - ETA: 28:59 - loss: 0.0755 - accuracy: 0.9682
192/949 [=====>........................] - ETA: 28:55 - loss: 0.0752 - accuracy: 0.9683
193/949 [=====>........................] - ETA: 28:53 - loss: 0.0748 - accuracy: 0.9685
194/949 [=====>........................] - ETA: 28:52 - loss: 0.0747 - accuracy: 0.9686
195/949 [=====>........................] - ETA: 28:50 - loss: 0.0744 - accuracy: 0.9687
196/949 [=====>........................] - ETA: 28:47 - loss: 0.0743 - accuracy: 0.9688
197/949 [=====>........................] - ETA: 28:43 - loss: 0.0748 - accuracy: 0.9688
198/949 [=====>........................] - ETA: 28:42 - loss: 0.0748 - accuracy: 0.9688
199/949 [=====>........................] - ETA: 28:41 - loss: 0.0746 - accuracy: 0.9689
200/949 [=====>........................] - ETA: 28:37 - loss: 0.0746 - accuracy: 0.9690
201/949 [=====>........................] - ETA: 28:35 - loss: 0.0742 - accuracy: 0.9692
202/949 [=====>........................] - ETA: 28:33 - loss: 0.0739 - accuracy: 0.9693
203/949 [=====>........................] - ETA: 28:31 - loss: 0.0740 - accuracy: 0.9694
204/949 [=====>........................] - ETA: 28:27 - loss: 0.0737 - accuracy: 0.9695
205/949 [=====>........................] - ETA: 28:25 - loss: 0.0734 - accuracy: 0.9697
206/949 [=====>........................] - ETA: 28:23 - loss: 0.0733 - accuracy: 0.9697
207/949 [=====>........................] - ETA: 28:21 - loss: 0.0730 - accuracy: 0.9699
208/949 [=====>........................] - ETA: 28:19 - loss: 0.0727 - accuracy: 0.9700
209/949 [=====>........................] - ETA: 28:16 - loss: 0.0725 - accuracy: 0.9700
210/949 [=====>........................] - ETA: 28:15 - loss: 0.0722 - accuracy: 0.9702
211/949 [=====>........................] - ETA: 28:12 - loss: 0.0721 - accuracy: 0.9703
212/949 [=====>........................] - ETA: 28:10 - loss: 0.0719 - accuracy: 0.9703
213/949 [=====>........................] - ETA: 28:07 - loss: 0.0717 - accuracy: 0.9704
214/949 [=====>........................] - ETA: 28:05 - loss: 0.0717 - accuracy: 0.9705
215/949 [=====>........................] - ETA: 28:03 - loss: 0.0714 - accuracy: 0.9707
216/949 [=====>........................] - ETA: 28:00 - loss: 0.0713 - accuracy: 0.9707
217/949 [=====>........................] - ETA: 27:58 - loss: 0.0710 - accuracy: 0.9708
218/949 [=====>........................] - ETA: 27:56 - loss: 0.0708 - accuracy: 0.9710
219/949 [=====>........................] - ETA: 27:53 - loss: 0.0707 - accuracy: 0.9710
220/949 [=====>........................] - ETA: 27:51 - loss: 0.0704 - accuracy: 0.9711
221/949 [=====>........................] - ETA: 27:48 - loss: 0.0702 - accuracy: 0.9712
222/949 [======>.......................] - ETA: 27:46 - loss: 0.0699 - accuracy: 0.9714
223/949 [======>.......................] - ETA: 27:43 - loss: 0.0697 - accuracy: 0.9714
224/949 [======>.......................] - ETA: 27:41 - loss: 0.0695 - accuracy: 0.9715
225/949 [======>.......................] - ETA: 27:38 - loss: 0.0693 - accuracy: 0.9716
226/949 [======>.......................] - ETA: 27:36 - loss: 0.0693 - accuracy: 0.9717
227/949 [======>.......................] - ETA: 27:35 - loss: 0.0692 - accuracy: 0.9718
228/949 [======>.......................] - ETA: 27:31 - loss: 0.0690 - accuracy: 0.9718
229/949 [======>.......................] - ETA: 27:29 - loss: 0.0688 - accuracy: 0.9720
230/949 [======>.......................] - ETA: 27:27 - loss: 0.0685 - accuracy: 0.9720
231/949 [======>.......................] - ETA: 27:24 - loss: 0.0686 - accuracy: 0.9720
232/949 [======>.......................] - ETA: 27:21 - loss: 0.0685 - accuracy: 0.9721
233/949 [======>.......................] - ETA: 27:20 - loss: 0.0685 - accuracy: 0.9721
234/949 [======>.......................] - ETA: 27:17 - loss: 0.0685 - accuracy: 0.9722
235/949 [======>.......................] - ETA: 27:16 - loss: 0.0682 - accuracy: 0.9723
236/949 [======>.......................] - ETA: 27:12 - loss: 0.0681 - accuracy: 0.9724
237/949 [======>.......................] - ETA: 27:10 - loss: 0.0679 - accuracy: 0.9724
238/949 [======>.......................] - ETA: 27:08 - loss: 0.0677 - accuracy: 0.9726
239/949 [======>.......................] - ETA: 27:06 - loss: 0.0676 - accuracy: 0.9726
240/949 [======>.......................] - ETA: 27:02 - loss: 0.0675 - accuracy: 0.9727
241/949 [======>.......................] - ETA: 27:00 - loss: 0.0674 - accuracy: 0.9728
242/949 [======>.......................] - ETA: 26:58 - loss: 0.0673 - accuracy: 0.9729
243/949 [======>.......................] - ETA: 26:56 - loss: 0.0672 - accuracy: 0.9729
244/949 [======>.......................] - ETA: 26:53 - loss: 0.0671 - accuracy: 0.9730
245/949 [======>.......................] - ETA: 26:50 - loss: 0.0668 - accuracy: 0.9731
246/949 [======>.......................] - ETA: 26:49 - loss: 0.0666 - accuracy: 0.9732
247/949 [======>.......................] - ETA: 26:47 - loss: 0.0663 - accuracy: 0.9733
248/949 [======>.......................] - ETA: 26:44 - loss: 0.0663 - accuracy: 0.9733
249/949 [======>.......................] - ETA: 26:42 - loss: 0.0661 - accuracy: 0.9735
250/949 [======>.......................] - ETA: 26:39 - loss: 0.0659 - accuracy: 0.9736
251/949 [======>.......................] - ETA: 26:37 - loss: 0.0660 - accuracy: 0.9735
252/949 [======>.......................] - ETA: 26:34 - loss: 0.0657 - accuracy: 0.9737
253/949 [======>.......................] - ETA: 26:32 - loss: 0.0657 - accuracy: 0.9737
254/949 [=======>......................] - ETA: 26:30 - loss: 0.0655 - accuracy: 0.9738
255/949 [=======>......................] - ETA: 26:28 - loss: 0.0653 - accuracy: 0.9739
256/949 [=======>......................] - ETA: 26:24 - loss: 0.0650 - accuracy: 0.9740
257/949 [=======>......................] - ETA: 26:22 - loss: 0.0649 - accuracy: 0.9741
258/949 [=======>......................] - ETA: 26:20 - loss: 0.0647 - accuracy: 0.9742
259/949 [=======>......................] - ETA: 26:18 - loss: 0.0645 - accuracy: 0.9743
260/949 [=======>......................] - ETA: 26:15 - loss: 0.0643 - accuracy: 0.9744
261/949 [=======>......................] - ETA: 26:13 - loss: 0.0644 - accuracy: 0.9744
262/949 [=======>......................] - ETA: 26:11 - loss: 0.0642 - accuracy: 0.9745
263/949 [=======>......................] - ETA: 26:09 - loss: 0.0640 - accuracy: 0.9746
264/949 [=======>......................] - ETA: 26:05 - loss: 0.0638 - accuracy: 0.9747
265/949 [=======>......................] - ETA: 26:03 - loss: 0.0637 - accuracy: 0.9747
266/949 [=======>......................] - ETA: 26:02 - loss: 0.0637 - accuracy: 0.9747
267/949 [=======>......................] - ETA: 25:59 - loss: 0.0637 - accuracy: 0.9747
268/949 [=======>......................] - ETA: 25:56 - loss: 0.0635 - accuracy: 0.9748
269/949 [=======>......................] - ETA: 25:55 - loss: 0.0633 - accuracy: 0.9749
270/949 [=======>......................] - ETA: 25:52 - loss: 0.0634 - accuracy: 0.9749
271/949 [=======>......................] - ETA: 25:49 - loss: 0.0631 - accuracy: 0.9750
272/949 [=======>......................] - ETA: 25:47 - loss: 0.0629 - accuracy: 0.9751
273/949 [=======>......................] - ETA: 25:45 - loss: 0.0627 - accuracy: 0.9752
274/949 [=======>......................] - ETA: 25:43 - loss: 0.0627 - accuracy: 0.9753
275/949 [=======>......................] - ETA: 25:41 - loss: 0.0625 - accuracy: 0.9753
276/949 [=======>......................] - ETA: 25:37 - loss: 0.0624 - accuracy: 0.9754
277/949 [=======>......................] - ETA: 25:35 - loss: 0.0624 - accuracy: 0.9755
278/949 [=======>......................] - ETA: 25:33 - loss: 0.0621 - accuracy: 0.9755
279/949 [=======>......................] - ETA: 25:30 - loss: 0.0623 - accuracy: 0.9755
280/949 [=======>......................] - ETA: 25:28 - loss: 0.0621 - accuracy: 0.9756
281/949 [=======>......................] - ETA: 25:26 - loss: 0.0619 - accuracy: 0.9757
282/949 [=======>......................] - ETA: 25:24 - loss: 0.0617 - accuracy: 0.9758
283/949 [=======>......................] - ETA: 25:22 - loss: 0.0615 - accuracy: 0.9759
284/949 [=======>......................] - ETA: 25:19 - loss: 0.0614 - accuracy: 0.9759
285/949 [========>.....................] - ETA: 25:17 - loss: 0.0613 - accuracy: 0.9759
286/949 [========>.....................] - ETA: 25:15 - loss: 0.0613 - accuracy: 0.9760
287/949 [========>.....................] - ETA: 25:12 - loss: 0.0612 - accuracy: 0.9760
288/949 [========>.....................] - ETA: 25:10 - loss: 0.0610 - accuracy: 0.9761
289/949 [========>.....................] - ETA: 25:07 - loss: 0.0610 - accuracy: 0.9762
290/949 [========>.....................] - ETA: 25:05 - loss: 0.0608 - accuracy: 0.9762
291/949 [========>.....................] - ETA: 25:03 - loss: 0.0607 - accuracy: 0.9763
292/949 [========>.....................] - ETA: 25:01 - loss: 0.0607 - accuracy: 0.9763
293/949 [========>.....................] - ETA: 24:58 - loss: 0.0606 - accuracy: 0.9763
294/949 [========>.....................] - ETA: 24:56 - loss: 0.0604 - accuracy: 0.9764
295/949 [========>.....................] - ETA: 24:54 - loss: 0.0602 - accuracy: 0.9765
296/949 [========>.....................] - ETA: 24:51 - loss: 0.0601 - accuracy: 0.9766
297/949 [========>.....................] - ETA: 24:49 - loss: 0.0600 - accuracy: 0.9766
298/949 [========>.....................] - ETA: 24:47 - loss: 0.0598 - accuracy: 0.9767
299/949 [========>.....................] - ETA: 24:45 - loss: 0.0597 - accuracy: 0.9768
300/949 [========>.....................] - ETA: 24:42 - loss: 0.0595 - accuracy: 0.9768
301/949 [========>.....................] - ETA: 24:40 - loss: 0.0593 - accuracy: 0.9769
302/949 [========>.....................] - ETA: 24:38 - loss: 0.0592 - accuracy: 0.9770
303/949 [========>.....................] - ETA: 24:36 - loss: 0.0590 - accuracy: 0.9771
304/949 [========>.....................] - ETA: 24:33 - loss: 0.0588 - accuracy: 0.9771
305/949 [========>.....................] - ETA: 24:31 - loss: 0.0588 - accuracy: 0.9772
306/949 [========>.....................] - ETA: 24:29 - loss: 0.0588 - accuracy: 0.9772
307/949 [========>.....................] - ETA: 24:26 - loss: 0.0586 - accuracy: 0.9773
308/949 [========>.....................] - ETA: 24:23 - loss: 0.0584 - accuracy: 0.9773
309/949 [========>.....................] - ETA: 24:21 - loss: 0.0583 - accuracy: 0.9774
310/949 [========>.....................] - ETA: 24:19 - loss: 0.0581 - accuracy: 0.9775
311/949 [========>.....................] - ETA: 24:17 - loss: 0.0580 - accuracy: 0.9775
312/949 [========>.....................] - ETA: 24:14 - loss: 0.0579 - accuracy: 0.9776
313/949 [========>.....................] - ETA: 24:12 - loss: 0.0578 - accuracy: 0.9776
314/949 [========>.....................] - ETA: 24:10 - loss: 0.0577 - accuracy: 0.9777
315/949 [========>.....................] - ETA: 24:07 - loss: 0.0579 - accuracy: 0.9777
316/949 [========>.....................] - ETA: 24:05 - loss: 0.0580 - accuracy: 0.9777
317/949 [=========>....................] - ETA: 24:03 - loss: 0.0578 - accuracy: 0.9777
318/949 [=========>....................] - ETA: 24:01 - loss: 0.0577 - accuracy: 0.9778
319/949 [=========>....................] - ETA: 23:58 - loss: 0.0575 - accuracy: 0.9778
320/949 [=========>....................] - ETA: 23:55 - loss: 0.0574 - accuracy: 0.9779
321/949 [=========>....................] - ETA: 23:54 - loss: 0.0573 - accuracy: 0.9779
322/949 [=========>....................] - ETA: 23:52 - loss: 0.0573 - accuracy: 0.9780
323/949 [=========>....................] - ETA: 23:49 - loss: 0.0572 - accuracy: 0.9780
324/949 [=========>....................] - ETA: 23:46 - loss: 0.0572 - accuracy: 0.9780
325/949 [=========>....................] - ETA: 23:44 - loss: 0.0570 - accuracy: 0.9781
326/949 [=========>....................] - ETA: 23:42 - loss: 0.0569 - accuracy: 0.9781
327/949 [=========>....................] - ETA: 23:39 - loss: 0.0571 - accuracy: 0.9781
328/949 [=========>....................] - ETA: 23:37 - loss: 0.0569 - accuracy: 0.9782
329/949 [=========>....................] - ETA: 23:35 - loss: 0.0568 - accuracy: 0.9782
330/949 [=========>....................] - ETA: 23:33 - loss: 0.0567 - accuracy: 0.9783
331/949 [=========>....................] - ETA: 23:30 - loss: 0.0567 - accuracy: 0.9783
332/949 [=========>....................] - ETA: 23:28 - loss: 0.0565 - accuracy: 0.9784
333/949 [=========>....................] - ETA: 23:26 - loss: 0.0564 - accuracy: 0.9784
334/949 [=========>....................] - ETA: 23:23 - loss: 0.0565 - accuracy: 0.9784
335/949 [=========>....................] - ETA: 23:21 - loss: 0.0564 - accuracy: 0.9785
336/949 [=========>....................] - ETA: 23:19 - loss: 0.0563 - accuracy: 0.9785
337/949 [=========>....................] - ETA: 23:17 - loss: 0.0563 - accuracy: 0.9785
338/949 [=========>....................] - ETA: 23:14 - loss: 0.0562 - accuracy: 0.9786
339/949 [=========>....................] - ETA: 23:12 - loss: 0.0562 - accuracy: 0.9786
340/949 [=========>....................] - ETA: 23:09 - loss: 0.0561 - accuracy: 0.9786
341/949 [=========>....................] - ETA: 23:07 - loss: 0.0560 - accuracy: 0.9787
342/949 [=========>....................] - ETA: 23:06 - loss: 0.0558 - accuracy: 0.9787
343/949 [=========>....................] - ETA: 23:02 - loss: 0.0557 - accuracy: 0.9787
344/949 [=========>....................] - ETA: 23:00 - loss: 0.0556 - accuracy: 0.9788
345/949 [=========>....................] - ETA: 22:58 - loss: 0.0556 - accuracy: 0.9788
346/949 [=========>....................] - ETA: 22:56 - loss: 0.0557 - accuracy: 0.9788
347/949 [=========>....................] - ETA: 22:54 - loss: 0.0556 - accuracy: 0.9788
348/949 [==========>...................] - ETA: 22:51 - loss: 0.0556 - accuracy: 0.9788
349/949 [==========>...................] - ETA: 22:49 - loss: 0.0554 - accuracy: 0.9789
350/949 [==========>...................] - ETA: 22:47 - loss: 0.0554 - accuracy: 0.9789
351/949 [==========>...................] - ETA: 22:44 - loss: 0.0552 - accuracy: 0.9790
352/949 [==========>...................] - ETA: 22:42 - loss: 0.0551 - accuracy: 0.9790
353/949 [==========>...................] - ETA: 22:40 - loss: 0.0550 - accuracy: 0.9791
354/949 [==========>...................] - ETA: 22:38 - loss: 0.0550 - accuracy: 0.9791
355/949 [==========>...................] - ETA: 22:35 - loss: 0.0548 - accuracy: 0.9792
356/949 [==========>...................] - ETA: 22:33 - loss: 0.0548 - accuracy: 0.9792
357/949 [==========>...................] - ETA: 22:31 - loss: 0.0548 - accuracy: 0.9792
358/949 [==========>...................] - ETA: 22:29 - loss: 0.0546 - accuracy: 0.9793
359/949 [==========>...................] - ETA: 22:26 - loss: 0.0545 - accuracy: 0.9793
360/949 [==========>...................] - ETA: 22:24 - loss: 0.0544 - accuracy: 0.9793
361/949 [==========>...................] - ETA: 22:22 - loss: 0.0543 - accuracy: 0.9794
362/949 [==========>...................] - ETA: 22:19 - loss: 0.0541 - accuracy: 0.9794
363/949 [==========>...................] - ETA: 22:17 - loss: 0.0541 - accuracy: 0.9795
364/949 [==========>...................] - ETA: 22:15 - loss: 0.0539 - accuracy: 0.9795
365/949 [==========>...................] - ETA: 22:13 - loss: 0.0539 - accuracy: 0.9795
366/949 [==========>...................] - ETA: 22:10 - loss: 0.0539 - accuracy: 0.9796
367/949 [==========>...................] - ETA: 22:08 - loss: 0.0537 - accuracy: 0.9796
368/949 [==========>...................] - ETA: 22:05 - loss: 0.0536 - accuracy: 0.9797
369/949 [==========>...................] - ETA: 22:03 - loss: 0.0535 - accuracy: 0.9797
370/949 [==========>...................] - ETA: 22:01 - loss: 0.0535 - accuracy: 0.9797
371/949 [==========>...................] - ETA: 21:58 - loss: 0.0535 - accuracy: 0.9798
372/949 [==========>...................] - ETA: 21:56 - loss: 0.0534 - accuracy: 0.9798
373/949 [==========>...................] - ETA: 21:54 - loss: 0.0533 - accuracy: 0.9799
374/949 [==========>...................] - ETA: 21:51 - loss: 0.0532 - accuracy: 0.9799
375/949 [==========>...................] - ETA: 21:49 - loss: 0.0531 - accuracy: 0.9799
376/949 [==========>...................] - ETA: 21:47 - loss: 0.0531 - accuracy: 0.9799
377/949 [==========>...................] - ETA: 21:45 - loss: 0.0531 - accuracy: 0.9800
378/949 [==========>...................] - ETA: 21:42 - loss: 0.0533 - accuracy: 0.9800
379/949 [==========>...................] - ETA: 21:40 - loss: 0.0532 - accuracy: 0.9800
380/949 [===========>..................] - ETA: 21:38 - loss: 0.0533 - accuracy: 0.9800
381/949 [===========>..................] - ETA: 21:35 - loss: 0.0534 - accuracy: 0.9800
382/949 [===========>..................] - ETA: 21:33 - loss: 0.0533 - accuracy: 0.9801
383/949 [===========>..................] - ETA: 21:31 - loss: 0.0533 - accuracy: 0.9801
384/949 [===========>..................] - ETA: 21:28 - loss: 0.0533 - accuracy: 0.9801
385/949 [===========>..................] - ETA: 21:26 - loss: 0.0532 - accuracy: 0.9801
386/949 [===========>..................] - ETA: 21:24 - loss: 0.0531 - accuracy: 0.9802
387/949 [===========>..................] - ETA: 21:21 - loss: 0.0531 - accuracy: 0.9802
388/949 [===========>..................] - ETA: 21:19 - loss: 0.0531 - accuracy: 0.9802
389/949 [===========>..................] - ETA: 21:17 - loss: 0.0530 - accuracy: 0.9803
390/949 [===========>..................] - ETA: 21:15 - loss: 0.0530 - accuracy: 0.9803
391/949 [===========>..................] - ETA: 21:13 - loss: 0.0529 - accuracy: 0.9803
392/949 [===========>..................] - ETA: 21:10 - loss: 0.0528 - accuracy: 0.9803
393/949 [===========>..................] - ETA: 21:08 - loss: 0.0527 - accuracy: 0.9804
394/949 [===========>..................] - ETA: 21:06 - loss: 0.0527 - accuracy: 0.9804
395/949 [===========>..................] - ETA: 21:03 - loss: 0.0526 - accuracy: 0.9804
396/949 [===========>..................] - ETA: 21:01 - loss: 0.0525 - accuracy: 0.9805
397/949 [===========>..................] - ETA: 20:59 - loss: 0.0523 - accuracy: 0.9805
398/949 [===========>..................] - ETA: 20:57 - loss: 0.0523 - accuracy: 0.9805
399/949 [===========>..................] - ETA: 20:54 - loss: 0.0524 - accuracy: 0.9805
400/949 [===========>..................] - ETA: 20:52 - loss: 0.0523 - accuracy: 0.9806
401/949 [===========>..................] - ETA: 20:50 - loss: 0.0522 - accuracy: 0.9806
402/949 [===========>..................] - ETA: 20:48 - loss: 0.0521 - accuracy: 0.9806
403/949 [===========>..................] - ETA: 20:45 - loss: 0.0521 - accuracy: 0.9806
404/949 [===========>..................] - ETA: 20:43 - loss: 0.0520 - accuracy: 0.9807
405/949 [===========>..................] - ETA: 20:41 - loss: 0.0519 - accuracy: 0.9807
406/949 [===========>..................] - ETA: 20:39 - loss: 0.0518 - accuracy: 0.9808
407/949 [===========>..................] - ETA: 20:36 - loss: 0.0518 - accuracy: 0.9808
408/949 [===========>..................] - ETA: 20:34 - loss: 0.0518 - accuracy: 0.9808
409/949 [===========>..................] - ETA: 20:31 - loss: 0.0517 - accuracy: 0.9809
410/949 [===========>..................] - ETA: 20:29 - loss: 0.0515 - accuracy: 0.9809
411/949 [===========>..................] - ETA: 20:27 - loss: 0.0514 - accuracy: 0.9809
412/949 [============>.................] - ETA: 20:24 - loss: 0.0514 - accuracy: 0.9810
413/949 [============>.................] - ETA: 20:23 - loss: 0.0513 - accuracy: 0.9810
414/949 [============>.................] - ETA: 20:20 - loss: 0.0513 - accuracy: 0.9810
415/949 [============>.................] - ETA: 20:17 - loss: 0.0512 - accuracy: 0.9811
416/949 [============>.................] - ETA: 20:15 - loss: 0.0511 - accuracy: 0.9811
417/949 [============>.................] - ETA: 20:13 - loss: 0.0510 - accuracy: 0.9812
418/949 [============>.................] - ETA: 20:11 - loss: 0.0510 - accuracy: 0.9811
419/949 [============>.................] - ETA: 20:08 - loss: 0.0509 - accuracy: 0.9812
420/949 [============>.................] - ETA: 20:06 - loss: 0.0508 - accuracy: 0.9812
421/949 [============>.................] - ETA: 20:04 - loss: 0.0508 - accuracy: 0.9812
422/949 [============>.................] - ETA: 20:01 - loss: 0.0507 - accuracy: 0.9813
423/949 [============>.................] - ETA: 19:59 - loss: 0.0507 - accuracy: 0.9813
424/949 [============>.................] - ETA: 19:57 - loss: 0.0505 - accuracy: 0.9813
425/949 [============>.................] - ETA: 19:54 - loss: 0.0505 - accuracy: 0.9814
426/949 [============>.................] - ETA: 19:53 - loss: 0.0505 - accuracy: 0.9814
427/949 [============>.................] - ETA: 19:50 - loss: 0.0504 - accuracy: 0.9814
428/949 [============>.................] - ETA: 19:48 - loss: 0.0503 - accuracy: 0.9815
429/949 [============>.................] - ETA: 19:45 - loss: 0.0502 - accuracy: 0.9815
430/949 [============>.................] - ETA: 19:43 - loss: 0.0501 - accuracy: 0.9815
431/949 [============>.................] - ETA: 19:40 - loss: 0.0502 - accuracy: 0.9815
432/949 [============>.................] - ETA: 19:38 - loss: 0.0502 - accuracy: 0.9816
433/949 [============>.................] - ETA: 19:36 - loss: 0.0501 - accuracy: 0.9816
434/949 [============>.................] - ETA: 19:34 - loss: 0.0500 - accuracy: 0.9816
435/949 [============>.................] - ETA: 19:31 - loss: 0.0499 - accuracy: 0.9817
436/949 [============>.................] - ETA: 19:29 - loss: 0.0498 - accuracy: 0.9817
437/949 [============>.................] - ETA: 19:27 - loss: 0.0497 - accuracy: 0.9818
438/949 [============>.................] - ETA: 19:25 - loss: 0.0497 - accuracy: 0.9818
439/949 [============>.................] - ETA: 19:22 - loss: 0.0496 - accuracy: 0.9818
440/949 [============>.................] - ETA: 19:20 - loss: 0.0495 - accuracy: 0.9818
441/949 [============>.................] - ETA: 19:17 - loss: 0.0495 - accuracy: 0.9819
442/949 [============>.................] - ETA: 19:16 - loss: 0.0495 - accuracy: 0.9819
443/949 [=============>................] - ETA: 19:13 - loss: 0.0496 - accuracy: 0.9819
444/949 [=============>................] - ETA: 19:10 - loss: 0.0495 - accuracy: 0.9819
445/949 [=============>................] - ETA: 19:08 - loss: 0.0495 - accuracy: 0.9819
446/949 [=============>................] - ETA: 19:06 - loss: 0.0494 - accuracy: 0.9819
447/949 [=============>................] - ETA: 19:04 - loss: 0.0495 - accuracy: 0.9819
448/949 [=============>................] - ETA: 19:01 - loss: 0.0495 - accuracy: 0.9819
449/949 [=============>................] - ETA: 18:59 - loss: 0.0494 - accuracy: 0.9819
450/949 [=============>................] - ETA: 18:57 - loss: 0.0494 - accuracy: 0.9820
451/949 [=============>................] - ETA: 18:54 - loss: 0.0493 - accuracy: 0.9820
452/949 [=============>................] - ETA: 18:52 - loss: 0.0492 - accuracy: 0.9820
453/949 [=============>................] - ETA: 18:50 - loss: 0.0493 - accuracy: 0.9820
454/949 [=============>................] - ETA: 18:48 - loss: 0.0492 - accuracy: 0.9821
455/949 [=============>................] - ETA: 18:45 - loss: 0.0491 - accuracy: 0.9821
456/949 [=============>................] - ETA: 18:43 - loss: 0.0490 - accuracy: 0.9821
457/949 [=============>................] - ETA: 18:41 - loss: 0.0489 - accuracy: 0.9822
458/949 [=============>................] - ETA: 18:39 - loss: 0.0489 - accuracy: 0.9822
459/949 [=============>................] - ETA: 18:36 - loss: 0.0489 - accuracy: 0.9822
460/949 [=============>................] - ETA: 18:34 - loss: 0.0489 - accuracy: 0.9822
461/949 [=============>................] - ETA: 18:32 - loss: 0.0489 - accuracy: 0.9822
462/949 [=============>................] - ETA: 18:29 - loss: 0.0489 - accuracy: 0.9822
463/949 [=============>................] - ETA: 18:27 - loss: 0.0489 - accuracy: 0.9822
464/949 [=============>................] - ETA: 18:25 - loss: 0.0488 - accuracy: 0.9823
465/949 [=============>................] - ETA: 18:23 - loss: 0.0489 - accuracy: 0.9823
466/949 [=============>................] - ETA: 18:20 - loss: 0.0488 - accuracy: 0.9823
467/949 [=============>................] - ETA: 18:18 - loss: 0.0488 - accuracy: 0.9823
468/949 [=============>................] - ETA: 18:16 - loss: 0.0488 - accuracy: 0.9823
469/949 [=============>................] - ETA: 18:14 - loss: 0.0488 - accuracy: 0.9823
470/949 [=============>................] - ETA: 18:11 - loss: 0.0487 - accuracy: 0.9823
471/949 [=============>................] - ETA: 18:09 - loss: 0.0487 - accuracy: 0.9823
472/949 [=============>................] - ETA: 18:06 - loss: 0.0487 - accuracy: 0.9824
473/949 [=============>................] - ETA: 18:05 - loss: 0.0486 - accuracy: 0.9824
474/949 [=============>................] - ETA: 18:02 - loss: 0.0486 - accuracy: 0.9824
475/949 [==============>...............] - ETA: 18:00 - loss: 0.0485 - accuracy: 0.9824
476/949 [==============>...............] - ETA: 17:57 - loss: 0.0484 - accuracy: 0.9825
477/949 [==============>...............] - ETA: 17:55 - loss: 0.0484 - accuracy: 0.9825
478/949 [==============>...............] - ETA: 17:53 - loss: 0.0484 - accuracy: 0.9825
479/949 [==============>...............] - ETA: 17:50 - loss: 0.0483 - accuracy: 0.9825
480/949 [==============>...............] - ETA: 17:48 - loss: 0.0483 - accuracy: 0.9825
481/949 [==============>...............] - ETA: 17:46 - loss: 0.0483 - accuracy: 0.9826
482/949 [==============>...............] - ETA: 17:44 - loss: 0.0484 - accuracy: 0.9825
483/949 [==============>...............] - ETA: 17:41 - loss: 0.0483 - accuracy: 0.9826
484/949 [==============>...............] - ETA: 17:39 - loss: 0.0482 - accuracy: 0.9826
485/949 [==============>...............] - ETA: 17:37 - loss: 0.0481 - accuracy: 0.9826
486/949 [==============>...............] - ETA: 17:35 - loss: 0.0482 - accuracy: 0.9826
487/949 [==============>...............] - ETA: 17:32 - loss: 0.0482 - accuracy: 0.9826
488/949 [==============>...............] - ETA: 17:30 - loss: 0.0481 - accuracy: 0.9827
489/949 [==============>...............] - ETA: 17:28 - loss: 0.0481 - accuracy: 0.9827
490/949 [==============>...............] - ETA: 17:26 - loss: 0.0480 - accuracy: 0.9827
491/949 [==============>...............] - ETA: 17:23 - loss: 0.0480 - accuracy: 0.9827
492/949 [==============>...............] - ETA: 17:21 - loss: 0.0480 - accuracy: 0.9827
493/949 [==============>...............] - ETA: 17:18 - loss: 0.0480 - accuracy: 0.9827
494/949 [==============>...............] - ETA: 17:16 - loss: 0.0480 - accuracy: 0.9828
495/949 [==============>...............] - ETA: 17:14 - loss: 0.0479 - accuracy: 0.9828
496/949 [==============>...............] - ETA: 17:11 - loss: 0.0479 - accuracy: 0.9828
497/949 [==============>...............] - ETA: 17:09 - loss: 0.0478 - accuracy: 0.9828
498/949 [==============>...............] - ETA: 17:07 - loss: 0.0478 - accuracy: 0.9829
499/949 [==============>...............] - ETA: 17:05 - loss: 0.0478 - accuracy: 0.9829
500/949 [==============>...............] - ETA: 17:02 - loss: 0.0478 - accuracy: 0.9829
501/949 [==============>...............] - ETA: 17:00 - loss: 0.0477 - accuracy: 0.9829
502/949 [==============>...............] - ETA: 16:58 - loss: 0.0476 - accuracy: 0.9829
503/949 [==============>...............] - ETA: 16:55 - loss: 0.0476 - accuracy: 0.9829
504/949 [==============>...............] - ETA: 16:53 - loss: 0.0476 - accuracy: 0.9829
505/949 [==============>...............] - ETA: 16:51 - loss: 0.0476 - accuracy: 0.9830
506/949 [==============>...............] - ETA: 16:48 - loss: 0.0476 - accuracy: 0.9830
507/949 [===============>..............] - ETA: 16:46 - loss: 0.0476 - accuracy: 0.9830
508/949 [===============>..............] - ETA: 16:44 - loss: 0.0475 - accuracy: 0.9830
509/949 [===============>..............] - ETA: 16:42 - loss: 0.0475 - accuracy: 0.9830
510/949 [===============>..............] - ETA: 16:39 - loss: 0.0474 - accuracy: 0.9831
511/949 [===============>..............] - ETA: 16:37 - loss: 0.0474 - accuracy: 0.9831
512/949 [===============>..............] - ETA: 16:35 - loss: 0.0474 - accuracy: 0.9831
513/949 [===============>..............] - ETA: 16:33 - loss: 0.0475 - accuracy: 0.9831
514/949 [===============>..............] - ETA: 16:30 - loss: 0.0474 - accuracy: 0.9831
515/949 [===============>..............] - ETA: 16:28 - loss: 0.0474 - accuracy: 0.9831
516/949 [===============>..............] - ETA: 16:25 - loss: 0.0473 - accuracy: 0.9832
517/949 [===============>..............] - ETA: 16:23 - loss: 0.0473 - accuracy: 0.9832
518/949 [===============>..............] - ETA: 16:21 - loss: 0.0473 - accuracy: 0.9832
519/949 [===============>..............] - ETA: 16:19 - loss: 0.0473 - accuracy: 0.9832
520/949 [===============>..............] - ETA: 16:16 - loss: 0.0472 - accuracy: 0.9832
521/949 [===============>..............] - ETA: 16:14 - loss: 0.0471 - accuracy: 0.9833
522/949 [===============>..............] - ETA: 16:12 - loss: 0.0471 - accuracy: 0.9833
523/949 [===============>..............] - ETA: 16:10 - loss: 0.0471 - accuracy: 0.9833
524/949 [===============>..............] - ETA: 16:07 - loss: 0.0471 - accuracy: 0.9833
525/949 [===============>..............] - ETA: 16:05 - loss: 0.0471 - accuracy: 0.9833
526/949 [===============>..............] - ETA: 16:03 - loss: 0.0470 - accuracy: 0.9833
527/949 [===============>..............] - ETA: 16:00 - loss: 0.0469 - accuracy: 0.9834
528/949 [===============>..............] - ETA: 15:58 - loss: 0.0468 - accuracy: 0.9834
529/949 [===============>..............] - ETA: 15:55 - loss: 0.0469 - accuracy: 0.9834
530/949 [===============>..............] - ETA: 15:53 - loss: 0.0469 - accuracy: 0.9834
531/949 [===============>..............] - ETA: 15:51 - loss: 0.0469 - accuracy: 0.9834
532/949 [===============>..............] - ETA: 15:49 - loss: 0.0470 - accuracy: 0.9834
533/949 [===============>..............] - ETA: 15:46 - loss: 0.0469 - accuracy: 0.9834
534/949 [===============>..............] - ETA: 15:44 - loss: 0.0469 - accuracy: 0.9834
535/949 [===============>..............] - ETA: 15:42 - loss: 0.0469 - accuracy: 0.9834
536/949 [===============>..............] - ETA: 15:39 - loss: 0.0468 - accuracy: 0.9835
537/949 [===============>..............] - ETA: 15:37 - loss: 0.0468 - accuracy: 0.9835
538/949 [================>.............] - ETA: 15:35 - loss: 0.0469 - accuracy: 0.9835
539/949 [================>.............] - ETA: 15:32 - loss: 0.0470 - accuracy: 0.9835
540/949 [================>.............] - ETA: 15:30 - loss: 0.0469 - accuracy: 0.9835
541/949 [================>.............] - ETA: 15:28 - loss: 0.0469 - accuracy: 0.9835
542/949 [================>.............] - ETA: 15:26 - loss: 0.0468 - accuracy: 0.9835
543/949 [================>.............] - ETA: 15:23 - loss: 0.0468 - accuracy: 0.9836
544/949 [================>.............] - ETA: 15:21 - loss: 0.0467 - accuracy: 0.9836
545/949 [================>.............] - ETA: 15:19 - loss: 0.0467 - accuracy: 0.9836
546/949 [================>.............] - ETA: 15:17 - loss: 0.0466 - accuracy: 0.9836
547/949 [================>.............] - ETA: 15:14 - loss: 0.0465 - accuracy: 0.9837
548/949 [================>.............] - ETA: 15:12 - loss: 0.0465 - accuracy: 0.9837
549/949 [================>.............] - ETA: 15:10 - loss: 0.0465 - accuracy: 0.9837
550/949 [================>.............] - ETA: 15:08 - loss: 0.0464 - accuracy: 0.9837
551/949 [================>.............] - ETA: 15:05 - loss: 0.0463 - accuracy: 0.9838
552/949 [================>.............] - ETA: 15:03 - loss: 0.0463 - accuracy: 0.9838
553/949 [================>.............] - ETA: 15:01 - loss: 0.0462 - accuracy: 0.9838
554/949 [================>.............] - ETA: 14:59 - loss: 0.0462 - accuracy: 0.9838
555/949 [================>.............] - ETA: 14:56 - loss: 0.0461 - accuracy: 0.9839
556/949 [================>.............] - ETA: 14:54 - loss: 0.0461 - accuracy: 0.9839
557/949 [================>.............] - ETA: 14:52 - loss: 0.0460 - accuracy: 0.9839
558/949 [================>.............] - ETA: 14:49 - loss: 0.0460 - accuracy: 0.9839
559/949 [================>.............] - ETA: 14:47 - loss: 0.0459 - accuracy: 0.9840
560/949 [================>.............] - ETA: 14:45 - loss: 0.0458 - accuracy: 0.9840
561/949 [================>.............] - ETA: 14:43 - loss: 0.0458 - accuracy: 0.9840
562/949 [================>.............] - ETA: 14:40 - loss: 0.0457 - accuracy: 0.9840
563/949 [================>.............] - ETA: 14:38 - loss: 0.0457 - accuracy: 0.9840
564/949 [================>.............] - ETA: 14:36 - loss: 0.0456 - accuracy: 0.9841
565/949 [================>.............] - ETA: 14:34 - loss: 0.0457 - accuracy: 0.9841
566/949 [================>.............] - ETA: 14:31 - loss: 0.0456 - accuracy: 0.9841
567/949 [================>.............] - ETA: 14:29 - loss: 0.0457 - accuracy: 0.9841
568/949 [================>.............] - ETA: 14:27 - loss: 0.0457 - accuracy: 0.9841
569/949 [================>.............] - ETA: 14:24 - loss: 0.0456 - accuracy: 0.9841
570/949 [=================>............] - ETA: 14:22 - loss: 0.0455 - accuracy: 0.9842
571/949 [=================>............] - ETA: 14:20 - loss: 0.0455 - accuracy: 0.9842
572/949 [=================>............] - ETA: 14:17 - loss: 0.0454 - accuracy: 0.9842
573/949 [=================>............] - ETA: 14:15 - loss: 0.0453 - accuracy: 0.9842
574/949 [=================>............] - ETA: 14:13 - loss: 0.0453 - accuracy: 0.9843
575/949 [=================>............] - ETA: 14:11 - loss: 0.0453 - accuracy: 0.9842
576/949 [=================>............] - ETA: 14:09 - loss: 0.0452 - accuracy: 0.9843
577/949 [=================>............] - ETA: 14:06 - loss: 0.0452 - accuracy: 0.9843
578/949 [=================>............] - ETA: 14:04 - loss: 0.0452 - accuracy: 0.9843
579/949 [=================>............] - ETA: 14:02 - loss: 0.0451 - accuracy: 0.9843
580/949 [=================>............] - ETA: 13:59 - loss: 0.0450 - accuracy: 0.9843
581/949 [=================>............] - ETA: 13:57 - loss: 0.0451 - accuracy: 0.9843
582/949 [=================>............] - ETA: 13:55 - loss: 0.0450 - accuracy: 0.9843
583/949 [=================>............] - ETA: 13:52 - loss: 0.0449 - accuracy: 0.9844
584/949 [=================>............] - ETA: 13:50 - loss: 0.0449 - accuracy: 0.9844
585/949 [=================>............] - ETA: 13:48 - loss: 0.0449 - accuracy: 0.9844
586/949 [=================>............] - ETA: 13:46 - loss: 0.0449 - accuracy: 0.9844
587/949 [=================>............] - ETA: 13:43 - loss: 0.0448 - accuracy: 0.9844
588/949 [=================>............] - ETA: 13:41 - loss: 0.0448 - accuracy: 0.9844
589/949 [=================>............] - ETA: 13:39 - loss: 0.0447 - accuracy: 0.9844
590/949 [=================>............] - ETA: 13:37 - loss: 0.0447 - accuracy: 0.9845
591/949 [=================>............] - ETA: 13:34 - loss: 0.0446 - accuracy: 0.9845
592/949 [=================>............] - ETA: 13:32 - loss: 0.0446 - accuracy: 0.9845
593/949 [=================>............] - ETA: 13:30 - loss: 0.0445 - accuracy: 0.9846
594/949 [=================>............] - ETA: 13:28 - loss: 0.0445 - accuracy: 0.9846
595/949 [=================>............] - ETA: 13:25 - loss: 0.0445 - accuracy: 0.9846
596/949 [=================>............] - ETA: 13:23 - loss: 0.0444 - accuracy: 0.9846
597/949 [=================>............] - ETA: 13:21 - loss: 0.0443 - accuracy: 0.9846
598/949 [=================>............] - ETA: 13:19 - loss: 0.0444 - accuracy: 0.9846
599/949 [=================>............] - ETA: 13:16 - loss: 0.0443 - accuracy: 0.9846
600/949 [=================>............] - ETA: 13:14 - loss: 0.0443 - accuracy: 0.9847
601/949 [=================>............] - ETA: 13:12 - loss: 0.0442 - accuracy: 0.9847
602/949 [==================>...........] - ETA: 13:10 - loss: 0.0442 - accuracy: 0.9847
603/949 [==================>...........] - ETA: 13:07 - loss: 0.0443 - accuracy: 0.9847
604/949 [==================>...........] - ETA: 13:05 - loss: 0.0443 - accuracy: 0.9847
605/949 [==================>...........] - ETA: 13:03 - loss: 0.0443 - accuracy: 0.9847
606/949 [==================>...........] - ETA: 13:01 - loss: 0.0443 - accuracy: 0.9847
607/949 [==================>...........] - ETA: 12:58 - loss: 0.0443 - accuracy: 0.9847
608/949 [==================>...........] - ETA: 12:56 - loss: 0.0442 - accuracy: 0.9847
609/949 [==================>...........] - ETA: 12:54 - loss: 0.0441 - accuracy: 0.9847
610/949 [==================>...........] - ETA: 12:51 - loss: 0.0441 - accuracy: 0.9848
611/949 [==================>...........] - ETA: 12:49 - loss: 0.0441 - accuracy: 0.9848
612/949 [==================>...........] - ETA: 12:47 - loss: 0.0440 - accuracy: 0.9848
613/949 [==================>...........] - ETA: 12:45 - loss: 0.0439 - accuracy: 0.9848
614/949 [==================>...........] - ETA: 12:42 - loss: 0.0439 - accuracy: 0.9849
615/949 [==================>...........] - ETA: 12:40 - loss: 0.0439 - accuracy: 0.9848
616/949 [==================>...........] - ETA: 12:38 - loss: 0.0438 - accuracy: 0.9849
617/949 [==================>...........] - ETA: 12:35 - loss: 0.0438 - accuracy: 0.9849
618/949 [==================>...........] - ETA: 12:33 - loss: 0.0437 - accuracy: 0.9849
619/949 [==================>...........] - ETA: 12:31 - loss: 0.0437 - accuracy: 0.9849
620/949 [==================>...........] - ETA: 12:29 - loss: 0.0437 - accuracy: 0.9850
621/949 [==================>...........] - ETA: 12:26 - loss: 0.0436 - accuracy: 0.9850
622/949 [==================>...........] - ETA: 12:24 - loss: 0.0435 - accuracy: 0.9850
623/949 [==================>...........] - ETA: 12:22 - loss: 0.0435 - accuracy: 0.9850
624/949 [==================>...........] - ETA: 12:19 - loss: 0.0435 - accuracy: 0.9850
625/949 [==================>...........] - ETA: 12:17 - loss: 0.0435 - accuracy: 0.9850
626/949 [==================>...........] - ETA: 12:15 - loss: 0.0435 - accuracy: 0.9850
627/949 [==================>...........] - ETA: 12:12 - loss: 0.0435 - accuracy: 0.9851
628/949 [==================>...........] - ETA: 12:10 - loss: 0.0434 - accuracy: 0.9851
629/949 [==================>...........] - ETA: 12:08 - loss: 0.0434 - accuracy: 0.9851
630/949 [==================>...........] - ETA: 12:06 - loss: 0.0433 - accuracy: 0.9851
631/949 [==================>...........] - ETA: 12:03 - loss: 0.0433 - accuracy: 0.9851
632/949 [==================>...........] - ETA: 12:01 - loss: 0.0434 - accuracy: 0.9851
633/949 [===================>..........] - ETA: 11:59 - loss: 0.0433 - accuracy: 0.9851
634/949 [===================>..........] - ETA: 11:57 - loss: 0.0433 - accuracy: 0.9851
635/949 [===================>..........] - ETA: 11:54 - loss: 0.0433 - accuracy: 0.9851
636/949 [===================>..........] - ETA: 11:52 - loss: 0.0433 - accuracy: 0.9851
637/949 [===================>..........] - ETA: 11:50 - loss: 0.0433 - accuracy: 0.9852
638/949 [===================>..........] - ETA: 11:48 - loss: 0.0432 - accuracy: 0.9852
639/949 [===================>..........] - ETA: 11:45 - loss: 0.0432 - accuracy: 0.9852
640/949 [===================>..........] - ETA: 11:43 - loss: 0.0431 - accuracy: 0.9852
641/949 [===================>..........] - ETA: 11:41 - loss: 0.0431 - accuracy: 0.9853
642/949 [===================>..........] - ETA: 11:38 - loss: 0.0430 - accuracy: 0.9853
643/949 [===================>..........] - ETA: 11:36 - loss: 0.0430 - accuracy: 0.9853
644/949 [===================>..........] - ETA: 11:34 - loss: 0.0429 - accuracy: 0.9853
645/949 [===================>..........] - ETA: 11:32 - loss: 0.0428 - accuracy: 0.9853
646/949 [===================>..........] - ETA: 11:30 - loss: 0.0428 - accuracy: 0.9853
647/949 [===================>..........] - ETA: 11:27 - loss: 0.0430 - accuracy: 0.9853
648/949 [===================>..........] - ETA: 11:25 - loss: 0.0430 - accuracy: 0.9853
649/949 [===================>..........] - ETA: 11:22 - loss: 0.0429 - accuracy: 0.9854
650/949 [===================>..........] - ETA: 11:20 - loss: 0.0430 - accuracy: 0.9854
651/949 [===================>..........] - ETA: 11:18 - loss: 0.0430 - accuracy: 0.9854
652/949 [===================>..........] - ETA: 11:16 - loss: 0.0430 - accuracy: 0.9854
653/949 [===================>..........] - ETA: 11:13 - loss: 0.0430 - accuracy: 0.9854
654/949 [===================>..........] - ETA: 11:11 - loss: 0.0430 - accuracy: 0.9854
655/949 [===================>..........] - ETA: 11:09 - loss: 0.0430 - accuracy: 0.9854
656/949 [===================>..........] - ETA: 11:07 - loss: 0.0430 - accuracy: 0.9854
657/949 [===================>..........] - ETA: 11:04 - loss: 0.0429 - accuracy: 0.9854
658/949 [===================>..........] - ETA: 11:02 - loss: 0.0429 - accuracy: 0.9854
659/949 [===================>..........] - ETA: 11:00 - loss: 0.0429 - accuracy: 0.9854
660/949 [===================>..........] - ETA: 10:57 - loss: 0.0428 - accuracy: 0.9854
661/949 [===================>..........] - ETA: 10:55 - loss: 0.0429 - accuracy: 0.9854
662/949 [===================>..........] - ETA: 10:53 - loss: 0.0429 - accuracy: 0.9854
663/949 [===================>..........] - ETA: 10:50 - loss: 0.0428 - accuracy: 0.9855
664/949 [===================>..........] - ETA: 10:48 - loss: 0.0429 - accuracy: 0.9854
665/949 [====================>.........] - ETA: 10:46 - loss: 0.0429 - accuracy: 0.9854
666/949 [====================>.........] - ETA: 10:44 - loss: 0.0429 - accuracy: 0.9855
667/949 [====================>.........] - ETA: 10:42 - loss: 0.0428 - accuracy: 0.9855
668/949 [====================>.........] - ETA: 10:40 - loss: 0.0428 - accuracy: 0.9855
669/949 [====================>.........] - ETA: 10:37 - loss: 0.0428 - accuracy: 0.9855
670/949 [====================>.........] - ETA: 10:35 - loss: 0.0427 - accuracy: 0.9855
671/949 [====================>.........] - ETA: 10:32 - loss: 0.0427 - accuracy: 0.9855
672/949 [====================>.........] - ETA: 10:30 - loss: 0.0426 - accuracy: 0.9856
673/949 [====================>.........] - ETA: 10:28 - loss: 0.0426 - accuracy: 0.9856
674/949 [====================>.........] - ETA: 10:26 - loss: 0.0425 - accuracy: 0.9856
675/949 [====================>.........] - ETA: 10:23 - loss: 0.0426 - accuracy: 0.9856
676/949 [====================>.........] - ETA: 10:21 - loss: 0.0425 - accuracy: 0.9856
677/949 [====================>.........] - ETA: 10:19 - loss: 0.0425 - accuracy: 0.9856
678/949 [====================>.........] - ETA: 10:17 - loss: 0.0424 - accuracy: 0.9856
679/949 [====================>.........] - ETA: 10:14 - loss: 0.0424 - accuracy: 0.9857
680/949 [====================>.........] - ETA: 10:12 - loss: 0.0424 - accuracy: 0.9856
681/949 [====================>.........] - ETA: 10:10 - loss: 0.0423 - accuracy: 0.9857
682/949 [====================>.........] - ETA: 10:07 - loss: 0.0424 - accuracy: 0.9856
683/949 [====================>.........] - ETA: 10:05 - loss: 0.0424 - accuracy: 0.9856
684/949 [====================>.........] - ETA: 10:03 - loss: 0.0424 - accuracy: 0.9856
685/949 [====================>.........] - ETA: 10:01 - loss: 0.0424 - accuracy: 0.9856
686/949 [====================>.........] - ETA: 9:59 - loss: 0.0423 - accuracy: 0.9857 
687/949 [====================>.........] - ETA: 9:56 - loss: 0.0423 - accuracy: 0.9856
688/949 [====================>.........] - ETA: 9:54 - loss: 0.0423 - accuracy: 0.9856
689/949 [====================>.........] - ETA: 9:52 - loss: 0.0423 - accuracy: 0.9856
690/949 [====================>.........] - ETA: 9:49 - loss: 0.0423 - accuracy: 0.9857
691/949 [====================>.........] - ETA: 9:47 - loss: 0.0423 - accuracy: 0.9857
692/949 [====================>.........] - ETA: 9:45 - loss: 0.0422 - accuracy: 0.9857
693/949 [====================>.........] - ETA: 9:42 - loss: 0.0422 - accuracy: 0.9857
694/949 [====================>.........] - ETA: 9:40 - loss: 0.0422 - accuracy: 0.9857
695/949 [====================>.........] - ETA: 9:38 - loss: 0.0421 - accuracy: 0.9857
696/949 [=====================>........] - ETA: 9:36 - loss: 0.0421 - accuracy: 0.9857
697/949 [=====================>........] - ETA: 9:33 - loss: 0.0421 - accuracy: 0.9858
698/949 [=====================>........] - ETA: 9:31 - loss: 0.0420 - accuracy: 0.9858
699/949 [=====================>........] - ETA: 9:29 - loss: 0.0420 - accuracy: 0.9858
700/949 [=====================>........] - ETA: 9:27 - loss: 0.0419 - accuracy: 0.9858
701/949 [=====================>........] - ETA: 9:24 - loss: 0.0419 - accuracy: 0.9858
702/949 [=====================>........] - ETA: 9:22 - loss: 0.0419 - accuracy: 0.9858
703/949 [=====================>........] - ETA: 9:20 - loss: 0.0419 - accuracy: 0.9858
704/949 [=====================>........] - ETA: 9:17 - loss: 0.0419 - accuracy: 0.9858
705/949 [=====================>........] - ETA: 9:15 - loss: 0.0418 - accuracy: 0.9859
706/949 [=====================>........] - ETA: 9:13 - loss: 0.0419 - accuracy: 0.9858
707/949 [=====================>........] - ETA: 9:11 - loss: 0.0418 - accuracy: 0.9859
708/949 [=====================>........] - ETA: 9:08 - loss: 0.0418 - accuracy: 0.9859
709/949 [=====================>........] - ETA: 9:06 - loss: 0.0418 - accuracy: 0.9859
710/949 [=====================>........] - ETA: 9:04 - loss: 0.0418 - accuracy: 0.9859
711/949 [=====================>........] - ETA: 9:01 - loss: 0.0418 - accuracy: 0.9859
712/949 [=====================>........] - ETA: 8:59 - loss: 0.0417 - accuracy: 0.9859
713/949 [=====================>........] - ETA: 8:57 - loss: 0.0417 - accuracy: 0.9859
714/949 [=====================>........] - ETA: 8:55 - loss: 0.0417 - accuracy: 0.9859
715/949 [=====================>........] - ETA: 8:52 - loss: 0.0416 - accuracy: 0.9859
716/949 [=====================>........] - ETA: 8:50 - loss: 0.0416 - accuracy: 0.9860
717/949 [=====================>........] - ETA: 8:48 - loss: 0.0416 - accuracy: 0.9860
718/949 [=====================>........] - ETA: 8:46 - loss: 0.0416 - accuracy: 0.9860
719/949 [=====================>........] - ETA: 8:43 - loss: 0.0415 - accuracy: 0.9860
720/949 [=====================>........] - ETA: 8:41 - loss: 0.0415 - accuracy: 0.9860
721/949 [=====================>........] - ETA: 8:39 - loss: 0.0414 - accuracy: 0.9860
722/949 [=====================>........] - ETA: 8:36 - loss: 0.0414 - accuracy: 0.9860
723/949 [=====================>........] - ETA: 8:34 - loss: 0.0414 - accuracy: 0.9861
724/949 [=====================>........] - ETA: 8:32 - loss: 0.0414 - accuracy: 0.9861
725/949 [=====================>........] - ETA: 8:30 - loss: 0.0413 - accuracy: 0.9861
726/949 [=====================>........] - ETA: 8:27 - loss: 0.0413 - accuracy: 0.9861
727/949 [=====================>........] - ETA: 8:25 - loss: 0.0412 - accuracy: 0.9861
728/949 [======================>.......] - ETA: 8:23 - loss: 0.0412 - accuracy: 0.9861
729/949 [======================>.......] - ETA: 8:21 - loss: 0.0412 - accuracy: 0.9862
730/949 [======================>.......] - ETA: 8:18 - loss: 0.0412 - accuracy: 0.9862
731/949 [======================>.......] - ETA: 8:16 - loss: 0.0413 - accuracy: 0.9861
732/949 [======================>.......] - ETA: 8:14 - loss: 0.0412 - accuracy: 0.9862
733/949 [======================>.......] - ETA: 8:12 - loss: 0.0412 - accuracy: 0.9862
734/949 [======================>.......] - ETA: 8:09 - loss: 0.0412 - accuracy: 0.9862
735/949 [======================>.......] - ETA: 8:07 - loss: 0.0411 - accuracy: 0.9862
736/949 [======================>.......] - ETA: 8:05 - loss: 0.0411 - accuracy: 0.9862
737/949 [======================>.......] - ETA: 8:02 - loss: 0.0410 - accuracy: 0.9862
738/949 [======================>.......] - ETA: 8:00 - loss: 0.0410 - accuracy: 0.9863
739/949 [======================>.......] - ETA: 7:58 - loss: 0.0409 - accuracy: 0.9863
740/949 [======================>.......] - ETA: 7:56 - loss: 0.0409 - accuracy: 0.9863
741/949 [======================>.......] - ETA: 7:53 - loss: 0.0408 - accuracy: 0.9863
742/949 [======================>.......] - ETA: 7:51 - loss: 0.0408 - accuracy: 0.9863
743/949 [======================>.......] - ETA: 7:49 - loss: 0.0407 - accuracy: 0.9864
744/949 [======================>.......] - ETA: 7:46 - loss: 0.0407 - accuracy: 0.9864
745/949 [======================>.......] - ETA: 7:44 - loss: 0.0407 - accuracy: 0.9864
746/949 [======================>.......] - ETA: 7:42 - loss: 0.0407 - accuracy: 0.9864
747/949 [======================>.......] - ETA: 7:40 - loss: 0.0407 - accuracy: 0.9864
748/949 [======================>.......] - ETA: 7:37 - loss: 0.0407 - accuracy: 0.9864
749/949 [======================>.......] - ETA: 7:35 - loss: 0.0406 - accuracy: 0.9864
750/949 [======================>.......] - ETA: 7:33 - loss: 0.0408 - accuracy: 0.9864
751/949 [======================>.......] - ETA: 7:30 - loss: 0.0407 - accuracy: 0.9864
752/949 [======================>.......] - ETA: 7:28 - loss: 0.0407 - accuracy: 0.9864
753/949 [======================>.......] - ETA: 7:26 - loss: 0.0407 - accuracy: 0.9864
754/949 [======================>.......] - ETA: 7:24 - loss: 0.0406 - accuracy: 0.9864
755/949 [======================>.......] - ETA: 7:21 - loss: 0.0407 - accuracy: 0.9864
756/949 [======================>.......] - ETA: 7:19 - loss: 0.0406 - accuracy: 0.9864
757/949 [======================>.......] - ETA: 7:17 - loss: 0.0406 - accuracy: 0.9864
758/949 [======================>.......] - ETA: 7:15 - loss: 0.0406 - accuracy: 0.9864
759/949 [======================>.......] - ETA: 7:12 - loss: 0.0405 - accuracy: 0.9864
760/949 [=======================>......] - ETA: 7:10 - loss: 0.0405 - accuracy: 0.9865
761/949 [=======================>......] - ETA: 7:08 - loss: 0.0405 - accuracy: 0.9865
762/949 [=======================>......] - ETA: 7:06 - loss: 0.0405 - accuracy: 0.9865
763/949 [=======================>......] - ETA: 7:03 - loss: 0.0404 - accuracy: 0.9865
764/949 [=======================>......] - ETA: 7:01 - loss: 0.0404 - accuracy: 0.9865
765/949 [=======================>......] - ETA: 6:59 - loss: 0.0404 - accuracy: 0.9865
766/949 [=======================>......] - ETA: 6:56 - loss: 0.0405 - accuracy: 0.9865
767/949 [=======================>......] - ETA: 6:54 - loss: 0.0405 - accuracy: 0.9865
768/949 [=======================>......] - ETA: 6:52 - loss: 0.0404 - accuracy: 0.9865
769/949 [=======================>......] - ETA: 6:50 - loss: 0.0404 - accuracy: 0.9865
770/949 [=======================>......] - ETA: 6:47 - loss: 0.0404 - accuracy: 0.9865
771/949 [=======================>......] - ETA: 6:45 - loss: 0.0404 - accuracy: 0.9865
772/949 [=======================>......] - ETA: 6:43 - loss: 0.0404 - accuracy: 0.9865
773/949 [=======================>......] - ETA: 6:41 - loss: 0.0404 - accuracy: 0.9865
774/949 [=======================>......] - ETA: 6:38 - loss: 0.0404 - accuracy: 0.9866
775/949 [=======================>......] - ETA: 6:36 - loss: 0.0405 - accuracy: 0.9865
776/949 [=======================>......] - ETA: 6:34 - loss: 0.0404 - accuracy: 0.9866
777/949 [=======================>......] - ETA: 6:31 - loss: 0.0404 - accuracy: 0.9866
778/949 [=======================>......] - ETA: 6:29 - loss: 0.0404 - accuracy: 0.9866
779/949 [=======================>......] - ETA: 6:27 - loss: 0.0403 - accuracy: 0.9866
780/949 [=======================>......] - ETA: 6:25 - loss: 0.0403 - accuracy: 0.9866
781/949 [=======================>......] - ETA: 6:22 - loss: 0.0403 - accuracy: 0.9866
782/949 [=======================>......] - ETA: 6:20 - loss: 0.0403 - accuracy: 0.9866
783/949 [=======================>......] - ETA: 6:18 - loss: 0.0403 - accuracy: 0.9866
784/949 [=======================>......] - ETA: 6:16 - loss: 0.0402 - accuracy: 0.9866
785/949 [=======================>......] - ETA: 6:13 - loss: 0.0402 - accuracy: 0.9867
786/949 [=======================>......] - ETA: 6:11 - loss: 0.0402 - accuracy: 0.9867
787/949 [=======================>......] - ETA: 6:09 - loss: 0.0402 - accuracy: 0.9867
788/949 [=======================>......] - ETA: 6:06 - loss: 0.0402 - accuracy: 0.9867
789/949 [=======================>......] - ETA: 6:04 - loss: 0.0401 - accuracy: 0.9867
790/949 [=======================>......] - ETA: 6:02 - loss: 0.0401 - accuracy: 0.9867
791/949 [========================>.....] - ETA: 6:00 - loss: 0.0401 - accuracy: 0.9867
792/949 [========================>.....] - ETA: 5:57 - loss: 0.0400 - accuracy: 0.9867
793/949 [========================>.....] - ETA: 5:55 - loss: 0.0400 - accuracy: 0.9867
794/949 [========================>.....] - ETA: 5:53 - loss: 0.0400 - accuracy: 0.9868
795/949 [========================>.....] - ETA: 5:50 - loss: 0.0400 - accuracy: 0.9868
796/949 [========================>.....] - ETA: 5:48 - loss: 0.0399 - accuracy: 0.9868
797/949 [========================>.....] - ETA: 5:46 - loss: 0.0400 - accuracy: 0.9868
798/949 [========================>.....] - ETA: 5:44 - loss: 0.0400 - accuracy: 0.9868
799/949 [========================>.....] - ETA: 5:41 - loss: 0.0399 - accuracy: 0.9868
800/949 [========================>.....] - ETA: 5:39 - loss: 0.0399 - accuracy: 0.9868
801/949 [========================>.....] - ETA: 5:37 - loss: 0.0398 - accuracy: 0.9868
802/949 [========================>.....] - ETA: 5:35 - loss: 0.0398 - accuracy: 0.9868
803/949 [========================>.....] - ETA: 5:32 - loss: 0.0398 - accuracy: 0.9868
804/949 [========================>.....] - ETA: 5:30 - loss: 0.0398 - accuracy: 0.9868
805/949 [========================>.....] - ETA: 5:28 - loss: 0.0398 - accuracy: 0.9868
806/949 [========================>.....] - ETA: 5:25 - loss: 0.0397 - accuracy: 0.9869
807/949 [========================>.....] - ETA: 5:23 - loss: 0.0397 - accuracy: 0.9869
808/949 [========================>.....] - ETA: 5:21 - loss: 0.0397 - accuracy: 0.9869
809/949 [========================>.....] - ETA: 5:19 - loss: 0.0397 - accuracy: 0.9869
810/949 [========================>.....] - ETA: 5:16 - loss: 0.0397 - accuracy: 0.9869
811/949 [========================>.....] - ETA: 5:14 - loss: 0.0397 - accuracy: 0.9869
812/949 [========================>.....] - ETA: 5:12 - loss: 0.0397 - accuracy: 0.9869
813/949 [========================>.....] - ETA: 5:10 - loss: 0.0396 - accuracy: 0.9869
814/949 [========================>.....] - ETA: 5:07 - loss: 0.0396 - accuracy: 0.9869
815/949 [========================>.....] - ETA: 5:05 - loss: 0.0396 - accuracy: 0.9869
816/949 [========================>.....] - ETA: 5:03 - loss: 0.0395 - accuracy: 0.9869
817/949 [========================>.....] - ETA: 5:00 - loss: 0.0395 - accuracy: 0.9869
818/949 [========================>.....] - ETA: 4:58 - loss: 0.0395 - accuracy: 0.9869
819/949 [========================>.....] - ETA: 4:56 - loss: 0.0394 - accuracy: 0.9870
820/949 [========================>.....] - ETA: 4:54 - loss: 0.0394 - accuracy: 0.9870
821/949 [========================>.....] - ETA: 4:51 - loss: 0.0393 - accuracy: 0.9870
822/949 [========================>.....] - ETA: 4:49 - loss: 0.0393 - accuracy: 0.9870
823/949 [=========================>....] - ETA: 4:47 - loss: 0.0393 - accuracy: 0.9870
824/949 [=========================>....] - ETA: 4:45 - loss: 0.0392 - accuracy: 0.9870
825/949 [=========================>....] - ETA: 4:42 - loss: 0.0394 - accuracy: 0.9870
826/949 [=========================>....] - ETA: 4:40 - loss: 0.0394 - accuracy: 0.9870
827/949 [=========================>....] - ETA: 4:38 - loss: 0.0394 - accuracy: 0.9870
828/949 [=========================>....] - ETA: 4:35 - loss: 0.0394 - accuracy: 0.9870
829/949 [=========================>....] - ETA: 4:33 - loss: 0.0393 - accuracy: 0.9870
830/949 [=========================>....] - ETA: 4:31 - loss: 0.0393 - accuracy: 0.9870
831/949 [=========================>....] - ETA: 4:29 - loss: 0.0392 - accuracy: 0.9871
832/949 [=========================>....] - ETA: 4:26 - loss: 0.0392 - accuracy: 0.9871
833/949 [=========================>....] - ETA: 4:24 - loss: 0.0392 - accuracy: 0.9871
834/949 [=========================>....] - ETA: 4:22 - loss: 0.0392 - accuracy: 0.9871
835/949 [=========================>....] - ETA: 4:19 - loss: 0.0392 - accuracy: 0.9871
836/949 [=========================>....] - ETA: 4:17 - loss: 0.0392 - accuracy: 0.9871
837/949 [=========================>....] - ETA: 4:15 - loss: 0.0392 - accuracy: 0.9871
838/949 [=========================>....] - ETA: 4:13 - loss: 0.0392 - accuracy: 0.9871
839/949 [=========================>....] - ETA: 4:10 - loss: 0.0391 - accuracy: 0.9871
840/949 [=========================>....] - ETA: 4:08 - loss: 0.0391 - accuracy: 0.9871
841/949 [=========================>....] - ETA: 4:06 - loss: 0.0391 - accuracy: 0.9871
842/949 [=========================>....] - ETA: 4:04 - loss: 0.0392 - accuracy: 0.9871
843/949 [=========================>....] - ETA: 4:01 - loss: 0.0391 - accuracy: 0.9871
844/949 [=========================>....] - ETA: 3:59 - loss: 0.0391 - accuracy: 0.9871
845/949 [=========================>....] - ETA: 3:57 - loss: 0.0390 - accuracy: 0.9871
846/949 [=========================>....] - ETA: 3:54 - loss: 0.0390 - accuracy: 0.9871
847/949 [=========================>....] - ETA: 3:52 - loss: 0.0390 - accuracy: 0.9872
848/949 [=========================>....] - ETA: 3:50 - loss: 0.0390 - accuracy: 0.9872
849/949 [=========================>....] - ETA: 3:48 - loss: 0.0390 - accuracy: 0.9872
850/949 [=========================>....] - ETA: 3:45 - loss: 0.0390 - accuracy: 0.9872
851/949 [=========================>....] - ETA: 3:43 - loss: 0.0389 - accuracy: 0.9872
852/949 [=========================>....] - ETA: 3:41 - loss: 0.0389 - accuracy: 0.9872
853/949 [=========================>....] - ETA: 3:38 - loss: 0.0389 - accuracy: 0.9872
854/949 [=========================>....] - ETA: 3:36 - loss: 0.0389 - accuracy: 0.9872
855/949 [==========================>...] - ETA: 3:34 - loss: 0.0389 - accuracy: 0.9872
856/949 [==========================>...] - ETA: 3:32 - loss: 0.0389 - accuracy: 0.9872
857/949 [==========================>...] - ETA: 3:29 - loss: 0.0389 - accuracy: 0.9872
858/949 [==========================>...] - ETA: 3:27 - loss: 0.0389 - accuracy: 0.9872
859/949 [==========================>...] - ETA: 3:25 - loss: 0.0389 - accuracy: 0.9872
860/949 [==========================>...] - ETA: 3:23 - loss: 0.0389 - accuracy: 0.9872
861/949 [==========================>...] - ETA: 3:20 - loss: 0.0389 - accuracy: 0.9873
862/949 [==========================>...] - ETA: 3:18 - loss: 0.0388 - accuracy: 0.9873
863/949 [==========================>...] - ETA: 3:16 - loss: 0.0389 - accuracy: 0.9872
864/949 [==========================>...] - ETA: 3:13 - loss: 0.0389 - accuracy: 0.9872
865/949 [==========================>...] - ETA: 3:11 - loss: 0.0389 - accuracy: 0.9872
866/949 [==========================>...] - ETA: 3:09 - loss: 0.0389 - accuracy: 0.9872
867/949 [==========================>...] - ETA: 3:07 - loss: 0.0389 - accuracy: 0.9872
868/949 [==========================>...] - ETA: 3:04 - loss: 0.0388 - accuracy: 0.9873
869/949 [==========================>...] - ETA: 3:02 - loss: 0.0388 - accuracy: 0.9872
870/949 [==========================>...] - ETA: 3:00 - loss: 0.0388 - accuracy: 0.9873
871/949 [==========================>...] - ETA: 2:57 - loss: 0.0388 - accuracy: 0.9873
872/949 [==========================>...] - ETA: 2:55 - loss: 0.0388 - accuracy: 0.9873
873/949 [==========================>...] - ETA: 2:53 - loss: 0.0388 - accuracy: 0.9873
874/949 [==========================>...] - ETA: 2:51 - loss: 0.0387 - accuracy: 0.9873
875/949 [==========================>...] - ETA: 2:48 - loss: 0.0387 - accuracy: 0.9873
876/949 [==========================>...] - ETA: 2:46 - loss: 0.0386 - accuracy: 0.9873
877/949 [==========================>...] - ETA: 2:44 - loss: 0.0386 - accuracy: 0.9873
878/949 [==========================>...] - ETA: 2:41 - loss: 0.0386 - accuracy: 0.9873
879/949 [==========================>...] - ETA: 2:39 - loss: 0.0387 - accuracy: 0.9873
880/949 [==========================>...] - ETA: 2:37 - loss: 0.0387 - accuracy: 0.9873
881/949 [==========================>...] - ETA: 2:35 - loss: 0.0387 - accuracy: 0.9873
882/949 [==========================>...] - ETA: 2:32 - loss: 0.0387 - accuracy: 0.9873
883/949 [==========================>...] - ETA: 2:30 - loss: 0.0386 - accuracy: 0.9873
884/949 [==========================>...] - ETA: 2:28 - loss: 0.0386 - accuracy: 0.9874
885/949 [==========================>...] - ETA: 2:26 - loss: 0.0386 - accuracy: 0.9874
886/949 [===========================>..] - ETA: 2:23 - loss: 0.0386 - accuracy: 0.9874
887/949 [===========================>..] - ETA: 2:21 - loss: 0.0385 - accuracy: 0.9874
888/949 [===========================>..] - ETA: 2:19 - loss: 0.0385 - accuracy: 0.9874
889/949 [===========================>..] - ETA: 2:16 - loss: 0.0386 - accuracy: 0.9874
890/949 [===========================>..] - ETA: 2:14 - loss: 0.0386 - accuracy: 0.9874
891/949 [===========================>..] - ETA: 2:12 - loss: 0.0385 - accuracy: 0.9874
892/949 [===========================>..] - ETA: 2:10 - loss: 0.0385 - accuracy: 0.9874
893/949 [===========================>..] - ETA: 2:07 - loss: 0.0385 - accuracy: 0.9874
894/949 [===========================>..] - ETA: 2:05 - loss: 0.0384 - accuracy: 0.9874
895/949 [===========================>..] - ETA: 2:03 - loss: 0.0384 - accuracy: 0.9874
896/949 [===========================>..] - ETA: 2:00 - loss: 0.0384 - accuracy: 0.9875
897/949 [===========================>..] - ETA: 1:58 - loss: 0.0383 - accuracy: 0.9875
898/949 [===========================>..] - ETA: 1:56 - loss: 0.0383 - accuracy: 0.9875
899/949 [===========================>..] - ETA: 1:54 - loss: 0.0383 - accuracy: 0.9875
900/949 [===========================>..] - ETA: 1:51 - loss: 0.0383 - accuracy: 0.9875
901/949 [===========================>..] - ETA: 1:49 - loss: 0.0383 - accuracy: 0.9875
902/949 [===========================>..] - ETA: 1:47 - loss: 0.0382 - accuracy: 0.9875
903/949 [===========================>..] - ETA: 1:44 - loss: 0.0382 - accuracy: 0.9875
904/949 [===========================>..] - ETA: 1:42 - loss: 0.0382 - accuracy: 0.9875
905/949 [===========================>..] - ETA: 1:40 - loss: 0.0382 - accuracy: 0.9875
906/949 [===========================>..] - ETA: 1:38 - loss: 0.0382 - accuracy: 0.9875
907/949 [===========================>..] - ETA: 1:35 - loss: 0.0381 - accuracy: 0.9875
908/949 [===========================>..] - ETA: 1:33 - loss: 0.0382 - accuracy: 0.9875
909/949 [===========================>..] - ETA: 1:31 - loss: 0.0381 - accuracy: 0.9876
910/949 [===========================>..] - ETA: 1:28 - loss: 0.0381 - accuracy: 0.9876
911/949 [===========================>..] - ETA: 1:26 - loss: 0.0381 - accuracy: 0.9876
912/949 [===========================>..] - ETA: 1:24 - loss: 0.0381 - accuracy: 0.9876
913/949 [===========================>..] - ETA: 1:22 - loss: 0.0381 - accuracy: 0.9876
914/949 [===========================>..] - ETA: 1:19 - loss: 0.0381 - accuracy: 0.9876
915/949 [===========================>..] - ETA: 1:17 - loss: 0.0380 - accuracy: 0.9876
916/949 [===========================>..] - ETA: 1:15 - loss: 0.0381 - accuracy: 0.9876
917/949 [===========================>..] - ETA: 1:13 - loss: 0.0381 - accuracy: 0.9876
918/949 [============================>.] - ETA: 1:10 - loss: 0.0381 - accuracy: 0.9876
919/949 [============================>.] - ETA: 1:08 - loss: 0.0380 - accuracy: 0.9876
920/949 [============================>.] - ETA: 1:06 - loss: 0.0380 - accuracy: 0.9876
921/949 [============================>.] - ETA: 1:03 - loss: 0.0380 - accuracy: 0.9876
922/949 [============================>.] - ETA: 1:01 - loss: 0.0380 - accuracy: 0.9876
923/949 [============================>.] - ETA: 59s - loss: 0.0380 - accuracy: 0.9876 
924/949 [============================>.] - ETA: 57s - loss: 0.0380 - accuracy: 0.9876
925/949 [============================>.] - ETA: 54s - loss: 0.0380 - accuracy: 0.9876
926/949 [============================>.] - ETA: 52s - loss: 0.0379 - accuracy: 0.9876
927/949 [============================>.] - ETA: 50s - loss: 0.0379 - accuracy: 0.9876
928/949 [============================>.] - ETA: 47s - loss: 0.0379 - accuracy: 0.9877
929/949 [============================>.] - ETA: 45s - loss: 0.0379 - accuracy: 0.9877
930/949 [============================>.] - ETA: 43s - loss: 0.0379 - accuracy: 0.9877
931/949 [============================>.] - ETA: 41s - loss: 0.0378 - accuracy: 0.9877
932/949 [============================>.] - ETA: 38s - loss: 0.0378 - accuracy: 0.9877
933/949 [============================>.] - ETA: 36s - loss: 0.0379 - accuracy: 0.9877
934/949 [============================>.] - ETA: 34s - loss: 0.0378 - accuracy: 0.9877
935/949 [============================>.] - ETA: 31s - loss: 0.0378 - accuracy: 0.9877
936/949 [============================>.] - ETA: 29s - loss: 0.0378 - accuracy: 0.9877
937/949 [============================>.] - ETA: 27s - loss: 0.0378 - accuracy: 0.9877
938/949 [============================>.] - ETA: 25s - loss: 0.0378 - accuracy: 0.9877
939/949 [============================>.] - ETA: 22s - loss: 0.0378 - accuracy: 0.9877
940/949 [============================>.] - ETA: 20s - loss: 0.0378 - accuracy: 0.9877
941/949 [============================>.] - ETA: 18s - loss: 0.0378 - accuracy: 0.9877
942/949 [============================>.] - ETA: 15s - loss: 0.0378 - accuracy: 0.9877
943/949 [============================>.] - ETA: 13s - loss: 0.0377 - accuracy: 0.9877
944/949 [============================>.] - ETA: 11s - loss: 0.0377 - accuracy: 0.9877
945/949 [============================>.] - ETA: 9s - loss: 0.0377 - accuracy: 0.9878 
946/949 [============================>.] - ETA: 6s - loss: 0.0376 - accuracy: 0.9878
947/949 [============================>.] - ETA: 4s - loss: 0.0377 - accuracy: 0.9878
948/949 [============================>.] - ETA: 2s - loss: 0.0377 - accuracy: 0.9878
949/949 [==============================] - 2166s 2s/step - loss: 0.0377 - accuracy: 0.9878
Over train job in 2166.430722 s
Model: "model_1"
_________________________________________________________________
Layer (type)                 Output Shape              Param #   
=================================================================
input_1 (InputLayer)         (None, 755, 128)          0         
_________________________________________________________________
lstm_1 (LSTM)                (None, 128)               131584    
_________________________________________________________________
dropout_1 (Dropout)          (None, 128)               0         
_________________________________________________________________
Output (Dense)               (None, 2)                 258       
=================================================================
Total params: 131,842
Trainable params: 131,842
Non-trainable params: 0
_________________________________________________________________
None
1/106 batch
2/106 batch
3/106 batch
4/106 batch
5/106 batch
6/106 batch
7/106 batch
8/106 batch
9/106 batch
10/106 batch
11/106 batch
12/106 batch
13/106 batch
14/106 batch
15/106 batch
16/106 batch
17/106 batch
18/106 batch
19/106 batch
20/106 batch
21/106 batch
22/106 batch
23/106 batch
24/106 batch
25/106 batch
26/106 batch
27/106 batch
28/106 batch
29/106 batch
30/106 batch
31/106 batch
32/106 batch
33/106 batch
34/106 batch
35/106 batch
36/106 batch
37/106 batch
38/106 batch
39/106 batch
40/106 batch
41/106 batch
42/106 batch
43/106 batch
44/106 batch
45/106 batch
46/106 batch
47/106 batch
48/106 batch
49/106 batch
50/106 batch
51/106 batch
52/106 batch
53/106 batch
54/106 batch
55/106 batch
56/106 batch
57/106 batch
58/106 batch
59/106 batch
60/106 batch
61/106 batch
62/106 batch
63/106 batch
64/106 batch
65/106 batch
66/106 batch
67/106 batch
68/106 batch
69/106 batch
70/106 batch
71/106 batch
72/106 batch
73/106 batch
74/106 batch
75/106 batch
76/106 batch
77/106 batch
78/106 batch
79/106 batch
80/106 batch
81/106 batch
82/106 batch
83/106 batch
84/106 batch
85/106 batch
86/106 batch
87/106 batch
88/106 batch
89/106 batch
90/106 batch
91/106 batch
92/106 batch
93/106 batch
94/106 batch
95/106 batch
96/106 batch
97/106 batch
98/106 batch
99/106 batch
100/106 batch
101/106 batch
102/106 batch
103/106 batch
104/106 batch
105/106 batch
106/106 batch
Precision score is : 0.9991835623894407
Recall score is : 0.9909581646423752
Accuracy score is :  0.9930786005499194
F1 score is :  0.9950538654380378
FP rate is : [0.         0.00191266 1.        ]
TP rate is : [0.         0.99095816 1.        ]
Roc_AOC is : 0.994522754619562
