Start Train Job! 
Epoch 1/2

  1/474 [..............................] - ETA: 44:29 - loss: 0.7162 - accuracy: 0.4600
  2/474 [..............................] - ETA: 29:07 - loss: 0.6124 - accuracy: 0.5650
  3/474 [..............................] - ETA: 26:07 - loss: 0.5307 - accuracy: 0.6433
  4/474 [..............................] - ETA: 24:33 - loss: 0.4894 - accuracy: 0.6675
  5/474 [..............................] - ETA: 22:41 - loss: 0.4725 - accuracy: 0.6720
  6/474 [..............................] - ETA: 22:22 - loss: 0.4497 - accuracy: 0.6700
  7/474 [..............................] - ETA: 21:40 - loss: 0.4236 - accuracy: 0.6914
  8/474 [..............................] - ETA: 21:12 - loss: 0.3990 - accuracy: 0.7212
  9/474 [..............................] - ETA: 20:46 - loss: 0.3776 - accuracy: 0.7467
 10/474 [..............................] - ETA: 20:57 - loss: 0.3557 - accuracy: 0.7710
 11/474 [..............................] - ETA: 20:37 - loss: 0.3356 - accuracy: 0.7891
 12/474 [..............................] - ETA: 20:24 - loss: 0.3158 - accuracy: 0.8050
 13/474 [..............................] - ETA: 20:12 - loss: 0.2995 - accuracy: 0.8185
 14/474 [..............................] - ETA: 19:53 - loss: 0.2846 - accuracy: 0.8286
 15/474 [..............................] - ETA: 19:52 - loss: 0.2690 - accuracy: 0.8393
 16/474 [>.............................] - ETA: 19:38 - loss: 0.2558 - accuracy: 0.8481
 17/474 [>.............................] - ETA: 19:30 - loss: 0.2455 - accuracy: 0.8559
 18/474 [>.............................] - ETA: 19:33 - loss: 0.2344 - accuracy: 0.8628
 19/474 [>.............................] - ETA: 19:30 - loss: 0.2253 - accuracy: 0.8689
 20/474 [>.............................] - ETA: 19:11 - loss: 0.2175 - accuracy: 0.8740
 21/474 [>.............................] - ETA: 19:11 - loss: 0.2092 - accuracy: 0.8790
 22/474 [>.............................] - ETA: 19:13 - loss: 0.2019 - accuracy: 0.8836
 23/474 [>.............................] - ETA: 19:00 - loss: 0.1954 - accuracy: 0.8878
 24/474 [>.............................] - ETA: 18:59 - loss: 0.1877 - accuracy: 0.8925
 25/474 [>.............................] - ETA: 18:56 - loss: 0.1805 - accuracy: 0.8968
 26/474 [>.............................] - ETA: 18:49 - loss: 0.1752 - accuracy: 0.9004
 27/474 [>.............................] - ETA: 18:47 - loss: 0.1727 - accuracy: 0.9033
 28/474 [>.............................] - ETA: 18:49 - loss: 0.1679 - accuracy: 0.9064
 29/474 [>.............................] - ETA: 18:43 - loss: 0.1649 - accuracy: 0.9090
 30/474 [>.............................] - ETA: 18:36 - loss: 0.1595 - accuracy: 0.9120
 31/474 [>.............................] - ETA: 18:32 - loss: 0.1546 - accuracy: 0.9148
 32/474 [=>............................] - ETA: 18:30 - loss: 0.1505 - accuracy: 0.9172
 33/474 [=>............................] - ETA: 18:31 - loss: 0.1461 - accuracy: 0.9197
 34/474 [=>............................] - ETA: 18:24 - loss: 0.1423 - accuracy: 0.9218
 35/474 [=>............................] - ETA: 18:20 - loss: 0.1411 - accuracy: 0.9237
 36/474 [=>............................] - ETA: 18:17 - loss: 0.1386 - accuracy: 0.9250
 37/474 [=>............................] - ETA: 18:13 - loss: 0.1352 - accuracy: 0.9268
 38/474 [=>............................] - ETA: 18:09 - loss: 0.1340 - accuracy: 0.9282
 39/474 [=>............................] - ETA: 18:06 - loss: 0.1323 - accuracy: 0.9295
 40/474 [=>............................] - ETA: 18:04 - loss: 0.1296 - accuracy: 0.9310
 41/474 [=>............................] - ETA: 18:03 - loss: 0.1305 - accuracy: 0.9317
 42/474 [=>............................] - ETA: 17:56 - loss: 0.1278 - accuracy: 0.9333
 43/474 [=>............................] - ETA: 17:55 - loss: 0.1268 - accuracy: 0.9344
 44/474 [=>............................] - ETA: 17:54 - loss: 0.1243 - accuracy: 0.9359
 45/474 [=>............................] - ETA: 17:51 - loss: 0.1231 - accuracy: 0.9369
 46/474 [=>............................] - ETA: 17:44 - loss: 0.1207 - accuracy: 0.9383
 47/474 [=>............................] - ETA: 17:42 - loss: 0.1188 - accuracy: 0.9394
 48/474 [==>...........................] - ETA: 17:42 - loss: 0.1172 - accuracy: 0.9402
 49/474 [==>...........................] - ETA: 17:39 - loss: 0.1155 - accuracy: 0.9414
 50/474 [==>...........................] - ETA: 17:32 - loss: 0.1138 - accuracy: 0.9426
 51/474 [==>...........................] - ETA: 17:32 - loss: 0.1119 - accuracy: 0.9437
 52/474 [==>...........................] - ETA: 17:25 - loss: 0.1103 - accuracy: 0.9448
 53/474 [==>...........................] - ETA: 17:24 - loss: 0.1095 - accuracy: 0.9455
 54/474 [==>...........................] - ETA: 17:22 - loss: 0.1085 - accuracy: 0.9459
 55/474 [==>...........................] - ETA: 17:20 - loss: 0.1077 - accuracy: 0.9467
 56/474 [==>...........................] - ETA: 17:15 - loss: 0.1059 - accuracy: 0.9477
 57/474 [==>...........................] - ETA: 17:12 - loss: 0.1057 - accuracy: 0.9481
 58/474 [==>...........................] - ETA: 17:09 - loss: 0.1043 - accuracy: 0.9488
 59/474 [==>...........................] - ETA: 17:09 - loss: 0.1026 - accuracy: 0.9497
 60/474 [==>...........................] - ETA: 17:03 - loss: 0.1021 - accuracy: 0.9502
 61/474 [==>...........................] - ETA: 17:00 - loss: 0.1009 - accuracy: 0.9508
 62/474 [==>...........................] - ETA: 16:59 - loss: 0.1004 - accuracy: 0.9511
 63/474 [==>...........................] - ETA: 16:58 - loss: 0.0996 - accuracy: 0.9516
 64/474 [===>..........................] - ETA: 16:53 - loss: 0.0981 - accuracy: 0.9523
 65/474 [===>..........................] - ETA: 16:51 - loss: 0.0976 - accuracy: 0.9528
 66/474 [===>..........................] - ETA: 16:50 - loss: 0.0963 - accuracy: 0.9535
 67/474 [===>..........................] - ETA: 16:47 - loss: 0.0950 - accuracy: 0.9542
 68/474 [===>..........................] - ETA: 16:42 - loss: 0.0943 - accuracy: 0.9546
 69/474 [===>..........................] - ETA: 16:41 - loss: 0.0931 - accuracy: 0.9552
 70/474 [===>..........................] - ETA: 16:39 - loss: 0.0922 - accuracy: 0.9557
 71/474 [===>..........................] - ETA: 16:34 - loss: 0.0926 - accuracy: 0.9561
 72/474 [===>..........................] - ETA: 16:33 - loss: 0.0917 - accuracy: 0.9565
 73/474 [===>..........................] - ETA: 16:29 - loss: 0.0917 - accuracy: 0.9567
 74/474 [===>..........................] - ETA: 16:27 - loss: 0.0917 - accuracy: 0.9568
 75/474 [===>..........................] - ETA: 16:23 - loss: 0.0914 - accuracy: 0.9572
 76/474 [===>..........................] - ETA: 16:21 - loss: 0.0906 - accuracy: 0.9576
 77/474 [===>..........................] - ETA: 16:19 - loss: 0.0899 - accuracy: 0.9581
 78/474 [===>..........................] - ETA: 16:16 - loss: 0.0888 - accuracy: 0.9586
 79/474 [====>.........................] - ETA: 16:13 - loss: 0.0878 - accuracy: 0.9591
 80/474 [====>.........................] - ETA: 16:10 - loss: 0.0868 - accuracy: 0.9596
 81/474 [====>.........................] - ETA: 16:10 - loss: 0.0865 - accuracy: 0.9599
 82/474 [====>.........................] - ETA: 16:05 - loss: 0.0865 - accuracy: 0.9601
 83/474 [====>.........................] - ETA: 16:03 - loss: 0.0869 - accuracy: 0.9601
 84/474 [====>.........................] - ETA: 16:01 - loss: 0.0861 - accuracy: 0.9604
 85/474 [====>.........................] - ETA: 15:59 - loss: 0.0858 - accuracy: 0.9607
 86/474 [====>.........................] - ETA: 15:57 - loss: 0.0852 - accuracy: 0.9610
 87/474 [====>.........................] - ETA: 15:54 - loss: 0.0843 - accuracy: 0.9615
 88/474 [====>.........................] - ETA: 15:51 - loss: 0.0837 - accuracy: 0.9618
 89/474 [====>.........................] - ETA: 15:47 - loss: 0.0838 - accuracy: 0.9619
 90/474 [====>.........................] - ETA: 15:44 - loss: 0.0839 - accuracy: 0.9621
 91/474 [====>.........................] - ETA: 15:43 - loss: 0.0831 - accuracy: 0.9625
 92/474 [====>.........................] - ETA: 15:39 - loss: 0.0827 - accuracy: 0.9628
 93/474 [====>.........................] - ETA: 15:37 - loss: 0.0822 - accuracy: 0.9631
 94/474 [====>.........................] - ETA: 15:35 - loss: 0.0818 - accuracy: 0.9634
 95/474 [=====>........................] - ETA: 15:33 - loss: 0.0812 - accuracy: 0.9636
 96/474 [=====>........................] - ETA: 15:30 - loss: 0.0807 - accuracy: 0.9638
 97/474 [=====>........................] - ETA: 15:27 - loss: 0.0801 - accuracy: 0.9641
 98/474 [=====>........................] - ETA: 15:24 - loss: 0.0795 - accuracy: 0.9645
 99/474 [=====>........................] - ETA: 15:23 - loss: 0.0788 - accuracy: 0.9648
100/474 [=====>........................] - ETA: 15:19 - loss: 0.0788 - accuracy: 0.9650
101/474 [=====>........................] - ETA: 15:16 - loss: 0.0781 - accuracy: 0.9653
102/474 [=====>........................] - ETA: 15:14 - loss: 0.0777 - accuracy: 0.9656
103/474 [=====>........................] - ETA: 15:13 - loss: 0.0772 - accuracy: 0.9658
104/474 [=====>........................] - ETA: 15:10 - loss: 0.0767 - accuracy: 0.9661
105/474 [=====>........................] - ETA: 15:06 - loss: 0.0761 - accuracy: 0.9664
106/474 [=====>........................] - ETA: 15:04 - loss: 0.0755 - accuracy: 0.9666
107/474 [=====>........................] - ETA: 15:03 - loss: 0.0752 - accuracy: 0.9668
108/474 [=====>........................] - ETA: 14:58 - loss: 0.0755 - accuracy: 0.9669
109/474 [=====>........................] - ETA: 14:57 - loss: 0.0751 - accuracy: 0.9671
110/474 [=====>........................] - ETA: 14:55 - loss: 0.0745 - accuracy: 0.9673
111/474 [======>.......................] - ETA: 14:51 - loss: 0.0740 - accuracy: 0.9675
112/474 [======>.......................] - ETA: 14:48 - loss: 0.0737 - accuracy: 0.9676
113/474 [======>.......................] - ETA: 14:47 - loss: 0.0735 - accuracy: 0.9677
114/474 [======>.......................] - ETA: 14:44 - loss: 0.0729 - accuracy: 0.9680
115/474 [======>.......................] - ETA: 14:41 - loss: 0.0723 - accuracy: 0.9683
116/474 [======>.......................] - ETA: 14:39 - loss: 0.0725 - accuracy: 0.9684
117/474 [======>.......................] - ETA: 14:36 - loss: 0.0720 - accuracy: 0.9685
118/474 [======>.......................] - ETA: 14:34 - loss: 0.0719 - accuracy: 0.9687
119/474 [======>.......................] - ETA: 14:31 - loss: 0.0719 - accuracy: 0.9688
120/474 [======>.......................] - ETA: 14:29 - loss: 0.0717 - accuracy: 0.9689
121/474 [======>.......................] - ETA: 14:28 - loss: 0.0716 - accuracy: 0.9690
122/474 [======>.......................] - ETA: 14:24 - loss: 0.0713 - accuracy: 0.9691
123/474 [======>.......................] - ETA: 14:21 - loss: 0.0708 - accuracy: 0.9693
124/474 [======>.......................] - ETA: 14:20 - loss: 0.0704 - accuracy: 0.9695
125/474 [======>.......................] - ETA: 14:17 - loss: 0.0702 - accuracy: 0.9695
126/474 [======>.......................] - ETA: 14:14 - loss: 0.0698 - accuracy: 0.9698
127/474 [=======>......................] - ETA: 14:12 - loss: 0.0694 - accuracy: 0.9700
128/474 [=======>......................] - ETA: 14:10 - loss: 0.0689 - accuracy: 0.9702
129/474 [=======>......................] - ETA: 14:08 - loss: 0.0685 - accuracy: 0.9705
130/474 [=======>......................] - ETA: 14:04 - loss: 0.0680 - accuracy: 0.9707
131/474 [=======>......................] - ETA: 14:02 - loss: 0.0675 - accuracy: 0.9709
132/474 [=======>......................] - ETA: 14:00 - loss: 0.0670 - accuracy: 0.9711
133/474 [=======>......................] - ETA: 13:56 - loss: 0.0668 - accuracy: 0.9713
134/474 [=======>......................] - ETA: 13:54 - loss: 0.0663 - accuracy: 0.9715
135/474 [=======>......................] - ETA: 13:52 - loss: 0.0663 - accuracy: 0.9716
136/474 [=======>......................] - ETA: 13:50 - loss: 0.0659 - accuracy: 0.9717
137/474 [=======>......................] - ETA: 13:47 - loss: 0.0657 - accuracy: 0.9718
138/474 [=======>......................] - ETA: 13:45 - loss: 0.0653 - accuracy: 0.9720
139/474 [=======>......................] - ETA: 13:42 - loss: 0.0648 - accuracy: 0.9722
140/474 [=======>......................] - ETA: 13:39 - loss: 0.0647 - accuracy: 0.9724
141/474 [=======>......................] - ETA: 13:37 - loss: 0.0643 - accuracy: 0.9726
142/474 [=======>......................] - ETA: 13:34 - loss: 0.0642 - accuracy: 0.9727
143/474 [========>.....................] - ETA: 13:33 - loss: 0.0638 - accuracy: 0.9729
144/474 [========>.....................] - ETA: 13:29 - loss: 0.0638 - accuracy: 0.9729
145/474 [========>.....................] - ETA: 13:27 - loss: 0.0636 - accuracy: 0.9730
146/474 [========>.....................] - ETA: 13:25 - loss: 0.0632 - accuracy: 0.9732
147/474 [========>.....................] - ETA: 13:22 - loss: 0.0629 - accuracy: 0.9733
148/474 [========>.....................] - ETA: 13:20 - loss: 0.0626 - accuracy: 0.9734
149/474 [========>.....................] - ETA: 13:18 - loss: 0.0623 - accuracy: 0.9736
150/474 [========>.....................] - ETA: 13:15 - loss: 0.0623 - accuracy: 0.9736
151/474 [========>.....................] - ETA: 13:13 - loss: 0.0620 - accuracy: 0.9738
152/474 [========>.....................] - ETA: 13:10 - loss: 0.0616 - accuracy: 0.9739
153/474 [========>.....................] - ETA: 13:08 - loss: 0.0613 - accuracy: 0.9741
154/474 [========>.....................] - ETA: 13:06 - loss: 0.0610 - accuracy: 0.9742
155/474 [========>.....................] - ETA: 13:03 - loss: 0.0612 - accuracy: 0.9742
156/474 [========>.....................] - ETA: 13:00 - loss: 0.0608 - accuracy: 0.9744
157/474 [========>.....................] - ETA: 12:58 - loss: 0.0606 - accuracy: 0.9745
158/474 [=========>....................] - ETA: 12:56 - loss: 0.0604 - accuracy: 0.9746
159/474 [=========>....................] - ETA: 12:53 - loss: 0.0602 - accuracy: 0.9746
160/474 [=========>....................] - ETA: 12:50 - loss: 0.0598 - accuracy: 0.9747
161/474 [=========>....................] - ETA: 12:48 - loss: 0.0596 - accuracy: 0.9748
162/474 [=========>....................] - ETA: 12:46 - loss: 0.0593 - accuracy: 0.9750
163/474 [=========>....................] - ETA: 12:43 - loss: 0.0589 - accuracy: 0.9752
164/474 [=========>....................] - ETA: 12:41 - loss: 0.0590 - accuracy: 0.9752
165/474 [=========>....................] - ETA: 12:39 - loss: 0.0591 - accuracy: 0.9752
166/474 [=========>....................] - ETA: 12:36 - loss: 0.0591 - accuracy: 0.9753
167/474 [=========>....................] - ETA: 12:33 - loss: 0.0590 - accuracy: 0.9754
168/474 [=========>....................] - ETA: 12:31 - loss: 0.0590 - accuracy: 0.9755
169/474 [=========>....................] - ETA: 12:29 - loss: 0.0587 - accuracy: 0.9756
170/474 [=========>....................] - ETA: 12:26 - loss: 0.0587 - accuracy: 0.9756
171/474 [=========>....................] - ETA: 12:24 - loss: 0.0585 - accuracy: 0.9758
172/474 [=========>....................] - ETA: 12:21 - loss: 0.0584 - accuracy: 0.9759
173/474 [=========>....................] - ETA: 12:19 - loss: 0.0581 - accuracy: 0.9760
174/474 [==========>...................] - ETA: 12:16 - loss: 0.0579 - accuracy: 0.9761
175/474 [==========>...................] - ETA: 12:14 - loss: 0.0576 - accuracy: 0.9763
176/474 [==========>...................] - ETA: 12:12 - loss: 0.0574 - accuracy: 0.9764
177/474 [==========>...................] - ETA: 12:09 - loss: 0.0574 - accuracy: 0.9764
178/474 [==========>...................] - ETA: 12:06 - loss: 0.0573 - accuracy: 0.9765
179/474 [==========>...................] - ETA: 12:04 - loss: 0.0571 - accuracy: 0.9766
180/474 [==========>...................] - ETA: 12:02 - loss: 0.0569 - accuracy: 0.9767
181/474 [==========>...................] - ETA: 11:59 - loss: 0.0566 - accuracy: 0.9768
182/474 [==========>...................] - ETA: 11:57 - loss: 0.0568 - accuracy: 0.9768
183/474 [==========>...................] - ETA: 11:54 - loss: 0.0565 - accuracy: 0.9769
184/474 [==========>...................] - ETA: 11:52 - loss: 0.0563 - accuracy: 0.9771
185/474 [==========>...................] - ETA: 11:49 - loss: 0.0560 - accuracy: 0.9772
186/474 [==========>...................] - ETA: 11:47 - loss: 0.0559 - accuracy: 0.9772
187/474 [==========>...................] - ETA: 11:45 - loss: 0.0561 - accuracy: 0.9772
188/474 [==========>...................] - ETA: 11:41 - loss: 0.0559 - accuracy: 0.9773
189/474 [==========>...................] - ETA: 11:39 - loss: 0.0556 - accuracy: 0.9775
190/474 [===========>..................] - ETA: 11:37 - loss: 0.0555 - accuracy: 0.9775
191/474 [===========>..................] - ETA: 11:35 - loss: 0.0552 - accuracy: 0.9776
192/474 [===========>..................] - ETA: 11:32 - loss: 0.0549 - accuracy: 0.9778
193/474 [===========>..................] - ETA: 11:29 - loss: 0.0548 - accuracy: 0.9778
194/474 [===========>..................] - ETA: 11:27 - loss: 0.0548 - accuracy: 0.9779
195/474 [===========>..................] - ETA: 11:25 - loss: 0.0546 - accuracy: 0.9780
196/474 [===========>..................] - ETA: 11:22 - loss: 0.0544 - accuracy: 0.9781
197/474 [===========>..................] - ETA: 11:20 - loss: 0.0541 - accuracy: 0.9782
198/474 [===========>..................] - ETA: 11:17 - loss: 0.0539 - accuracy: 0.9783
199/474 [===========>..................] - ETA: 11:15 - loss: 0.0541 - accuracy: 0.9783
200/474 [===========>..................] - ETA: 11:12 - loss: 0.0539 - accuracy: 0.9785
201/474 [===========>..................] - ETA: 11:10 - loss: 0.0536 - accuracy: 0.9786
202/474 [===========>..................] - ETA: 11:08 - loss: 0.0534 - accuracy: 0.9787
203/474 [===========>..................] - ETA: 11:05 - loss: 0.0532 - accuracy: 0.9788
204/474 [===========>..................] - ETA: 11:02 - loss: 0.0533 - accuracy: 0.9788
205/474 [===========>..................] - ETA: 11:00 - loss: 0.0530 - accuracy: 0.9789
206/474 [============>.................] - ETA: 10:58 - loss: 0.0528 - accuracy: 0.9790
207/474 [============>.................] - ETA: 10:55 - loss: 0.0528 - accuracy: 0.9790
208/474 [============>.................] - ETA: 10:53 - loss: 0.0526 - accuracy: 0.9791
209/474 [============>.................] - ETA: 10:51 - loss: 0.0525 - accuracy: 0.9791
210/474 [============>.................] - ETA: 10:48 - loss: 0.0523 - accuracy: 0.9792
211/474 [============>.................] - ETA: 10:45 - loss: 0.0522 - accuracy: 0.9793
212/474 [============>.................] - ETA: 10:43 - loss: 0.0520 - accuracy: 0.9794
213/474 [============>.................] - ETA: 10:41 - loss: 0.0518 - accuracy: 0.9795
214/474 [============>.................] - ETA: 10:38 - loss: 0.0515 - accuracy: 0.9796
215/474 [============>.................] - ETA: 10:36 - loss: 0.0516 - accuracy: 0.9796
216/474 [============>.................] - ETA: 10:33 - loss: 0.0513 - accuracy: 0.9797
217/474 [============>.................] - ETA: 10:31 - loss: 0.0514 - accuracy: 0.9797
218/474 [============>.................] - ETA: 10:28 - loss: 0.0511 - accuracy: 0.9798
219/474 [============>.................] - ETA: 10:26 - loss: 0.0509 - accuracy: 0.9799
220/474 [============>.................] - ETA: 10:24 - loss: 0.0511 - accuracy: 0.9799
221/474 [============>.................] - ETA: 10:21 - loss: 0.0510 - accuracy: 0.9799
222/474 [=============>................] - ETA: 10:18 - loss: 0.0509 - accuracy: 0.9800
223/474 [=============>................] - ETA: 10:16 - loss: 0.0509 - accuracy: 0.9800
224/474 [=============>................] - ETA: 10:14 - loss: 0.0509 - accuracy: 0.9800
225/474 [=============>................] - ETA: 10:11 - loss: 0.0509 - accuracy: 0.9800
226/474 [=============>................] - ETA: 10:09 - loss: 0.0508 - accuracy: 0.9801
227/474 [=============>................] - ETA: 10:06 - loss: 0.0506 - accuracy: 0.9802
228/474 [=============>................] - ETA: 10:04 - loss: 0.0505 - accuracy: 0.9803
229/474 [=============>................] - ETA: 10:01 - loss: 0.0505 - accuracy: 0.9803
230/474 [=============>................] - ETA: 9:58 - loss: 0.0503 - accuracy: 0.9804 
231/474 [=============>................] - ETA: 9:56 - loss: 0.0501 - accuracy: 0.9804
232/474 [=============>................] - ETA: 9:54 - loss: 0.0502 - accuracy: 0.9804
233/474 [=============>................] - ETA: 9:51 - loss: 0.0501 - accuracy: 0.9805
234/474 [=============>................] - ETA: 9:49 - loss: 0.0500 - accuracy: 0.9805
235/474 [=============>................] - ETA: 9:46 - loss: 0.0498 - accuracy: 0.9806
236/474 [=============>................] - ETA: 9:44 - loss: 0.0498 - accuracy: 0.9806
237/474 [==============>...............] - ETA: 9:41 - loss: 0.0499 - accuracy: 0.9806
238/474 [==============>...............] - ETA: 9:39 - loss: 0.0497 - accuracy: 0.9807
239/474 [==============>...............] - ETA: 9:37 - loss: 0.0495 - accuracy: 0.9808
240/474 [==============>...............] - ETA: 9:34 - loss: 0.0494 - accuracy: 0.9808
241/474 [==============>...............] - ETA: 9:31 - loss: 0.0493 - accuracy: 0.9809
242/474 [==============>...............] - ETA: 9:29 - loss: 0.0498 - accuracy: 0.9808
243/474 [==============>...............] - ETA: 9:27 - loss: 0.0496 - accuracy: 0.9809
244/474 [==============>...............] - ETA: 9:24 - loss: 0.0494 - accuracy: 0.9809
245/474 [==============>...............] - ETA: 9:22 - loss: 0.0494 - accuracy: 0.9809
246/474 [==============>...............] - ETA: 9:19 - loss: 0.0493 - accuracy: 0.9809
247/474 [==============>...............] - ETA: 9:17 - loss: 0.0496 - accuracy: 0.9809
248/474 [==============>...............] - ETA: 9:14 - loss: 0.0497 - accuracy: 0.9809
249/474 [==============>...............] - ETA: 9:12 - loss: 0.0497 - accuracy: 0.9808
250/474 [==============>...............] - ETA: 9:10 - loss: 0.0496 - accuracy: 0.9809
251/474 [==============>...............] - ETA: 9:07 - loss: 0.0494 - accuracy: 0.9810
252/474 [==============>...............] - ETA: 9:06 - loss: 0.0494 - accuracy: 0.9810
253/474 [===============>..............] - ETA: 9:04 - loss: 0.0493 - accuracy: 0.9811
254/474 [===============>..............] - ETA: 9:01 - loss: 0.0492 - accuracy: 0.9811
255/474 [===============>..............] - ETA: 8:59 - loss: 0.0495 - accuracy: 0.9811
256/474 [===============>..............] - ETA: 8:56 - loss: 0.0494 - accuracy: 0.9811
257/474 [===============>..............] - ETA: 8:54 - loss: 0.0493 - accuracy: 0.9812
258/474 [===============>..............] - ETA: 8:51 - loss: 0.0493 - accuracy: 0.9812
259/474 [===============>..............] - ETA: 8:49 - loss: 0.0491 - accuracy: 0.9813
260/474 [===============>..............] - ETA: 8:47 - loss: 0.0490 - accuracy: 0.9814
261/474 [===============>..............] - ETA: 8:44 - loss: 0.0489 - accuracy: 0.9815
262/474 [===============>..............] - ETA: 8:42 - loss: 0.0487 - accuracy: 0.9815
263/474 [===============>..............] - ETA: 8:39 - loss: 0.0488 - accuracy: 0.9815
264/474 [===============>..............] - ETA: 8:37 - loss: 0.0486 - accuracy: 0.9816
265/474 [===============>..............] - ETA: 8:34 - loss: 0.0485 - accuracy: 0.9817
266/474 [===============>..............] - ETA: 8:32 - loss: 0.0483 - accuracy: 0.9817
267/474 [===============>..............] - ETA: 8:29 - loss: 0.0483 - accuracy: 0.9818
268/474 [===============>..............] - ETA: 8:27 - loss: 0.0482 - accuracy: 0.9818
269/474 [================>.............] - ETA: 8:25 - loss: 0.0482 - accuracy: 0.9818
270/474 [================>.............] - ETA: 8:22 - loss: 0.0480 - accuracy: 0.9819
271/474 [================>.............] - ETA: 8:19 - loss: 0.0479 - accuracy: 0.9820
272/474 [================>.............] - ETA: 8:17 - loss: 0.0477 - accuracy: 0.9820
273/474 [================>.............] - ETA: 8:14 - loss: 0.0477 - accuracy: 0.9821
274/474 [================>.............] - ETA: 8:12 - loss: 0.0475 - accuracy: 0.9821
275/474 [================>.............] - ETA: 8:09 - loss: 0.0475 - accuracy: 0.9821
276/474 [================>.............] - ETA: 8:07 - loss: 0.0473 - accuracy: 0.9822
277/474 [================>.............] - ETA: 8:05 - loss: 0.0472 - accuracy: 0.9823
278/474 [================>.............] - ETA: 8:02 - loss: 0.0472 - accuracy: 0.9823
279/474 [================>.............] - ETA: 8:00 - loss: 0.0470 - accuracy: 0.9824
280/474 [================>.............] - ETA: 7:57 - loss: 0.0469 - accuracy: 0.9824
281/474 [================>.............] - ETA: 7:55 - loss: 0.0469 - accuracy: 0.9825
282/474 [================>.............] - ETA: 7:52 - loss: 0.0467 - accuracy: 0.9825
283/474 [================>.............] - ETA: 7:50 - loss: 0.0468 - accuracy: 0.9825
284/474 [================>.............] - ETA: 7:47 - loss: 0.0468 - accuracy: 0.9825
285/474 [=================>............] - ETA: 7:45 - loss: 0.0469 - accuracy: 0.9826
286/474 [=================>............] - ETA: 7:42 - loss: 0.0467 - accuracy: 0.9826
287/474 [=================>............] - ETA: 7:40 - loss: 0.0466 - accuracy: 0.9827
288/474 [=================>............] - ETA: 7:37 - loss: 0.0464 - accuracy: 0.9827
289/474 [=================>............] - ETA: 7:35 - loss: 0.0465 - accuracy: 0.9827
290/474 [=================>............] - ETA: 7:32 - loss: 0.0464 - accuracy: 0.9828
291/474 [=================>............] - ETA: 7:30 - loss: 0.0463 - accuracy: 0.9827
292/474 [=================>............] - ETA: 7:27 - loss: 0.0462 - accuracy: 0.9828
293/474 [=================>............] - ETA: 7:25 - loss: 0.0461 - accuracy: 0.9829
294/474 [=================>............] - ETA: 7:23 - loss: 0.0460 - accuracy: 0.9829
295/474 [=================>............] - ETA: 7:20 - loss: 0.0459 - accuracy: 0.9829
296/474 [=================>............] - ETA: 7:18 - loss: 0.0457 - accuracy: 0.9830
297/474 [=================>............] - ETA: 7:15 - loss: 0.0456 - accuracy: 0.9831
298/474 [=================>............] - ETA: 7:13 - loss: 0.0456 - accuracy: 0.9831
299/474 [=================>............] - ETA: 7:10 - loss: 0.0455 - accuracy: 0.9831
300/474 [=================>............] - ETA: 7:08 - loss: 0.0455 - accuracy: 0.9831
301/474 [==================>...........] - ETA: 7:05 - loss: 0.0454 - accuracy: 0.9831
302/474 [==================>...........] - ETA: 7:03 - loss: 0.0456 - accuracy: 0.9831
303/474 [==================>...........] - ETA: 7:00 - loss: 0.0457 - accuracy: 0.9831
304/474 [==================>...........] - ETA: 6:58 - loss: 0.0456 - accuracy: 0.9831
305/474 [==================>...........] - ETA: 6:55 - loss: 0.0455 - accuracy: 0.9832
306/474 [==================>...........] - ETA: 6:53 - loss: 0.0454 - accuracy: 0.9832
307/474 [==================>...........] - ETA: 6:50 - loss: 0.0453 - accuracy: 0.9832
308/474 [==================>...........] - ETA: 6:48 - loss: 0.0454 - accuracy: 0.9832
309/474 [==================>...........] - ETA: 6:46 - loss: 0.0453 - accuracy: 0.9833
310/474 [==================>...........] - ETA: 6:43 - loss: 0.0453 - accuracy: 0.9833
311/474 [==================>...........] - ETA: 6:40 - loss: 0.0454 - accuracy: 0.9833
312/474 [==================>...........] - ETA: 6:38 - loss: 0.0453 - accuracy: 0.9833
313/474 [==================>...........] - ETA: 6:36 - loss: 0.0452 - accuracy: 0.9834
314/474 [==================>...........] - ETA: 6:33 - loss: 0.0451 - accuracy: 0.9834
315/474 [==================>...........] - ETA: 6:31 - loss: 0.0449 - accuracy: 0.9835
316/474 [===================>..........] - ETA: 6:28 - loss: 0.0448 - accuracy: 0.9835
317/474 [===================>..........] - ETA: 6:26 - loss: 0.0447 - accuracy: 0.9836
318/474 [===================>..........] - ETA: 6:23 - loss: 0.0446 - accuracy: 0.9836
319/474 [===================>..........] - ETA: 6:21 - loss: 0.0445 - accuracy: 0.9837
320/474 [===================>..........] - ETA: 6:18 - loss: 0.0445 - accuracy: 0.9837
321/474 [===================>..........] - ETA: 6:16 - loss: 0.0443 - accuracy: 0.9837
322/474 [===================>..........] - ETA: 6:13 - loss: 0.0443 - accuracy: 0.9838
323/474 [===================>..........] - ETA: 6:11 - loss: 0.0443 - accuracy: 0.9838
324/474 [===================>..........] - ETA: 6:09 - loss: 0.0442 - accuracy: 0.9838
325/474 [===================>..........] - ETA: 6:06 - loss: 0.0440 - accuracy: 0.9839
326/474 [===================>..........] - ETA: 6:03 - loss: 0.0440 - accuracy: 0.9839
327/474 [===================>..........] - ETA: 6:01 - loss: 0.0439 - accuracy: 0.9839
328/474 [===================>..........] - ETA: 5:59 - loss: 0.0441 - accuracy: 0.9839
329/474 [===================>..........] - ETA: 5:56 - loss: 0.0440 - accuracy: 0.9840
330/474 [===================>..........] - ETA: 5:54 - loss: 0.0439 - accuracy: 0.9840
331/474 [===================>..........] - ETA: 5:51 - loss: 0.0439 - accuracy: 0.9840
332/474 [====================>.........] - ETA: 5:48 - loss: 0.0438 - accuracy: 0.9841
333/474 [====================>.........] - ETA: 5:46 - loss: 0.0436 - accuracy: 0.9841
334/474 [====================>.........] - ETA: 5:44 - loss: 0.0435 - accuracy: 0.9842
335/474 [====================>.........] - ETA: 5:41 - loss: 0.0436 - accuracy: 0.9841
336/474 [====================>.........] - ETA: 5:39 - loss: 0.0435 - accuracy: 0.9842
337/474 [====================>.........] - ETA: 5:36 - loss: 0.0434 - accuracy: 0.9842
338/474 [====================>.........] - ETA: 5:34 - loss: 0.0432 - accuracy: 0.9843
339/474 [====================>.........] - ETA: 5:31 - loss: 0.0433 - accuracy: 0.9842
340/474 [====================>.........] - ETA: 5:29 - loss: 0.0433 - accuracy: 0.9842
341/474 [====================>.........] - ETA: 5:26 - loss: 0.0432 - accuracy: 0.9843
342/474 [====================>.........] - ETA: 5:24 - loss: 0.0431 - accuracy: 0.9843
343/474 [====================>.........] - ETA: 5:21 - loss: 0.0430 - accuracy: 0.9844
344/474 [====================>.........] - ETA: 5:19 - loss: 0.0429 - accuracy: 0.9844
345/474 [====================>.........] - ETA: 5:16 - loss: 0.0428 - accuracy: 0.9845
346/474 [====================>.........] - ETA: 5:14 - loss: 0.0427 - accuracy: 0.9845
347/474 [====================>.........] - ETA: 5:11 - loss: 0.0426 - accuracy: 0.9846
348/474 [=====================>........] - ETA: 5:09 - loss: 0.0425 - accuracy: 0.9846
349/474 [=====================>........] - ETA: 5:07 - loss: 0.0426 - accuracy: 0.9845
350/474 [=====================>........] - ETA: 5:04 - loss: 0.0426 - accuracy: 0.9845
351/474 [=====================>........] - ETA: 5:02 - loss: 0.0426 - accuracy: 0.9845
352/474 [=====================>........] - ETA: 4:59 - loss: 0.0427 - accuracy: 0.9845
353/474 [=====================>........] - ETA: 4:57 - loss: 0.0428 - accuracy: 0.9844
354/474 [=====================>........] - ETA: 4:54 - loss: 0.0429 - accuracy: 0.9845
355/474 [=====================>........] - ETA: 4:52 - loss: 0.0428 - accuracy: 0.9845
356/474 [=====================>........] - ETA: 4:49 - loss: 0.0427 - accuracy: 0.9845
357/474 [=====================>........] - ETA: 4:47 - loss: 0.0426 - accuracy: 0.9846
358/474 [=====================>........] - ETA: 4:44 - loss: 0.0428 - accuracy: 0.9846
359/474 [=====================>........] - ETA: 4:42 - loss: 0.0427 - accuracy: 0.9846
360/474 [=====================>........] - ETA: 4:40 - loss: 0.0427 - accuracy: 0.9846
361/474 [=====================>........] - ETA: 4:37 - loss: 0.0427 - accuracy: 0.9846
362/474 [=====================>........] - ETA: 4:35 - loss: 0.0429 - accuracy: 0.9846
363/474 [=====================>........] - ETA: 4:32 - loss: 0.0428 - accuracy: 0.9846
364/474 [======================>.......] - ETA: 4:30 - loss: 0.0428 - accuracy: 0.9846
365/474 [======================>.......] - ETA: 4:27 - loss: 0.0429 - accuracy: 0.9845
366/474 [======================>.......] - ETA: 4:25 - loss: 0.0428 - accuracy: 0.9846
367/474 [======================>.......] - ETA: 4:22 - loss: 0.0429 - accuracy: 0.9846
368/474 [======================>.......] - ETA: 4:20 - loss: 0.0428 - accuracy: 0.9846
369/474 [======================>.......] - ETA: 4:17 - loss: 0.0429 - accuracy: 0.9846
370/474 [======================>.......] - ETA: 4:15 - loss: 0.0429 - accuracy: 0.9846
371/474 [======================>.......] - ETA: 4:12 - loss: 0.0428 - accuracy: 0.9846
372/474 [======================>.......] - ETA: 4:10 - loss: 0.0429 - accuracy: 0.9846
373/474 [======================>.......] - ETA: 4:08 - loss: 0.0428 - accuracy: 0.9846
374/474 [======================>.......] - ETA: 4:05 - loss: 0.0429 - accuracy: 0.9846
375/474 [======================>.......] - ETA: 4:03 - loss: 0.0429 - accuracy: 0.9846
376/474 [======================>.......] - ETA: 4:00 - loss: 0.0429 - accuracy: 0.9846
377/474 [======================>.......] - ETA: 3:58 - loss: 0.0430 - accuracy: 0.9846
378/474 [======================>.......] - ETA: 3:55 - loss: 0.0431 - accuracy: 0.9846
379/474 [======================>.......] - ETA: 3:53 - loss: 0.0430 - accuracy: 0.9846
380/474 [=======================>......] - ETA: 3:50 - loss: 0.0429 - accuracy: 0.9847
381/474 [=======================>......] - ETA: 3:48 - loss: 0.0428 - accuracy: 0.9847
382/474 [=======================>......] - ETA: 3:45 - loss: 0.0427 - accuracy: 0.9848
383/474 [=======================>......] - ETA: 3:43 - loss: 0.0426 - accuracy: 0.9848
384/474 [=======================>......] - ETA: 3:40 - loss: 0.0426 - accuracy: 0.9848
385/474 [=======================>......] - ETA: 3:38 - loss: 0.0426 - accuracy: 0.9848
386/474 [=======================>......] - ETA: 3:36 - loss: 0.0425 - accuracy: 0.9848
387/474 [=======================>......] - ETA: 3:33 - loss: 0.0427 - accuracy: 0.9848
388/474 [=======================>......] - ETA: 3:31 - loss: 0.0427 - accuracy: 0.9848
389/474 [=======================>......] - ETA: 3:28 - loss: 0.0426 - accuracy: 0.9848
390/474 [=======================>......] - ETA: 3:26 - loss: 0.0426 - accuracy: 0.9848
391/474 [=======================>......] - ETA: 3:23 - loss: 0.0425 - accuracy: 0.9849
392/474 [=======================>......] - ETA: 3:21 - loss: 0.0427 - accuracy: 0.9848
393/474 [=======================>......] - ETA: 3:18 - loss: 0.0426 - accuracy: 0.9848
394/474 [=======================>......] - ETA: 3:16 - loss: 0.0426 - accuracy: 0.9848
395/474 [========================>.....] - ETA: 3:13 - loss: 0.0426 - accuracy: 0.9848
396/474 [========================>.....] - ETA: 3:11 - loss: 0.0426 - accuracy: 0.9848
397/474 [========================>.....] - ETA: 3:09 - loss: 0.0426 - accuracy: 0.9848
398/474 [========================>.....] - ETA: 3:06 - loss: 0.0425 - accuracy: 0.9849
399/474 [========================>.....] - ETA: 3:04 - loss: 0.0425 - accuracy: 0.9849
400/474 [========================>.....] - ETA: 3:01 - loss: 0.0424 - accuracy: 0.9849
401/474 [========================>.....] - ETA: 2:59 - loss: 0.0425 - accuracy: 0.9849
402/474 [========================>.....] - ETA: 2:56 - loss: 0.0425 - accuracy: 0.9850
403/474 [========================>.....] - ETA: 2:54 - loss: 0.0426 - accuracy: 0.9849
404/474 [========================>.....] - ETA: 2:51 - loss: 0.0426 - accuracy: 0.9850
405/474 [========================>.....] - ETA: 2:49 - loss: 0.0425 - accuracy: 0.9850
406/474 [========================>.....] - ETA: 2:46 - loss: 0.0425 - accuracy: 0.9850
407/474 [========================>.....] - ETA: 2:44 - loss: 0.0424 - accuracy: 0.9850
408/474 [========================>.....] - ETA: 2:41 - loss: 0.0424 - accuracy: 0.9850
409/474 [========================>.....] - ETA: 2:39 - loss: 0.0424 - accuracy: 0.9851
410/474 [========================>.....] - ETA: 2:37 - loss: 0.0425 - accuracy: 0.9850
411/474 [=========================>....] - ETA: 2:34 - loss: 0.0425 - accuracy: 0.9850
412/474 [=========================>....] - ETA: 2:32 - loss: 0.0425 - accuracy: 0.9850
413/474 [=========================>....] - ETA: 2:29 - loss: 0.0424 - accuracy: 0.9851
414/474 [=========================>....] - ETA: 2:27 - loss: 0.0424 - accuracy: 0.9851
415/474 [=========================>....] - ETA: 2:24 - loss: 0.0424 - accuracy: 0.9851
416/474 [=========================>....] - ETA: 2:22 - loss: 0.0423 - accuracy: 0.9851
417/474 [=========================>....] - ETA: 2:19 - loss: 0.0424 - accuracy: 0.9851
418/474 [=========================>....] - ETA: 2:17 - loss: 0.0423 - accuracy: 0.9851
419/474 [=========================>....] - ETA: 2:14 - loss: 0.0423 - accuracy: 0.9851
420/474 [=========================>....] - ETA: 2:12 - loss: 0.0422 - accuracy: 0.9851
421/474 [=========================>....] - ETA: 2:09 - loss: 0.0422 - accuracy: 0.9852
422/474 [=========================>....] - ETA: 2:07 - loss: 0.0422 - accuracy: 0.9852
423/474 [=========================>....] - ETA: 2:05 - loss: 0.0421 - accuracy: 0.9852
424/474 [=========================>....] - ETA: 2:02 - loss: 0.0421 - accuracy: 0.9852
425/474 [=========================>....] - ETA: 2:00 - loss: 0.0422 - accuracy: 0.9852
426/474 [=========================>....] - ETA: 1:57 - loss: 0.0421 - accuracy: 0.9852
427/474 [==========================>...] - ETA: 1:55 - loss: 0.0421 - accuracy: 0.9852
428/474 [==========================>...] - ETA: 1:52 - loss: 0.0421 - accuracy: 0.9852
429/474 [==========================>...] - ETA: 1:50 - loss: 0.0421 - accuracy: 0.9852
430/474 [==========================>...] - ETA: 1:47 - loss: 0.0420 - accuracy: 0.9853
431/474 [==========================>...] - ETA: 1:45 - loss: 0.0419 - accuracy: 0.9853
432/474 [==========================>...] - ETA: 1:42 - loss: 0.0419 - accuracy: 0.9853
433/474 [==========================>...] - ETA: 1:40 - loss: 0.0418 - accuracy: 0.9853
434/474 [==========================>...] - ETA: 1:38 - loss: 0.0418 - accuracy: 0.9853
435/474 [==========================>...] - ETA: 1:35 - loss: 0.0417 - accuracy: 0.9854
436/474 [==========================>...] - ETA: 1:33 - loss: 0.0416 - accuracy: 0.9854
437/474 [==========================>...] - ETA: 1:30 - loss: 0.0416 - accuracy: 0.9854
438/474 [==========================>...] - ETA: 1:28 - loss: 0.0415 - accuracy: 0.9854
439/474 [==========================>...] - ETA: 1:25 - loss: 0.0414 - accuracy: 0.9855
440/474 [==========================>...] - ETA: 1:23 - loss: 0.0413 - accuracy: 0.9855
441/474 [==========================>...] - ETA: 1:20 - loss: 0.0412 - accuracy: 0.9855
442/474 [==========================>...] - ETA: 1:18 - loss: 0.0412 - accuracy: 0.9856
443/474 [===========================>..] - ETA: 1:16 - loss: 0.0411 - accuracy: 0.9856
444/474 [===========================>..] - ETA: 1:13 - loss: 0.0410 - accuracy: 0.9856
445/474 [===========================>..] - ETA: 1:11 - loss: 0.0409 - accuracy: 0.9857
446/474 [===========================>..] - ETA: 1:08 - loss: 0.0409 - accuracy: 0.9857
447/474 [===========================>..] - ETA: 1:06 - loss: 0.0408 - accuracy: 0.9857
448/474 [===========================>..] - ETA: 1:03 - loss: 0.0407 - accuracy: 0.9857
449/474 [===========================>..] - ETA: 1:01 - loss: 0.0406 - accuracy: 0.9857
450/474 [===========================>..] - ETA: 58s - loss: 0.0406 - accuracy: 0.9858 
451/474 [===========================>..] - ETA: 56s - loss: 0.0405 - accuracy: 0.9858
452/474 [===========================>..] - ETA: 53s - loss: 0.0405 - accuracy: 0.9858
453/474 [===========================>..] - ETA: 51s - loss: 0.0404 - accuracy: 0.9858
454/474 [===========================>..] - ETA: 49s - loss: 0.0403 - accuracy: 0.9859
455/474 [===========================>..] - ETA: 46s - loss: 0.0403 - accuracy: 0.9859
456/474 [===========================>..] - ETA: 44s - loss: 0.0402 - accuracy: 0.9859
457/474 [===========================>..] - ETA: 41s - loss: 0.0402 - accuracy: 0.9859
458/474 [===========================>..] - ETA: 39s - loss: 0.0401 - accuracy: 0.9859
459/474 [============================>.] - ETA: 36s - loss: 0.0400 - accuracy: 0.9860
460/474 [============================>.] - ETA: 34s - loss: 0.0399 - accuracy: 0.9860
461/474 [============================>.] - ETA: 31s - loss: 0.0399 - accuracy: 0.9860
462/474 [============================>.] - ETA: 29s - loss: 0.0398 - accuracy: 0.9860
463/474 [============================>.] - ETA: 26s - loss: 0.0398 - accuracy: 0.9861
464/474 [============================>.] - ETA: 24s - loss: 0.0398 - accuracy: 0.9861
465/474 [============================>.] - ETA: 22s - loss: 0.0397 - accuracy: 0.9861
466/474 [============================>.] - ETA: 19s - loss: 0.0397 - accuracy: 0.9861
467/474 [============================>.] - ETA: 17s - loss: 0.0396 - accuracy: 0.9862
468/474 [============================>.] - ETA: 14s - loss: 0.0395 - accuracy: 0.9862
469/474 [============================>.] - ETA: 12s - loss: 0.0395 - accuracy: 0.9862
470/474 [============================>.] - ETA: 9s - loss: 0.0394 - accuracy: 0.9862 
471/474 [============================>.] - ETA: 7s - loss: 0.0394 - accuracy: 0.9862
472/474 [============================>.] - ETA: 4s - loss: 0.0393 - accuracy: 0.9863
473/474 [============================>.] - ETA: 2s - loss: 0.0392 - accuracy: 0.9863
474/474 [==============================] - 1161s 2s/step - loss: 0.0391 - accuracy: 0.9863
Epoch 2/2

  1/474 [..............................] - ETA: 20:48 - loss: 0.0081 - accuracy: 0.9900
  2/474 [..............................] - ETA: 19:28 - loss: 0.0577 - accuracy: 0.9850
  3/474 [..............................] - ETA: 19:00 - loss: 0.0414 - accuracy: 0.9867
  4/474 [..............................] - ETA: 19:10 - loss: 0.0486 - accuracy: 0.9875
  5/474 [..............................] - ETA: 19:30 - loss: 0.0488 - accuracy: 0.9880
  6/474 [..............................] - ETA: 19:01 - loss: 0.0422 - accuracy: 0.9883
  7/474 [..............................] - ETA: 18:50 - loss: 0.0365 - accuracy: 0.9900
  8/474 [..............................] - ETA: 19:00 - loss: 0.0326 - accuracy: 0.9912
  9/474 [..............................] - ETA: 19:10 - loss: 0.0297 - accuracy: 0.9922
 10/474 [..............................] - ETA: 18:48 - loss: 0.0327 - accuracy: 0.9910
 11/474 [..............................] - ETA: 18:52 - loss: 0.0311 - accuracy: 0.9909
 12/474 [..............................] - ETA: 18:51 - loss: 0.0296 - accuracy: 0.9917
 13/474 [..............................] - ETA: 19:00 - loss: 0.0324 - accuracy: 0.9915
 14/474 [..............................] - ETA: 18:50 - loss: 0.0306 - accuracy: 0.9921
 15/474 [..............................] - ETA: 18:45 - loss: 0.0319 - accuracy: 0.9920
 16/474 [>.............................] - ETA: 18:45 - loss: 0.0322 - accuracy: 0.9919
 17/474 [>.............................] - ETA: 18:47 - loss: 0.0308 - accuracy: 0.9924
 18/474 [>.............................] - ETA: 18:42 - loss: 0.0303 - accuracy: 0.9922
 19/474 [>.............................] - ETA: 18:31 - loss: 0.0288 - accuracy: 0.9926
 20/474 [>.............................] - ETA: 18:35 - loss: 0.0276 - accuracy: 0.9930
 21/474 [>.............................] - ETA: 18:22 - loss: 0.0268 - accuracy: 0.9933
 22/474 [>.............................] - ETA: 18:19 - loss: 0.0257 - accuracy: 0.9936
 23/474 [>.............................] - ETA: 18:20 - loss: 0.0247 - accuracy: 0.9939
 24/474 [>.............................] - ETA: 18:17 - loss: 0.0261 - accuracy: 0.9937
 25/474 [>.............................] - ETA: 18:14 - loss: 0.0272 - accuracy: 0.9936
 26/474 [>.............................] - ETA: 18:12 - loss: 0.0274 - accuracy: 0.9935
 27/474 [>.............................] - ETA: 18:17 - loss: 0.0281 - accuracy: 0.9933
 28/474 [>.............................] - ETA: 18:06 - loss: 0.0273 - accuracy: 0.9936
 29/474 [>.............................] - ETA: 18:06 - loss: 0.0266 - accuracy: 0.9938
 30/474 [>.............................] - ETA: 18:06 - loss: 0.0281 - accuracy: 0.9930
 31/474 [>.............................] - ETA: 18:06 - loss: 0.0282 - accuracy: 0.9929
 32/474 [=>............................] - ETA: 17:58 - loss: 0.0298 - accuracy: 0.9925
 33/474 [=>............................] - ETA: 17:57 - loss: 0.0290 - accuracy: 0.9927
 34/474 [=>............................] - ETA: 17:58 - loss: 0.0285 - accuracy: 0.9929
 35/474 [=>............................] - ETA: 17:51 - loss: 0.0285 - accuracy: 0.9926
 36/474 [=>............................] - ETA: 17:47 - loss: 0.0286 - accuracy: 0.9925
 37/474 [=>............................] - ETA: 17:45 - loss: 0.0284 - accuracy: 0.9927
 38/474 [=>............................] - ETA: 17:47 - loss: 0.0300 - accuracy: 0.9924
 39/474 [=>............................] - ETA: 17:41 - loss: 0.0296 - accuracy: 0.9926
 40/474 [=>............................] - ETA: 17:39 - loss: 0.0293 - accuracy: 0.9925
 41/474 [=>............................] - ETA: 17:36 - loss: 0.0295 - accuracy: 0.9924
 42/474 [=>............................] - ETA: 17:37 - loss: 0.0296 - accuracy: 0.9924
 43/474 [=>............................] - ETA: 17:33 - loss: 0.0300 - accuracy: 0.9923
 44/474 [=>............................] - ETA: 17:31 - loss: 0.0298 - accuracy: 0.9925
 45/474 [=>............................] - ETA: 17:26 - loss: 0.0300 - accuracy: 0.9924
 46/474 [=>............................] - ETA: 17:25 - loss: 0.0295 - accuracy: 0.9926
 47/474 [=>............................] - ETA: 17:25 - loss: 0.0291 - accuracy: 0.9928
 48/474 [==>...........................] - ETA: 17:22 - loss: 0.0286 - accuracy: 0.9929
 49/474 [==>...........................] - ETA: 17:17 - loss: 0.0281 - accuracy: 0.9931
 50/474 [==>...........................] - ETA: 17:17 - loss: 0.0283 - accuracy: 0.9930
 51/474 [==>...........................] - ETA: 17:14 - loss: 0.0279 - accuracy: 0.9931
 52/474 [==>...........................] - ETA: 17:09 - loss: 0.0274 - accuracy: 0.9933
 53/474 [==>...........................] - ETA: 17:07 - loss: 0.0270 - accuracy: 0.9934
 54/474 [==>...........................] - ETA: 17:04 - loss: 0.0265 - accuracy: 0.9935
 55/474 [==>...........................] - ETA: 17:01 - loss: 0.0274 - accuracy: 0.9935
 56/474 [==>...........................] - ETA: 17:00 - loss: 0.0282 - accuracy: 0.9932
 57/474 [==>...........................] - ETA: 16:56 - loss: 0.0285 - accuracy: 0.9932
 58/474 [==>...........................] - ETA: 16:57 - loss: 0.0289 - accuracy: 0.9929
 59/474 [==>...........................] - ETA: 16:52 - loss: 0.0287 - accuracy: 0.9929
 60/474 [==>...........................] - ETA: 16:50 - loss: 0.0291 - accuracy: 0.9927
 61/474 [==>...........................] - ETA: 16:48 - loss: 0.0287 - accuracy: 0.9928
 62/474 [==>...........................] - ETA: 16:48 - loss: 0.0284 - accuracy: 0.9929
 63/474 [==>...........................] - ETA: 16:43 - loss: 0.0286 - accuracy: 0.9929
 64/474 [===>..........................] - ETA: 16:41 - loss: 0.0283 - accuracy: 0.9930
 65/474 [===>..........................] - ETA: 16:39 - loss: 0.0281 - accuracy: 0.9929
 66/474 [===>..........................] - ETA: 16:38 - loss: 0.0278 - accuracy: 0.9930
 67/474 [===>..........................] - ETA: 16:35 - loss: 0.0274 - accuracy: 0.9931
 68/474 [===>..........................] - ETA: 16:31 - loss: 0.0271 - accuracy: 0.9932
 69/474 [===>..........................] - ETA: 16:30 - loss: 0.0268 - accuracy: 0.9933
 70/474 [===>..........................] - ETA: 16:25 - loss: 0.0267 - accuracy: 0.9933
 71/474 [===>..........................] - ETA: 16:24 - loss: 0.0266 - accuracy: 0.9932
 72/474 [===>..........................] - ETA: 16:21 - loss: 0.0263 - accuracy: 0.9933
 73/474 [===>..........................] - ETA: 16:19 - loss: 0.0261 - accuracy: 0.9934
 74/474 [===>..........................] - ETA: 16:18 - loss: 0.0262 - accuracy: 0.9934
 75/474 [===>..........................] - ETA: 16:15 - loss: 0.0259 - accuracy: 0.9935
 76/474 [===>..........................] - ETA: 16:11 - loss: 0.0264 - accuracy: 0.9934
 77/474 [===>..........................] - ETA: 16:09 - loss: 0.0261 - accuracy: 0.9935
 78/474 [===>..........................] - ETA: 16:08 - loss: 0.0265 - accuracy: 0.9933
 79/474 [====>.........................] - ETA: 16:04 - loss: 0.0265 - accuracy: 0.9933
 80/474 [====>.........................] - ETA: 16:02 - loss: 0.0263 - accuracy: 0.9934
 81/474 [====>.........................] - ETA: 16:00 - loss: 0.0260 - accuracy: 0.9935
 82/474 [====>.........................] - ETA: 15:58 - loss: 0.0258 - accuracy: 0.9935
 83/474 [====>.........................] - ETA: 15:54 - loss: 0.0260 - accuracy: 0.9935
 84/474 [====>.........................] - ETA: 15:52 - loss: 0.0257 - accuracy: 0.9936
 85/474 [====>.........................] - ETA: 15:51 - loss: 0.0255 - accuracy: 0.9936
 86/474 [====>.........................] - ETA: 15:46 - loss: 0.0252 - accuracy: 0.9937
 87/474 [====>.........................] - ETA: 15:45 - loss: 0.0253 - accuracy: 0.9937
 88/474 [====>.........................] - ETA: 15:43 - loss: 0.0251 - accuracy: 0.9937
 89/474 [====>.........................] - ETA: 15:41 - loss: 0.0255 - accuracy: 0.9937
 90/474 [====>.........................] - ETA: 15:37 - loss: 0.0257 - accuracy: 0.9937
 91/474 [====>.........................] - ETA: 15:35 - loss: 0.0256 - accuracy: 0.9936
 92/474 [====>.........................] - ETA: 15:33 - loss: 0.0253 - accuracy: 0.9937
 93/474 [====>.........................] - ETA: 15:31 - loss: 0.0253 - accuracy: 0.9937
 94/474 [====>.........................] - ETA: 15:27 - loss: 0.0255 - accuracy: 0.9936
 95/474 [=====>........................] - ETA: 15:26 - loss: 0.0255 - accuracy: 0.9936
 96/474 [=====>........................] - ETA: 15:24 - loss: 0.0252 - accuracy: 0.9936
 97/474 [=====>........................] - ETA: 15:20 - loss: 0.0250 - accuracy: 0.9937
 98/474 [=====>........................] - ETA: 15:16 - loss: 0.0256 - accuracy: 0.9936
 99/474 [=====>........................] - ETA: 15:15 - loss: 0.0254 - accuracy: 0.9936
100/474 [=====>........................] - ETA: 15:13 - loss: 0.0252 - accuracy: 0.9937
101/474 [=====>........................] - ETA: 15:09 - loss: 0.0251 - accuracy: 0.9938
102/474 [=====>........................] - ETA: 15:07 - loss: 0.0251 - accuracy: 0.9936
103/474 [=====>........................] - ETA: 15:05 - loss: 0.0254 - accuracy: 0.9936
104/474 [=====>........................] - ETA: 15:02 - loss: 0.0253 - accuracy: 0.9937
105/474 [=====>........................] - ETA: 15:00 - loss: 0.0252 - accuracy: 0.9937
106/474 [=====>........................] - ETA: 14:57 - loss: 0.0250 - accuracy: 0.9938
107/474 [=====>........................] - ETA: 14:55 - loss: 0.0248 - accuracy: 0.9938
108/474 [=====>........................] - ETA: 14:52 - loss: 0.0246 - accuracy: 0.9939
109/474 [=====>........................] - ETA: 14:49 - loss: 0.0247 - accuracy: 0.9939
110/474 [=====>........................] - ETA: 14:48 - loss: 0.0245 - accuracy: 0.9939
111/474 [======>.......................] - ETA: 14:45 - loss: 0.0246 - accuracy: 0.9939
112/474 [======>.......................] - ETA: 14:42 - loss: 0.0246 - accuracy: 0.9938
113/474 [======>.......................] - ETA: 14:39 - loss: 0.0245 - accuracy: 0.9939
114/474 [======>.......................] - ETA: 14:38 - loss: 0.0243 - accuracy: 0.9939
115/474 [======>.......................] - ETA: 14:35 - loss: 0.0245 - accuracy: 0.9939
116/474 [======>.......................] - ETA: 14:32 - loss: 0.0248 - accuracy: 0.9939
117/474 [======>.......................] - ETA: 14:30 - loss: 0.0248 - accuracy: 0.9938
118/474 [======>.......................] - ETA: 14:27 - loss: 0.0248 - accuracy: 0.9938
119/474 [======>.......................] - ETA: 14:25 - loss: 0.0248 - accuracy: 0.9938
120/474 [======>.......................] - ETA: 14:22 - loss: 0.0247 - accuracy: 0.9938
121/474 [======>.......................] - ETA: 14:20 - loss: 0.0245 - accuracy: 0.9939
122/474 [======>.......................] - ETA: 14:18 - loss: 0.0251 - accuracy: 0.9937
123/474 [======>.......................] - ETA: 14:15 - loss: 0.0249 - accuracy: 0.9937
124/474 [======>.......................] - ETA: 14:13 - loss: 0.0248 - accuracy: 0.9938
125/474 [======>.......................] - ETA: 14:11 - loss: 0.0246 - accuracy: 0.9938
126/474 [======>.......................] - ETA: 14:08 - loss: 0.0245 - accuracy: 0.9939
127/474 [=======>......................] - ETA: 14:05 - loss: 0.0247 - accuracy: 0.9939
128/474 [=======>......................] - ETA: 14:03 - loss: 0.0246 - accuracy: 0.9939
129/474 [=======>......................] - ETA: 14:01 - loss: 0.0245 - accuracy: 0.9939
130/474 [=======>......................] - ETA: 13:58 - loss: 0.0244 - accuracy: 0.9939
131/474 [=======>......................] - ETA: 13:57 - loss: 0.0243 - accuracy: 0.9940
132/474 [=======>......................] - ETA: 13:54 - loss: 0.0242 - accuracy: 0.9940
133/474 [=======>......................] - ETA: 13:50 - loss: 0.0241 - accuracy: 0.9940
134/474 [=======>......................] - ETA: 13:49 - loss: 0.0244 - accuracy: 0.9940
135/474 [=======>......................] - ETA: 13:46 - loss: 0.0243 - accuracy: 0.9940
136/474 [=======>......................] - ETA: 13:44 - loss: 0.0241 - accuracy: 0.9940
137/474 [=======>......................] - ETA: 13:41 - loss: 0.0240 - accuracy: 0.9941
138/474 [=======>......................] - ETA: 13:38 - loss: 0.0239 - accuracy: 0.9941
139/474 [=======>......................] - ETA: 13:36 - loss: 0.0238 - accuracy: 0.9942
140/474 [=======>......................] - ETA: 13:33 - loss: 0.0237 - accuracy: 0.9942
141/474 [=======>......................] - ETA: 13:31 - loss: 0.0245 - accuracy: 0.9940
142/474 [=======>......................] - ETA: 13:28 - loss: 0.0246 - accuracy: 0.9940
143/474 [========>.....................] - ETA: 13:26 - loss: 0.0245 - accuracy: 0.9940
144/474 [========>.....................] - ETA: 13:23 - loss: 0.0244 - accuracy: 0.9940
145/474 [========>.....................] - ETA: 13:21 - loss: 0.0248 - accuracy: 0.9939
146/474 [========>.....................] - ETA: 13:19 - loss: 0.0252 - accuracy: 0.9938
147/474 [========>.....................] - ETA: 13:17 - loss: 0.0251 - accuracy: 0.9938
148/474 [========>.....................] - ETA: 13:13 - loss: 0.0250 - accuracy: 0.9939
149/474 [========>.....................] - ETA: 13:11 - loss: 0.0249 - accuracy: 0.9939
150/474 [========>.....................] - ETA: 13:09 - loss: 0.0248 - accuracy: 0.9939
151/474 [========>.....................] - ETA: 13:07 - loss: 0.0249 - accuracy: 0.9939
152/474 [========>.....................] - ETA: 13:04 - loss: 0.0248 - accuracy: 0.9939
153/474 [========>.....................] - ETA: 13:03 - loss: 0.0251 - accuracy: 0.9938
154/474 [========>.....................] - ETA: 13:00 - loss: 0.0250 - accuracy: 0.9938
155/474 [========>.....................] - ETA: 12:57 - loss: 0.0248 - accuracy: 0.9939
156/474 [========>.....................] - ETA: 12:54 - loss: 0.0247 - accuracy: 0.9939
157/474 [========>.....................] - ETA: 12:52 - loss: 0.0250 - accuracy: 0.9939
158/474 [=========>....................] - ETA: 12:50 - loss: 0.0248 - accuracy: 0.9939
159/474 [=========>....................] - ETA: 12:47 - loss: 0.0247 - accuracy: 0.9940
160/474 [=========>....................] - ETA: 12:45 - loss: 0.0246 - accuracy: 0.9940
161/474 [=========>....................] - ETA: 12:43 - loss: 0.0247 - accuracy: 0.9940
162/474 [=========>....................] - ETA: 12:41 - loss: 0.0246 - accuracy: 0.9940
163/474 [=========>....................] - ETA: 12:37 - loss: 0.0244 - accuracy: 0.9940
164/474 [=========>....................] - ETA: 12:35 - loss: 0.0243 - accuracy: 0.9941
165/474 [=========>....................] - ETA: 12:33 - loss: 0.0244 - accuracy: 0.9941
166/474 [=========>....................] - ETA: 12:30 - loss: 0.0243 - accuracy: 0.9941
167/474 [=========>....................] - ETA: 12:28 - loss: 0.0246 - accuracy: 0.9940
168/474 [=========>....................] - ETA: 12:26 - loss: 0.0245 - accuracy: 0.9940
169/474 [=========>....................] - ETA: 12:24 - loss: 0.0248 - accuracy: 0.9940
170/474 [=========>....................] - ETA: 12:21 - loss: 0.0255 - accuracy: 0.9938
171/474 [=========>....................] - ETA: 12:18 - loss: 0.0254 - accuracy: 0.9939
172/474 [=========>....................] - ETA: 12:16 - loss: 0.0257 - accuracy: 0.9938
173/474 [=========>....................] - ETA: 12:14 - loss: 0.0257 - accuracy: 0.9938
174/474 [==========>...................] - ETA: 12:11 - loss: 0.0259 - accuracy: 0.9937
175/474 [==========>...................] - ETA: 12:09 - loss: 0.0259 - accuracy: 0.9937
176/474 [==========>...................] - ETA: 12:06 - loss: 0.0260 - accuracy: 0.9936
177/474 [==========>...................] - ETA: 12:03 - loss: 0.0261 - accuracy: 0.9936
178/474 [==========>...................] - ETA: 12:01 - loss: 0.0260 - accuracy: 0.9937
179/474 [==========>...................] - ETA: 11:59 - loss: 0.0261 - accuracy: 0.9936
180/474 [==========>...................] - ETA: 11:56 - loss: 0.0261 - accuracy: 0.9937
181/474 [==========>...................] - ETA: 11:54 - loss: 0.0261 - accuracy: 0.9936
182/474 [==========>...................] - ETA: 11:51 - loss: 0.0260 - accuracy: 0.9937
183/474 [==========>...................] - ETA: 11:49 - loss: 0.0259 - accuracy: 0.9937
184/474 [==========>...................] - ETA: 11:46 - loss: 0.0258 - accuracy: 0.9937
185/474 [==========>...................] - ETA: 11:43 - loss: 0.0258 - accuracy: 0.9938
186/474 [==========>...................] - ETA: 11:41 - loss: 0.0258 - accuracy: 0.9938
187/474 [==========>...................] - ETA: 11:39 - loss: 0.0257 - accuracy: 0.9938
188/474 [==========>...................] - ETA: 11:36 - loss: 0.0258 - accuracy: 0.9937
189/474 [==========>...................] - ETA: 11:33 - loss: 0.0256 - accuracy: 0.9938
190/474 [===========>..................] - ETA: 11:31 - loss: 0.0255 - accuracy: 0.9938
191/474 [===========>..................] - ETA: 11:29 - loss: 0.0255 - accuracy: 0.9938
192/474 [===========>..................] - ETA: 11:26 - loss: 0.0254 - accuracy: 0.9938
193/474 [===========>..................] - ETA: 11:24 - loss: 0.0253 - accuracy: 0.9938
194/474 [===========>..................] - ETA: 11:21 - loss: 0.0252 - accuracy: 0.9939
195/474 [===========>..................] - ETA: 11:19 - loss: 0.0255 - accuracy: 0.9938
196/474 [===========>..................] - ETA: 11:16 - loss: 0.0255 - accuracy: 0.9938
197/474 [===========>..................] - ETA: 11:14 - loss: 0.0257 - accuracy: 0.9938
198/474 [===========>..................] - ETA: 11:11 - loss: 0.0256 - accuracy: 0.9938
199/474 [===========>..................] - ETA: 11:09 - loss: 0.0255 - accuracy: 0.9938
200/474 [===========>..................] - ETA: 11:06 - loss: 0.0255 - accuracy: 0.9938
201/474 [===========>..................] - ETA: 11:04 - loss: 0.0257 - accuracy: 0.9937
202/474 [===========>..................] - ETA: 11:02 - loss: 0.0256 - accuracy: 0.9938
203/474 [===========>..................] - ETA: 10:58 - loss: 0.0255 - accuracy: 0.9938
204/474 [===========>..................] - ETA: 10:56 - loss: 0.0255 - accuracy: 0.9938
205/474 [===========>..................] - ETA: 10:54 - loss: 0.0254 - accuracy: 0.9938
206/474 [============>.................] - ETA: 10:52 - loss: 0.0253 - accuracy: 0.9938
207/474 [============>.................] - ETA: 10:49 - loss: 0.0255 - accuracy: 0.9938
208/474 [============>.................] - ETA: 10:46 - loss: 0.0254 - accuracy: 0.9938
209/474 [============>.................] - ETA: 10:44 - loss: 0.0253 - accuracy: 0.9938
210/474 [============>.................] - ETA: 10:42 - loss: 0.0253 - accuracy: 0.9939
211/474 [============>.................] - ETA: 10:39 - loss: 0.0252 - accuracy: 0.9938
212/474 [============>.................] - ETA: 10:37 - loss: 0.0254 - accuracy: 0.9938
213/474 [============>.................] - ETA: 10:34 - loss: 0.0253 - accuracy: 0.9938
214/474 [============>.................] - ETA: 10:32 - loss: 0.0254 - accuracy: 0.9938
215/474 [============>.................] - ETA: 10:29 - loss: 0.0253 - accuracy: 0.9938
216/474 [============>.................] - ETA: 10:27 - loss: 0.0253 - accuracy: 0.9938
217/474 [============>.................] - ETA: 10:25 - loss: 0.0253 - accuracy: 0.9938
218/474 [============>.................] - ETA: 10:22 - loss: 0.0255 - accuracy: 0.9938
219/474 [============>.................] - ETA: 10:20 - loss: 0.0256 - accuracy: 0.9937
220/474 [============>.................] - ETA: 10:17 - loss: 0.0257 - accuracy: 0.9936
221/474 [============>.................] - ETA: 10:15 - loss: 0.0256 - accuracy: 0.9936
222/474 [=============>................] - ETA: 10:12 - loss: 0.0256 - accuracy: 0.9936
223/474 [=============>................] - ETA: 10:10 - loss: 0.0258 - accuracy: 0.9935
224/474 [=============>................] - ETA: 10:08 - loss: 0.0257 - accuracy: 0.9936
225/474 [=============>................] - ETA: 10:05 - loss: 0.0256 - accuracy: 0.9936
226/474 [=============>................] - ETA: 10:02 - loss: 0.0256 - accuracy: 0.9936
227/474 [=============>................] - ETA: 10:00 - loss: 0.0257 - accuracy: 0.9934
228/474 [=============>................] - ETA: 9:58 - loss: 0.0259 - accuracy: 0.9933 
229/474 [=============>................] - ETA: 9:55 - loss: 0.0258 - accuracy: 0.9934
230/474 [=============>................] - ETA: 9:53 - loss: 0.0259 - accuracy: 0.9933
231/474 [=============>................] - ETA: 9:50 - loss: 0.0258 - accuracy: 0.9934
232/474 [=============>................] - ETA: 9:48 - loss: 0.0258 - accuracy: 0.9934
233/474 [=============>................] - ETA: 9:45 - loss: 0.0258 - accuracy: 0.9934
234/474 [=============>................] - ETA: 9:43 - loss: 0.0259 - accuracy: 0.9934
235/474 [=============>................] - ETA: 9:41 - loss: 0.0258 - accuracy: 0.9934
236/474 [=============>................] - ETA: 9:38 - loss: 0.0257 - accuracy: 0.9934
237/474 [==============>...............] - ETA: 9:35 - loss: 0.0257 - accuracy: 0.9934
238/474 [==============>...............] - ETA: 9:33 - loss: 0.0258 - accuracy: 0.9934
239/474 [==============>...............] - ETA: 9:31 - loss: 0.0260 - accuracy: 0.9933
240/474 [==============>...............] - ETA: 9:28 - loss: 0.0259 - accuracy: 0.9933
241/474 [==============>...............] - ETA: 9:25 - loss: 0.0260 - accuracy: 0.9933
242/474 [==============>...............] - ETA: 9:23 - loss: 0.0260 - accuracy: 0.9933
243/474 [==============>...............] - ETA: 9:21 - loss: 0.0259 - accuracy: 0.9933
244/474 [==============>...............] - ETA: 9:18 - loss: 0.0259 - accuracy: 0.9933
245/474 [==============>...............] - ETA: 9:16 - loss: 0.0258 - accuracy: 0.9933
246/474 [==============>...............] - ETA: 9:14 - loss: 0.0259 - accuracy: 0.9933
247/474 [==============>...............] - ETA: 9:11 - loss: 0.0258 - accuracy: 0.9933
248/474 [==============>...............] - ETA: 9:08 - loss: 0.0257 - accuracy: 0.9933
249/474 [==============>...............] - ETA: 9:06 - loss: 0.0258 - accuracy: 0.9933
250/474 [==============>...............] - ETA: 9:04 - loss: 0.0257 - accuracy: 0.9934
251/474 [==============>...............] - ETA: 9:01 - loss: 0.0256 - accuracy: 0.9934
252/474 [==============>...............] - ETA: 8:58 - loss: 0.0255 - accuracy: 0.9934
253/474 [===============>..............] - ETA: 8:56 - loss: 0.0256 - accuracy: 0.9934
254/474 [===============>..............] - ETA: 8:53 - loss: 0.0255 - accuracy: 0.9934
255/474 [===============>..............] - ETA: 8:51 - loss: 0.0256 - accuracy: 0.9934
256/474 [===============>..............] - ETA: 8:49 - loss: 0.0255 - accuracy: 0.9934
257/474 [===============>..............] - ETA: 8:46 - loss: 0.0257 - accuracy: 0.9934
258/474 [===============>..............] - ETA: 8:44 - loss: 0.0256 - accuracy: 0.9934
259/474 [===============>..............] - ETA: 8:41 - loss: 0.0255 - accuracy: 0.9934
260/474 [===============>..............] - ETA: 8:39 - loss: 0.0257 - accuracy: 0.9933
261/474 [===============>..............] - ETA: 8:37 - loss: 0.0256 - accuracy: 0.9934
262/474 [===============>..............] - ETA: 8:34 - loss: 0.0256 - accuracy: 0.9934
263/474 [===============>..............] - ETA: 8:32 - loss: 0.0255 - accuracy: 0.9934
264/474 [===============>..............] - ETA: 8:29 - loss: 0.0254 - accuracy: 0.9934
265/474 [===============>..............] - ETA: 8:27 - loss: 0.0255 - accuracy: 0.9934
266/474 [===============>..............] - ETA: 8:25 - loss: 0.0254 - accuracy: 0.9934
267/474 [===============>..............] - ETA: 8:22 - loss: 0.0253 - accuracy: 0.9934
268/474 [===============>..............] - ETA: 8:20 - loss: 0.0253 - accuracy: 0.9935
269/474 [================>.............] - ETA: 8:17 - loss: 0.0254 - accuracy: 0.9935
270/474 [================>.............] - ETA: 8:15 - loss: 0.0253 - accuracy: 0.9935
271/474 [================>.............] - ETA: 8:13 - loss: 0.0254 - accuracy: 0.9934
272/474 [================>.............] - ETA: 8:10 - loss: 0.0254 - accuracy: 0.9934
273/474 [================>.............] - ETA: 8:08 - loss: 0.0254 - accuracy: 0.9934
274/474 [================>.............] - ETA: 8:05 - loss: 0.0255 - accuracy: 0.9934
275/474 [================>.............] - ETA: 8:03 - loss: 0.0254 - accuracy: 0.9935
276/474 [================>.............] - ETA: 8:00 - loss: 0.0253 - accuracy: 0.9935
277/474 [================>.............] - ETA: 7:58 - loss: 0.0253 - accuracy: 0.9935
278/474 [================>.............] - ETA: 7:56 - loss: 0.0252 - accuracy: 0.9935
279/474 [================>.............] - ETA: 7:53 - loss: 0.0253 - accuracy: 0.9935
280/474 [================>.............] - ETA: 7:51 - loss: 0.0254 - accuracy: 0.9935
281/474 [================>.............] - ETA: 7:48 - loss: 0.0253 - accuracy: 0.9935
282/474 [================>.............] - ETA: 7:46 - loss: 0.0255 - accuracy: 0.9935
283/474 [================>.............] - ETA: 7:43 - loss: 0.0254 - accuracy: 0.9935
284/474 [================>.............] - ETA: 7:41 - loss: 0.0255 - accuracy: 0.9935
285/474 [=================>............] - ETA: 7:39 - loss: 0.0256 - accuracy: 0.9934
286/474 [=================>............] - ETA: 7:36 - loss: 0.0256 - accuracy: 0.9935
287/474 [=================>............] - ETA: 7:34 - loss: 0.0256 - accuracy: 0.9934
288/474 [=================>............] - ETA: 7:32 - loss: 0.0256 - accuracy: 0.9934
289/474 [=================>............] - ETA: 7:29 - loss: 0.0257 - accuracy: 0.9934
290/474 [=================>............] - ETA: 7:26 - loss: 0.0261 - accuracy: 0.9933
291/474 [=================>............] - ETA: 7:24 - loss: 0.0261 - accuracy: 0.9933
292/474 [=================>............] - ETA: 7:22 - loss: 0.0260 - accuracy: 0.9933
293/474 [=================>............] - ETA: 7:19 - loss: 0.0260 - accuracy: 0.9933
294/474 [=================>............] - ETA: 7:17 - loss: 0.0260 - accuracy: 0.9933
295/474 [=================>............] - ETA: 7:14 - loss: 0.0259 - accuracy: 0.9934
296/474 [=================>............] - ETA: 7:12 - loss: 0.0259 - accuracy: 0.9934
297/474 [=================>............] - ETA: 7:10 - loss: 0.0260 - accuracy: 0.9933
298/474 [=================>............] - ETA: 7:07 - loss: 0.0260 - accuracy: 0.9933
299/474 [=================>............] - ETA: 7:05 - loss: 0.0261 - accuracy: 0.9933
300/474 [=================>............] - ETA: 7:02 - loss: 0.0261 - accuracy: 0.9933
301/474 [==================>...........] - ETA: 7:00 - loss: 0.0260 - accuracy: 0.9933
302/474 [==================>...........] - ETA: 6:58 - loss: 0.0262 - accuracy: 0.9932
303/474 [==================>...........] - ETA: 6:55 - loss: 0.0261 - accuracy: 0.9932
304/474 [==================>...........] - ETA: 6:53 - loss: 0.0262 - accuracy: 0.9932
305/474 [==================>...........] - ETA: 6:50 - loss: 0.0263 - accuracy: 0.9931
306/474 [==================>...........] - ETA: 6:48 - loss: 0.0263 - accuracy: 0.9932
307/474 [==================>...........] - ETA: 6:45 - loss: 0.0264 - accuracy: 0.9932
308/474 [==================>...........] - ETA: 6:43 - loss: 0.0265 - accuracy: 0.9931
309/474 [==================>...........] - ETA: 6:40 - loss: 0.0266 - accuracy: 0.9931
310/474 [==================>...........] - ETA: 6:38 - loss: 0.0265 - accuracy: 0.9931
311/474 [==================>...........] - ETA: 6:36 - loss: 0.0265 - accuracy: 0.9932
312/474 [==================>...........] - ETA: 6:33 - loss: 0.0266 - accuracy: 0.9931
313/474 [==================>...........] - ETA: 6:31 - loss: 0.0266 - accuracy: 0.9931
314/474 [==================>...........] - ETA: 6:28 - loss: 0.0265 - accuracy: 0.9931
315/474 [==================>...........] - ETA: 6:26 - loss: 0.0268 - accuracy: 0.9930
316/474 [===================>..........] - ETA: 6:23 - loss: 0.0267 - accuracy: 0.9930
317/474 [===================>..........] - ETA: 6:21 - loss: 0.0267 - accuracy: 0.9931
318/474 [===================>..........] - ETA: 6:19 - loss: 0.0267 - accuracy: 0.9930
319/474 [===================>..........] - ETA: 6:16 - loss: 0.0268 - accuracy: 0.9930
320/474 [===================>..........] - ETA: 6:14 - loss: 0.0267 - accuracy: 0.9930
321/474 [===================>..........] - ETA: 6:11 - loss: 0.0267 - accuracy: 0.9930
322/474 [===================>..........] - ETA: 6:09 - loss: 0.0266 - accuracy: 0.9930
323/474 [===================>..........] - ETA: 6:07 - loss: 0.0266 - accuracy: 0.9931
324/474 [===================>..........] - ETA: 6:04 - loss: 0.0265 - accuracy: 0.9931
325/474 [===================>..........] - ETA: 6:02 - loss: 0.0266 - accuracy: 0.9930
326/474 [===================>..........] - ETA: 5:59 - loss: 0.0265 - accuracy: 0.9930
327/474 [===================>..........] - ETA: 5:57 - loss: 0.0264 - accuracy: 0.9931
328/474 [===================>..........] - ETA: 5:54 - loss: 0.0264 - accuracy: 0.9930
329/474 [===================>..........] - ETA: 5:52 - loss: 0.0266 - accuracy: 0.9930
330/474 [===================>..........] - ETA: 5:49 - loss: 0.0265 - accuracy: 0.9930
331/474 [===================>..........] - ETA: 5:47 - loss: 0.0265 - accuracy: 0.9931
332/474 [====================>.........] - ETA: 5:44 - loss: 0.0264 - accuracy: 0.9931
333/474 [====================>.........] - ETA: 5:42 - loss: 0.0264 - accuracy: 0.9931
334/474 [====================>.........] - ETA: 5:40 - loss: 0.0263 - accuracy: 0.9931
335/474 [====================>.........] - ETA: 5:37 - loss: 0.0262 - accuracy: 0.9931
336/474 [====================>.........] - ETA: 5:35 - loss: 0.0262 - accuracy: 0.9931
337/474 [====================>.........] - ETA: 5:32 - loss: 0.0265 - accuracy: 0.9931
338/474 [====================>.........] - ETA: 5:30 - loss: 0.0265 - accuracy: 0.9930
339/474 [====================>.........] - ETA: 5:28 - loss: 0.0266 - accuracy: 0.9930
340/474 [====================>.........] - ETA: 5:25 - loss: 0.0265 - accuracy: 0.9930
341/474 [====================>.........] - ETA: 5:23 - loss: 0.0265 - accuracy: 0.9930
342/474 [====================>.........] - ETA: 5:20 - loss: 0.0265 - accuracy: 0.9930
343/474 [====================>.........] - ETA: 5:18 - loss: 0.0265 - accuracy: 0.9930
344/474 [====================>.........] - ETA: 5:15 - loss: 0.0264 - accuracy: 0.9930
345/474 [====================>.........] - ETA: 5:13 - loss: 0.0265 - accuracy: 0.9930
346/474 [====================>.........] - ETA: 5:11 - loss: 0.0265 - accuracy: 0.9930
347/474 [====================>.........] - ETA: 5:08 - loss: 0.0264 - accuracy: 0.9930
348/474 [=====================>........] - ETA: 5:06 - loss: 0.0265 - accuracy: 0.9930
349/474 [=====================>........] - ETA: 5:03 - loss: 0.0265 - accuracy: 0.9930
350/474 [=====================>........] - ETA: 5:01 - loss: 0.0265 - accuracy: 0.9930
351/474 [=====================>........] - ETA: 4:58 - loss: 0.0265 - accuracy: 0.9930
352/474 [=====================>........] - ETA: 4:56 - loss: 0.0264 - accuracy: 0.9930
353/474 [=====================>........] - ETA: 4:54 - loss: 0.0265 - accuracy: 0.9930
354/474 [=====================>........] - ETA: 4:51 - loss: 0.0264 - accuracy: 0.9930
355/474 [=====================>........] - ETA: 4:49 - loss: 0.0264 - accuracy: 0.9930
356/474 [=====================>........] - ETA: 4:46 - loss: 0.0266 - accuracy: 0.9929
357/474 [=====================>........] - ETA: 4:44 - loss: 0.0266 - accuracy: 0.9929
358/474 [=====================>........] - ETA: 4:41 - loss: 0.0266 - accuracy: 0.9929
359/474 [=====================>........] - ETA: 4:39 - loss: 0.0265 - accuracy: 0.9930
360/474 [=====================>........] - ETA: 4:37 - loss: 0.0265 - accuracy: 0.9929
361/474 [=====================>........] - ETA: 4:34 - loss: 0.0265 - accuracy: 0.9929
362/474 [=====================>........] - ETA: 4:32 - loss: 0.0265 - accuracy: 0.9930
363/474 [=====================>........] - ETA: 4:29 - loss: 0.0264 - accuracy: 0.9930
364/474 [======================>.......] - ETA: 4:27 - loss: 0.0264 - accuracy: 0.9930
365/474 [======================>.......] - ETA: 4:25 - loss: 0.0264 - accuracy: 0.9930
366/474 [======================>.......] - ETA: 4:22 - loss: 0.0264 - accuracy: 0.9930
367/474 [======================>.......] - ETA: 4:20 - loss: 0.0264 - accuracy: 0.9930
368/474 [======================>.......] - ETA: 4:17 - loss: 0.0264 - accuracy: 0.9930
369/474 [======================>.......] - ETA: 4:15 - loss: 0.0263 - accuracy: 0.9930
370/474 [======================>.......] - ETA: 4:12 - loss: 0.0263 - accuracy: 0.9931
371/474 [======================>.......] - ETA: 4:10 - loss: 0.0262 - accuracy: 0.9931
372/474 [======================>.......] - ETA: 4:08 - loss: 0.0262 - accuracy: 0.9931
373/474 [======================>.......] - ETA: 4:05 - loss: 0.0261 - accuracy: 0.9931
374/474 [======================>.......] - ETA: 4:03 - loss: 0.0261 - accuracy: 0.9931
375/474 [======================>.......] - ETA: 4:00 - loss: 0.0260 - accuracy: 0.9931
376/474 [======================>.......] - ETA: 3:58 - loss: 0.0260 - accuracy: 0.9932
377/474 [======================>.......] - ETA: 3:55 - loss: 0.0260 - accuracy: 0.9932
378/474 [======================>.......] - ETA: 3:53 - loss: 0.0261 - accuracy: 0.9931
379/474 [======================>.......] - ETA: 3:50 - loss: 0.0261 - accuracy: 0.9931
380/474 [=======================>......] - ETA: 3:48 - loss: 0.0261 - accuracy: 0.9931
381/474 [=======================>......] - ETA: 3:46 - loss: 0.0260 - accuracy: 0.9931
382/474 [=======================>......] - ETA: 3:43 - loss: 0.0260 - accuracy: 0.9931
383/474 [=======================>......] - ETA: 3:41 - loss: 0.0260 - accuracy: 0.9931
384/474 [=======================>......] - ETA: 3:38 - loss: 0.0259 - accuracy: 0.9932
385/474 [=======================>......] - ETA: 3:36 - loss: 0.0261 - accuracy: 0.9931
386/474 [=======================>......] - ETA: 3:34 - loss: 0.0261 - accuracy: 0.9931
387/474 [=======================>......] - ETA: 3:31 - loss: 0.0260 - accuracy: 0.9932
388/474 [=======================>......] - ETA: 3:29 - loss: 0.0260 - accuracy: 0.9931
389/474 [=======================>......] - ETA: 3:26 - loss: 0.0260 - accuracy: 0.9932
390/474 [=======================>......] - ETA: 3:24 - loss: 0.0261 - accuracy: 0.9931
391/474 [=======================>......] - ETA: 3:21 - loss: 0.0261 - accuracy: 0.9931
392/474 [=======================>......] - ETA: 3:19 - loss: 0.0260 - accuracy: 0.9931
393/474 [=======================>......] - ETA: 3:16 - loss: 0.0260 - accuracy: 0.9932
394/474 [=======================>......] - ETA: 3:14 - loss: 0.0259 - accuracy: 0.9932
395/474 [========================>.....] - ETA: 3:12 - loss: 0.0259 - accuracy: 0.9932
396/474 [========================>.....] - ETA: 3:09 - loss: 0.0259 - accuracy: 0.9932
397/474 [========================>.....] - ETA: 3:07 - loss: 0.0259 - accuracy: 0.9932
398/474 [========================>.....] - ETA: 3:04 - loss: 0.0258 - accuracy: 0.9932
399/474 [========================>.....] - ETA: 3:02 - loss: 0.0259 - accuracy: 0.9932
400/474 [========================>.....] - ETA: 2:59 - loss: 0.0259 - accuracy: 0.9932
401/474 [========================>.....] - ETA: 2:57 - loss: 0.0258 - accuracy: 0.9932
402/474 [========================>.....] - ETA: 2:55 - loss: 0.0259 - accuracy: 0.9932
403/474 [========================>.....] - ETA: 2:52 - loss: 0.0258 - accuracy: 0.9932
404/474 [========================>.....] - ETA: 2:50 - loss: 0.0258 - accuracy: 0.9932
405/474 [========================>.....] - ETA: 2:47 - loss: 0.0257 - accuracy: 0.9932
406/474 [========================>.....] - ETA: 2:45 - loss: 0.0259 - accuracy: 0.9932
407/474 [========================>.....] - ETA: 2:42 - loss: 0.0258 - accuracy: 0.9932
408/474 [========================>.....] - ETA: 2:40 - loss: 0.0258 - accuracy: 0.9932
409/474 [========================>.....] - ETA: 2:38 - loss: 0.0261 - accuracy: 0.9931
410/474 [========================>.....] - ETA: 2:35 - loss: 0.0261 - accuracy: 0.9931
411/474 [=========================>....] - ETA: 2:33 - loss: 0.0260 - accuracy: 0.9931
412/474 [=========================>....] - ETA: 2:30 - loss: 0.0260 - accuracy: 0.9932
413/474 [=========================>....] - ETA: 2:28 - loss: 0.0261 - accuracy: 0.9931
414/474 [=========================>....] - ETA: 2:25 - loss: 0.0261 - accuracy: 0.9931
415/474 [=========================>....] - ETA: 2:23 - loss: 0.0260 - accuracy: 0.9931
416/474 [=========================>....] - ETA: 2:21 - loss: 0.0261 - accuracy: 0.9931
417/474 [=========================>....] - ETA: 2:18 - loss: 0.0261 - accuracy: 0.9931
418/474 [=========================>....] - ETA: 2:16 - loss: 0.0261 - accuracy: 0.9931
419/474 [=========================>....] - ETA: 2:13 - loss: 0.0261 - accuracy: 0.9932
420/474 [=========================>....] - ETA: 2:11 - loss: 0.0260 - accuracy: 0.9932
421/474 [=========================>....] - ETA: 2:08 - loss: 0.0260 - accuracy: 0.9932
422/474 [=========================>....] - ETA: 2:06 - loss: 0.0260 - accuracy: 0.9932
423/474 [=========================>....] - ETA: 2:04 - loss: 0.0259 - accuracy: 0.9932
424/474 [=========================>....] - ETA: 2:01 - loss: 0.0259 - accuracy: 0.9932
425/474 [=========================>....] - ETA: 1:59 - loss: 0.0260 - accuracy: 0.9932
426/474 [=========================>....] - ETA: 1:56 - loss: 0.0260 - accuracy: 0.9932
427/474 [==========================>...] - ETA: 1:54 - loss: 0.0260 - accuracy: 0.9932
428/474 [==========================>...] - ETA: 1:51 - loss: 0.0260 - accuracy: 0.9932
429/474 [==========================>...] - ETA: 1:49 - loss: 0.0259 - accuracy: 0.9932
430/474 [==========================>...] - ETA: 1:47 - loss: 0.0259 - accuracy: 0.9932
431/474 [==========================>...] - ETA: 1:44 - loss: 0.0258 - accuracy: 0.9932
432/474 [==========================>...] - ETA: 1:42 - loss: 0.0258 - accuracy: 0.9932
433/474 [==========================>...] - ETA: 1:39 - loss: 0.0259 - accuracy: 0.9932
434/474 [==========================>...] - ETA: 1:37 - loss: 0.0259 - accuracy: 0.9932
435/474 [==========================>...] - ETA: 1:34 - loss: 0.0259 - accuracy: 0.9932
436/474 [==========================>...] - ETA: 1:32 - loss: 0.0259 - accuracy: 0.9932
437/474 [==========================>...] - ETA: 1:30 - loss: 0.0258 - accuracy: 0.9932
438/474 [==========================>...] - ETA: 1:27 - loss: 0.0258 - accuracy: 0.9932
439/474 [==========================>...] - ETA: 1:25 - loss: 0.0258 - accuracy: 0.9932
440/474 [==========================>...] - ETA: 1:22 - loss: 0.0258 - accuracy: 0.9932
441/474 [==========================>...] - ETA: 1:20 - loss: 0.0259 - accuracy: 0.9932
442/474 [==========================>...] - ETA: 1:17 - loss: 0.0260 - accuracy: 0.9931
443/474 [===========================>..] - ETA: 1:15 - loss: 0.0260 - accuracy: 0.9931
444/474 [===========================>..] - ETA: 1:13 - loss: 0.0261 - accuracy: 0.9931
445/474 [===========================>..] - ETA: 1:10 - loss: 0.0261 - accuracy: 0.9931
446/474 [===========================>..] - ETA: 1:08 - loss: 0.0260 - accuracy: 0.9931
447/474 [===========================>..] - ETA: 1:05 - loss: 0.0260 - accuracy: 0.9931
448/474 [===========================>..] - ETA: 1:03 - loss: 0.0260 - accuracy: 0.9931
449/474 [===========================>..] - ETA: 1:00 - loss: 0.0260 - accuracy: 0.9931
450/474 [===========================>..] - ETA: 58s - loss: 0.0261 - accuracy: 0.9931 
451/474 [===========================>..] - ETA: 55s - loss: 0.0261 - accuracy: 0.9930
452/474 [===========================>..] - ETA: 53s - loss: 0.0261 - accuracy: 0.9930
453/474 [===========================>..] - ETA: 51s - loss: 0.0260 - accuracy: 0.9930
454/474 [===========================>..] - ETA: 48s - loss: 0.0261 - accuracy: 0.9930
455/474 [===========================>..] - ETA: 46s - loss: 0.0261 - accuracy: 0.9930
456/474 [===========================>..] - ETA: 43s - loss: 0.0261 - accuracy: 0.9930
457/474 [===========================>..] - ETA: 41s - loss: 0.0262 - accuracy: 0.9930
458/474 [===========================>..] - ETA: 38s - loss: 0.0262 - accuracy: 0.9930
459/474 [============================>.] - ETA: 36s - loss: 0.0262 - accuracy: 0.9930
460/474 [============================>.] - ETA: 34s - loss: 0.0262 - accuracy: 0.9930
461/474 [============================>.] - ETA: 31s - loss: 0.0262 - accuracy: 0.9930
462/474 [============================>.] - ETA: 29s - loss: 0.0262 - accuracy: 0.9930
463/474 [============================>.] - ETA: 26s - loss: 0.0262 - accuracy: 0.9930
464/474 [============================>.] - ETA: 24s - loss: 0.0261 - accuracy: 0.9930
465/474 [============================>.] - ETA: 21s - loss: 0.0261 - accuracy: 0.9931
466/474 [============================>.] - ETA: 19s - loss: 0.0260 - accuracy: 0.9931
467/474 [============================>.] - ETA: 17s - loss: 0.0260 - accuracy: 0.9931
468/474 [============================>.] - ETA: 14s - loss: 0.0260 - accuracy: 0.9931
469/474 [============================>.] - ETA: 12s - loss: 0.0259 - accuracy: 0.9931
470/474 [============================>.] - ETA: 9s - loss: 0.0259 - accuracy: 0.9931 
471/474 [============================>.] - ETA: 7s - loss: 0.0261 - accuracy: 0.9931
472/474 [============================>.] - ETA: 4s - loss: 0.0261 - accuracy: 0.9931
473/474 [============================>.] - ETA: 2s - loss: 0.0261 - accuracy: 0.9930
474/474 [==============================] - 1153s 2s/step - loss: 0.0261 - accuracy: 0.9930
Over train job in 2316.102144 s
Model: "model_1"
__________________________________________________________________________________________________
Layer (type)                    Output Shape         Param #     Connected to                     
==================================================================================================
input_1 (InputLayer)            (None, 755, 128)     0                                            
__________________________________________________________________________________________________
conv1d_2 (Conv1D)               (None, 752, 128)     65664       input_1[0][0]                    
__________________________________________________________________________________________________
conv1d_3 (Conv1D)               (None, 750, 128)     98432       input_1[0][0]                    
__________________________________________________________________________________________________
conv1d_1 (Conv1D)               (None, 754, 128)     32896       input_1[0][0]                    
__________________________________________________________________________________________________
zero_padding1d_1 (ZeroPadding1D (None, 754, 128)     0           conv1d_2[0][0]                   
__________________________________________________________________________________________________
zero_padding1d_2 (ZeroPadding1D (None, 754, 128)     0           conv1d_3[0][0]                   
__________________________________________________________________________________________________
concatenate_1 (Concatenate)     (None, 754, 384)     0           conv1d_1[0][0]                   
                                                                 zero_padding1d_1[0][0]           
                                                                 zero_padding1d_2[0][0]           
__________________________________________________________________________________________________
lstm_1 (LSTM)                   (None, 128)          262656      concatenate_1[0][0]              
__________________________________________________________________________________________________
dropout_1 (Dropout)             (None, 128)          0           lstm_1[0][0]                     
__________________________________________________________________________________________________
Output (Dense)                  (None, 2)            258         dropout_1[0][0]                  
==================================================================================================
Total params: 459,906
Trainable params: 459,906
Non-trainable params: 0
__________________________________________________________________________________________________
None
1/106 batch
2/106 batch
3/106 batch
4/106 batch
5/106 batch
6/106 batch
7/106 batch
8/106 batch
9/106 batch
10/106 batch
11/106 batch
12/106 batch
13/106 batch
14/106 batch
15/106 batch
16/106 batch
17/106 batch
18/106 batch
19/106 batch
20/106 batch
21/106 batch
22/106 batch
23/106 batch
24/106 batch
25/106 batch
26/106 batch
27/106 batch
28/106 batch
29/106 batch
30/106 batch
31/106 batch
32/106 batch
33/106 batch
34/106 batch
35/106 batch
36/106 batch
37/106 batch
38/106 batch
39/106 batch
40/106 batch
41/106 batch
42/106 batch
43/106 batch
44/106 batch
45/106 batch
46/106 batch
47/106 batch
48/106 batch
49/106 batch
50/106 batch
51/106 batch
52/106 batch
53/106 batch
54/106 batch
55/106 batch
56/106 batch
57/106 batch
58/106 batch
59/106 batch
60/106 batch
61/106 batch
62/106 batch
63/106 batch
64/106 batch
65/106 batch
66/106 batch
67/106 batch
68/106 batch
69/106 batch
70/106 batch
71/106 batch
72/106 batch
73/106 batch
74/106 batch
75/106 batch
76/106 batch
77/106 batch
78/106 batch
79/106 batch
80/106 batch
81/106 batch
82/106 batch
83/106 batch
84/106 batch
85/106 batch
86/106 batch
87/106 batch
88/106 batch
89/106 batch
90/106 batch
91/106 batch
92/106 batch
93/106 batch
94/106 batch
95/106 batch
96/106 batch
97/106 batch
98/106 batch
99/106 batch
100/106 batch
101/106 batch
102/106 batch
103/106 batch
104/106 batch
105/106 batch
106/106 batch
Precision score is : 0.9991836734693877
Recall score is : 0.9901577457192935
Accuracy score is :  0.9925097184033375
F1 score is :  0.9946502336290377
FP rate is : [0.         0.00191693 1.        ]
TP rate is : [0.         0.99015775 1.        ]
Roc_AOC is : 0.9941204064059725
