Start Train Job! 
Epoch 1/1

  1/189 [..............................] - ETA: 42:09 - loss: 0.7734 - accuracy: 0.3940
  2/189 [..............................] - ETA: 32:45 - loss: 0.6151 - accuracy: 0.5610
  3/189 [..............................] - ETA: 30:46 - loss: 0.5597 - accuracy: 0.6093
  4/189 [..............................] - ETA: 29:54 - loss: 0.5284 - accuracy: 0.6345
  5/189 [..............................] - ETA: 29:09 - loss: 0.5068 - accuracy: 0.6472
  6/189 [..............................] - ETA: 28:35 - loss: 0.4864 - accuracy: 0.6580
  7/189 [>.............................] - ETA: 28:32 - loss: 0.4616 - accuracy: 0.6746
  8/189 [>.............................] - ETA: 28:10 - loss: 0.4360 - accuracy: 0.7045
  9/189 [>.............................] - ETA: 27:50 - loss: 0.4130 - accuracy: 0.7351
 10/189 [>.............................] - ETA: 27:36 - loss: 0.3935 - accuracy: 0.7578
 11/189 [>.............................] - ETA: 27:20 - loss: 0.3722 - accuracy: 0.7771
 12/189 [>.............................] - ETA: 27:07 - loss: 0.3519 - accuracy: 0.7942
 13/189 [=>............................] - ETA: 26:50 - loss: 0.3327 - accuracy: 0.8086
 14/189 [=>............................] - ETA: 26:42 - loss: 0.3155 - accuracy: 0.8214
 15/189 [=>............................] - ETA: 26:29 - loss: 0.2984 - accuracy: 0.8327
 16/189 [=>............................] - ETA: 26:15 - loss: 0.2844 - accuracy: 0.8419
 17/189 [=>............................] - ETA: 25:58 - loss: 0.2709 - accuracy: 0.8505
 18/189 [=>............................] - ETA: 25:46 - loss: 0.2592 - accuracy: 0.8578
 19/189 [==>...........................] - ETA: 25:35 - loss: 0.2486 - accuracy: 0.8643
 20/189 [==>...........................] - ETA: 25:27 - loss: 0.2387 - accuracy: 0.8703
 21/189 [==>...........................] - ETA: 25:16 - loss: 0.2315 - accuracy: 0.8750
 22/189 [==>...........................] - ETA: 25:06 - loss: 0.2244 - accuracy: 0.8796
 23/189 [==>...........................] - ETA: 24:59 - loss: 0.2178 - accuracy: 0.8839
 24/189 [==>...........................] - ETA: 24:47 - loss: 0.2115 - accuracy: 0.8878
 25/189 [==>...........................] - ETA: 24:38 - loss: 0.2059 - accuracy: 0.8914
 26/189 [===>..........................] - ETA: 24:28 - loss: 0.1999 - accuracy: 0.8947
 27/189 [===>..........................] - ETA: 24:19 - loss: 0.1944 - accuracy: 0.8979
 28/189 [===>..........................] - ETA: 24:08 - loss: 0.1903 - accuracy: 0.9005
 29/189 [===>..........................] - ETA: 23:59 - loss: 0.1854 - accuracy: 0.9030
 30/189 [===>..........................] - ETA: 23:52 - loss: 0.1814 - accuracy: 0.9057
 31/189 [===>..........................] - ETA: 23:45 - loss: 0.1769 - accuracy: 0.9085
 32/189 [====>.........................] - ETA: 23:39 - loss: 0.1725 - accuracy: 0.9110
 33/189 [====>.........................] - ETA: 23:27 - loss: 0.1684 - accuracy: 0.9133
 34/189 [====>.........................] - ETA: 23:18 - loss: 0.1646 - accuracy: 0.9155
 35/189 [====>.........................] - ETA: 23:11 - loss: 0.1611 - accuracy: 0.9175
 36/189 [====>.........................] - ETA: 23:01 - loss: 0.1581 - accuracy: 0.9194
 37/189 [====>.........................] - ETA: 22:53 - loss: 0.1547 - accuracy: 0.9214
 38/189 [=====>........................] - ETA: 22:43 - loss: 0.1512 - accuracy: 0.9233
 39/189 [=====>........................] - ETA: 22:35 - loss: 0.1478 - accuracy: 0.9251
 40/189 [=====>........................] - ETA: 22:24 - loss: 0.1461 - accuracy: 0.9264
 41/189 [=====>........................] - ETA: 22:15 - loss: 0.1433 - accuracy: 0.9280
 42/189 [=====>........................] - ETA: 22:07 - loss: 0.1407 - accuracy: 0.9294
 43/189 [=====>........................] - ETA: 21:58 - loss: 0.1382 - accuracy: 0.9309
 44/189 [=====>........................] - ETA: 21:49 - loss: 0.1356 - accuracy: 0.9323
 45/189 [======>.......................] - ETA: 21:39 - loss: 0.1331 - accuracy: 0.9336
 46/189 [======>.......................] - ETA: 21:29 - loss: 0.1310 - accuracy: 0.9349
 47/189 [======>.......................] - ETA: 21:21 - loss: 0.1294 - accuracy: 0.9360
 48/189 [======>.......................] - ETA: 21:11 - loss: 0.1273 - accuracy: 0.9371
 49/189 [======>.......................] - ETA: 21:03 - loss: 0.1253 - accuracy: 0.9382
 50/189 [======>.......................] - ETA: 20:52 - loss: 0.1233 - accuracy: 0.9394
 51/189 [=======>......................] - ETA: 20:43 - loss: 0.1217 - accuracy: 0.9404
 52/189 [=======>......................] - ETA: 20:33 - loss: 0.1197 - accuracy: 0.9415
 53/189 [=======>......................] - ETA: 20:25 - loss: 0.1182 - accuracy: 0.9424
 54/189 [=======>......................] - ETA: 20:16 - loss: 0.1168 - accuracy: 0.9432
 55/189 [=======>......................] - ETA: 20:06 - loss: 0.1150 - accuracy: 0.9441
 56/189 [=======>......................] - ETA: 19:58 - loss: 0.1135 - accuracy: 0.9450
 57/189 [========>.....................] - ETA: 19:48 - loss: 0.1119 - accuracy: 0.9459
 58/189 [========>.....................] - ETA: 19:39 - loss: 0.1105 - accuracy: 0.9467
 59/189 [========>.....................] - ETA: 19:30 - loss: 0.1092 - accuracy: 0.9474
 60/189 [========>.....................] - ETA: 19:21 - loss: 0.1079 - accuracy: 0.9481
 61/189 [========>.....................] - ETA: 19:11 - loss: 0.1067 - accuracy: 0.9488
 62/189 [========>.....................] - ETA: 19:02 - loss: 0.1053 - accuracy: 0.9495
 63/189 [=========>....................] - ETA: 18:53 - loss: 0.1044 - accuracy: 0.9501
 64/189 [=========>....................] - ETA: 18:45 - loss: 0.1033 - accuracy: 0.9508
 65/189 [=========>....................] - ETA: 18:36 - loss: 0.1023 - accuracy: 0.9514
 66/189 [=========>....................] - ETA: 18:27 - loss: 0.1013 - accuracy: 0.9520
 67/189 [=========>....................] - ETA: 18:18 - loss: 0.1005 - accuracy: 0.9525
 68/189 [=========>....................] - ETA: 18:09 - loss: 0.0994 - accuracy: 0.9531
 69/189 [=========>....................] - ETA: 18:00 - loss: 0.0985 - accuracy: 0.9536
 70/189 [==========>...................] - ETA: 17:51 - loss: 0.0978 - accuracy: 0.9540
 71/189 [==========>...................] - ETA: 17:42 - loss: 0.0966 - accuracy: 0.9546
 72/189 [==========>...................] - ETA: 17:33 - loss: 0.0956 - accuracy: 0.9551
 73/189 [==========>...................] - ETA: 17:25 - loss: 0.0946 - accuracy: 0.9556
 74/189 [==========>...................] - ETA: 17:15 - loss: 0.0938 - accuracy: 0.9561
 75/189 [==========>...................] - ETA: 17:06 - loss: 0.0930 - accuracy: 0.9566
 76/189 [===========>..................] - ETA: 16:57 - loss: 0.0925 - accuracy: 0.9570
 77/189 [===========>..................] - ETA: 16:48 - loss: 0.0917 - accuracy: 0.9575
 78/189 [===========>..................] - ETA: 16:39 - loss: 0.0910 - accuracy: 0.9579
 79/189 [===========>..................] - ETA: 16:30 - loss: 0.0901 - accuracy: 0.9583
 80/189 [===========>..................] - ETA: 16:20 - loss: 0.0896 - accuracy: 0.9587
 81/189 [===========>..................] - ETA: 16:12 - loss: 0.0887 - accuracy: 0.9592
 82/189 [============>.................] - ETA: 16:03 - loss: 0.0879 - accuracy: 0.9596
 83/189 [============>.................] - ETA: 15:54 - loss: 0.0872 - accuracy: 0.9600
 84/189 [============>.................] - ETA: 15:44 - loss: 0.0863 - accuracy: 0.9605
 85/189 [============>.................] - ETA: 15:35 - loss: 0.0856 - accuracy: 0.9608
 86/189 [============>.................] - ETA: 15:26 - loss: 0.0848 - accuracy: 0.9612
 87/189 [============>.................] - ETA: 15:17 - loss: 0.0842 - accuracy: 0.9615
 88/189 [============>.................] - ETA: 15:08 - loss: 0.0835 - accuracy: 0.9619
 89/189 [=============>................] - ETA: 14:59 - loss: 0.0830 - accuracy: 0.9622
 90/189 [=============>................] - ETA: 14:49 - loss: 0.0825 - accuracy: 0.9625
 91/189 [=============>................] - ETA: 14:41 - loss: 0.0818 - accuracy: 0.9629
 92/189 [=============>................] - ETA: 14:32 - loss: 0.0813 - accuracy: 0.9632
 93/189 [=============>................] - ETA: 14:23 - loss: 0.0810 - accuracy: 0.9634
 94/189 [=============>................] - ETA: 14:14 - loss: 0.0806 - accuracy: 0.9637
 95/189 [==============>...............] - ETA: 14:05 - loss: 0.0800 - accuracy: 0.9640
 96/189 [==============>...............] - ETA: 13:56 - loss: 0.0795 - accuracy: 0.9643
 97/189 [==============>...............] - ETA: 13:47 - loss: 0.0791 - accuracy: 0.9645
 98/189 [==============>...............] - ETA: 13:38 - loss: 0.0787 - accuracy: 0.9647
 99/189 [==============>...............] - ETA: 13:28 - loss: 0.0784 - accuracy: 0.9649
100/189 [==============>...............] - ETA: 13:19 - loss: 0.0779 - accuracy: 0.9652
101/189 [===============>..............] - ETA: 13:10 - loss: 0.0774 - accuracy: 0.9655
102/189 [===============>..............] - ETA: 13:02 - loss: 0.0769 - accuracy: 0.9658
103/189 [===============>..............] - ETA: 12:53 - loss: 0.0766 - accuracy: 0.9660
104/189 [===============>..............] - ETA: 12:43 - loss: 0.0761 - accuracy: 0.9663
105/189 [===============>..............] - ETA: 12:34 - loss: 0.0757 - accuracy: 0.9665
106/189 [===============>..............] - ETA: 12:26 - loss: 0.0753 - accuracy: 0.9667
107/189 [===============>..............] - ETA: 12:16 - loss: 0.0751 - accuracy: 0.9669
108/189 [================>.............] - ETA: 12:07 - loss: 0.0747 - accuracy: 0.9671
109/189 [================>.............] - ETA: 11:58 - loss: 0.0742 - accuracy: 0.9674
110/189 [================>.............] - ETA: 11:50 - loss: 0.0737 - accuracy: 0.9677
111/189 [================>.............] - ETA: 11:41 - loss: 0.0732 - accuracy: 0.9679
112/189 [================>.............] - ETA: 11:32 - loss: 0.0727 - accuracy: 0.9682
113/189 [================>.............] - ETA: 11:22 - loss: 0.0723 - accuracy: 0.9683
114/189 [=================>............] - ETA: 11:13 - loss: 0.0719 - accuracy: 0.9686
115/189 [=================>............] - ETA: 11:04 - loss: 0.0714 - accuracy: 0.9688
116/189 [=================>............] - ETA: 10:55 - loss: 0.0710 - accuracy: 0.9690
117/189 [=================>............] - ETA: 10:46 - loss: 0.0706 - accuracy: 0.9692
118/189 [=================>............] - ETA: 10:37 - loss: 0.0702 - accuracy: 0.9694
119/189 [=================>............] - ETA: 10:28 - loss: 0.0698 - accuracy: 0.9697
120/189 [==================>...........] - ETA: 10:19 - loss: 0.0694 - accuracy: 0.9699
121/189 [==================>...........] - ETA: 10:10 - loss: 0.0691 - accuracy: 0.9700
122/189 [==================>...........] - ETA: 10:01 - loss: 0.0688 - accuracy: 0.9702
123/189 [==================>...........] - ETA: 9:52 - loss: 0.0684 - accuracy: 0.9704 
124/189 [==================>...........] - ETA: 9:42 - loss: 0.0680 - accuracy: 0.9706
125/189 [==================>...........] - ETA: 9:33 - loss: 0.0677 - accuracy: 0.9708
126/189 [===================>..........] - ETA: 9:24 - loss: 0.0673 - accuracy: 0.9710
127/189 [===================>..........] - ETA: 9:15 - loss: 0.0672 - accuracy: 0.9711
128/189 [===================>..........] - ETA: 9:06 - loss: 0.0667 - accuracy: 0.9713
129/189 [===================>..........] - ETA: 8:57 - loss: 0.0663 - accuracy: 0.9715
130/189 [===================>..........] - ETA: 8:48 - loss: 0.0662 - accuracy: 0.9716
131/189 [===================>..........] - ETA: 8:39 - loss: 0.0660 - accuracy: 0.9718
132/189 [===================>..........] - ETA: 8:30 - loss: 0.0656 - accuracy: 0.9720
133/189 [====================>.........] - ETA: 8:22 - loss: 0.0655 - accuracy: 0.9720
134/189 [====================>.........] - ETA: 8:13 - loss: 0.0651 - accuracy: 0.9722
135/189 [====================>.........] - ETA: 8:04 - loss: 0.0648 - accuracy: 0.9724
136/189 [====================>.........] - ETA: 7:55 - loss: 0.0644 - accuracy: 0.9725
137/189 [====================>.........] - ETA: 7:46 - loss: 0.0643 - accuracy: 0.9727
138/189 [====================>.........] - ETA: 7:37 - loss: 0.0640 - accuracy: 0.9728
139/189 [=====================>........] - ETA: 7:28 - loss: 0.0637 - accuracy: 0.9729
140/189 [=====================>........] - ETA: 7:19 - loss: 0.0634 - accuracy: 0.9731
141/189 [=====================>........] - ETA: 7:10 - loss: 0.0631 - accuracy: 0.9732
142/189 [=====================>........] - ETA: 7:01 - loss: 0.0629 - accuracy: 0.9734
143/189 [=====================>........] - ETA: 6:52 - loss: 0.0626 - accuracy: 0.9735
144/189 [=====================>........] - ETA: 6:43 - loss: 0.0623 - accuracy: 0.9737
145/189 [======================>.......] - ETA: 6:34 - loss: 0.0619 - accuracy: 0.9738
146/189 [======================>.......] - ETA: 6:25 - loss: 0.0616 - accuracy: 0.9740
147/189 [======================>.......] - ETA: 6:16 - loss: 0.0614 - accuracy: 0.9741
148/189 [======================>.......] - ETA: 6:07 - loss: 0.0611 - accuracy: 0.9743
149/189 [======================>.......] - ETA: 5:58 - loss: 0.0608 - accuracy: 0.9744
150/189 [======================>.......] - ETA: 5:49 - loss: 0.0606 - accuracy: 0.9745
151/189 [======================>.......] - ETA: 5:40 - loss: 0.0604 - accuracy: 0.9746
152/189 [=======================>......] - ETA: 5:31 - loss: 0.0601 - accuracy: 0.9748
153/189 [=======================>......] - ETA: 5:22 - loss: 0.0600 - accuracy: 0.9749
154/189 [=======================>......] - ETA: 5:13 - loss: 0.0598 - accuracy: 0.9750
155/189 [=======================>......] - ETA: 5:04 - loss: 0.0598 - accuracy: 0.9750
156/189 [=======================>......] - ETA: 4:55 - loss: 0.0595 - accuracy: 0.9752
157/189 [=======================>......] - ETA: 4:46 - loss: 0.0592 - accuracy: 0.9753
158/189 [========================>.....] - ETA: 4:37 - loss: 0.0590 - accuracy: 0.9754
159/189 [========================>.....] - ETA: 4:28 - loss: 0.0588 - accuracy: 0.9755
160/189 [========================>.....] - ETA: 4:19 - loss: 0.0585 - accuracy: 0.9757
161/189 [========================>.....] - ETA: 4:10 - loss: 0.0583 - accuracy: 0.9758
162/189 [========================>.....] - ETA: 4:02 - loss: 0.0582 - accuracy: 0.9759
163/189 [========================>.....] - ETA: 3:53 - loss: 0.0579 - accuracy: 0.9760
164/189 [=========================>....] - ETA: 3:44 - loss: 0.0576 - accuracy: 0.9761
165/189 [=========================>....] - ETA: 3:35 - loss: 0.0575 - accuracy: 0.9762
166/189 [=========================>....] - ETA: 3:26 - loss: 0.0572 - accuracy: 0.9763
167/189 [=========================>....] - ETA: 3:17 - loss: 0.0570 - accuracy: 0.9764
168/189 [=========================>....] - ETA: 3:08 - loss: 0.0569 - accuracy: 0.9765
169/189 [=========================>....] - ETA: 2:59 - loss: 0.0567 - accuracy: 0.9766
170/189 [=========================>....] - ETA: 2:50 - loss: 0.0566 - accuracy: 0.9767
171/189 [==========================>...] - ETA: 2:41 - loss: 0.0564 - accuracy: 0.9768
172/189 [==========================>...] - ETA: 2:32 - loss: 0.0562 - accuracy: 0.9769
173/189 [==========================>...] - ETA: 2:23 - loss: 0.0561 - accuracy: 0.9769
174/189 [==========================>...] - ETA: 2:14 - loss: 0.0560 - accuracy: 0.9770
175/189 [==========================>...] - ETA: 2:05 - loss: 0.0557 - accuracy: 0.9771
176/189 [==========================>...] - ETA: 1:56 - loss: 0.0556 - accuracy: 0.9772
177/189 [===========================>..] - ETA: 1:47 - loss: 0.0554 - accuracy: 0.9773
178/189 [===========================>..] - ETA: 1:38 - loss: 0.0553 - accuracy: 0.9774
179/189 [===========================>..] - ETA: 1:29 - loss: 0.0550 - accuracy: 0.9775
180/189 [===========================>..] - ETA: 1:20 - loss: 0.0548 - accuracy: 0.9775
181/189 [===========================>..] - ETA: 1:11 - loss: 0.0546 - accuracy: 0.9776
182/189 [===========================>..] - ETA: 1:02 - loss: 0.0544 - accuracy: 0.9777
183/189 [============================>.] - ETA: 53s - loss: 0.0543 - accuracy: 0.9778 
184/189 [============================>.] - ETA: 44s - loss: 0.0542 - accuracy: 0.9779
185/189 [============================>.] - ETA: 35s - loss: 0.0541 - accuracy: 0.9779
186/189 [============================>.] - ETA: 26s - loss: 0.0539 - accuracy: 0.9780
187/189 [============================>.] - ETA: 17s - loss: 0.0538 - accuracy: 0.9781
188/189 [============================>.] - ETA: 8s - loss: 0.0536 - accuracy: 0.9782 
189/189 [==============================] - 1691s 9s/step - loss: 0.0534 - accuracy: 0.9783
Over train job in 1692.458736 s
Model: "model_1"
__________________________________________________________________________________________________
Layer (type)                    Output Shape         Param #     Connected to                     
==================================================================================================
input_1 (InputLayer)            (None, 755, 128)     0                                            
__________________________________________________________________________________________________
conv1d_2 (Conv1D)               (None, 752, 128)     65664       input_1[0][0]                    
__________________________________________________________________________________________________
conv1d_3 (Conv1D)               (None, 750, 128)     98432       input_1[0][0]                    
__________________________________________________________________________________________________
conv1d_1 (Conv1D)               (None, 754, 128)     32896       input_1[0][0]                    
__________________________________________________________________________________________________
zero_padding1d_1 (ZeroPadding1D (None, 754, 128)     0           conv1d_2[0][0]                   
__________________________________________________________________________________________________
zero_padding1d_2 (ZeroPadding1D (None, 754, 128)     0           conv1d_3[0][0]                   
__________________________________________________________________________________________________
concatenate_1 (Concatenate)     (None, 754, 384)     0           conv1d_1[0][0]                   
                                                                 zero_padding1d_1[0][0]           
                                                                 zero_padding1d_2[0][0]           
__________________________________________________________________________________________________
lstm_1 (LSTM)                   (None, 128)          262656      concatenate_1[0][0]              
__________________________________________________________________________________________________
dropout_1 (Dropout)             (None, 128)          0           lstm_1[0][0]                     
__________________________________________________________________________________________________
Output (Dense)                  (None, 2)            258         dropout_1[0][0]                  
==================================================================================================
Total params: 459,906
Trainable params: 459,906
Non-trainable params: 0
__________________________________________________________________________________________________
None
1/22 batch
2/22 batch
3/22 batch
4/22 batch
5/22 batch
6/22 batch
7/22 batch
8/22 batch
9/22 batch
10/22 batch
11/22 batch
12/22 batch
13/22 batch
14/22 batch
15/22 batch
16/22 batch
17/22 batch
18/22 batch
19/22 batch
20/22 batch
21/22 batch
22/22 batch
Precision score is : 0.9983704508419338
Recall score is : 0.9921727395411606
Accuracy score is :  0.9933630416232104
F1 score is :  0.9952619466630567
FP rate is : [0.         0.00382531 1.        ]
TP rate is : [0.         0.99217274 1.        ]
Roc_AOC is : 0.9941737143673288
Start Train Job! 
Epoch 1/1

  1/189 [..............................] - ETA: 35:35 - loss: 0.6723 - accuracy: 0.6020
  2/189 [..............................] - ETA: 29:24 - loss: 0.5878 - accuracy: 0.6280
  3/189 [..............................] - ETA: 28:36 - loss: 0.5342 - accuracy: 0.6587
  4/189 [..............................] - ETA: 28:40 - loss: 0.5082 - accuracy: 0.6615
  5/189 [..............................] - ETA: 28:09 - loss: 0.4644 - accuracy: 0.6820
  6/189 [..............................] - ETA: 27:43 - loss: 0.4321 - accuracy: 0.7120
  7/189 [>.............................] - ETA: 27:31 - loss: 0.4054 - accuracy: 0.7463
  8/189 [>.............................] - ETA: 27:15 - loss: 0.3772 - accuracy: 0.7745
  9/189 [>.............................] - ETA: 27:04 - loss: 0.3523 - accuracy: 0.7973
 10/189 [>.............................] - ETA: 26:47 - loss: 0.3297 - accuracy: 0.8148
 11/189 [>.............................] - ETA: 26:43 - loss: 0.3088 - accuracy: 0.8300
 12/189 [>.............................] - ETA: 26:32 - loss: 0.2906 - accuracy: 0.8425
 13/189 [=>............................] - ETA: 26:18 - loss: 0.2744 - accuracy: 0.8528
 14/189 [=>............................] - ETA: 26:05 - loss: 0.2586 - accuracy: 0.8623
 15/189 [=>............................] - ETA: 25:56 - loss: 0.2468 - accuracy: 0.8696
 16/189 [=>............................] - ETA: 25:48 - loss: 0.2344 - accuracy: 0.8769
 17/189 [=>............................] - ETA: 25:39 - loss: 0.2238 - accuracy: 0.8829
 18/189 [=>............................] - ETA: 25:24 - loss: 0.2139 - accuracy: 0.8888
 19/189 [==>...........................] - ETA: 25:16 - loss: 0.2055 - accuracy: 0.8937
 20/189 [==>...........................] - ETA: 25:09 - loss: 0.1972 - accuracy: 0.8984
 21/189 [==>...........................] - ETA: 25:00 - loss: 0.1910 - accuracy: 0.9021
 22/189 [==>...........................] - ETA: 24:46 - loss: 0.1869 - accuracy: 0.9052
 23/189 [==>...........................] - ETA: 24:37 - loss: 0.1825 - accuracy: 0.9083
 24/189 [==>...........................] - ETA: 24:27 - loss: 0.1777 - accuracy: 0.9112
 25/189 [==>...........................] - ETA: 24:20 - loss: 0.1735 - accuracy: 0.9138
 26/189 [===>..........................] - ETA: 24:10 - loss: 0.1688 - accuracy: 0.9164
 27/189 [===>..........................] - ETA: 24:03 - loss: 0.1644 - accuracy: 0.9188
 28/189 [===>..........................] - ETA: 23:53 - loss: 0.1611 - accuracy: 0.9208
 29/189 [===>..........................] - ETA: 23:42 - loss: 0.1572 - accuracy: 0.9226
 30/189 [===>..........................] - ETA: 23:34 - loss: 0.1538 - accuracy: 0.9247
 31/189 [===>..........................] - ETA: 23:27 - loss: 0.1502 - accuracy: 0.9268
 32/189 [====>.........................] - ETA: 23:19 - loss: 0.1466 - accuracy: 0.9288
 33/189 [====>.........................] - ETA: 23:08 - loss: 0.1432 - accuracy: 0.9307
 34/189 [====>.........................] - ETA: 22:59 - loss: 0.1399 - accuracy: 0.9324
 35/189 [====>.........................] - ETA: 22:52 - loss: 0.1367 - accuracy: 0.9342
 36/189 [====>.........................] - ETA: 22:43 - loss: 0.1342 - accuracy: 0.9357
 37/189 [====>.........................] - ETA: 22:32 - loss: 0.1314 - accuracy: 0.9371
 38/189 [=====>........................] - ETA: 22:24 - loss: 0.1287 - accuracy: 0.9386
 39/189 [=====>........................] - ETA: 22:16 - loss: 0.1259 - accuracy: 0.9401
 40/189 [=====>........................] - ETA: 22:08 - loss: 0.1245 - accuracy: 0.9410
 41/189 [=====>........................] - ETA: 21:59 - loss: 0.1222 - accuracy: 0.9422
 42/189 [=====>........................] - ETA: 21:49 - loss: 0.1201 - accuracy: 0.9434
 43/189 [=====>........................] - ETA: 21:40 - loss: 0.1180 - accuracy: 0.9445
 44/189 [=====>........................] - ETA: 21:32 - loss: 0.1160 - accuracy: 0.9456
 45/189 [======>.......................] - ETA: 21:24 - loss: 0.1139 - accuracy: 0.9467