Start Train Job! 
Epoch 1/1

  1/949 [..............................] - ETA: 1:28:23 - loss: 0.6437 - accuracy: 0.6400
  2/949 [..............................] - ETA: 58:12 - loss: 0.5429 - accuracy: 0.7000  
  3/949 [..............................] - ETA: 52:11 - loss: 0.4968 - accuracy: 0.7133
  4/949 [..............................] - ETA: 49:20 - loss: 0.4634 - accuracy: 0.7250
  5/949 [..............................] - ETA: 45:56 - loss: 0.4570 - accuracy: 0.7220
  6/949 [..............................] - ETA: 46:01 - loss: 0.4684 - accuracy: 0.7083
  7/949 [..............................] - ETA: 44:22 - loss: 0.4616 - accuracy: 0.7029
  8/949 [..............................] - ETA: 42:59 - loss: 0.4444 - accuracy: 0.7075
  9/949 [..............................] - ETA: 42:22 - loss: 0.4256 - accuracy: 0.7278
 10/949 [..............................] - ETA: 42:33 - loss: 0.4096 - accuracy: 0.7520
 11/949 [..............................] - ETA: 42:01 - loss: 0.3921 - accuracy: 0.7745
 12/949 [..............................] - ETA: 41:27 - loss: 0.3725 - accuracy: 0.7917
 13/949 [..............................] - ETA: 41:08 - loss: 0.3558 - accuracy: 0.8054
 14/949 [..............................] - ETA: 40:51 - loss: 0.3416 - accuracy: 0.8164
 15/949 [..............................] - ETA: 40:35 - loss: 0.3240 - accuracy: 0.8280
 16/949 [..............................] - ETA: 39:57 - loss: 0.3092 - accuracy: 0.8381
 17/949 [..............................] - ETA: 39:46 - loss: 0.2972 - accuracy: 0.8453
 18/949 [..............................] - ETA: 39:42 - loss: 0.2827 - accuracy: 0.8539
 19/949 [..............................] - ETA: 39:50 - loss: 0.2715 - accuracy: 0.8611
 20/949 [..............................] - ETA: 39:42 - loss: 0.2622 - accuracy: 0.8665
 21/949 [..............................] - ETA: 39:36 - loss: 0.2523 - accuracy: 0.8724
 22/949 [..............................] - ETA: 39:28 - loss: 0.2440 - accuracy: 0.8768
 23/949 [..............................] - ETA: 39:18 - loss: 0.2348 - accuracy: 0.8822
 24/949 [..............................] - ETA: 39:11 - loss: 0.2287 - accuracy: 0.8858
 25/949 [..............................] - ETA: 38:58 - loss: 0.2214 - accuracy: 0.8900
 26/949 [..............................] - ETA: 38:58 - loss: 0.2142 - accuracy: 0.8938
 27/949 [..............................] - ETA: 38:31 - loss: 0.2071 - accuracy: 0.8978
 28/949 [..............................] - ETA: 38:39 - loss: 0.2020 - accuracy: 0.9007
 29/949 [..............................] - ETA: 38:37 - loss: 0.1965 - accuracy: 0.9034
 30/949 [..............................] - ETA: 38:37 - loss: 0.1914 - accuracy: 0.9060
 31/949 [..............................] - ETA: 38:24 - loss: 0.1856 - accuracy: 0.9090
 32/949 [>.............................] - ETA: 38:23 - loss: 0.1812 - accuracy: 0.9112
 33/949 [>.............................] - ETA: 38:21 - loss: 0.1833 - accuracy: 0.9121
 34/949 [>.............................] - ETA: 38:17 - loss: 0.1804 - accuracy: 0.9138
 35/949 [>.............................] - ETA: 38:11 - loss: 0.1754 - accuracy: 0.9163
 36/949 [>.............................] - ETA: 38:16 - loss: 0.1707 - accuracy: 0.9186
 37/949 [>.............................] - ETA: 38:06 - loss: 0.1666 - accuracy: 0.9205
 38/949 [>.............................] - ETA: 38:05 - loss: 0.1652 - accuracy: 0.9221
 39/949 [>.............................] - ETA: 38:00 - loss: 0.1630 - accuracy: 0.9236
 40/949 [>.............................] - ETA: 37:51 - loss: 0.1606 - accuracy: 0.9250
 41/949 [>.............................] - ETA: 37:53 - loss: 0.1581 - accuracy: 0.9261
 42/949 [>.............................] - ETA: 37:46 - loss: 0.1556 - accuracy: 0.9276
 43/949 [>.............................] - ETA: 37:37 - loss: 0.1530 - accuracy: 0.9288
 44/949 [>.............................] - ETA: 37:36 - loss: 0.1502 - accuracy: 0.9300
 45/949 [>.............................] - ETA: 37:36 - loss: 0.1474 - accuracy: 0.9313
 46/949 [>.............................] - ETA: 37:32 - loss: 0.1452 - accuracy: 0.9326
 47/949 [>.............................] - ETA: 37:21 - loss: 0.1438 - accuracy: 0.9334
 48/949 [>.............................] - ETA: 37:25 - loss: 0.1429 - accuracy: 0.9337
 49/949 [>.............................] - ETA: 37:21 - loss: 0.1407 - accuracy: 0.9349
 50/949 [>.............................] - ETA: 37:12 - loss: 0.1394 - accuracy: 0.9356
 51/949 [>.............................] - ETA: 37:08 - loss: 0.1388 - accuracy: 0.9361
 52/949 [>.............................] - ETA: 37:07 - loss: 0.1366 - accuracy: 0.9373
 53/949 [>.............................] - ETA: 37:08 - loss: 0.1349 - accuracy: 0.9383
 54/949 [>.............................] - ETA: 37:01 - loss: 0.1330 - accuracy: 0.9391
 55/949 [>.............................] - ETA: 37:01 - loss: 0.1316 - accuracy: 0.9398
 56/949 [>.............................] - ETA: 36:56 - loss: 0.1300 - accuracy: 0.9407
 57/949 [>.............................] - ETA: 36:47 - loss: 0.1289 - accuracy: 0.9414
 58/949 [>.............................] - ETA: 36:45 - loss: 0.1282 - accuracy: 0.9419
 59/949 [>.............................] - ETA: 36:46 - loss: 0.1267 - accuracy: 0.9427
 60/949 [>.............................] - ETA: 36:47 - loss: 0.1250 - accuracy: 0.9437
 61/949 [>.............................] - ETA: 36:40 - loss: 0.1236 - accuracy: 0.9444
 62/949 [>.............................] - ETA: 36:42 - loss: 0.1220 - accuracy: 0.9453
 63/949 [>.............................] - ETA: 36:38 - loss: 0.1210 - accuracy: 0.9459
 64/949 [=>............................] - ETA: 36:34 - loss: 0.1194 - accuracy: 0.9467
 65/949 [=>............................] - ETA: 36:27 - loss: 0.1178 - accuracy: 0.9475
 66/949 [=>............................] - ETA: 36:29 - loss: 0.1163 - accuracy: 0.9482
 67/949 [=>............................] - ETA: 36:26 - loss: 0.1153 - accuracy: 0.9488
 68/949 [=>............................] - ETA: 36:17 - loss: 0.1141 - accuracy: 0.9494
 69/949 [=>............................] - ETA: 36:14 - loss: 0.1134 - accuracy: 0.9499
 70/949 [=>............................] - ETA: 36:18 - loss: 0.1121 - accuracy: 0.9506
 71/949 [=>............................] - ETA: 36:13 - loss: 0.1107 - accuracy: 0.9513
 72/949 [=>............................] - ETA: 36:09 - loss: 0.1100 - accuracy: 0.9517
 73/949 [=>............................] - ETA: 36:03 - loss: 0.1090 - accuracy: 0.9522
 74/949 [=>............................] - ETA: 36:01 - loss: 0.1084 - accuracy: 0.9526
 75/949 [=>............................] - ETA: 36:00 - loss: 0.1074 - accuracy: 0.9531
 76/949 [=>............................] - ETA: 35:55 - loss: 0.1073 - accuracy: 0.9534
 77/949 [=>............................] - ETA: 35:53 - loss: 0.1068 - accuracy: 0.9536
 78/949 [=>............................] - ETA: 35:53 - loss: 0.1057 - accuracy: 0.9541
 79/949 [=>............................] - ETA: 35:46 - loss: 0.1047 - accuracy: 0.9544
 80/949 [=>............................] - ETA: 35:48 - loss: 0.1035 - accuracy: 0.9550
 81/949 [=>............................] - ETA: 35:45 - loss: 0.1025 - accuracy: 0.9556
 82/949 [=>............................] - ETA: 35:42 - loss: 0.1022 - accuracy: 0.9559
 83/949 [=>............................] - ETA: 35:38 - loss: 0.1013 - accuracy: 0.9563
 84/949 [=>............................] - ETA: 35:33 - loss: 0.1001 - accuracy: 0.9568
 85/949 [=>............................] - ETA: 35:32 - loss: 0.0991 - accuracy: 0.9573
 86/949 [=>............................] - ETA: 35:29 - loss: 0.0981 - accuracy: 0.9577
 87/949 [=>............................] - ETA: 35:23 - loss: 0.0975 - accuracy: 0.9580
 88/949 [=>............................] - ETA: 35:22 - loss: 0.0967 - accuracy: 0.9584
 89/949 [=>............................] - ETA: 35:22 - loss: 0.0961 - accuracy: 0.9588
 90/949 [=>............................] - ETA: 35:18 - loss: 0.0951 - accuracy: 0.9592
 91/949 [=>............................] - ETA: 35:12 - loss: 0.0942 - accuracy: 0.9596
 92/949 [=>............................] - ETA: 35:11 - loss: 0.0933 - accuracy: 0.9600
 93/949 [=>............................] - ETA: 35:10 - loss: 0.0933 - accuracy: 0.9602
 94/949 [=>............................] - ETA: 35:06 - loss: 0.0924 - accuracy: 0.9606
 95/949 [==>...........................] - ETA: 35:03 - loss: 0.0918 - accuracy: 0.9609
 96/949 [==>...........................] - ETA: 35:01 - loss: 0.0910 - accuracy: 0.9613
 97/949 [==>...........................] - ETA: 35:00 - loss: 0.0902 - accuracy: 0.9616
 98/949 [==>...........................] - ETA: 34:57 - loss: 0.0899 - accuracy: 0.9619
 99/949 [==>...........................] - ETA: 34:52 - loss: 0.0895 - accuracy: 0.9622
100/949 [==>...........................] - ETA: 34:51 - loss: 0.0886 - accuracy: 0.9626
101/949 [==>...........................] - ETA: 34:49 - loss: 0.0879 - accuracy: 0.9630
102/949 [==>...........................] - ETA: 34:46 - loss: 0.0871 - accuracy: 0.9633
103/949 [==>...........................] - ETA: 34:41 - loss: 0.0864 - accuracy: 0.9636
104/949 [==>...........................] - ETA: 34:40 - loss: 0.0864 - accuracy: 0.9638
105/949 [==>...........................] - ETA: 34:36 - loss: 0.0863 - accuracy: 0.9639
106/949 [==>...........................] - ETA: 34:34 - loss: 0.0861 - accuracy: 0.9642
107/949 [==>...........................] - ETA: 34:29 - loss: 0.0855 - accuracy: 0.9644
108/949 [==>...........................] - ETA: 34:29 - loss: 0.0859 - accuracy: 0.9644
109/949 [==>...........................] - ETA: 34:24 - loss: 0.0852 - accuracy: 0.9647
110/949 [==>...........................] - ETA: 34:22 - loss: 0.0848 - accuracy: 0.9649
111/949 [==>...........................] - ETA: 34:22 - loss: 0.0841 - accuracy: 0.9652
112/949 [==>...........................] - ETA: 34:19 - loss: 0.0839 - accuracy: 0.9654
113/949 [==>...........................] - ETA: 34:16 - loss: 0.0832 - accuracy: 0.9658
114/949 [==>...........................] - ETA: 34:14 - loss: 0.0829 - accuracy: 0.9659
115/949 [==>...........................] - ETA: 34:11 - loss: 0.0824 - accuracy: 0.9661
116/949 [==>...........................] - ETA: 34:06 - loss: 0.0824 - accuracy: 0.9662
117/949 [==>...........................] - ETA: 34:04 - loss: 0.0821 - accuracy: 0.9664
118/949 [==>...........................] - ETA: 34:01 - loss: 0.0815 - accuracy: 0.9667
119/949 [==>...........................] - ETA: 34:00 - loss: 0.0810 - accuracy: 0.9669
120/949 [==>...........................] - ETA: 33:57 - loss: 0.0806 - accuracy: 0.9671
121/949 [==>...........................] - ETA: 33:52 - loss: 0.0808 - accuracy: 0.9671
122/949 [==>...........................] - ETA: 33:51 - loss: 0.0806 - accuracy: 0.9673
123/949 [==>...........................] - ETA: 33:46 - loss: 0.0802 - accuracy: 0.9675
124/949 [==>...........................] - ETA: 33:45 - loss: 0.0799 - accuracy: 0.9677
125/949 [==>...........................] - ETA: 33:41 - loss: 0.0794 - accuracy: 0.9679
126/949 [==>...........................] - ETA: 33:38 - loss: 0.0791 - accuracy: 0.9681
127/949 [===>..........................] - ETA: 33:34 - loss: 0.0790 - accuracy: 0.9681
128/949 [===>..........................] - ETA: 33:30 - loss: 0.0788 - accuracy: 0.9682
129/949 [===>..........................] - ETA: 33:28 - loss: 0.0784 - accuracy: 0.9684
130/949 [===>..........................] - ETA: 33:25 - loss: 0.0786 - accuracy: 0.9685
131/949 [===>..........................] - ETA: 33:22 - loss: 0.0782 - accuracy: 0.9686
132/949 [===>..........................] - ETA: 33:19 - loss: 0.0779 - accuracy: 0.9688
133/949 [===>..........................] - ETA: 33:15 - loss: 0.0774 - accuracy: 0.9690
134/949 [===>..........................] - ETA: 33:11 - loss: 0.0770 - accuracy: 0.9692
135/949 [===>..........................] - ETA: 33:09 - loss: 0.0772 - accuracy: 0.9692
136/949 [===>..........................] - ETA: 33:06 - loss: 0.0768 - accuracy: 0.9694
137/949 [===>..........................] - ETA: 33:05 - loss: 0.0765 - accuracy: 0.9696
138/949 [===>..........................] - ETA: 33:03 - loss: 0.0763 - accuracy: 0.9697
139/949 [===>..........................] - ETA: 32:59 - loss: 0.0760 - accuracy: 0.9699
140/949 [===>..........................] - ETA: 32:57 - loss: 0.0756 - accuracy: 0.9701
141/949 [===>..........................] - ETA: 32:55 - loss: 0.0755 - accuracy: 0.9701
142/949 [===>..........................] - ETA: 32:52 - loss: 0.0750 - accuracy: 0.9704
143/949 [===>..........................] - ETA: 32:48 - loss: 0.0748 - accuracy: 0.9704
144/949 [===>..........................] - ETA: 32:47 - loss: 0.0743 - accuracy: 0.9706
145/949 [===>..........................] - ETA: 32:43 - loss: 0.0739 - accuracy: 0.9708
146/949 [===>..........................] - ETA: 32:41 - loss: 0.0737 - accuracy: 0.9709
147/949 [===>..........................] - ETA: 32:40 - loss: 0.0733 - accuracy: 0.9711
148/949 [===>..........................] - ETA: 32:37 - loss: 0.0732 - accuracy: 0.9711
149/949 [===>..........................] - ETA: 32:33 - loss: 0.0731 - accuracy: 0.9712
150/949 [===>..........................] - ETA: 32:31 - loss: 0.0727 - accuracy: 0.9714
151/949 [===>..........................] - ETA: 32:29 - loss: 0.0723 - accuracy: 0.9716
152/949 [===>..........................] - ETA: 32:26 - loss: 0.0719 - accuracy: 0.9718
153/949 [===>..........................] - ETA: 32:22 - loss: 0.0715 - accuracy: 0.9720
154/949 [===>..........................] - ETA: 32:20 - loss: 0.0713 - accuracy: 0.9721
155/949 [===>..........................] - ETA: 32:18 - loss: 0.0712 - accuracy: 0.9722
156/949 [===>..........................] - ETA: 32:16 - loss: 0.0712 - accuracy: 0.9722
157/949 [===>..........................] - ETA: 32:11 - loss: 0.0710 - accuracy: 0.9724
158/949 [===>..........................] - ETA: 32:10 - loss: 0.0709 - accuracy: 0.9725
159/949 [====>.........................] - ETA: 32:07 - loss: 0.0705 - accuracy: 0.9726
160/949 [====>.........................] - ETA: 32:04 - loss: 0.0703 - accuracy: 0.9727
161/949 [====>.........................] - ETA: 32:01 - loss: 0.0699 - accuracy: 0.9729
162/949 [====>.........................] - ETA: 31:57 - loss: 0.0698 - accuracy: 0.9730
163/949 [====>.........................] - ETA: 31:55 - loss: 0.0694 - accuracy: 0.9731
164/949 [====>.........................] - ETA: 31:51 - loss: 0.0691 - accuracy: 0.9733
165/949 [====>.........................] - ETA: 31:49 - loss: 0.0689 - accuracy: 0.9734
166/949 [====>.........................] - ETA: 31:47 - loss: 0.0685 - accuracy: 0.9736
167/949 [====>.........................] - ETA: 31:45 - loss: 0.0684 - accuracy: 0.9736
168/949 [====>.........................] - ETA: 31:41 - loss: 0.0681 - accuracy: 0.9737
169/949 [====>.........................] - ETA: 31:39 - loss: 0.0677 - accuracy: 0.9738
170/949 [====>.........................] - ETA: 31:36 - loss: 0.0674 - accuracy: 0.9740
171/949 [====>.........................] - ETA: 31:33 - loss: 0.0672 - accuracy: 0.9740
172/949 [====>.........................] - ETA: 31:30 - loss: 0.0673 - accuracy: 0.9740
173/949 [====>.........................] - ETA: 31:28 - loss: 0.0672 - accuracy: 0.9741
174/949 [====>.........................] - ETA: 31:26 - loss: 0.0670 - accuracy: 0.9741
175/949 [====>.........................] - ETA: 31:22 - loss: 0.0667 - accuracy: 0.9743
176/949 [====>.........................] - ETA: 31:19 - loss: 0.0663 - accuracy: 0.9744
177/949 [====>.........................] - ETA: 31:18 - loss: 0.0666 - accuracy: 0.9744
178/949 [====>.........................] - ETA: 31:15 - loss: 0.0663 - accuracy: 0.9746
179/949 [====>.........................] - ETA: 31:11 - loss: 0.0661 - accuracy: 0.9746
180/949 [====>.........................] - ETA: 31:09 - loss: 0.0660 - accuracy: 0.9747
181/949 [====>.........................] - ETA: 31:07 - loss: 0.0656 - accuracy: 0.9748
182/949 [====>.........................] - ETA: 31:03 - loss: 0.0655 - accuracy: 0.9749
183/949 [====>.........................] - ETA: 31:01 - loss: 0.0655 - accuracy: 0.9750
184/949 [====>.........................] - ETA: 30:58 - loss: 0.0651 - accuracy: 0.9751
185/949 [====>.........................] - ETA: 30:57 - loss: 0.0648 - accuracy: 0.9752
186/949 [====>.........................] - ETA: 30:53 - loss: 0.0648 - accuracy: 0.9753
187/949 [====>.........................] - ETA: 30:50 - loss: 0.0645 - accuracy: 0.9754
188/949 [====>.........................] - ETA: 30:48 - loss: 0.0646 - accuracy: 0.9753
189/949 [====>.........................] - ETA: 30:47 - loss: 0.0645 - accuracy: 0.9753
190/949 [=====>........................] - ETA: 30:44 - loss: 0.0644 - accuracy: 0.9754
191/949 [=====>........................] - ETA: 30:42 - loss: 0.0643 - accuracy: 0.9753
192/949 [=====>........................] - ETA: 30:38 - loss: 0.0641 - accuracy: 0.9754
193/949 [=====>........................] - ETA: 30:36 - loss: 0.0638 - accuracy: 0.9755
194/949 [=====>........................] - ETA: 30:32 - loss: 0.0639 - accuracy: 0.9756
195/949 [=====>........................] - ETA: 30:31 - loss: 0.0636 - accuracy: 0.9757
196/949 [=====>........................] - ETA: 30:28 - loss: 0.0633 - accuracy: 0.9758
197/949 [=====>........................] - ETA: 30:26 - loss: 0.0630 - accuracy: 0.9759
198/949 [=====>........................] - ETA: 30:22 - loss: 0.0628 - accuracy: 0.9760
199/949 [=====>........................] - ETA: 30:21 - loss: 0.0626 - accuracy: 0.9761
200/949 [=====>........................] - ETA: 30:17 - loss: 0.0623 - accuracy: 0.9762
201/949 [=====>........................] - ETA: 30:14 - loss: 0.0622 - accuracy: 0.9763
202/949 [=====>........................] - ETA: 30:12 - loss: 0.0619 - accuracy: 0.9764
203/949 [=====>........................] - ETA: 30:10 - loss: 0.0616 - accuracy: 0.9765
204/949 [=====>........................] - ETA: 30:07 - loss: 0.0619 - accuracy: 0.9765
205/949 [=====>........................] - ETA: 30:04 - loss: 0.0617 - accuracy: 0.9766
206/949 [=====>........................] - ETA: 30:01 - loss: 0.0615 - accuracy: 0.9767
207/949 [=====>........................] - ETA: 29:59 - loss: 0.0612 - accuracy: 0.9768
208/949 [=====>........................] - ETA: 29:56 - loss: 0.0610 - accuracy: 0.9769
209/949 [=====>........................] - ETA: 29:53 - loss: 0.0610 - accuracy: 0.9769
210/949 [=====>........................] - ETA: 29:51 - loss: 0.0613 - accuracy: 0.9769
211/949 [=====>........................] - ETA: 29:49 - loss: 0.0610 - accuracy: 0.9770
212/949 [=====>........................] - ETA: 29:46 - loss: 0.0609 - accuracy: 0.9771
213/949 [=====>........................] - ETA: 29:44 - loss: 0.0608 - accuracy: 0.9771
214/949 [=====>........................] - ETA: 29:41 - loss: 0.0605 - accuracy: 0.9772
215/949 [=====>........................] - ETA: 29:39 - loss: 0.0604 - accuracy: 0.9773
216/949 [=====>........................] - ETA: 29:36 - loss: 0.0602 - accuracy: 0.9774
217/949 [=====>........................] - ETA: 29:33 - loss: 0.0601 - accuracy: 0.9774
218/949 [=====>........................] - ETA: 29:31 - loss: 0.0599 - accuracy: 0.9775
219/949 [=====>........................] - ETA: 29:28 - loss: 0.0598 - accuracy: 0.9775
220/949 [=====>........................] - ETA: 29:25 - loss: 0.0597 - accuracy: 0.9776
221/949 [=====>........................] - ETA: 29:23 - loss: 0.0597 - accuracy: 0.9776
222/949 [======>.......................] - ETA: 29:20 - loss: 0.0595 - accuracy: 0.9777
223/949 [======>.......................] - ETA: 29:18 - loss: 0.0593 - accuracy: 0.9778
224/949 [======>.......................] - ETA: 29:15 - loss: 0.0592 - accuracy: 0.9778
225/949 [======>.......................] - ETA: 29:13 - loss: 0.0590 - accuracy: 0.9779
226/949 [======>.......................] - ETA: 29:10 - loss: 0.0587 - accuracy: 0.9780
227/949 [======>.......................] - ETA: 29:07 - loss: 0.0585 - accuracy: 0.9781
228/949 [======>.......................] - ETA: 29:04 - loss: 0.0586 - accuracy: 0.9781
229/949 [======>.......................] - ETA: 29:02 - loss: 0.0584 - accuracy: 0.9781
230/949 [======>.......................] - ETA: 28:58 - loss: 0.0583 - accuracy: 0.9782
231/949 [======>.......................] - ETA: 28:57 - loss: 0.0581 - accuracy: 0.9783
232/949 [======>.......................] - ETA: 28:54 - loss: 0.0579 - accuracy: 0.9784
233/949 [======>.......................] - ETA: 28:53 - loss: 0.0577 - accuracy: 0.9784
234/949 [======>.......................] - ETA: 28:49 - loss: 0.0575 - accuracy: 0.9785
235/949 [======>.......................] - ETA: 28:47 - loss: 0.0575 - accuracy: 0.9785
236/949 [======>.......................] - ETA: 28:45 - loss: 0.0573 - accuracy: 0.9786
237/949 [======>.......................] - ETA: 28:43 - loss: 0.0571 - accuracy: 0.9786
238/949 [======>.......................] - ETA: 28:39 - loss: 0.0572 - accuracy: 0.9787
239/949 [======>.......................] - ETA: 28:37 - loss: 0.0571 - accuracy: 0.9787
240/949 [======>.......................] - ETA: 28:35 - loss: 0.0570 - accuracy: 0.9787
241/949 [======>.......................] - ETA: 28:33 - loss: 0.0570 - accuracy: 0.9788
242/949 [======>.......................] - ETA: 28:29 - loss: 0.0568 - accuracy: 0.9789
243/949 [======>.......................] - ETA: 28:27 - loss: 0.0566 - accuracy: 0.9789
244/949 [======>.......................] - ETA: 28:25 - loss: 0.0565 - accuracy: 0.9790
245/949 [======>.......................] - ETA: 28:23 - loss: 0.0564 - accuracy: 0.9791
246/949 [======>.......................] - ETA: 28:20 - loss: 0.0562 - accuracy: 0.9791
247/949 [======>.......................] - ETA: 28:18 - loss: 0.0564 - accuracy: 0.9791
248/949 [======>.......................] - ETA: 28:15 - loss: 0.0562 - accuracy: 0.9792
249/949 [======>.......................] - ETA: 28:13 - loss: 0.0560 - accuracy: 0.9793
250/949 [======>.......................] - ETA: 28:10 - loss: 0.0558 - accuracy: 0.9794
251/949 [======>.......................] - ETA: 28:07 - loss: 0.0557 - accuracy: 0.9794
252/949 [======>.......................] - ETA: 28:04 - loss: 0.0559 - accuracy: 0.9794
253/949 [======>.......................] - ETA: 28:02 - loss: 0.0557 - accuracy: 0.9794
254/949 [=======>......................] - ETA: 28:00 - loss: 0.0556 - accuracy: 0.9794
255/949 [=======>......................] - ETA: 27:58 - loss: 0.0554 - accuracy: 0.9795
256/949 [=======>......................] - ETA: 27:56 - loss: 0.0553 - accuracy: 0.9796
257/949 [=======>......................] - ETA: 27:53 - loss: 0.0552 - accuracy: 0.9796
258/949 [=======>......................] - ETA: 27:51 - loss: 0.0551 - accuracy: 0.9797
259/949 [=======>......................] - ETA: 27:48 - loss: 0.0549 - accuracy: 0.9797
260/949 [=======>......................] - ETA: 27:46 - loss: 0.0549 - accuracy: 0.9798
261/949 [=======>......................] - ETA: 27:43 - loss: 0.0547 - accuracy: 0.9798
262/949 [=======>......................] - ETA: 27:41 - loss: 0.0546 - accuracy: 0.9798
263/949 [=======>......................] - ETA: 27:38 - loss: 0.0544 - accuracy: 0.9799
264/949 [=======>......................] - ETA: 27:36 - loss: 0.0542 - accuracy: 0.9800
265/949 [=======>......................] - ETA: 27:34 - loss: 0.0541 - accuracy: 0.9801
266/949 [=======>......................] - ETA: 27:31 - loss: 0.0539 - accuracy: 0.9802
267/949 [=======>......................] - ETA: 27:28 - loss: 0.0538 - accuracy: 0.9802
268/949 [=======>......................] - ETA: 27:26 - loss: 0.0536 - accuracy: 0.9803
269/949 [=======>......................] - ETA: 27:24 - loss: 0.0538 - accuracy: 0.9803
270/949 [=======>......................] - ETA: 27:21 - loss: 0.0536 - accuracy: 0.9803
271/949 [=======>......................] - ETA: 27:20 - loss: 0.0535 - accuracy: 0.9804
272/949 [=======>......................] - ETA: 27:17 - loss: 0.0533 - accuracy: 0.9805
273/949 [=======>......................] - ETA: 27:15 - loss: 0.0531 - accuracy: 0.9805
274/949 [=======>......................] - ETA: 27:12 - loss: 0.0531 - accuracy: 0.9806
275/949 [=======>......................] - ETA: 27:09 - loss: 0.0530 - accuracy: 0.9806
276/949 [=======>......................] - ETA: 27:07 - loss: 0.0530 - accuracy: 0.9807
277/949 [=======>......................] - ETA: 27:06 - loss: 0.0528 - accuracy: 0.9807
278/949 [=======>......................] - ETA: 27:03 - loss: 0.0528 - accuracy: 0.9808
279/949 [=======>......................] - ETA: 27:01 - loss: 0.0526 - accuracy: 0.9808
280/949 [=======>......................] - ETA: 26:58 - loss: 0.0524 - accuracy: 0.9809
281/949 [=======>......................] - ETA: 26:56 - loss: 0.0525 - accuracy: 0.9809
282/949 [=======>......................] - ETA: 26:53 - loss: 0.0524 - accuracy: 0.9810
283/949 [=======>......................] - ETA: 26:51 - loss: 0.0523 - accuracy: 0.9810
284/949 [=======>......................] - ETA: 26:48 - loss: 0.0522 - accuracy: 0.9811
285/949 [========>.....................] - ETA: 26:46 - loss: 0.0523 - accuracy: 0.9811
286/949 [========>.....................] - ETA: 26:44 - loss: 0.0522 - accuracy: 0.9811
287/949 [========>.....................] - ETA: 26:42 - loss: 0.0521 - accuracy: 0.9811
288/949 [========>.....................] - ETA: 26:39 - loss: 0.0522 - accuracy: 0.9811
289/949 [========>.....................] - ETA: 26:37 - loss: 0.0521 - accuracy: 0.9812
290/949 [========>.....................] - ETA: 26:34 - loss: 0.0519 - accuracy: 0.9813
291/949 [========>.....................] - ETA: 26:32 - loss: 0.0517 - accuracy: 0.9813
292/949 [========>.....................] - ETA: 26:30 - loss: 0.0518 - accuracy: 0.9813
293/949 [========>.....................] - ETA: 26:27 - loss: 0.0516 - accuracy: 0.9814
294/949 [========>.....................] - ETA: 26:25 - loss: 0.0516 - accuracy: 0.9814
295/949 [========>.....................] - ETA: 26:23 - loss: 0.0517 - accuracy: 0.9814
296/949 [========>.....................] - ETA: 26:20 - loss: 0.0515 - accuracy: 0.9815
297/949 [========>.....................] - ETA: 26:17 - loss: 0.0514 - accuracy: 0.9815
298/949 [========>.....................] - ETA: 26:15 - loss: 0.0513 - accuracy: 0.9816
299/949 [========>.....................] - ETA: 26:13 - loss: 0.0515 - accuracy: 0.9816
300/949 [========>.....................] - ETA: 26:11 - loss: 0.0516 - accuracy: 0.9816
301/949 [========>.....................] - ETA: 26:08 - loss: 0.0515 - accuracy: 0.9816
302/949 [========>.....................] - ETA: 26:06 - loss: 0.0513 - accuracy: 0.9817
303/949 [========>.....................] - ETA: 26:03 - loss: 0.0513 - accuracy: 0.9817
304/949 [========>.....................] - ETA: 26:01 - loss: 0.0513 - accuracy: 0.9817
305/949 [========>.....................] - ETA: 25:59 - loss: 0.0514 - accuracy: 0.9817
306/949 [========>.....................] - ETA: 25:56 - loss: 0.0512 - accuracy: 0.9817
307/949 [========>.....................] - ETA: 25:54 - loss: 0.0511 - accuracy: 0.9818
308/949 [========>.....................] - ETA: 25:51 - loss: 0.0510 - accuracy: 0.9818
309/949 [========>.....................] - ETA: 25:49 - loss: 0.0509 - accuracy: 0.9819
310/949 [========>.....................] - ETA: 25:47 - loss: 0.0508 - accuracy: 0.9819
311/949 [========>.....................] - ETA: 25:44 - loss: 0.0507 - accuracy: 0.9819
312/949 [========>.....................] - ETA: 25:42 - loss: 0.0506 - accuracy: 0.9820
313/949 [========>.....................] - ETA: 25:40 - loss: 0.0504 - accuracy: 0.9820
314/949 [========>.....................] - ETA: 25:36 - loss: 0.0503 - accuracy: 0.9821
315/949 [========>.....................] - ETA: 25:34 - loss: 0.0502 - accuracy: 0.9821
316/949 [========>.....................] - ETA: 25:32 - loss: 0.0500 - accuracy: 0.9822
317/949 [=========>....................] - ETA: 25:30 - loss: 0.0499 - accuracy: 0.9822
318/949 [=========>....................] - ETA: 25:26 - loss: 0.0498 - accuracy: 0.9823
319/949 [=========>....................] - ETA: 25:25 - loss: 0.0498 - accuracy: 0.9823
320/949 [=========>....................] - ETA: 25:22 - loss: 0.0498 - accuracy: 0.9823
321/949 [=========>....................] - ETA: 25:21 - loss: 0.0497 - accuracy: 0.9823
322/949 [=========>....................] - ETA: 25:17 - loss: 0.0495 - accuracy: 0.9824
323/949 [=========>....................] - ETA: 25:16 - loss: 0.0494 - accuracy: 0.9824
324/949 [=========>....................] - ETA: 25:13 - loss: 0.0494 - accuracy: 0.9824
325/949 [=========>....................] - ETA: 25:11 - loss: 0.0494 - accuracy: 0.9825
326/949 [=========>....................] - ETA: 25:08 - loss: 0.0493 - accuracy: 0.9825
327/949 [=========>....................] - ETA: 25:06 - loss: 0.0492 - accuracy: 0.9826
328/949 [=========>....................] - ETA: 25:03 - loss: 0.0490 - accuracy: 0.9826
329/949 [=========>....................] - ETA: 25:00 - loss: 0.0490 - accuracy: 0.9826
330/949 [=========>....................] - ETA: 24:58 - loss: 0.0490 - accuracy: 0.9827
331/949 [=========>....................] - ETA: 24:55 - loss: 0.0489 - accuracy: 0.9827
332/949 [=========>....................] - ETA: 24:53 - loss: 0.0488 - accuracy: 0.9827
333/949 [=========>....................] - ETA: 24:51 - loss: 0.0487 - accuracy: 0.9828
334/949 [=========>....................] - ETA: 24:48 - loss: 0.0487 - accuracy: 0.9828
335/949 [=========>....................] - ETA: 24:46 - loss: 0.0486 - accuracy: 0.9828
336/949 [=========>....................] - ETA: 24:43 - loss: 0.0485 - accuracy: 0.9829
337/949 [=========>....................] - ETA: 24:41 - loss: 0.0485 - accuracy: 0.9829
338/949 [=========>....................] - ETA: 24:38 - loss: 0.0485 - accuracy: 0.9829
339/949 [=========>....................] - ETA: 24:36 - loss: 0.0485 - accuracy: 0.9829
340/949 [=========>....................] - ETA: 24:33 - loss: 0.0485 - accuracy: 0.9829
341/949 [=========>....................] - ETA: 24:31 - loss: 0.0484 - accuracy: 0.9830
342/949 [=========>....................] - ETA: 24:29 - loss: 0.0483 - accuracy: 0.9830
343/949 [=========>....................] - ETA: 24:27 - loss: 0.0482 - accuracy: 0.9831
344/949 [=========>....................] - ETA: 24:23 - loss: 0.0481 - accuracy: 0.9831
345/949 [=========>....................] - ETA: 24:21 - loss: 0.0481 - accuracy: 0.9831
346/949 [=========>....................] - ETA: 24:19 - loss: 0.0481 - accuracy: 0.9831
347/949 [=========>....................] - ETA: 24:17 - loss: 0.0479 - accuracy: 0.9832
348/949 [==========>...................] - ETA: 24:14 - loss: 0.0478 - accuracy: 0.9832
349/949 [==========>...................] - ETA: 24:11 - loss: 0.0477 - accuracy: 0.9833
350/949 [==========>...................] - ETA: 24:09 - loss: 0.0477 - accuracy: 0.9833
351/949 [==========>...................] - ETA: 24:07 - loss: 0.0476 - accuracy: 0.9833
352/949 [==========>...................] - ETA: 24:04 - loss: 0.0474 - accuracy: 0.9834
353/949 [==========>...................] - ETA: 24:02 - loss: 0.0473 - accuracy: 0.9834
354/949 [==========>...................] - ETA: 24:00 - loss: 0.0472 - accuracy: 0.9835
355/949 [==========>...................] - ETA: 23:57 - loss: 0.0471 - accuracy: 0.9835
356/949 [==========>...................] - ETA: 23:55 - loss: 0.0470 - accuracy: 0.9836
357/949 [==========>...................] - ETA: 23:53 - loss: 0.0469 - accuracy: 0.9836
358/949 [==========>...................] - ETA: 23:50 - loss: 0.0468 - accuracy: 0.9836
359/949 [==========>...................] - ETA: 23:48 - loss: 0.0469 - accuracy: 0.9836
360/949 [==========>...................] - ETA: 23:45 - loss: 0.0468 - accuracy: 0.9836
361/949 [==========>...................] - ETA: 23:43 - loss: 0.0468 - accuracy: 0.9837
362/949 [==========>...................] - ETA: 23:40 - loss: 0.0467 - accuracy: 0.9837
363/949 [==========>...................] - ETA: 23:38 - loss: 0.0466 - accuracy: 0.9837
364/949 [==========>...................] - ETA: 23:35 - loss: 0.0466 - accuracy: 0.9837
365/949 [==========>...................] - ETA: 23:33 - loss: 0.0465 - accuracy: 0.9838
366/949 [==========>...................] - ETA: 23:30 - loss: 0.0464 - accuracy: 0.9838
367/949 [==========>...................] - ETA: 23:28 - loss: 0.0466 - accuracy: 0.9838
368/949 [==========>...................] - ETA: 23:25 - loss: 0.0465 - accuracy: 0.9838
369/949 [==========>...................] - ETA: 23:23 - loss: 0.0464 - accuracy: 0.9838
370/949 [==========>...................] - ETA: 23:21 - loss: 0.0465 - accuracy: 0.9838
371/949 [==========>...................] - ETA: 23:18 - loss: 0.0464 - accuracy: 0.9838
372/949 [==========>...................] - ETA: 23:16 - loss: 0.0464 - accuracy: 0.9838
373/949 [==========>...................] - ETA: 23:13 - loss: 0.0463 - accuracy: 0.9839
374/949 [==========>...................] - ETA: 23:11 - loss: 0.0462 - accuracy: 0.9839
375/949 [==========>...................] - ETA: 23:09 - loss: 0.0461 - accuracy: 0.9839
376/949 [==========>...................] - ETA: 23:07 - loss: 0.0462 - accuracy: 0.9840
377/949 [==========>...................] - ETA: 23:04 - loss: 0.0461 - accuracy: 0.9840
378/949 [==========>...................] - ETA: 23:02 - loss: 0.0460 - accuracy: 0.9840
379/949 [==========>...................] - ETA: 22:59 - loss: 0.0459 - accuracy: 0.9841
380/949 [===========>..................] - ETA: 22:56 - loss: 0.0458 - accuracy: 0.9841
381/949 [===========>..................] - ETA: 22:54 - loss: 0.0457 - accuracy: 0.9841
382/949 [===========>..................] - ETA: 22:52 - loss: 0.0456 - accuracy: 0.9842
383/949 [===========>..................] - ETA: 22:49 - loss: 0.0455 - accuracy: 0.9842
384/949 [===========>..................] - ETA: 22:47 - loss: 0.0454 - accuracy: 0.9843
385/949 [===========>..................] - ETA: 22:44 - loss: 0.0453 - accuracy: 0.9843
386/949 [===========>..................] - ETA: 22:42 - loss: 0.0453 - accuracy: 0.9843
387/949 [===========>..................] - ETA: 22:40 - loss: 0.0454 - accuracy: 0.9843
388/949 [===========>..................] - ETA: 22:38 - loss: 0.0453 - accuracy: 0.9843
389/949 [===========>..................] - ETA: 22:35 - loss: 0.0453 - accuracy: 0.9843
390/949 [===========>..................] - ETA: 22:32 - loss: 0.0452 - accuracy: 0.9844
391/949 [===========>..................] - ETA: 22:30 - loss: 0.0452 - accuracy: 0.9844
392/949 [===========>..................] - ETA: 22:28 - loss: 0.0451 - accuracy: 0.9844
393/949 [===========>..................] - ETA: 22:25 - loss: 0.0451 - accuracy: 0.9845
394/949 [===========>..................] - ETA: 22:23 - loss: 0.0451 - accuracy: 0.9845
395/949 [===========>..................] - ETA: 22:20 - loss: 0.0450 - accuracy: 0.9845
396/949 [===========>..................] - ETA: 22:18 - loss: 0.0449 - accuracy: 0.9845
397/949 [===========>..................] - ETA: 22:16 - loss: 0.0448 - accuracy: 0.9846
398/949 [===========>..................] - ETA: 22:13 - loss: 0.0447 - accuracy: 0.9846
399/949 [===========>..................] - ETA: 22:11 - loss: 0.0446 - accuracy: 0.9846
400/949 [===========>..................] - ETA: 22:08 - loss: 0.0446 - accuracy: 0.9847
401/949 [===========>..................] - ETA: 22:06 - loss: 0.0446 - accuracy: 0.9846
402/949 [===========>..................] - ETA: 22:03 - loss: 0.0447 - accuracy: 0.9846
403/949 [===========>..................] - ETA: 22:01 - loss: 0.0446 - accuracy: 0.9847
404/949 [===========>..................] - ETA: 21:58 - loss: 0.0446 - accuracy: 0.9847
405/949 [===========>..................] - ETA: 21:56 - loss: 0.0446 - accuracy: 0.9847
406/949 [===========>..................] - ETA: 21:53 - loss: 0.0446 - accuracy: 0.9847
407/949 [===========>..................] - ETA: 21:51 - loss: 0.0445 - accuracy: 0.9847
408/949 [===========>..................] - ETA: 21:49 - loss: 0.0444 - accuracy: 0.9848
409/949 [===========>..................] - ETA: 21:47 - loss: 0.0444 - accuracy: 0.9848
410/949 [===========>..................] - ETA: 21:44 - loss: 0.0443 - accuracy: 0.9848
411/949 [===========>..................] - ETA: 21:42 - loss: 0.0442 - accuracy: 0.9848
412/949 [============>.................] - ETA: 21:39 - loss: 0.0442 - accuracy: 0.9849
413/949 [============>.................] - ETA: 21:37 - loss: 0.0441 - accuracy: 0.9849
414/949 [============>.................] - ETA: 21:35 - loss: 0.0441 - accuracy: 0.9849
415/949 [============>.................] - ETA: 21:32 - loss: 0.0440 - accuracy: 0.9849
416/949 [============>.................] - ETA: 21:30 - loss: 0.0442 - accuracy: 0.9849
417/949 [============>.................] - ETA: 21:28 - loss: 0.0441 - accuracy: 0.9849
418/949 [============>.................] - ETA: 21:25 - loss: 0.0440 - accuracy: 0.9849
419/949 [============>.................] - ETA: 21:22 - loss: 0.0440 - accuracy: 0.9849
420/949 [============>.................] - ETA: 21:20 - loss: 0.0439 - accuracy: 0.9850
421/949 [============>.................] - ETA: 21:18 - loss: 0.0438 - accuracy: 0.9850
422/949 [============>.................] - ETA: 21:15 - loss: 0.0438 - accuracy: 0.9850
423/949 [============>.................] - ETA: 21:13 - loss: 0.0438 - accuracy: 0.9850
424/949 [============>.................] - ETA: 21:11 - loss: 0.0438 - accuracy: 0.9850
425/949 [============>.................] - ETA: 21:08 - loss: 0.0437 - accuracy: 0.9851
426/949 [============>.................] - ETA: 21:06 - loss: 0.0436 - accuracy: 0.9851
427/949 [============>.................] - ETA: 21:03 - loss: 0.0436 - accuracy: 0.9851
428/949 [============>.................] - ETA: 21:01 - loss: 0.0436 - accuracy: 0.9851
429/949 [============>.................] - ETA: 20:58 - loss: 0.0436 - accuracy: 0.9851
430/949 [============>.................] - ETA: 20:56 - loss: 0.0435 - accuracy: 0.9851
431/949 [============>.................] - ETA: 20:54 - loss: 0.0434 - accuracy: 0.9852
432/949 [============>.................] - ETA: 20:51 - loss: 0.0435 - accuracy: 0.9851
433/949 [============>.................] - ETA: 20:49 - loss: 0.0434 - accuracy: 0.9852
434/949 [============>.................] - ETA: 20:47 - loss: 0.0433 - accuracy: 0.9852
435/949 [============>.................] - ETA: 20:44 - loss: 0.0432 - accuracy: 0.9852
436/949 [============>.................] - ETA: 20:41 - loss: 0.0431 - accuracy: 0.9853
437/949 [============>.................] - ETA: 20:39 - loss: 0.0432 - accuracy: 0.9853
438/949 [============>.................] - ETA: 20:37 - loss: 0.0431 - accuracy: 0.9853
439/949 [============>.................] - ETA: 20:35 - loss: 0.0431 - accuracy: 0.9853
440/949 [============>.................] - ETA: 20:32 - loss: 0.0431 - accuracy: 0.9853
441/949 [============>.................] - ETA: 20:30 - loss: 0.0431 - accuracy: 0.9853
442/949 [============>.................] - ETA: 20:28 - loss: 0.0430 - accuracy: 0.9853
443/949 [=============>................] - ETA: 20:25 - loss: 0.0430 - accuracy: 0.9853
444/949 [=============>................] - ETA: 20:22 - loss: 0.0429 - accuracy: 0.9854
445/949 [=============>................] - ETA: 20:20 - loss: 0.0429 - accuracy: 0.9854
446/949 [=============>................] - ETA: 20:18 - loss: 0.0429 - accuracy: 0.9854
447/949 [=============>................] - ETA: 20:16 - loss: 0.0428 - accuracy: 0.9854
448/949 [=============>................] - ETA: 20:13 - loss: 0.0427 - accuracy: 0.9854
449/949 [=============>................] - ETA: 20:11 - loss: 0.0427 - accuracy: 0.9855
450/949 [=============>................] - ETA: 20:08 - loss: 0.0428 - accuracy: 0.9854
451/949 [=============>................] - ETA: 20:05 - loss: 0.0427 - accuracy: 0.9855
452/949 [=============>................] - ETA: 20:03 - loss: 0.0426 - accuracy: 0.9855
453/949 [=============>................] - ETA: 20:01 - loss: 0.0426 - accuracy: 0.9855
454/949 [=============>................] - ETA: 19:58 - loss: 0.0425 - accuracy: 0.9856
455/949 [=============>................] - ETA: 19:56 - loss: 0.0424 - accuracy: 0.9856
456/949 [=============>................] - ETA: 19:53 - loss: 0.0423 - accuracy: 0.9856
457/949 [=============>................] - ETA: 19:51 - loss: 0.0422 - accuracy: 0.9856
458/949 [=============>................] - ETA: 19:48 - loss: 0.0424 - accuracy: 0.9856
459/949 [=============>................] - ETA: 19:46 - loss: 0.0424 - accuracy: 0.9856
460/949 [=============>................] - ETA: 19:44 - loss: 0.0424 - accuracy: 0.9856
461/949 [=============>................] - ETA: 19:42 - loss: 0.0423 - accuracy: 0.9856
462/949 [=============>................] - ETA: 19:39 - loss: 0.0423 - accuracy: 0.9856
463/949 [=============>................] - ETA: 19:37 - loss: 0.0423 - accuracy: 0.9856
464/949 [=============>................] - ETA: 19:34 - loss: 0.0423 - accuracy: 0.9856
465/949 [=============>................] - ETA: 19:31 - loss: 0.0423 - accuracy: 0.9856
466/949 [=============>................] - ETA: 19:29 - loss: 0.0422 - accuracy: 0.9856
467/949 [=============>................] - ETA: 19:27 - loss: 0.0422 - accuracy: 0.9856
468/949 [=============>................] - ETA: 19:24 - loss: 0.0422 - accuracy: 0.9856
469/949 [=============>................] - ETA: 19:22 - loss: 0.0423 - accuracy: 0.9856
470/949 [=============>................] - ETA: 19:20 - loss: 0.0422 - accuracy: 0.9857
471/949 [=============>................] - ETA: 19:17 - loss: 0.0422 - accuracy: 0.9856
472/949 [=============>................] - ETA: 19:15 - loss: 0.0422 - accuracy: 0.9856
473/949 [=============>................] - ETA: 19:13 - loss: 0.0422 - accuracy: 0.9856
474/949 [=============>................] - ETA: 19:10 - loss: 0.0422 - accuracy: 0.9857
475/949 [==============>...............] - ETA: 19:08 - loss: 0.0422 - accuracy: 0.9857
476/949 [==============>...............] - ETA: 19:05 - loss: 0.0422 - accuracy: 0.9857
477/949 [==============>...............] - ETA: 19:03 - loss: 0.0421 - accuracy: 0.9857
478/949 [==============>...............] - ETA: 19:01 - loss: 0.0421 - accuracy: 0.9857
479/949 [==============>...............] - ETA: 18:59 - loss: 0.0421 - accuracy: 0.9857
480/949 [==============>...............] - ETA: 18:56 - loss: 0.0420 - accuracy: 0.9857
481/949 [==============>...............] - ETA: 18:54 - loss: 0.0419 - accuracy: 0.9858
482/949 [==============>...............] - ETA: 18:51 - loss: 0.0418 - accuracy: 0.9858
483/949 [==============>...............] - ETA: 18:49 - loss: 0.0418 - accuracy: 0.9858
484/949 [==============>...............] - ETA: 18:46 - loss: 0.0417 - accuracy: 0.9858
485/949 [==============>...............] - ETA: 18:44 - loss: 0.0417 - accuracy: 0.9858
486/949 [==============>...............] - ETA: 18:41 - loss: 0.0417 - accuracy: 0.9859
487/949 [==============>...............] - ETA: 18:39 - loss: 0.0417 - accuracy: 0.9859
488/949 [==============>...............] - ETA: 18:37 - loss: 0.0417 - accuracy: 0.9859
489/949 [==============>...............] - ETA: 18:34 - loss: 0.0417 - accuracy: 0.9859
490/949 [==============>...............] - ETA: 18:32 - loss: 0.0417 - accuracy: 0.9859
491/949 [==============>...............] - ETA: 18:30 - loss: 0.0416 - accuracy: 0.9859
492/949 [==============>...............] - ETA: 18:27 - loss: 0.0415 - accuracy: 0.9859
493/949 [==============>...............] - ETA: 18:25 - loss: 0.0415 - accuracy: 0.9859
494/949 [==============>...............] - ETA: 18:22 - loss: 0.0415 - accuracy: 0.9859
495/949 [==============>...............] - ETA: 18:20 - loss: 0.0415 - accuracy: 0.9859
496/949 [==============>...............] - ETA: 18:17 - loss: 0.0416 - accuracy: 0.9859
497/949 [==============>...............] - ETA: 18:15 - loss: 0.0416 - accuracy: 0.9859
498/949 [==============>...............] - ETA: 18:12 - loss: 0.0417 - accuracy: 0.9859
499/949 [==============>...............] - ETA: 18:10 - loss: 0.0417 - accuracy: 0.9859
500/949 [==============>...............] - ETA: 18:07 - loss: 0.0418 - accuracy: 0.9859
501/949 [==============>...............] - ETA: 18:05 - loss: 0.0417 - accuracy: 0.9859
502/949 [==============>...............] - ETA: 18:02 - loss: 0.0417 - accuracy: 0.9859
503/949 [==============>...............] - ETA: 18:00 - loss: 0.0416 - accuracy: 0.9860
504/949 [==============>...............] - ETA: 17:58 - loss: 0.0416 - accuracy: 0.9860
505/949 [==============>...............] - ETA: 17:55 - loss: 0.0416 - accuracy: 0.9860
506/949 [==============>...............] - ETA: 17:52 - loss: 0.0415 - accuracy: 0.9860
507/949 [===============>..............] - ETA: 17:50 - loss: 0.0415 - accuracy: 0.9860
508/949 [===============>..............] - ETA: 17:48 - loss: 0.0415 - accuracy: 0.9860
509/949 [===============>..............] - ETA: 17:45 - loss: 0.0414 - accuracy: 0.9861
510/949 [===============>..............] - ETA: 17:43 - loss: 0.0414 - accuracy: 0.9861
511/949 [===============>..............] - ETA: 17:40 - loss: 0.0414 - accuracy: 0.9861
512/949 [===============>..............] - ETA: 17:38 - loss: 0.0413 - accuracy: 0.9861
513/949 [===============>..............] - ETA: 17:35 - loss: 0.0413 - accuracy: 0.9861
514/949 [===============>..............] - ETA: 17:33 - loss: 0.0412 - accuracy: 0.9861
515/949 [===============>..............] - ETA: 17:30 - loss: 0.0412 - accuracy: 0.9861
516/949 [===============>..............] - ETA: 17:28 - loss: 0.0411 - accuracy: 0.9862
517/949 [===============>..............] - ETA: 17:26 - loss: 0.0410 - accuracy: 0.9862
518/949 [===============>..............] - ETA: 17:23 - loss: 0.0410 - accuracy: 0.9862
519/949 [===============>..............] - ETA: 17:21 - loss: 0.0409 - accuracy: 0.9862
520/949 [===============>..............] - ETA: 17:18 - loss: 0.0410 - accuracy: 0.9862
521/949 [===============>..............] - ETA: 17:16 - loss: 0.0410 - accuracy: 0.9862
522/949 [===============>..............] - ETA: 17:13 - loss: 0.0409 - accuracy: 0.9862
523/949 [===============>..............] - ETA: 17:11 - loss: 0.0409 - accuracy: 0.9863
524/949 [===============>..............] - ETA: 17:09 - loss: 0.0409 - accuracy: 0.9863
525/949 [===============>..............] - ETA: 17:06 - loss: 0.0410 - accuracy: 0.9863
526/949 [===============>..............] - ETA: 17:03 - loss: 0.0409 - accuracy: 0.9863
527/949 [===============>..............] - ETA: 17:01 - loss: 0.0408 - accuracy: 0.9863
528/949 [===============>..............] - ETA: 16:59 - loss: 0.0408 - accuracy: 0.9863
529/949 [===============>..............] - ETA: 16:56 - loss: 0.0407 - accuracy: 0.9864
530/949 [===============>..............] - ETA: 16:54 - loss: 0.0407 - accuracy: 0.9864
531/949 [===============>..............] - ETA: 16:51 - loss: 0.0406 - accuracy: 0.9864
532/949 [===============>..............] - ETA: 16:48 - loss: 0.0406 - accuracy: 0.9864
533/949 [===============>..............] - ETA: 16:46 - loss: 0.0407 - accuracy: 0.9864
534/949 [===============>..............] - ETA: 16:44 - loss: 0.0406 - accuracy: 0.9864
535/949 [===============>..............] - ETA: 16:42 - loss: 0.0406 - accuracy: 0.9864
536/949 [===============>..............] - ETA: 16:39 - loss: 0.0406 - accuracy: 0.9864
537/949 [===============>..............] - ETA: 16:36 - loss: 0.0406 - accuracy: 0.9864
538/949 [================>.............] - ETA: 16:34 - loss: 0.0406 - accuracy: 0.9864
539/949 [================>.............] - ETA: 16:32 - loss: 0.0406 - accuracy: 0.9864
540/949 [================>.............] - ETA: 16:29 - loss: 0.0405 - accuracy: 0.9864
541/949 [================>.............] - ETA: 16:27 - loss: 0.0405 - accuracy: 0.9865
542/949 [================>.............] - ETA: 16:24 - loss: 0.0404 - accuracy: 0.9865
543/949 [================>.............] - ETA: 16:22 - loss: 0.0404 - accuracy: 0.9865
544/949 [================>.............] - ETA: 16:19 - loss: 0.0404 - accuracy: 0.9865
545/949 [================>.............] - ETA: 16:17 - loss: 0.0403 - accuracy: 0.9865
546/949 [================>.............] - ETA: 16:15 - loss: 0.0402 - accuracy: 0.9865
547/949 [================>.............] - ETA: 16:12 - loss: 0.0402 - accuracy: 0.9866
548/949 [================>.............] - ETA: 16:10 - loss: 0.0401 - accuracy: 0.9866
549/949 [================>.............] - ETA: 16:07 - loss: 0.0400 - accuracy: 0.9866
550/949 [================>.............] - ETA: 16:05 - loss: 0.0400 - accuracy: 0.9866
551/949 [================>.............] - ETA: 16:03 - loss: 0.0399 - accuracy: 0.9867
552/949 [================>.............] - ETA: 16:00 - loss: 0.0398 - accuracy: 0.9867
553/949 [================>.............] - ETA: 15:58 - loss: 0.0400 - accuracy: 0.9867
554/949 [================>.............] - ETA: 15:55 - loss: 0.0399 - accuracy: 0.9867
555/949 [================>.............] - ETA: 15:53 - loss: 0.0400 - accuracy: 0.9867
556/949 [================>.............] - ETA: 15:50 - loss: 0.0399 - accuracy: 0.9867
557/949 [================>.............] - ETA: 15:48 - loss: 0.0398 - accuracy: 0.9867
558/949 [================>.............] - ETA: 15:46 - loss: 0.0398 - accuracy: 0.9868
559/949 [================>.............] - ETA: 15:43 - loss: 0.0397 - accuracy: 0.9868
560/949 [================>.............] - ETA: 15:41 - loss: 0.0397 - accuracy: 0.9868
561/949 [================>.............] - ETA: 15:38 - loss: 0.0396 - accuracy: 0.9868
562/949 [================>.............] - ETA: 15:36 - loss: 0.0396 - accuracy: 0.9868
563/949 [================>.............] - ETA: 15:33 - loss: 0.0396 - accuracy: 0.9868
564/949 [================>.............] - ETA: 15:31 - loss: 0.0396 - accuracy: 0.9868
565/949 [================>.............] - ETA: 15:29 - loss: 0.0395 - accuracy: 0.9869
566/949 [================>.............] - ETA: 15:26 - loss: 0.0395 - accuracy: 0.9869
567/949 [================>.............] - ETA: 15:24 - loss: 0.0394 - accuracy: 0.9869
568/949 [================>.............] - ETA: 15:21 - loss: 0.0394 - accuracy: 0.9869
569/949 [================>.............] - ETA: 15:19 - loss: 0.0393 - accuracy: 0.9869
570/949 [=================>............] - ETA: 15:16 - loss: 0.0393 - accuracy: 0.9869
571/949 [=================>............] - ETA: 15:14 - loss: 0.0393 - accuracy: 0.9869
572/949 [=================>............] - ETA: 15:12 - loss: 0.0392 - accuracy: 0.9870
573/949 [=================>............] - ETA: 15:09 - loss: 0.0392 - accuracy: 0.9870
574/949 [=================>............] - ETA: 15:07 - loss: 0.0392 - accuracy: 0.9870
575/949 [=================>............] - ETA: 15:04 - loss: 0.0391 - accuracy: 0.9870
576/949 [=================>............] - ETA: 15:02 - loss: 0.0392 - accuracy: 0.9870
577/949 [=================>............] - ETA: 15:00 - loss: 0.0392 - accuracy: 0.9870
578/949 [=================>............] - ETA: 14:57 - loss: 0.0392 - accuracy: 0.9870
579/949 [=================>............] - ETA: 14:55 - loss: 0.0391 - accuracy: 0.9870
580/949 [=================>............] - ETA: 14:52 - loss: 0.0391 - accuracy: 0.9870
581/949 [=================>............] - ETA: 14:50 - loss: 0.0391 - accuracy: 0.9870
582/949 [=================>............] - ETA: 14:48 - loss: 0.0390 - accuracy: 0.9871
583/949 [=================>............] - ETA: 14:45 - loss: 0.0389 - accuracy: 0.9871
584/949 [=================>............] - ETA: 14:43 - loss: 0.0389 - accuracy: 0.9871
585/949 [=================>............] - ETA: 14:40 - loss: 0.0388 - accuracy: 0.9871
586/949 [=================>............] - ETA: 14:38 - loss: 0.0388 - accuracy: 0.9871
587/949 [=================>............] - ETA: 14:36 - loss: 0.0388 - accuracy: 0.9871
588/949 [=================>............] - ETA: 14:33 - loss: 0.0388 - accuracy: 0.9872
589/949 [=================>............] - ETA: 14:31 - loss: 0.0388 - accuracy: 0.9871
590/949 [=================>............] - ETA: 14:28 - loss: 0.0389 - accuracy: 0.9871
591/949 [=================>............] - ETA: 14:26 - loss: 0.0389 - accuracy: 0.9871
592/949 [=================>............] - ETA: 14:23 - loss: 0.0389 - accuracy: 0.9871
593/949 [=================>............] - ETA: 14:21 - loss: 0.0388 - accuracy: 0.9872
594/949 [=================>............] - ETA: 14:18 - loss: 0.0388 - accuracy: 0.9872
595/949 [=================>............] - ETA: 14:16 - loss: 0.0387 - accuracy: 0.9872
596/949 [=================>............] - ETA: 14:14 - loss: 0.0387 - accuracy: 0.9872
597/949 [=================>............] - ETA: 14:11 - loss: 0.0386 - accuracy: 0.9872
598/949 [=================>............] - ETA: 14:09 - loss: 0.0386 - accuracy: 0.9872
599/949 [=================>............] - ETA: 14:07 - loss: 0.0385 - accuracy: 0.9873
600/949 [=================>............] - ETA: 14:04 - loss: 0.0385 - accuracy: 0.9873
601/949 [=================>............] - ETA: 14:02 - loss: 0.0384 - accuracy: 0.9873
602/949 [==================>...........] - ETA: 13:59 - loss: 0.0385 - accuracy: 0.9873
603/949 [==================>...........] - ETA: 13:57 - loss: 0.0384 - accuracy: 0.9873
604/949 [==================>...........] - ETA: 13:55 - loss: 0.0384 - accuracy: 0.9873
605/949 [==================>...........] - ETA: 13:52 - loss: 0.0384 - accuracy: 0.9873
606/949 [==================>...........] - ETA: 13:50 - loss: 0.0384 - accuracy: 0.9873
607/949 [==================>...........] - ETA: 13:47 - loss: 0.0384 - accuracy: 0.9873
608/949 [==================>...........] - ETA: 13:45 - loss: 0.0384 - accuracy: 0.9873
609/949 [==================>...........] - ETA: 13:43 - loss: 0.0383 - accuracy: 0.9873
610/949 [==================>...........] - ETA: 13:40 - loss: 0.0383 - accuracy: 0.9874
611/949 [==================>...........] - ETA: 13:38 - loss: 0.0383 - accuracy: 0.9874
612/949 [==================>...........] - ETA: 13:35 - loss: 0.0382 - accuracy: 0.9874
613/949 [==================>...........] - ETA: 13:33 - loss: 0.0382 - accuracy: 0.9874
614/949 [==================>...........] - ETA: 13:30 - loss: 0.0382 - accuracy: 0.9874
615/949 [==================>...........] - ETA: 13:28 - loss: 0.0382 - accuracy: 0.9874
616/949 [==================>...........] - ETA: 13:26 - loss: 0.0383 - accuracy: 0.9874
617/949 [==================>...........] - ETA: 13:23 - loss: 0.0384 - accuracy: 0.9873
618/949 [==================>...........] - ETA: 13:21 - loss: 0.0383 - accuracy: 0.9873
619/949 [==================>...........] - ETA: 13:18 - loss: 0.0383 - accuracy: 0.9874
620/949 [==================>...........] - ETA: 13:16 - loss: 0.0382 - accuracy: 0.9874
621/949 [==================>...........] - ETA: 13:14 - loss: 0.0382 - accuracy: 0.9874
622/949 [==================>...........] - ETA: 13:11 - loss: 0.0381 - accuracy: 0.9874
623/949 [==================>...........] - ETA: 13:09 - loss: 0.0381 - accuracy: 0.9874
624/949 [==================>...........] - ETA: 13:06 - loss: 0.0381 - accuracy: 0.9874
625/949 [==================>...........] - ETA: 13:04 - loss: 0.0380 - accuracy: 0.9874
626/949 [==================>...........] - ETA: 13:02 - loss: 0.0381 - accuracy: 0.9874
627/949 [==================>...........] - ETA: 12:59 - loss: 0.0380 - accuracy: 0.9874
628/949 [==================>...........] - ETA: 12:57 - loss: 0.0381 - accuracy: 0.9875
629/949 [==================>...........] - ETA: 12:55 - loss: 0.0381 - accuracy: 0.9874
630/949 [==================>...........] - ETA: 12:52 - loss: 0.0381 - accuracy: 0.9874
631/949 [==================>...........] - ETA: 12:50 - loss: 0.0381 - accuracy: 0.9874
632/949 [==================>...........] - ETA: 12:47 - loss: 0.0381 - accuracy: 0.9875
633/949 [===================>..........] - ETA: 12:45 - loss: 0.0380 - accuracy: 0.9875
634/949 [===================>..........] - ETA: 12:42 - loss: 0.0380 - accuracy: 0.9875
635/949 [===================>..........] - ETA: 12:40 - loss: 0.0380 - accuracy: 0.9875
636/949 [===================>..........] - ETA: 12:38 - loss: 0.0380 - accuracy: 0.9875
637/949 [===================>..........] - ETA: 12:35 - loss: 0.0379 - accuracy: 0.9875
638/949 [===================>..........] - ETA: 12:33 - loss: 0.0380 - accuracy: 0.9875
639/949 [===================>..........] - ETA: 12:31 - loss: 0.0379 - accuracy: 0.9875
640/949 [===================>..........] - ETA: 12:28 - loss: 0.0379 - accuracy: 0.9875
641/949 [===================>..........] - ETA: 12:26 - loss: 0.0379 - accuracy: 0.9875
642/949 [===================>..........] - ETA: 12:23 - loss: 0.0380 - accuracy: 0.9875
643/949 [===================>..........] - ETA: 12:21 - loss: 0.0380 - accuracy: 0.9875
644/949 [===================>..........] - ETA: 12:18 - loss: 0.0379 - accuracy: 0.9875
645/949 [===================>..........] - ETA: 12:16 - loss: 0.0379 - accuracy: 0.9875
646/949 [===================>..........] - ETA: 12:14 - loss: 0.0379 - accuracy: 0.9875
647/949 [===================>..........] - ETA: 12:11 - loss: 0.0378 - accuracy: 0.9875
648/949 [===================>..........] - ETA: 12:09 - loss: 0.0378 - accuracy: 0.9876
649/949 [===================>..........] - ETA: 12:06 - loss: 0.0377 - accuracy: 0.9876
650/949 [===================>..........] - ETA: 12:04 - loss: 0.0378 - accuracy: 0.9876
651/949 [===================>..........] - ETA: 12:02 - loss: 0.0377 - accuracy: 0.9876
652/949 [===================>..........] - ETA: 11:59 - loss: 0.0378 - accuracy: 0.9876
653/949 [===================>..........] - ETA: 11:57 - loss: 0.0377 - accuracy: 0.9876
654/949 [===================>..........] - ETA: 11:54 - loss: 0.0377 - accuracy: 0.9876
655/949 [===================>..........] - ETA: 11:52 - loss: 0.0376 - accuracy: 0.9876
656/949 [===================>..........] - ETA: 11:49 - loss: 0.0377 - accuracy: 0.9876
657/949 [===================>..........] - ETA: 11:47 - loss: 0.0376 - accuracy: 0.9876
658/949 [===================>..........] - ETA: 11:45 - loss: 0.0376 - accuracy: 0.9877
659/949 [===================>..........] - ETA: 11:42 - loss: 0.0375 - accuracy: 0.9877
660/949 [===================>..........] - ETA: 11:40 - loss: 0.0375 - accuracy: 0.9877
661/949 [===================>..........] - ETA: 11:37 - loss: 0.0375 - accuracy: 0.9877
662/949 [===================>..........] - ETA: 11:35 - loss: 0.0375 - accuracy: 0.9877
663/949 [===================>..........] - ETA: 11:32 - loss: 0.0374 - accuracy: 0.9877
664/949 [===================>..........] - ETA: 11:30 - loss: 0.0374 - accuracy: 0.9877
665/949 [====================>.........] - ETA: 11:28 - loss: 0.0374 - accuracy: 0.9877
666/949 [====================>.........] - ETA: 11:25 - loss: 0.0374 - accuracy: 0.9877
667/949 [====================>.........] - ETA: 11:23 - loss: 0.0373 - accuracy: 0.9877
668/949 [====================>.........] - ETA: 11:20 - loss: 0.0373 - accuracy: 0.9878
669/949 [====================>.........] - ETA: 11:18 - loss: 0.0372 - accuracy: 0.9878
670/949 [====================>.........] - ETA: 11:15 - loss: 0.0372 - accuracy: 0.9878
671/949 [====================>.........] - ETA: 11:13 - loss: 0.0371 - accuracy: 0.9878
672/949 [====================>.........] - ETA: 11:11 - loss: 0.0371 - accuracy: 0.9878
673/949 [====================>.........] - ETA: 11:08 - loss: 0.0371 - accuracy: 0.9878
674/949 [====================>.........] - ETA: 11:06 - loss: 0.0370 - accuracy: 0.9879
675/949 [====================>.........] - ETA: 11:04 - loss: 0.0371 - accuracy: 0.9878
676/949 [====================>.........] - ETA: 11:01 - loss: 0.0370 - accuracy: 0.9879
677/949 [====================>.........] - ETA: 10:59 - loss: 0.0370 - accuracy: 0.9879
678/949 [====================>.........] - ETA: 10:56 - loss: 0.0369 - accuracy: 0.9879
679/949 [====================>.........] - ETA: 10:54 - loss: 0.0370 - accuracy: 0.9879
680/949 [====================>.........] - ETA: 10:52 - loss: 0.0370 - accuracy: 0.9879
681/949 [====================>.........] - ETA: 10:49 - loss: 0.0369 - accuracy: 0.9879
682/949 [====================>.........] - ETA: 10:47 - loss: 0.0369 - accuracy: 0.9879
683/949 [====================>.........] - ETA: 10:44 - loss: 0.0368 - accuracy: 0.9880
684/949 [====================>.........] - ETA: 10:42 - loss: 0.0368 - accuracy: 0.9880
685/949 [====================>.........] - ETA: 10:39 - loss: 0.0368 - accuracy: 0.9880
686/949 [====================>.........] - ETA: 10:37 - loss: 0.0368 - accuracy: 0.9880
687/949 [====================>.........] - ETA: 10:34 - loss: 0.0368 - accuracy: 0.9880
688/949 [====================>.........] - ETA: 10:32 - loss: 0.0368 - accuracy: 0.9880
689/949 [====================>.........] - ETA: 10:30 - loss: 0.0367 - accuracy: 0.9880
690/949 [====================>.........] - ETA: 10:27 - loss: 0.0368 - accuracy: 0.9880
691/949 [====================>.........] - ETA: 10:25 - loss: 0.0368 - accuracy: 0.9880
692/949 [====================>.........] - ETA: 10:22 - loss: 0.0368 - accuracy: 0.9880
693/949 [====================>.........] - ETA: 10:20 - loss: 0.0367 - accuracy: 0.9880
694/949 [====================>.........] - ETA: 10:17 - loss: 0.0367 - accuracy: 0.9880
695/949 [====================>.........] - ETA: 10:15 - loss: 0.0366 - accuracy: 0.9881
696/949 [=====================>........] - ETA: 10:13 - loss: 0.0366 - accuracy: 0.9881
697/949 [=====================>........] - ETA: 10:10 - loss: 0.0365 - accuracy: 0.9881
698/949 [=====================>........] - ETA: 10:08 - loss: 0.0365 - accuracy: 0.9881
699/949 [=====================>........] - ETA: 10:05 - loss: 0.0365 - accuracy: 0.9881
700/949 [=====================>........] - ETA: 10:03 - loss: 0.0364 - accuracy: 0.9881
701/949 [=====================>........] - ETA: 10:01 - loss: 0.0364 - accuracy: 0.9881
702/949 [=====================>........] - ETA: 9:58 - loss: 0.0365 - accuracy: 0.9881 
703/949 [=====================>........] - ETA: 9:56 - loss: 0.0364 - accuracy: 0.9881
704/949 [=====================>........] - ETA: 9:53 - loss: 0.0364 - accuracy: 0.9881
705/949 [=====================>........] - ETA: 9:51 - loss: 0.0364 - accuracy: 0.9881
706/949 [=====================>........] - ETA: 9:49 - loss: 0.0364 - accuracy: 0.9881
707/949 [=====================>........] - ETA: 9:46 - loss: 0.0364 - accuracy: 0.9882
708/949 [=====================>........] - ETA: 9:44 - loss: 0.0364 - accuracy: 0.9882
709/949 [=====================>........] - ETA: 9:41 - loss: 0.0364 - accuracy: 0.9882
710/949 [=====================>........] - ETA: 9:39 - loss: 0.0363 - accuracy: 0.9882
711/949 [=====================>........] - ETA: 9:36 - loss: 0.0363 - accuracy: 0.9882
712/949 [=====================>........] - ETA: 9:34 - loss: 0.0363 - accuracy: 0.9882
713/949 [=====================>........] - ETA: 9:32 - loss: 0.0362 - accuracy: 0.9882
714/949 [=====================>........] - ETA: 9:29 - loss: 0.0362 - accuracy: 0.9882
715/949 [=====================>........] - ETA: 9:27 - loss: 0.0362 - accuracy: 0.9882
716/949 [=====================>........] - ETA: 9:24 - loss: 0.0362 - accuracy: 0.9883
717/949 [=====================>........] - ETA: 9:22 - loss: 0.0361 - accuracy: 0.9883
718/949 [=====================>........] - ETA: 9:20 - loss: 0.0362 - accuracy: 0.9883
719/949 [=====================>........] - ETA: 9:17 - loss: 0.0362 - accuracy: 0.9882
720/949 [=====================>........] - ETA: 9:15 - loss: 0.0361 - accuracy: 0.9883
721/949 [=====================>........] - ETA: 9:12 - loss: 0.0361 - accuracy: 0.9883
722/949 [=====================>........] - ETA: 9:10 - loss: 0.0361 - accuracy: 0.9883
723/949 [=====================>........] - ETA: 9:08 - loss: 0.0361 - accuracy: 0.9883
724/949 [=====================>........] - ETA: 9:05 - loss: 0.0361 - accuracy: 0.9883
725/949 [=====================>........] - ETA: 9:03 - loss: 0.0360 - accuracy: 0.9883
726/949 [=====================>........] - ETA: 9:00 - loss: 0.0360 - accuracy: 0.9883
727/949 [=====================>........] - ETA: 8:58 - loss: 0.0360 - accuracy: 0.9883
728/949 [======================>.......] - ETA: 8:55 - loss: 0.0360 - accuracy: 0.9883
729/949 [======================>.......] - ETA: 8:53 - loss: 0.0360 - accuracy: 0.9883
730/949 [======================>.......] - ETA: 8:51 - loss: 0.0360 - accuracy: 0.9883
731/949 [======================>.......] - ETA: 8:48 - loss: 0.0360 - accuracy: 0.9883
732/949 [======================>.......] - ETA: 8:46 - loss: 0.0359 - accuracy: 0.9884
733/949 [======================>.......] - ETA: 8:43 - loss: 0.0359 - accuracy: 0.9884
734/949 [======================>.......] - ETA: 8:41 - loss: 0.0359 - accuracy: 0.9884
735/949 [======================>.......] - ETA: 8:39 - loss: 0.0359 - accuracy: 0.9884
736/949 [======================>.......] - ETA: 8:36 - loss: 0.0358 - accuracy: 0.9884
737/949 [======================>.......] - ETA: 8:34 - loss: 0.0358 - accuracy: 0.9884
738/949 [======================>.......] - ETA: 8:31 - loss: 0.0358 - accuracy: 0.9884
739/949 [======================>.......] - ETA: 8:29 - loss: 0.0358 - accuracy: 0.9884
740/949 [======================>.......] - ETA: 8:26 - loss: 0.0358 - accuracy: 0.9884
741/949 [======================>.......] - ETA: 8:24 - loss: 0.0357 - accuracy: 0.9884
742/949 [======================>.......] - ETA: 8:22 - loss: 0.0357 - accuracy: 0.9884
743/949 [======================>.......] - ETA: 8:19 - loss: 0.0357 - accuracy: 0.9884
744/949 [======================>.......] - ETA: 8:17 - loss: 0.0357 - accuracy: 0.9884
745/949 [======================>.......] - ETA: 8:14 - loss: 0.0357 - accuracy: 0.9884
746/949 [======================>.......] - ETA: 8:12 - loss: 0.0356 - accuracy: 0.9885
747/949 [======================>.......] - ETA: 8:10 - loss: 0.0356 - accuracy: 0.9885
748/949 [======================>.......] - ETA: 8:07 - loss: 0.0356 - accuracy: 0.9885
749/949 [======================>.......] - ETA: 8:05 - loss: 0.0356 - accuracy: 0.9885
750/949 [======================>.......] - ETA: 8:02 - loss: 0.0355 - accuracy: 0.9885
751/949 [======================>.......] - ETA: 8:00 - loss: 0.0355 - accuracy: 0.9885
752/949 [======================>.......] - ETA: 7:57 - loss: 0.0355 - accuracy: 0.9885
753/949 [======================>.......] - ETA: 7:55 - loss: 0.0355 - accuracy: 0.9885
754/949 [======================>.......] - ETA: 7:53 - loss: 0.0355 - accuracy: 0.9885
755/949 [======================>.......] - ETA: 7:50 - loss: 0.0355 - accuracy: 0.9885
756/949 [======================>.......] - ETA: 7:48 - loss: 0.0354 - accuracy: 0.9885
757/949 [======================>.......] - ETA: 7:45 - loss: 0.0354 - accuracy: 0.9885
758/949 [======================>.......] - ETA: 7:43 - loss: 0.0354 - accuracy: 0.9885
759/949 [======================>.......] - ETA: 7:41 - loss: 0.0354 - accuracy: 0.9885
760/949 [=======================>......] - ETA: 7:38 - loss: 0.0354 - accuracy: 0.9886
761/949 [=======================>......] - ETA: 7:36 - loss: 0.0354 - accuracy: 0.9886
762/949 [=======================>......] - ETA: 7:33 - loss: 0.0354 - accuracy: 0.9885
763/949 [=======================>......] - ETA: 7:31 - loss: 0.0354 - accuracy: 0.9885
764/949 [=======================>......] - ETA: 7:28 - loss: 0.0353 - accuracy: 0.9885
765/949 [=======================>......] - ETA: 7:26 - loss: 0.0353 - accuracy: 0.9886
766/949 [=======================>......] - ETA: 7:24 - loss: 0.0353 - accuracy: 0.9886
767/949 [=======================>......] - ETA: 7:21 - loss: 0.0353 - accuracy: 0.9886
768/949 [=======================>......] - ETA: 7:19 - loss: 0.0353 - accuracy: 0.9886
769/949 [=======================>......] - ETA: 7:16 - loss: 0.0352 - accuracy: 0.9886
770/949 [=======================>......] - ETA: 7:14 - loss: 0.0352 - accuracy: 0.9886
771/949 [=======================>......] - ETA: 7:11 - loss: 0.0352 - accuracy: 0.9886
772/949 [=======================>......] - ETA: 7:09 - loss: 0.0352 - accuracy: 0.9886
773/949 [=======================>......] - ETA: 7:07 - loss: 0.0351 - accuracy: 0.9887
774/949 [=======================>......] - ETA: 7:04 - loss: 0.0351 - accuracy: 0.9887
775/949 [=======================>......] - ETA: 7:02 - loss: 0.0351 - accuracy: 0.9887
776/949 [=======================>......] - ETA: 6:59 - loss: 0.0351 - accuracy: 0.9887
777/949 [=======================>......] - ETA: 6:57 - loss: 0.0351 - accuracy: 0.9887
778/949 [=======================>......] - ETA: 6:55 - loss: 0.0351 - accuracy: 0.9887
779/949 [=======================>......] - ETA: 6:52 - loss: 0.0352 - accuracy: 0.9887
780/949 [=======================>......] - ETA: 6:50 - loss: 0.0351 - accuracy: 0.9887
781/949 [=======================>......] - ETA: 6:47 - loss: 0.0351 - accuracy: 0.9887
782/949 [=======================>......] - ETA: 6:45 - loss: 0.0351 - accuracy: 0.9887
783/949 [=======================>......] - ETA: 6:42 - loss: 0.0351 - accuracy: 0.9887
784/949 [=======================>......] - ETA: 6:40 - loss: 0.0351 - accuracy: 0.9887
785/949 [=======================>......] - ETA: 6:38 - loss: 0.0351 - accuracy: 0.9887
786/949 [=======================>......] - ETA: 6:35 - loss: 0.0351 - accuracy: 0.9887
787/949 [=======================>......] - ETA: 6:33 - loss: 0.0350 - accuracy: 0.9887
788/949 [=======================>......] - ETA: 6:30 - loss: 0.0350 - accuracy: 0.9887
789/949 [=======================>......] - ETA: 6:28 - loss: 0.0350 - accuracy: 0.9887
790/949 [=======================>......] - ETA: 6:25 - loss: 0.0350 - accuracy: 0.9887
791/949 [========================>.....] - ETA: 6:23 - loss: 0.0350 - accuracy: 0.9887
792/949 [========================>.....] - ETA: 6:21 - loss: 0.0350 - accuracy: 0.9887
793/949 [========================>.....] - ETA: 6:18 - loss: 0.0350 - accuracy: 0.9887
794/949 [========================>.....] - ETA: 6:16 - loss: 0.0350 - accuracy: 0.9887
795/949 [========================>.....] - ETA: 6:13 - loss: 0.0350 - accuracy: 0.9887
796/949 [========================>.....] - ETA: 6:11 - loss: 0.0350 - accuracy: 0.9887
797/949 [========================>.....] - ETA: 6:08 - loss: 0.0350 - accuracy: 0.9888
798/949 [========================>.....] - ETA: 6:06 - loss: 0.0350 - accuracy: 0.9888
799/949 [========================>.....] - ETA: 6:04 - loss: 0.0350 - accuracy: 0.9888
800/949 [========================>.....] - ETA: 6:01 - loss: 0.0350 - accuracy: 0.9888
801/949 [========================>.....] - ETA: 5:59 - loss: 0.0351 - accuracy: 0.9887
802/949 [========================>.....] - ETA: 5:56 - loss: 0.0351 - accuracy: 0.9887
803/949 [========================>.....] - ETA: 5:54 - loss: 0.0351 - accuracy: 0.9888
804/949 [========================>.....] - ETA: 5:51 - loss: 0.0351 - accuracy: 0.9887
805/949 [========================>.....] - ETA: 5:49 - loss: 0.0351 - accuracy: 0.9888
806/949 [========================>.....] - ETA: 5:47 - loss: 0.0350 - accuracy: 0.9888
807/949 [========================>.....] - ETA: 5:44 - loss: 0.0351 - accuracy: 0.9887
808/949 [========================>.....] - ETA: 5:42 - loss: 0.0350 - accuracy: 0.9888
809/949 [========================>.....] - ETA: 5:39 - loss: 0.0350 - accuracy: 0.9888
810/949 [========================>.....] - ETA: 5:37 - loss: 0.0350 - accuracy: 0.9888
811/949 [========================>.....] - ETA: 5:35 - loss: 0.0350 - accuracy: 0.9888
812/949 [========================>.....] - ETA: 5:32 - loss: 0.0350 - accuracy: 0.9888
813/949 [========================>.....] - ETA: 5:30 - loss: 0.0350 - accuracy: 0.9888
814/949 [========================>.....] - ETA: 5:27 - loss: 0.0350 - accuracy: 0.9888
815/949 [========================>.....] - ETA: 5:25 - loss: 0.0350 - accuracy: 0.9888
816/949 [========================>.....] - ETA: 5:22 - loss: 0.0350 - accuracy: 0.9888
817/949 [========================>.....] - ETA: 5:20 - loss: 0.0350 - accuracy: 0.9888
818/949 [========================>.....] - ETA: 5:17 - loss: 0.0350 - accuracy: 0.9888
819/949 [========================>.....] - ETA: 5:15 - loss: 0.0350 - accuracy: 0.9888
820/949 [========================>.....] - ETA: 5:13 - loss: 0.0350 - accuracy: 0.9888
821/949 [========================>.....] - ETA: 5:10 - loss: 0.0351 - accuracy: 0.9888
822/949 [========================>.....] - ETA: 5:08 - loss: 0.0350 - accuracy: 0.9888
823/949 [=========================>....] - ETA: 5:05 - loss: 0.0350 - accuracy: 0.9888
824/949 [=========================>....] - ETA: 5:03 - loss: 0.0350 - accuracy: 0.9888
825/949 [=========================>....] - ETA: 5:01 - loss: 0.0351 - accuracy: 0.9888
826/949 [=========================>....] - ETA: 4:58 - loss: 0.0350 - accuracy: 0.9888
827/949 [=========================>....] - ETA: 4:56 - loss: 0.0350 - accuracy: 0.9888
828/949 [=========================>....] - ETA: 4:53 - loss: 0.0350 - accuracy: 0.9888
829/949 [=========================>....] - ETA: 4:51 - loss: 0.0349 - accuracy: 0.9888
830/949 [=========================>....] - ETA: 4:48 - loss: 0.0349 - accuracy: 0.9888
831/949 [=========================>....] - ETA: 4:46 - loss: 0.0349 - accuracy: 0.9888
832/949 [=========================>....] - ETA: 4:44 - loss: 0.0349 - accuracy: 0.9889
833/949 [=========================>....] - ETA: 4:41 - loss: 0.0348 - accuracy: 0.9889
834/949 [=========================>....] - ETA: 4:39 - loss: 0.0348 - accuracy: 0.9889
835/949 [=========================>....] - ETA: 4:36 - loss: 0.0348 - accuracy: 0.9889
836/949 [=========================>....] - ETA: 4:34 - loss: 0.0347 - accuracy: 0.9889
837/949 [=========================>....] - ETA: 4:31 - loss: 0.0347 - accuracy: 0.9889
838/949 [=========================>....] - ETA: 4:29 - loss: 0.0347 - accuracy: 0.9889
839/949 [=========================>....] - ETA: 4:27 - loss: 0.0346 - accuracy: 0.9889
840/949 [=========================>....] - ETA: 4:24 - loss: 0.0347 - accuracy: 0.9889
841/949 [=========================>....] - ETA: 4:22 - loss: 0.0346 - accuracy: 0.9889
842/949 [=========================>....] - ETA: 4:19 - loss: 0.0346 - accuracy: 0.9890
843/949 [=========================>....] - ETA: 4:17 - loss: 0.0347 - accuracy: 0.9889
844/949 [=========================>....] - ETA: 4:15 - loss: 0.0347 - accuracy: 0.9889
845/949 [=========================>....] - ETA: 4:12 - loss: 0.0346 - accuracy: 0.9890
846/949 [=========================>....] - ETA: 4:10 - loss: 0.0346 - accuracy: 0.9890
847/949 [=========================>....] - ETA: 4:07 - loss: 0.0346 - accuracy: 0.9890
848/949 [=========================>....] - ETA: 4:05 - loss: 0.0346 - accuracy: 0.9890
849/949 [=========================>....] - ETA: 4:02 - loss: 0.0345 - accuracy: 0.9890
850/949 [=========================>....] - ETA: 4:00 - loss: 0.0345 - accuracy: 0.9890
851/949 [=========================>....] - ETA: 3:58 - loss: 0.0346 - accuracy: 0.9890
852/949 [=========================>....] - ETA: 3:55 - loss: 0.0346 - accuracy: 0.9890
853/949 [=========================>....] - ETA: 3:53 - loss: 0.0346 - accuracy: 0.9890
854/949 [=========================>....] - ETA: 3:50 - loss: 0.0346 - accuracy: 0.9890
855/949 [==========================>...] - ETA: 3:48 - loss: 0.0345 - accuracy: 0.9890
856/949 [==========================>...] - ETA: 3:45 - loss: 0.0345 - accuracy: 0.9890
857/949 [==========================>...] - ETA: 3:43 - loss: 0.0345 - accuracy: 0.9890
858/949 [==========================>...] - ETA: 3:41 - loss: 0.0345 - accuracy: 0.9890
859/949 [==========================>...] - ETA: 3:38 - loss: 0.0344 - accuracy: 0.9891
860/949 [==========================>...] - ETA: 3:36 - loss: 0.0344 - accuracy: 0.9891
861/949 [==========================>...] - ETA: 3:33 - loss: 0.0344 - accuracy: 0.9891
862/949 [==========================>...] - ETA: 3:31 - loss: 0.0344 - accuracy: 0.9891
863/949 [==========================>...] - ETA: 3:28 - loss: 0.0344 - accuracy: 0.9891
864/949 [==========================>...] - ETA: 3:26 - loss: 0.0345 - accuracy: 0.9891
865/949 [==========================>...] - ETA: 3:24 - loss: 0.0345 - accuracy: 0.9891
866/949 [==========================>...] - ETA: 3:21 - loss: 0.0345 - accuracy: 0.9891
867/949 [==========================>...] - ETA: 3:19 - loss: 0.0345 - accuracy: 0.9891
868/949 [==========================>...] - ETA: 3:16 - loss: 0.0344 - accuracy: 0.9891
869/949 [==========================>...] - ETA: 3:14 - loss: 0.0344 - accuracy: 0.9891
870/949 [==========================>...] - ETA: 3:11 - loss: 0.0345 - accuracy: 0.9891
871/949 [==========================>...] - ETA: 3:09 - loss: 0.0345 - accuracy: 0.9891
872/949 [==========================>...] - ETA: 3:07 - loss: 0.0345 - accuracy: 0.9891
873/949 [==========================>...] - ETA: 3:04 - loss: 0.0345 - accuracy: 0.9891
874/949 [==========================>...] - ETA: 3:02 - loss: 0.0345 - accuracy: 0.9891
875/949 [==========================>...] - ETA: 2:59 - loss: 0.0345 - accuracy: 0.9891
876/949 [==========================>...] - ETA: 2:57 - loss: 0.0345 - accuracy: 0.9891
877/949 [==========================>...] - ETA: 2:54 - loss: 0.0344 - accuracy: 0.9891
878/949 [==========================>...] - ETA: 2:52 - loss: 0.0344 - accuracy: 0.9891
879/949 [==========================>...] - ETA: 2:50 - loss: 0.0344 - accuracy: 0.9891
880/949 [==========================>...] - ETA: 2:47 - loss: 0.0345 - accuracy: 0.9891
881/949 [==========================>...] - ETA: 2:45 - loss: 0.0344 - accuracy: 0.9891
882/949 [==========================>...] - ETA: 2:42 - loss: 0.0344 - accuracy: 0.9891
883/949 [==========================>...] - ETA: 2:40 - loss: 0.0343 - accuracy: 0.9891
884/949 [==========================>...] - ETA: 2:37 - loss: 0.0344 - accuracy: 0.9891
885/949 [==========================>...] - ETA: 2:35 - loss: 0.0343 - accuracy: 0.9892
886/949 [===========================>..] - ETA: 2:33 - loss: 0.0343 - accuracy: 0.9892
887/949 [===========================>..] - ETA: 2:30 - loss: 0.0343 - accuracy: 0.9892
888/949 [===========================>..] - ETA: 2:28 - loss: 0.0343 - accuracy: 0.9892
889/949 [===========================>..] - ETA: 2:25 - loss: 0.0343 - accuracy: 0.9892
890/949 [===========================>..] - ETA: 2:23 - loss: 0.0343 - accuracy: 0.9892
891/949 [===========================>..] - ETA: 2:20 - loss: 0.0343 - accuracy: 0.9892
892/949 [===========================>..] - ETA: 2:18 - loss: 0.0343 - accuracy: 0.9892
893/949 [===========================>..] - ETA: 2:16 - loss: 0.0344 - accuracy: 0.9892
894/949 [===========================>..] - ETA: 2:13 - loss: 0.0343 - accuracy: 0.9892
895/949 [===========================>..] - ETA: 2:11 - loss: 0.0343 - accuracy: 0.9892
896/949 [===========================>..] - ETA: 2:08 - loss: 0.0343 - accuracy: 0.9892
897/949 [===========================>..] - ETA: 2:06 - loss: 0.0343 - accuracy: 0.9892
898/949 [===========================>..] - ETA: 2:03 - loss: 0.0343 - accuracy: 0.9892
899/949 [===========================>..] - ETA: 2:01 - loss: 0.0342 - accuracy: 0.9892
900/949 [===========================>..] - ETA: 1:59 - loss: 0.0342 - accuracy: 0.9892
901/949 [===========================>..] - ETA: 1:56 - loss: 0.0342 - accuracy: 0.9892
902/949 [===========================>..] - ETA: 1:54 - loss: 0.0343 - accuracy: 0.9892
903/949 [===========================>..] - ETA: 1:51 - loss: 0.0342 - accuracy: 0.9892
904/949 [===========================>..] - ETA: 1:49 - loss: 0.0342 - accuracy: 0.9892
905/949 [===========================>..] - ETA: 1:46 - loss: 0.0342 - accuracy: 0.9892
906/949 [===========================>..] - ETA: 1:44 - loss: 0.0342 - accuracy: 0.9892
907/949 [===========================>..] - ETA: 1:42 - loss: 0.0342 - accuracy: 0.9893
908/949 [===========================>..] - ETA: 1:39 - loss: 0.0341 - accuracy: 0.9893
909/949 [===========================>..] - ETA: 1:37 - loss: 0.0341 - accuracy: 0.9893
910/949 [===========================>..] - ETA: 1:34 - loss: 0.0341 - accuracy: 0.9893
911/949 [===========================>..] - ETA: 1:32 - loss: 0.0342 - accuracy: 0.9893
912/949 [===========================>..] - ETA: 1:29 - loss: 0.0342 - accuracy: 0.9892
913/949 [===========================>..] - ETA: 1:27 - loss: 0.0342 - accuracy: 0.9892
914/949 [===========================>..] - ETA: 1:25 - loss: 0.0341 - accuracy: 0.9893
915/949 [===========================>..] - ETA: 1:22 - loss: 0.0341 - accuracy: 0.9893
916/949 [===========================>..] - ETA: 1:20 - loss: 0.0341 - accuracy: 0.9893
917/949 [===========================>..] - ETA: 1:17 - loss: 0.0342 - accuracy: 0.9893
918/949 [============================>.] - ETA: 1:15 - loss: 0.0341 - accuracy: 0.9893
919/949 [============================>.] - ETA: 1:12 - loss: 0.0341 - accuracy: 0.9893
920/949 [============================>.] - ETA: 1:10 - loss: 0.0341 - accuracy: 0.9893
921/949 [============================>.] - ETA: 1:08 - loss: 0.0341 - accuracy: 0.9893
922/949 [============================>.] - ETA: 1:05 - loss: 0.0341 - accuracy: 0.9893
923/949 [============================>.] - ETA: 1:03 - loss: 0.0341 - accuracy: 0.9893
924/949 [============================>.] - ETA: 1:00 - loss: 0.0341 - accuracy: 0.9893
925/949 [============================>.] - ETA: 58s - loss: 0.0341 - accuracy: 0.9893 
926/949 [============================>.] - ETA: 55s - loss: 0.0341 - accuracy: 0.9893
927/949 [============================>.] - ETA: 53s - loss: 0.0341 - accuracy: 0.9893
928/949 [============================>.] - ETA: 51s - loss: 0.0341 - accuracy: 0.9893
929/949 [============================>.] - ETA: 48s - loss: 0.0341 - accuracy: 0.9893
930/949 [============================>.] - ETA: 46s - loss: 0.0340 - accuracy: 0.9893
931/949 [============================>.] - ETA: 43s - loss: 0.0340 - accuracy: 0.9893
932/949 [============================>.] - ETA: 41s - loss: 0.0340 - accuracy: 0.9893
933/949 [============================>.] - ETA: 38s - loss: 0.0340 - accuracy: 0.9893
934/949 [============================>.] - ETA: 36s - loss: 0.0340 - accuracy: 0.9893
935/949 [============================>.] - ETA: 34s - loss: 0.0340 - accuracy: 0.9893
936/949 [============================>.] - ETA: 31s - loss: 0.0340 - accuracy: 0.9893
937/949 [============================>.] - ETA: 29s - loss: 0.0340 - accuracy: 0.9893
938/949 [============================>.] - ETA: 26s - loss: 0.0340 - accuracy: 0.9893
939/949 [============================>.] - ETA: 24s - loss: 0.0340 - accuracy: 0.9893
940/949 [============================>.] - ETA: 21s - loss: 0.0340 - accuracy: 0.9893
941/949 [============================>.] - ETA: 19s - loss: 0.0340 - accuracy: 0.9893
942/949 [============================>.] - ETA: 17s - loss: 0.0340 - accuracy: 0.9893
943/949 [============================>.] - ETA: 14s - loss: 0.0340 - accuracy: 0.9893
944/949 [============================>.] - ETA: 12s - loss: 0.0339 - accuracy: 0.9894
945/949 [============================>.] - ETA: 9s - loss: 0.0339 - accuracy: 0.9894 
946/949 [============================>.] - ETA: 7s - loss: 0.0339 - accuracy: 0.9894
947/949 [============================>.] - ETA: 4s - loss: 0.0339 - accuracy: 0.9894
948/949 [============================>.] - ETA: 2s - loss: 0.0339 - accuracy: 0.9894
949/949 [==============================] - 2305s 2s/step - loss: 0.0339 - accuracy: 0.9894
Over train job in 2306.938583 s
Model: "model_1"
__________________________________________________________________________________________________
Layer (type)                    Output Shape         Param #     Connected to                     
==================================================================================================
input_1 (InputLayer)            (None, 755, 128)     0                                            
__________________________________________________________________________________________________
conv1d_2 (Conv1D)               (None, 752, 128)     65664       input_1[0][0]                    
__________________________________________________________________________________________________
conv1d_3 (Conv1D)               (None, 750, 128)     98432       input_1[0][0]                    
__________________________________________________________________________________________________
conv1d_1 (Conv1D)               (None, 754, 128)     32896       input_1[0][0]                    
__________________________________________________________________________________________________
zero_padding1d_1 (ZeroPadding1D (None, 754, 128)     0           conv1d_2[0][0]                   
__________________________________________________________________________________________________
zero_padding1d_2 (ZeroPadding1D (None, 754, 128)     0           conv1d_3[0][0]                   
__________________________________________________________________________________________________
concatenate_1 (Concatenate)     (None, 754, 384)     0           conv1d_1[0][0]                   
                                                                 zero_padding1d_1[0][0]           
                                                                 zero_padding1d_2[0][0]           
__________________________________________________________________________________________________
lstm_1 (LSTM)                   (None, 128)          262656      concatenate_1[0][0]              
__________________________________________________________________________________________________
dropout_1 (Dropout)             (None, 128)          0           lstm_1[0][0]                     
__________________________________________________________________________________________________
Output (Dense)                  (None, 2)            258         dropout_1[0][0]                  
==================================================================================================
Total params: 459,906
Trainable params: 459,906
Non-trainable params: 0
__________________________________________________________________________________________________
None
1/106 batch
2/106 batch
3/106 batch
4/106 batch
5/106 batch
6/106 batch
7/106 batch
8/106 batch
9/106 batch
10/106 batch
11/106 batch
12/106 batch
13/106 batch
14/106 batch
15/106 batch
16/106 batch
17/106 batch
18/106 batch
19/106 batch
20/106 batch
21/106 batch
22/106 batch
23/106 batch
24/106 batch
25/106 batch
26/106 batch
27/106 batch
28/106 batch
29/106 batch
30/106 batch
31/106 batch
32/106 batch
33/106 batch
34/106 batch
35/106 batch
36/106 batch
37/106 batch
38/106 batch
39/106 batch
40/106 batch
41/106 batch
42/106 batch
43/106 batch
44/106 batch
45/106 batch
46/106 batch
47/106 batch
48/106 batch
49/106 batch
50/106 batch
51/106 batch
52/106 batch
53/106 batch
54/106 batch
55/106 batch
56/106 batch
57/106 batch
58/106 batch
59/106 batch
60/106 batch
61/106 batch
62/106 batch
63/106 batch
64/106 batch
65/106 batch
66/106 batch
67/106 batch
68/106 batch
69/106 batch
70/106 batch
71/106 batch
72/106 batch
73/106 batch
74/106 batch
75/106 batch
76/106 batch
77/106 batch
78/106 batch
79/106 batch
80/106 batch
81/106 batch
82/106 batch
83/106 batch
84/106 batch
85/106 batch
86/106 batch
87/106 batch
88/106 batch
89/106 batch
90/106 batch
91/106 batch
92/106 batch
93/106 batch
94/106 batch
95/106 batch
96/106 batch
97/106 batch
98/106 batch
99/106 batch
100/106 batch
101/106 batch
102/106 batch
103/106 batch
104/106 batch
105/106 batch
106/106 batch
Precision score is : 0.9917589840583626
Recall score is : 0.9963355048859935
Accuracy score is :  0.9916563951834645
F1 score is :  0.9940419769803657
FP rate is : [0.         0.01918842 1.        ]
TP rate is : [0.        0.9963355 1.       ]
Roc_AOC is : 0.9885735404266395
