Start Train Job! 
Epoch 1/1

  1/949 [..............................] - ETA: 1:29:27 - loss: 0.7315 - accuracy: 0.3700
  2/949 [..............................] - ETA: 59:55 - loss: 0.6660 - accuracy: 0.5200  
  3/949 [..............................] - ETA: 53:10 - loss: 0.6056 - accuracy: 0.5800
  4/949 [..............................] - ETA: 49:51 - loss: 0.5531 - accuracy: 0.6075
  5/949 [..............................] - ETA: 46:46 - loss: 0.5051 - accuracy: 0.6420
  6/949 [..............................] - ETA: 45:07 - loss: 0.4739 - accuracy: 0.6683
  7/949 [..............................] - ETA: 44:48 - loss: 0.4613 - accuracy: 0.6686
  8/949 [..............................] - ETA: 43:15 - loss: 0.4572 - accuracy: 0.6762
  9/949 [..............................] - ETA: 42:51 - loss: 0.4542 - accuracy: 0.6756
 10/949 [..............................] - ETA: 42:20 - loss: 0.4346 - accuracy: 0.6890
 11/949 [..............................] - ETA: 42:03 - loss: 0.4220 - accuracy: 0.7036
 12/949 [..............................] - ETA: 42:28 - loss: 0.4082 - accuracy: 0.7200
 13/949 [..............................] - ETA: 41:11 - loss: 0.3933 - accuracy: 0.7400
 14/949 [..............................] - ETA: 41:04 - loss: 0.3810 - accuracy: 0.7571
 15/949 [..............................] - ETA: 40:57 - loss: 0.3687 - accuracy: 0.7713
 16/949 [..............................] - ETA: 40:52 - loss: 0.3599 - accuracy: 0.7831
 17/949 [..............................] - ETA: 40:10 - loss: 0.3466 - accuracy: 0.7953
 18/949 [..............................] - ETA: 40:11 - loss: 0.3337 - accuracy: 0.8056
 19/949 [..............................] - ETA: 40:03 - loss: 0.3231 - accuracy: 0.8132
 20/949 [..............................] - ETA: 40:03 - loss: 0.3119 - accuracy: 0.8215
 21/949 [..............................] - ETA: 39:52 - loss: 0.3014 - accuracy: 0.8290
 22/949 [..............................] - ETA: 39:30 - loss: 0.2918 - accuracy: 0.8355
 23/949 [..............................] - ETA: 39:23 - loss: 0.2816 - accuracy: 0.8422
 24/949 [..............................] - ETA: 39:25 - loss: 0.2712 - accuracy: 0.8487
 25/949 [..............................] - ETA: 39:07 - loss: 0.2615 - accuracy: 0.8548
 26/949 [..............................] - ETA: 39:03 - loss: 0.2537 - accuracy: 0.8596
 27/949 [..............................] - ETA: 38:51 - loss: 0.2461 - accuracy: 0.8644
 28/949 [..............................] - ETA: 38:56 - loss: 0.2384 - accuracy: 0.8689
 29/949 [..............................] - ETA: 38:38 - loss: 0.2320 - accuracy: 0.8731
 30/949 [..............................] - ETA: 38:33 - loss: 0.2274 - accuracy: 0.8760
 31/949 [..............................] - ETA: 38:34 - loss: 0.2241 - accuracy: 0.8790
 32/949 [>.............................] - ETA: 38:22 - loss: 0.2197 - accuracy: 0.8822
 33/949 [>.............................] - ETA: 38:19 - loss: 0.2140 - accuracy: 0.8855
 34/949 [>.............................] - ETA: 38:13 - loss: 0.2110 - accuracy: 0.8882
 35/949 [>.............................] - ETA: 38:20 - loss: 0.2054 - accuracy: 0.8914
 36/949 [>.............................] - ETA: 38:03 - loss: 0.2008 - accuracy: 0.8942
 37/949 [>.............................] - ETA: 37:59 - loss: 0.1966 - accuracy: 0.8965
 38/949 [>.............................] - ETA: 37:57 - loss: 0.1928 - accuracy: 0.8989
 39/949 [>.............................] - ETA: 37:57 - loss: 0.1883 - accuracy: 0.9015
 40/949 [>.............................] - ETA: 37:46 - loss: 0.1864 - accuracy: 0.9030
 41/949 [>.............................] - ETA: 37:39 - loss: 0.1830 - accuracy: 0.9049
 42/949 [>.............................] - ETA: 37:44 - loss: 0.1792 - accuracy: 0.9069
 43/949 [>.............................] - ETA: 37:40 - loss: 0.1767 - accuracy: 0.9084
 44/949 [>.............................] - ETA: 37:30 - loss: 0.1732 - accuracy: 0.9105
 45/949 [>.............................] - ETA: 37:32 - loss: 0.1702 - accuracy: 0.9122
 46/949 [>.............................] - ETA: 37:24 - loss: 0.1678 - accuracy: 0.9135
 47/949 [>.............................] - ETA: 37:25 - loss: 0.1648 - accuracy: 0.9151
 48/949 [>.............................] - ETA: 37:14 - loss: 0.1630 - accuracy: 0.9165
 49/949 [>.............................] - ETA: 37:09 - loss: 0.1601 - accuracy: 0.9182
 50/949 [>.............................] - ETA: 37:08 - loss: 0.1576 - accuracy: 0.9196
 51/949 [>.............................] - ETA: 37:08 - loss: 0.1548 - accuracy: 0.9212
 52/949 [>.............................] - ETA: 37:00 - loss: 0.1527 - accuracy: 0.9223
 53/949 [>.............................] - ETA: 36:56 - loss: 0.1527 - accuracy: 0.9232
 54/949 [>.............................] - ETA: 36:58 - loss: 0.1503 - accuracy: 0.9244
 55/949 [>.............................] - ETA: 36:57 - loss: 0.1484 - accuracy: 0.9255
 56/949 [>.............................] - ETA: 36:45 - loss: 0.1466 - accuracy: 0.9264
 57/949 [>.............................] - ETA: 36:44 - loss: 0.1447 - accuracy: 0.9275
 58/949 [>.............................] - ETA: 36:40 - loss: 0.1425 - accuracy: 0.9288
 59/949 [>.............................] - ETA: 36:38 - loss: 0.1403 - accuracy: 0.9300
 60/949 [>.............................] - ETA: 36:32 - loss: 0.1382 - accuracy: 0.9312
 61/949 [>.............................] - ETA: 36:32 - loss: 0.1366 - accuracy: 0.9321
 62/949 [>.............................] - ETA: 36:32 - loss: 0.1350 - accuracy: 0.9331
 63/949 [>.............................] - ETA: 36:21 - loss: 0.1335 - accuracy: 0.9340
 64/949 [=>............................] - ETA: 36:18 - loss: 0.1320 - accuracy: 0.9348
 65/949 [=>............................] - ETA: 36:15 - loss: 0.1306 - accuracy: 0.9357
 66/949 [=>............................] - ETA: 36:14 - loss: 0.1287 - accuracy: 0.9367
 67/949 [=>............................] - ETA: 36:11 - loss: 0.1275 - accuracy: 0.9375
 68/949 [=>............................] - ETA: 36:08 - loss: 0.1266 - accuracy: 0.9382
 69/949 [=>............................] - ETA: 36:05 - loss: 0.1252 - accuracy: 0.9390
 70/949 [=>............................] - ETA: 36:06 - loss: 0.1237 - accuracy: 0.9397
 71/949 [=>............................] - ETA: 35:57 - loss: 0.1221 - accuracy: 0.9406
 72/949 [=>............................] - ETA: 35:54 - loss: 0.1207 - accuracy: 0.9413
 73/949 [=>............................] - ETA: 35:55 - loss: 0.1192 - accuracy: 0.9421
 74/949 [=>............................] - ETA: 35:51 - loss: 0.1177 - accuracy: 0.9428
 75/949 [=>............................] - ETA: 35:45 - loss: 0.1165 - accuracy: 0.9435
 76/949 [=>............................] - ETA: 35:41 - loss: 0.1158 - accuracy: 0.9441
 77/949 [=>............................] - ETA: 35:39 - loss: 0.1147 - accuracy: 0.9447
 78/949 [=>............................] - ETA: 35:35 - loss: 0.1138 - accuracy: 0.9453
 79/949 [=>............................] - ETA: 35:34 - loss: 0.1132 - accuracy: 0.9457
 80/949 [=>............................] - ETA: 35:30 - loss: 0.1123 - accuracy: 0.9463
 81/949 [=>............................] - ETA: 35:30 - loss: 0.1114 - accuracy: 0.9468
 82/949 [=>............................] - ETA: 35:25 - loss: 0.1104 - accuracy: 0.9473
 83/949 [=>............................] - ETA: 35:22 - loss: 0.1092 - accuracy: 0.9480
 84/949 [=>............................] - ETA: 35:22 - loss: 0.1080 - accuracy: 0.9486
 85/949 [=>............................] - ETA: 35:15 - loss: 0.1072 - accuracy: 0.9491
 86/949 [=>............................] - ETA: 35:15 - loss: 0.1060 - accuracy: 0.9497
 87/949 [=>............................] - ETA: 35:12 - loss: 0.1061 - accuracy: 0.9499
 88/949 [=>............................] - ETA: 35:07 - loss: 0.1050 - accuracy: 0.9505
 89/949 [=>............................] - ETA: 35:04 - loss: 0.1048 - accuracy: 0.9508
 90/949 [=>............................] - ETA: 35:03 - loss: 0.1039 - accuracy: 0.9511
 91/949 [=>............................] - ETA: 35:01 - loss: 0.1033 - accuracy: 0.9514
 92/949 [=>............................] - ETA: 34:58 - loss: 0.1028 - accuracy: 0.9517
 93/949 [=>............................] - ETA: 34:53 - loss: 0.1019 - accuracy: 0.9523
 94/949 [=>............................] - ETA: 34:52 - loss: 0.1014 - accuracy: 0.9527
 95/949 [==>...........................] - ETA: 34:45 - loss: 0.1011 - accuracy: 0.9529
 96/949 [==>...........................] - ETA: 34:44 - loss: 0.1001 - accuracy: 0.9534
 97/949 [==>...........................] - ETA: 34:42 - loss: 0.0996 - accuracy: 0.9537
 98/949 [==>...........................] - ETA: 34:38 - loss: 0.0991 - accuracy: 0.9541
 99/949 [==>...........................] - ETA: 34:34 - loss: 0.0983 - accuracy: 0.9545
100/949 [==>...........................] - ETA: 34:36 - loss: 0.0973 - accuracy: 0.9550
101/949 [==>...........................] - ETA: 34:30 - loss: 0.0968 - accuracy: 0.9552
102/949 [==>...........................] - ETA: 34:29 - loss: 0.0960 - accuracy: 0.9557
103/949 [==>...........................] - ETA: 34:26 - loss: 0.0962 - accuracy: 0.9558
104/949 [==>...........................] - ETA: 34:21 - loss: 0.0956 - accuracy: 0.9561
105/949 [==>...........................] - ETA: 34:20 - loss: 0.0956 - accuracy: 0.9562
106/949 [==>...........................] - ETA: 34:14 - loss: 0.0951 - accuracy: 0.9565
107/949 [==>...........................] - ETA: 34:15 - loss: 0.0949 - accuracy: 0.9567
108/949 [==>...........................] - ETA: 34:10 - loss: 0.0941 - accuracy: 0.9571
109/949 [==>...........................] - ETA: 34:09 - loss: 0.0937 - accuracy: 0.9573
110/949 [==>...........................] - ETA: 34:04 - loss: 0.0933 - accuracy: 0.9575
111/949 [==>...........................] - ETA: 34:04 - loss: 0.0931 - accuracy: 0.9577
112/949 [==>...........................] - ETA: 33:58 - loss: 0.0929 - accuracy: 0.9578
113/949 [==>...........................] - ETA: 33:57 - loss: 0.0926 - accuracy: 0.9580
114/949 [==>...........................] - ETA: 33:51 - loss: 0.0925 - accuracy: 0.9581
115/949 [==>...........................] - ETA: 33:52 - loss: 0.0918 - accuracy: 0.9584
116/949 [==>...........................] - ETA: 33:46 - loss: 0.0914 - accuracy: 0.9587
117/949 [==>...........................] - ETA: 33:45 - loss: 0.0912 - accuracy: 0.9589
118/949 [==>...........................] - ETA: 33:42 - loss: 0.0907 - accuracy: 0.9591
119/949 [==>...........................] - ETA: 33:38 - loss: 0.0901 - accuracy: 0.9594
120/949 [==>...........................] - ETA: 33:38 - loss: 0.0900 - accuracy: 0.9596
121/949 [==>...........................] - ETA: 33:33 - loss: 0.0903 - accuracy: 0.9596
122/949 [==>...........................] - ETA: 33:30 - loss: 0.0901 - accuracy: 0.9598
123/949 [==>...........................] - ETA: 33:28 - loss: 0.0895 - accuracy: 0.9601
124/949 [==>...........................] - ETA: 33:27 - loss: 0.0893 - accuracy: 0.9602
125/949 [==>...........................] - ETA: 33:24 - loss: 0.0890 - accuracy: 0.9605
126/949 [==>...........................] - ETA: 33:19 - loss: 0.0885 - accuracy: 0.9607
127/949 [===>..........................] - ETA: 33:16 - loss: 0.0883 - accuracy: 0.9609
128/949 [===>..........................] - ETA: 33:14 - loss: 0.0879 - accuracy: 0.9611
129/949 [===>..........................] - ETA: 33:13 - loss: 0.0874 - accuracy: 0.9614
130/949 [===>..........................] - ETA: 33:10 - loss: 0.0870 - accuracy: 0.9616
131/949 [===>..........................] - ETA: 33:08 - loss: 0.0865 - accuracy: 0.9619
132/949 [===>..........................] - ETA: 33:03 - loss: 0.0862 - accuracy: 0.9621
133/949 [===>..........................] - ETA: 33:01 - loss: 0.0857 - accuracy: 0.9624
134/949 [===>..........................] - ETA: 32:59 - loss: 0.0852 - accuracy: 0.9627
135/949 [===>..........................] - ETA: 32:54 - loss: 0.0852 - accuracy: 0.9627
136/949 [===>..........................] - ETA: 32:52 - loss: 0.0848 - accuracy: 0.9629
137/949 [===>..........................] - ETA: 32:49 - loss: 0.0846 - accuracy: 0.9630
138/949 [===>..........................] - ETA: 32:49 - loss: 0.0840 - accuracy: 0.9633
139/949 [===>..........................] - ETA: 32:44 - loss: 0.0847 - accuracy: 0.9633
140/949 [===>..........................] - ETA: 32:44 - loss: 0.0843 - accuracy: 0.9634
141/949 [===>..........................] - ETA: 32:39 - loss: 0.0839 - accuracy: 0.9636
142/949 [===>..........................] - ETA: 32:36 - loss: 0.0838 - accuracy: 0.9637
143/949 [===>..........................] - ETA: 32:35 - loss: 0.0833 - accuracy: 0.9640
144/949 [===>..........................] - ETA: 32:34 - loss: 0.0828 - accuracy: 0.9642
145/949 [===>..........................] - ETA: 32:29 - loss: 0.0823 - accuracy: 0.9645
146/949 [===>..........................] - ETA: 32:27 - loss: 0.0820 - accuracy: 0.9647
147/949 [===>..........................] - ETA: 32:23 - loss: 0.0818 - accuracy: 0.9648
148/949 [===>..........................] - ETA: 32:23 - loss: 0.0815 - accuracy: 0.9649
149/949 [===>..........................] - ETA: 32:20 - loss: 0.0812 - accuracy: 0.9651
150/949 [===>..........................] - ETA: 32:18 - loss: 0.0811 - accuracy: 0.9652
151/949 [===>..........................] - ETA: 32:13 - loss: 0.0807 - accuracy: 0.9654
152/949 [===>..........................] - ETA: 32:11 - loss: 0.0802 - accuracy: 0.9657
153/949 [===>..........................] - ETA: 32:08 - loss: 0.0798 - accuracy: 0.9659
154/949 [===>..........................] - ETA: 32:07 - loss: 0.0795 - accuracy: 0.9660
155/949 [===>..........................] - ETA: 32:03 - loss: 0.0796 - accuracy: 0.9661
156/949 [===>..........................] - ETA: 32:02 - loss: 0.0792 - accuracy: 0.9663
157/949 [===>..........................] - ETA: 31:57 - loss: 0.0788 - accuracy: 0.9664
158/949 [===>..........................] - ETA: 31:55 - loss: 0.0784 - accuracy: 0.9666
159/949 [====>.........................] - ETA: 31:54 - loss: 0.0783 - accuracy: 0.9667
160/949 [====>.........................] - ETA: 31:48 - loss: 0.0780 - accuracy: 0.9669
161/949 [====>.........................] - ETA: 31:47 - loss: 0.0778 - accuracy: 0.9670
162/949 [====>.........................] - ETA: 31:44 - loss: 0.0774 - accuracy: 0.9672
163/949 [====>.........................] - ETA: 31:42 - loss: 0.0769 - accuracy: 0.9674
164/949 [====>.........................] - ETA: 31:40 - loss: 0.0766 - accuracy: 0.9676
165/949 [====>.........................] - ETA: 31:38 - loss: 0.0764 - accuracy: 0.9676
166/949 [====>.........................] - ETA: 31:34 - loss: 0.0760 - accuracy: 0.9678
167/949 [====>.........................] - ETA: 31:31 - loss: 0.0758 - accuracy: 0.9680
168/949 [====>.........................] - ETA: 31:30 - loss: 0.0758 - accuracy: 0.9680
169/949 [====>.........................] - ETA: 31:27 - loss: 0.0753 - accuracy: 0.9682
170/949 [====>.........................] - ETA: 31:23 - loss: 0.0749 - accuracy: 0.9684
171/949 [====>.........................] - ETA: 31:21 - loss: 0.0746 - accuracy: 0.9686
172/949 [====>.........................] - ETA: 31:20 - loss: 0.0743 - accuracy: 0.9687
173/949 [====>.........................] - ETA: 31:17 - loss: 0.0740 - accuracy: 0.9688
174/949 [====>.........................] - ETA: 31:13 - loss: 0.0736 - accuracy: 0.9690
175/949 [====>.........................] - ETA: 31:11 - loss: 0.0735 - accuracy: 0.9691
176/949 [====>.........................] - ETA: 31:10 - loss: 0.0731 - accuracy: 0.9693
177/949 [====>.........................] - ETA: 31:05 - loss: 0.0729 - accuracy: 0.9694
178/949 [====>.........................] - ETA: 31:04 - loss: 0.0727 - accuracy: 0.9695
179/949 [====>.........................] - ETA: 31:02 - loss: 0.0727 - accuracy: 0.9696
180/949 [====>.........................] - ETA: 30:59 - loss: 0.0723 - accuracy: 0.9697
181/949 [====>.........................] - ETA: 30:56 - loss: 0.0721 - accuracy: 0.9698
182/949 [====>.........................] - ETA: 30:53 - loss: 0.0718 - accuracy: 0.9700
183/949 [====>.........................] - ETA: 30:52 - loss: 0.0714 - accuracy: 0.9702
184/949 [====>.........................] - ETA: 30:49 - loss: 0.0713 - accuracy: 0.9703
185/949 [====>.........................] - ETA: 30:47 - loss: 0.0711 - accuracy: 0.9704
186/949 [====>.........................] - ETA: 30:45 - loss: 0.0707 - accuracy: 0.9705
187/949 [====>.........................] - ETA: 30:42 - loss: 0.0706 - accuracy: 0.9706
188/949 [====>.........................] - ETA: 30:40 - loss: 0.0704 - accuracy: 0.9707
189/949 [====>.........................] - ETA: 30:36 - loss: 0.0700 - accuracy: 0.9709
190/949 [=====>........................] - ETA: 30:34 - loss: 0.0697 - accuracy: 0.9711
191/949 [=====>........................] - ETA: 30:32 - loss: 0.0694 - accuracy: 0.9712
192/949 [=====>........................] - ETA: 30:29 - loss: 0.0690 - accuracy: 0.9714
193/949 [=====>........................] - ETA: 30:27 - loss: 0.0687 - accuracy: 0.9715
194/949 [=====>........................] - ETA: 30:24 - loss: 0.0685 - accuracy: 0.9716
195/949 [=====>........................] - ETA: 30:22 - loss: 0.0683 - accuracy: 0.9717
196/949 [=====>........................] - ETA: 30:18 - loss: 0.0683 - accuracy: 0.9718
197/949 [=====>........................] - ETA: 30:15 - loss: 0.0691 - accuracy: 0.9717
198/949 [=====>........................] - ETA: 30:13 - loss: 0.0690 - accuracy: 0.9718
199/949 [=====>........................] - ETA: 30:12 - loss: 0.0688 - accuracy: 0.9719
200/949 [=====>........................] - ETA: 30:08 - loss: 0.0689 - accuracy: 0.9718
201/949 [=====>........................] - ETA: 30:07 - loss: 0.0686 - accuracy: 0.9720
202/949 [=====>........................] - ETA: 30:03 - loss: 0.0683 - accuracy: 0.9721
203/949 [=====>........................] - ETA: 30:01 - loss: 0.0684 - accuracy: 0.9722
204/949 [=====>........................] - ETA: 29:59 - loss: 0.0681 - accuracy: 0.9723
205/949 [=====>........................] - ETA: 29:55 - loss: 0.0678 - accuracy: 0.9724
206/949 [=====>........................] - ETA: 29:52 - loss: 0.0676 - accuracy: 0.9726
207/949 [=====>........................] - ETA: 29:51 - loss: 0.0673 - accuracy: 0.9727
208/949 [=====>........................] - ETA: 29:48 - loss: 0.0671 - accuracy: 0.9728
209/949 [=====>........................] - ETA: 29:45 - loss: 0.0670 - accuracy: 0.9729
210/949 [=====>........................] - ETA: 29:43 - loss: 0.0667 - accuracy: 0.9730
211/949 [=====>........................] - ETA: 29:41 - loss: 0.0666 - accuracy: 0.9731
212/949 [=====>........................] - ETA: 29:39 - loss: 0.0665 - accuracy: 0.9732
213/949 [=====>........................] - ETA: 29:35 - loss: 0.0664 - accuracy: 0.9732
214/949 [=====>........................] - ETA: 29:33 - loss: 0.0663 - accuracy: 0.9733
215/949 [=====>........................] - ETA: 29:30 - loss: 0.0660 - accuracy: 0.9734
216/949 [=====>........................] - ETA: 29:27 - loss: 0.0660 - accuracy: 0.9735
217/949 [=====>........................] - ETA: 29:25 - loss: 0.0657 - accuracy: 0.9736
218/949 [=====>........................] - ETA: 29:23 - loss: 0.0655 - accuracy: 0.9737
219/949 [=====>........................] - ETA: 29:20 - loss: 0.0653 - accuracy: 0.9738
220/949 [=====>........................] - ETA: 29:17 - loss: 0.0651 - accuracy: 0.9739
221/949 [=====>........................] - ETA: 29:15 - loss: 0.0650 - accuracy: 0.9739
222/949 [======>.......................] - ETA: 29:13 - loss: 0.0648 - accuracy: 0.9740
223/949 [======>.......................] - ETA: 29:11 - loss: 0.0646 - accuracy: 0.9741
224/949 [======>.......................] - ETA: 29:07 - loss: 0.0644 - accuracy: 0.9742
225/949 [======>.......................] - ETA: 29:05 - loss: 0.0642 - accuracy: 0.9743
226/949 [======>.......................] - ETA: 29:03 - loss: 0.0642 - accuracy: 0.9743
227/949 [======>.......................] - ETA: 29:00 - loss: 0.0640 - accuracy: 0.9743
228/949 [======>.......................] - ETA: 28:57 - loss: 0.0638 - accuracy: 0.9744
229/949 [======>.......................] - ETA: 28:55 - loss: 0.0636 - accuracy: 0.9745
230/949 [======>.......................] - ETA: 28:52 - loss: 0.0636 - accuracy: 0.9746
231/949 [======>.......................] - ETA: 28:51 - loss: 0.0637 - accuracy: 0.9746
232/949 [======>.......................] - ETA: 28:47 - loss: 0.0635 - accuracy: 0.9747
233/949 [======>.......................] - ETA: 28:45 - loss: 0.0637 - accuracy: 0.9746
234/949 [======>.......................] - ETA: 28:43 - loss: 0.0636 - accuracy: 0.9747
235/949 [======>.......................] - ETA: 28:40 - loss: 0.0634 - accuracy: 0.9748
236/949 [======>.......................] - ETA: 28:38 - loss: 0.0633 - accuracy: 0.9749
237/949 [======>.......................] - ETA: 28:35 - loss: 0.0631 - accuracy: 0.9749
238/949 [======>.......................] - ETA: 28:33 - loss: 0.0629 - accuracy: 0.9750
239/949 [======>.......................] - ETA: 28:29 - loss: 0.0627 - accuracy: 0.9751
240/949 [======>.......................] - ETA: 28:27 - loss: 0.0625 - accuracy: 0.9752
241/949 [======>.......................] - ETA: 28:25 - loss: 0.0625 - accuracy: 0.9752
242/949 [======>.......................] - ETA: 28:23 - loss: 0.0624 - accuracy: 0.9753
243/949 [======>.......................] - ETA: 28:20 - loss: 0.0623 - accuracy: 0.9753
244/949 [======>.......................] - ETA: 28:17 - loss: 0.0622 - accuracy: 0.9754
245/949 [======>.......................] - ETA: 28:15 - loss: 0.0620 - accuracy: 0.9755
246/949 [======>.......................] - ETA: 28:13 - loss: 0.0617 - accuracy: 0.9756
247/949 [======>.......................] - ETA: 28:10 - loss: 0.0615 - accuracy: 0.9757
248/949 [======>.......................] - ETA: 28:08 - loss: 0.0615 - accuracy: 0.9758
249/949 [======>.......................] - ETA: 28:06 - loss: 0.0613 - accuracy: 0.9759
250/949 [======>.......................] - ETA: 28:03 - loss: 0.0611 - accuracy: 0.9760
251/949 [======>.......................] - ETA: 28:01 - loss: 0.0613 - accuracy: 0.9759
252/949 [======>.......................] - ETA: 27:58 - loss: 0.0611 - accuracy: 0.9760
253/949 [======>.......................] - ETA: 27:55 - loss: 0.0611 - accuracy: 0.9761
254/949 [=======>......................] - ETA: 27:53 - loss: 0.0609 - accuracy: 0.9762
255/949 [=======>......................] - ETA: 27:50 - loss: 0.0607 - accuracy: 0.9763
256/949 [=======>......................] - ETA: 27:48 - loss: 0.0605 - accuracy: 0.9764
257/949 [=======>......................] - ETA: 27:46 - loss: 0.0603 - accuracy: 0.9764
258/949 [=======>......................] - ETA: 27:43 - loss: 0.0601 - accuracy: 0.9765
259/949 [=======>......................] - ETA: 27:40 - loss: 0.0599 - accuracy: 0.9766
260/949 [=======>......................] - ETA: 27:38 - loss: 0.0598 - accuracy: 0.9767
261/949 [=======>......................] - ETA: 27:36 - loss: 0.0598 - accuracy: 0.9767
262/949 [=======>......................] - ETA: 27:33 - loss: 0.0596 - accuracy: 0.9768
263/949 [=======>......................] - ETA: 27:31 - loss: 0.0594 - accuracy: 0.9769
264/949 [=======>......................] - ETA: 27:29 - loss: 0.0592 - accuracy: 0.9770
265/949 [=======>......................] - ETA: 27:26 - loss: 0.0592 - accuracy: 0.9770
266/949 [=======>......................] - ETA: 27:23 - loss: 0.0592 - accuracy: 0.9770
267/949 [=======>......................] - ETA: 27:21 - loss: 0.0591 - accuracy: 0.9771
268/949 [=======>......................] - ETA: 27:19 - loss: 0.0589 - accuracy: 0.9772
269/949 [=======>......................] - ETA: 27:17 - loss: 0.0587 - accuracy: 0.9772
270/949 [=======>......................] - ETA: 27:14 - loss: 0.0588 - accuracy: 0.9773
271/949 [=======>......................] - ETA: 27:11 - loss: 0.0586 - accuracy: 0.9773
272/949 [=======>......................] - ETA: 27:09 - loss: 0.0584 - accuracy: 0.9774
273/949 [=======>......................] - ETA: 27:07 - loss: 0.0582 - accuracy: 0.9775
274/949 [=======>......................] - ETA: 27:05 - loss: 0.0582 - accuracy: 0.9776
275/949 [=======>......................] - ETA: 27:02 - loss: 0.0580 - accuracy: 0.9776
276/949 [=======>......................] - ETA: 26:59 - loss: 0.0579 - accuracy: 0.9777
277/949 [=======>......................] - ETA: 26:57 - loss: 0.0579 - accuracy: 0.9777
278/949 [=======>......................] - ETA: 26:54 - loss: 0.0577 - accuracy: 0.9778
279/949 [=======>......................] - ETA: 26:51 - loss: 0.0576 - accuracy: 0.9778
280/949 [=======>......................] - ETA: 26:49 - loss: 0.0574 - accuracy: 0.9779
281/949 [=======>......................] - ETA: 26:47 - loss: 0.0573 - accuracy: 0.9780
282/949 [=======>......................] - ETA: 26:45 - loss: 0.0571 - accuracy: 0.9781
283/949 [=======>......................] - ETA: 26:42 - loss: 0.0569 - accuracy: 0.9782
284/949 [=======>......................] - ETA: 26:40 - loss: 0.0568 - accuracy: 0.9782
285/949 [========>.....................] - ETA: 26:36 - loss: 0.0568 - accuracy: 0.9782
286/949 [========>.....................] - ETA: 26:34 - loss: 0.0568 - accuracy: 0.9783
287/949 [========>.....................] - ETA: 26:32 - loss: 0.0567 - accuracy: 0.9783
288/949 [========>.....................] - ETA: 26:30 - loss: 0.0565 - accuracy: 0.9784
289/949 [========>.....................] - ETA: 26:27 - loss: 0.0565 - accuracy: 0.9784
290/949 [========>.....................] - ETA: 26:25 - loss: 0.0563 - accuracy: 0.9785
291/949 [========>.....................] - ETA: 26:23 - loss: 0.0563 - accuracy: 0.9785
292/949 [========>.....................] - ETA: 26:20 - loss: 0.0563 - accuracy: 0.9785
293/949 [========>.....................] - ETA: 26:16 - loss: 0.0562 - accuracy: 0.9785
294/949 [========>.....................] - ETA: 26:14 - loss: 0.0560 - accuracy: 0.9786
295/949 [========>.....................] - ETA: 26:12 - loss: 0.0559 - accuracy: 0.9787
296/949 [========>.....................] - ETA: 26:10 - loss: 0.0557 - accuracy: 0.9787
297/949 [========>.....................] - ETA: 26:07 - loss: 0.0556 - accuracy: 0.9788
298/949 [========>.....................] - ETA: 26:04 - loss: 0.0555 - accuracy: 0.9788
299/949 [========>.....................] - ETA: 26:02 - loss: 0.0554 - accuracy: 0.9789
300/949 [========>.....................] - ETA: 26:00 - loss: 0.0552 - accuracy: 0.9789
301/949 [========>.....................] - ETA: 25:57 - loss: 0.0551 - accuracy: 0.9790
302/949 [========>.....................] - ETA: 25:55 - loss: 0.0550 - accuracy: 0.9790
303/949 [========>.....................] - ETA: 25:52 - loss: 0.0548 - accuracy: 0.9791
304/949 [========>.....................] - ETA: 25:50 - loss: 0.0546 - accuracy: 0.9792
305/949 [========>.....................] - ETA: 25:47 - loss: 0.0546 - accuracy: 0.9792
306/949 [========>.....................] - ETA: 25:45 - loss: 0.0545 - accuracy: 0.9792
307/949 [========>.....................] - ETA: 25:42 - loss: 0.0544 - accuracy: 0.9793
308/949 [========>.....................] - ETA: 25:41 - loss: 0.0542 - accuracy: 0.9793
309/949 [========>.....................] - ETA: 25:37 - loss: 0.0541 - accuracy: 0.9794
310/949 [========>.....................] - ETA: 25:36 - loss: 0.0539 - accuracy: 0.9795
311/949 [========>.....................] - ETA: 25:33 - loss: 0.0540 - accuracy: 0.9795
312/949 [========>.....................] - ETA: 25:31 - loss: 0.0538 - accuracy: 0.9795
313/949 [========>.....................] - ETA: 25:28 - loss: 0.0537 - accuracy: 0.9796
314/949 [========>.....................] - ETA: 25:25 - loss: 0.0537 - accuracy: 0.9796
315/949 [========>.....................] - ETA: 25:23 - loss: 0.0539 - accuracy: 0.9796
316/949 [========>.....................] - ETA: 25:21 - loss: 0.0539 - accuracy: 0.9796
317/949 [=========>....................] - ETA: 25:19 - loss: 0.0538 - accuracy: 0.9796
318/949 [=========>....................] - ETA: 25:16 - loss: 0.0537 - accuracy: 0.9797
319/949 [=========>....................] - ETA: 25:13 - loss: 0.0536 - accuracy: 0.9797
320/949 [=========>....................] - ETA: 25:11 - loss: 0.0534 - accuracy: 0.9797
321/949 [=========>....................] - ETA: 25:08 - loss: 0.0533 - accuracy: 0.9798
322/949 [=========>....................] - ETA: 25:06 - loss: 0.0534 - accuracy: 0.9798
323/949 [=========>....................] - ETA: 25:04 - loss: 0.0534 - accuracy: 0.9798
324/949 [=========>....................] - ETA: 25:02 - loss: 0.0534 - accuracy: 0.9798
325/949 [=========>....................] - ETA: 24:59 - loss: 0.0532 - accuracy: 0.9798
326/949 [=========>....................] - ETA: 24:56 - loss: 0.0531 - accuracy: 0.9799
327/949 [=========>....................] - ETA: 24:54 - loss: 0.0533 - accuracy: 0.9799
328/949 [=========>....................] - ETA: 24:51 - loss: 0.0531 - accuracy: 0.9799
329/949 [=========>....................] - ETA: 24:50 - loss: 0.0530 - accuracy: 0.9800
330/949 [=========>....................] - ETA: 24:47 - loss: 0.0530 - accuracy: 0.9800
331/949 [=========>....................] - ETA: 24:45 - loss: 0.0529 - accuracy: 0.9801
332/949 [=========>....................] - ETA: 24:42 - loss: 0.0528 - accuracy: 0.9801
333/949 [=========>....................] - ETA: 24:39 - loss: 0.0526 - accuracy: 0.9802
334/949 [=========>....................] - ETA: 24:37 - loss: 0.0528 - accuracy: 0.9801
335/949 [=========>....................] - ETA: 24:35 - loss: 0.0527 - accuracy: 0.9802
336/949 [=========>....................] - ETA: 24:32 - loss: 0.0526 - accuracy: 0.9802
337/949 [=========>....................] - ETA: 24:30 - loss: 0.0526 - accuracy: 0.9802
338/949 [=========>....................] - ETA: 24:28 - loss: 0.0525 - accuracy: 0.9802
339/949 [=========>....................] - ETA: 24:25 - loss: 0.0525 - accuracy: 0.9802
340/949 [=========>....................] - ETA: 24:23 - loss: 0.0524 - accuracy: 0.9803
341/949 [=========>....................] - ETA: 24:20 - loss: 0.0523 - accuracy: 0.9803
342/949 [=========>....................] - ETA: 24:17 - loss: 0.0521 - accuracy: 0.9804
343/949 [=========>....................] - ETA: 24:15 - loss: 0.0521 - accuracy: 0.9803
344/949 [=========>....................] - ETA: 24:13 - loss: 0.0521 - accuracy: 0.9804
345/949 [=========>....................] - ETA: 24:10 - loss: 0.0523 - accuracy: 0.9803
346/949 [=========>....................] - ETA: 24:08 - loss: 0.0524 - accuracy: 0.9803
347/949 [=========>....................] - ETA: 24:06 - loss: 0.0523 - accuracy: 0.9803
348/949 [==========>...................] - ETA: 24:02 - loss: 0.0523 - accuracy: 0.9803
349/949 [==========>...................] - ETA: 24:00 - loss: 0.0522 - accuracy: 0.9804
350/949 [==========>...................] - ETA: 23:58 - loss: 0.0521 - accuracy: 0.9804
351/949 [==========>...................] - ETA: 23:56 - loss: 0.0519 - accuracy: 0.9805
352/949 [==========>...................] - ETA: 23:53 - loss: 0.0518 - accuracy: 0.9805
353/949 [==========>...................] - ETA: 23:51 - loss: 0.0518 - accuracy: 0.9805
354/949 [==========>...................] - ETA: 23:48 - loss: 0.0517 - accuracy: 0.9806
355/949 [==========>...................] - ETA: 23:46 - loss: 0.0516 - accuracy: 0.9806
356/949 [==========>...................] - ETA: 23:43 - loss: 0.0517 - accuracy: 0.9806
357/949 [==========>...................] - ETA: 23:41 - loss: 0.0517 - accuracy: 0.9806
358/949 [==========>...................] - ETA: 23:39 - loss: 0.0517 - accuracy: 0.9806
359/949 [==========>...................] - ETA: 23:37 - loss: 0.0517 - accuracy: 0.9806
360/949 [==========>...................] - ETA: 23:34 - loss: 0.0516 - accuracy: 0.9806
361/949 [==========>...................] - ETA: 23:31 - loss: 0.0515 - accuracy: 0.9807
362/949 [==========>...................] - ETA: 23:29 - loss: 0.0514 - accuracy: 0.9807
363/949 [==========>...................] - ETA: 23:27 - loss: 0.0513 - accuracy: 0.9807
364/949 [==========>...................] - ETA: 23:24 - loss: 0.0512 - accuracy: 0.9808
365/949 [==========>...................] - ETA: 23:21 - loss: 0.0512 - accuracy: 0.9808
366/949 [==========>...................] - ETA: 23:19 - loss: 0.0511 - accuracy: 0.9808
367/949 [==========>...................] - ETA: 23:17 - loss: 0.0510 - accuracy: 0.9809
368/949 [==========>...................] - ETA: 23:14 - loss: 0.0509 - accuracy: 0.9809
369/949 [==========>...................] - ETA: 23:11 - loss: 0.0508 - accuracy: 0.9810
370/949 [==========>...................] - ETA: 23:09 - loss: 0.0508 - accuracy: 0.9810
371/949 [==========>...................] - ETA: 23:07 - loss: 0.0507 - accuracy: 0.9810
372/949 [==========>...................] - ETA: 23:05 - loss: 0.0507 - accuracy: 0.9811
373/949 [==========>...................] - ETA: 23:02 - loss: 0.0506 - accuracy: 0.9811
374/949 [==========>...................] - ETA: 22:59 - loss: 0.0505 - accuracy: 0.9811
375/949 [==========>...................] - ETA: 22:57 - loss: 0.0505 - accuracy: 0.9812
376/949 [==========>...................] - ETA: 22:54 - loss: 0.0504 - accuracy: 0.9812
377/949 [==========>...................] - ETA: 22:52 - loss: 0.0504 - accuracy: 0.9812
378/949 [==========>...................] - ETA: 22:50 - loss: 0.0506 - accuracy: 0.9813
379/949 [==========>...................] - ETA: 22:48 - loss: 0.0505 - accuracy: 0.9813
380/949 [===========>..................] - ETA: 22:45 - loss: 0.0505 - accuracy: 0.9813
381/949 [===========>..................] - ETA: 22:42 - loss: 0.0504 - accuracy: 0.9813
382/949 [===========>..................] - ETA: 22:40 - loss: 0.0503 - accuracy: 0.9814
383/949 [===========>..................] - ETA: 22:38 - loss: 0.0503 - accuracy: 0.9814
384/949 [===========>..................] - ETA: 22:35 - loss: 0.0504 - accuracy: 0.9814
385/949 [===========>..................] - ETA: 22:32 - loss: 0.0503 - accuracy: 0.9814
386/949 [===========>..................] - ETA: 22:30 - loss: 0.0502 - accuracy: 0.9815
387/949 [===========>..................] - ETA: 22:27 - loss: 0.0502 - accuracy: 0.9815
388/949 [===========>..................] - ETA: 22:25 - loss: 0.0502 - accuracy: 0.9815
389/949 [===========>..................] - ETA: 22:23 - loss: 0.0501 - accuracy: 0.9816
390/949 [===========>..................] - ETA: 22:21 - loss: 0.0500 - accuracy: 0.9816
391/949 [===========>..................] - ETA: 22:18 - loss: 0.0499 - accuracy: 0.9817
392/949 [===========>..................] - ETA: 22:15 - loss: 0.0499 - accuracy: 0.9817
393/949 [===========>..................] - ETA: 22:13 - loss: 0.0497 - accuracy: 0.9817
394/949 [===========>..................] - ETA: 22:11 - loss: 0.0497 - accuracy: 0.9817
395/949 [===========>..................] - ETA: 22:09 - loss: 0.0496 - accuracy: 0.9818
396/949 [===========>..................] - ETA: 22:06 - loss: 0.0495 - accuracy: 0.9818
397/949 [===========>..................] - ETA: 22:04 - loss: 0.0494 - accuracy: 0.9819
398/949 [===========>..................] - ETA: 22:01 - loss: 0.0494 - accuracy: 0.9819
399/949 [===========>..................] - ETA: 21:58 - loss: 0.0494 - accuracy: 0.9819
400/949 [===========>..................] - ETA: 21:57 - loss: 0.0493 - accuracy: 0.9819
401/949 [===========>..................] - ETA: 21:54 - loss: 0.0492 - accuracy: 0.9819
402/949 [===========>..................] - ETA: 21:52 - loss: 0.0491 - accuracy: 0.9820
403/949 [===========>..................] - ETA: 21:49 - loss: 0.0491 - accuracy: 0.9820
404/949 [===========>..................] - ETA: 21:47 - loss: 0.0490 - accuracy: 0.9820
405/949 [===========>..................] - ETA: 21:44 - loss: 0.0489 - accuracy: 0.9821
406/949 [===========>..................] - ETA: 21:42 - loss: 0.0489 - accuracy: 0.9821
407/949 [===========>..................] - ETA: 21:40 - loss: 0.0488 - accuracy: 0.9821
408/949 [===========>..................] - ETA: 21:37 - loss: 0.0488 - accuracy: 0.9821
409/949 [===========>..................] - ETA: 21:35 - loss: 0.0487 - accuracy: 0.9822
410/949 [===========>..................] - ETA: 21:32 - loss: 0.0486 - accuracy: 0.9822
411/949 [===========>..................] - ETA: 21:30 - loss: 0.0485 - accuracy: 0.9822
412/949 [============>.................] - ETA: 21:27 - loss: 0.0484 - accuracy: 0.9823
413/949 [============>.................] - ETA: 21:25 - loss: 0.0483 - accuracy: 0.9823
414/949 [============>.................] - ETA: 21:23 - loss: 0.0483 - accuracy: 0.9823
415/949 [============>.................] - ETA: 21:20 - loss: 0.0482 - accuracy: 0.9824
416/949 [============>.................] - ETA: 21:18 - loss: 0.0481 - accuracy: 0.9824
417/949 [============>.................] - ETA: 21:16 - loss: 0.0480 - accuracy: 0.9824
418/949 [============>.................] - ETA: 21:13 - loss: 0.0479 - accuracy: 0.9825
419/949 [============>.................] - ETA: 21:11 - loss: 0.0478 - accuracy: 0.9825
420/949 [============>.................] - ETA: 21:08 - loss: 0.0477 - accuracy: 0.9826
421/949 [============>.................] - ETA: 21:06 - loss: 0.0477 - accuracy: 0.9826
422/949 [============>.................] - ETA: 21:03 - loss: 0.0476 - accuracy: 0.9826
423/949 [============>.................] - ETA: 21:01 - loss: 0.0477 - accuracy: 0.9826
424/949 [============>.................] - ETA: 20:58 - loss: 0.0476 - accuracy: 0.9826
425/949 [============>.................] - ETA: 20:56 - loss: 0.0476 - accuracy: 0.9827
426/949 [============>.................] - ETA: 20:54 - loss: 0.0476 - accuracy: 0.9827
427/949 [============>.................] - ETA: 20:51 - loss: 0.0475 - accuracy: 0.9827
428/949 [============>.................] - ETA: 20:49 - loss: 0.0474 - accuracy: 0.9827
429/949 [============>.................] - ETA: 20:47 - loss: 0.0473 - accuracy: 0.9828
430/949 [============>.................] - ETA: 20:44 - loss: 0.0472 - accuracy: 0.9828
431/949 [============>.................] - ETA: 20:41 - loss: 0.0473 - accuracy: 0.9828
432/949 [============>.................] - ETA: 20:39 - loss: 0.0474 - accuracy: 0.9828
433/949 [============>.................] - ETA: 20:36 - loss: 0.0473 - accuracy: 0.9828
434/949 [============>.................] - ETA: 20:34 - loss: 0.0472 - accuracy: 0.9829
435/949 [============>.................] - ETA: 20:32 - loss: 0.0471 - accuracy: 0.9829
436/949 [============>.................] - ETA: 20:30 - loss: 0.0470 - accuracy: 0.9829
437/949 [============>.................] - ETA: 20:27 - loss: 0.0469 - accuracy: 0.9830
438/949 [============>.................] - ETA: 20:25 - loss: 0.0469 - accuracy: 0.9830
439/949 [============>.................] - ETA: 20:22 - loss: 0.0468 - accuracy: 0.9830
440/949 [============>.................] - ETA: 20:20 - loss: 0.0468 - accuracy: 0.9830
441/949 [============>.................] - ETA: 20:18 - loss: 0.0467 - accuracy: 0.9831
442/949 [============>.................] - ETA: 20:15 - loss: 0.0467 - accuracy: 0.9831
443/949 [=============>................] - ETA: 20:13 - loss: 0.0467 - accuracy: 0.9831
444/949 [=============>................] - ETA: 20:11 - loss: 0.0466 - accuracy: 0.9831
445/949 [=============>................] - ETA: 20:08 - loss: 0.0466 - accuracy: 0.9831
446/949 [=============>................] - ETA: 20:05 - loss: 0.0465 - accuracy: 0.9832
447/949 [=============>................] - ETA: 20:03 - loss: 0.0467 - accuracy: 0.9831
448/949 [=============>................] - ETA: 20:01 - loss: 0.0466 - accuracy: 0.9831
449/949 [=============>................] - ETA: 19:58 - loss: 0.0466 - accuracy: 0.9832
450/949 [=============>................] - ETA: 19:56 - loss: 0.0465 - accuracy: 0.9832
451/949 [=============>................] - ETA: 19:54 - loss: 0.0464 - accuracy: 0.9832
452/949 [=============>................] - ETA: 19:51 - loss: 0.0464 - accuracy: 0.9833
453/949 [=============>................] - ETA: 19:48 - loss: 0.0464 - accuracy: 0.9833
454/949 [=============>................] - ETA: 19:46 - loss: 0.0463 - accuracy: 0.9833
455/949 [=============>................] - ETA: 19:44 - loss: 0.0462 - accuracy: 0.9833
456/949 [=============>................] - ETA: 19:41 - loss: 0.0461 - accuracy: 0.9834
457/949 [=============>................] - ETA: 19:39 - loss: 0.0461 - accuracy: 0.9834
458/949 [=============>................] - ETA: 19:36 - loss: 0.0460 - accuracy: 0.9834
459/949 [=============>................] - ETA: 19:34 - loss: 0.0460 - accuracy: 0.9834
460/949 [=============>................] - ETA: 19:32 - loss: 0.0461 - accuracy: 0.9834
461/949 [=============>................] - ETA: 19:29 - loss: 0.0460 - accuracy: 0.9834
462/949 [=============>................] - ETA: 19:27 - loss: 0.0460 - accuracy: 0.9834
463/949 [=============>................] - ETA: 19:24 - loss: 0.0460 - accuracy: 0.9835
464/949 [=============>................] - ETA: 19:22 - loss: 0.0459 - accuracy: 0.9835
465/949 [=============>................] - ETA: 19:19 - loss: 0.0459 - accuracy: 0.9835
466/949 [=============>................] - ETA: 19:17 - loss: 0.0458 - accuracy: 0.9835
467/949 [=============>................] - ETA: 19:15 - loss: 0.0458 - accuracy: 0.9835
468/949 [=============>................] - ETA: 19:12 - loss: 0.0458 - accuracy: 0.9835
469/949 [=============>................] - ETA: 19:10 - loss: 0.0458 - accuracy: 0.9835
470/949 [=============>................] - ETA: 19:08 - loss: 0.0458 - accuracy: 0.9835
471/949 [=============>................] - ETA: 19:05 - loss: 0.0458 - accuracy: 0.9835
472/949 [=============>................] - ETA: 19:02 - loss: 0.0457 - accuracy: 0.9835
473/949 [=============>................] - ETA: 19:00 - loss: 0.0457 - accuracy: 0.9836
474/949 [=============>................] - ETA: 18:58 - loss: 0.0456 - accuracy: 0.9836
475/949 [==============>...............] - ETA: 18:56 - loss: 0.0455 - accuracy: 0.9836
476/949 [==============>...............] - ETA: 18:53 - loss: 0.0455 - accuracy: 0.9836
477/949 [==============>...............] - ETA: 18:50 - loss: 0.0454 - accuracy: 0.9837
478/949 [==============>...............] - ETA: 18:48 - loss: 0.0454 - accuracy: 0.9837
479/949 [==============>...............] - ETA: 18:46 - loss: 0.0454 - accuracy: 0.9837
480/949 [==============>...............] - ETA: 18:43 - loss: 0.0454 - accuracy: 0.9837
481/949 [==============>...............] - ETA: 18:41 - loss: 0.0454 - accuracy: 0.9837
482/949 [==============>...............] - ETA: 18:39 - loss: 0.0454 - accuracy: 0.9837
483/949 [==============>...............] - ETA: 18:36 - loss: 0.0454 - accuracy: 0.9837
484/949 [==============>...............] - ETA: 18:34 - loss: 0.0453 - accuracy: 0.9838
485/949 [==============>...............] - ETA: 18:31 - loss: 0.0452 - accuracy: 0.9838
486/949 [==============>...............] - ETA: 18:29 - loss: 0.0453 - accuracy: 0.9838
487/949 [==============>...............] - ETA: 18:27 - loss: 0.0452 - accuracy: 0.9838
488/949 [==============>...............] - ETA: 18:24 - loss: 0.0452 - accuracy: 0.9838
489/949 [==============>...............] - ETA: 18:22 - loss: 0.0452 - accuracy: 0.9838
490/949 [==============>...............] - ETA: 18:19 - loss: 0.0451 - accuracy: 0.9838
491/949 [==============>...............] - ETA: 18:17 - loss: 0.0451 - accuracy: 0.9838
492/949 [==============>...............] - ETA: 18:14 - loss: 0.0450 - accuracy: 0.9839
493/949 [==============>...............] - ETA: 18:12 - loss: 0.0450 - accuracy: 0.9839
494/949 [==============>...............] - ETA: 18:09 - loss: 0.0450 - accuracy: 0.9839
495/949 [==============>...............] - ETA: 18:07 - loss: 0.0450 - accuracy: 0.9839
496/949 [==============>...............] - ETA: 18:05 - loss: 0.0450 - accuracy: 0.9839
497/949 [==============>...............] - ETA: 18:02 - loss: 0.0449 - accuracy: 0.9840
498/949 [==============>...............] - ETA: 18:00 - loss: 0.0449 - accuracy: 0.9840
499/949 [==============>...............] - ETA: 17:57 - loss: 0.0449 - accuracy: 0.9840
500/949 [==============>...............] - ETA: 17:55 - loss: 0.0448 - accuracy: 0.9840
501/949 [==============>...............] - ETA: 17:53 - loss: 0.0447 - accuracy: 0.9840
502/949 [==============>...............] - ETA: 17:50 - loss: 0.0447 - accuracy: 0.9841
503/949 [==============>...............] - ETA: 17:48 - loss: 0.0446 - accuracy: 0.9841
504/949 [==============>...............] - ETA: 17:45 - loss: 0.0446 - accuracy: 0.9841
505/949 [==============>...............] - ETA: 17:43 - loss: 0.0446 - accuracy: 0.9841
506/949 [==============>...............] - ETA: 17:41 - loss: 0.0446 - accuracy: 0.9841
507/949 [===============>..............] - ETA: 17:38 - loss: 0.0446 - accuracy: 0.9841
508/949 [===============>..............] - ETA: 17:36 - loss: 0.0445 - accuracy: 0.9842
509/949 [===============>..............] - ETA: 17:33 - loss: 0.0445 - accuracy: 0.9842
510/949 [===============>..............] - ETA: 17:31 - loss: 0.0444 - accuracy: 0.9842
511/949 [===============>..............] - ETA: 17:29 - loss: 0.0445 - accuracy: 0.9842
512/949 [===============>..............] - ETA: 17:26 - loss: 0.0445 - accuracy: 0.9842
513/949 [===============>..............] - ETA: 17:24 - loss: 0.0446 - accuracy: 0.9842
514/949 [===============>..............] - ETA: 17:21 - loss: 0.0445 - accuracy: 0.9842
515/949 [===============>..............] - ETA: 17:19 - loss: 0.0444 - accuracy: 0.9843
516/949 [===============>..............] - ETA: 17:16 - loss: 0.0444 - accuracy: 0.9843
517/949 [===============>..............] - ETA: 17:14 - loss: 0.0444 - accuracy: 0.9843
518/949 [===============>..............] - ETA: 17:12 - loss: 0.0444 - accuracy: 0.9843
519/949 [===============>..............] - ETA: 17:09 - loss: 0.0444 - accuracy: 0.9843
520/949 [===============>..............] - ETA: 17:07 - loss: 0.0443 - accuracy: 0.9843
521/949 [===============>..............] - ETA: 17:04 - loss: 0.0442 - accuracy: 0.9844
522/949 [===============>..............] - ETA: 17:02 - loss: 0.0442 - accuracy: 0.9844
523/949 [===============>..............] - ETA: 17:00 - loss: 0.0442 - accuracy: 0.9844
524/949 [===============>..............] - ETA: 16:57 - loss: 0.0441 - accuracy: 0.9844
525/949 [===============>..............] - ETA: 16:55 - loss: 0.0441 - accuracy: 0.9844
526/949 [===============>..............] - ETA: 16:52 - loss: 0.0441 - accuracy: 0.9844
527/949 [===============>..............] - ETA: 16:50 - loss: 0.0440 - accuracy: 0.9845
528/949 [===============>..............] - ETA: 16:48 - loss: 0.0439 - accuracy: 0.9845
529/949 [===============>..............] - ETA: 16:45 - loss: 0.0440 - accuracy: 0.9845
530/949 [===============>..............] - ETA: 16:43 - loss: 0.0440 - accuracy: 0.9845
531/949 [===============>..............] - ETA: 16:40 - loss: 0.0440 - accuracy: 0.9845
532/949 [===============>..............] - ETA: 16:38 - loss: 0.0440 - accuracy: 0.9845
533/949 [===============>..............] - ETA: 16:36 - loss: 0.0439 - accuracy: 0.9845
534/949 [===============>..............] - ETA: 16:33 - loss: 0.0439 - accuracy: 0.9845
535/949 [===============>..............] - ETA: 16:31 - loss: 0.0439 - accuracy: 0.9845
536/949 [===============>..............] - ETA: 16:28 - loss: 0.0439 - accuracy: 0.9846
537/949 [===============>..............] - ETA: 16:26 - loss: 0.0438 - accuracy: 0.9846
538/949 [================>.............] - ETA: 16:24 - loss: 0.0439 - accuracy: 0.9846
539/949 [================>.............] - ETA: 16:21 - loss: 0.0440 - accuracy: 0.9846
540/949 [================>.............] - ETA: 16:19 - loss: 0.0440 - accuracy: 0.9846
541/949 [================>.............] - ETA: 16:17 - loss: 0.0439 - accuracy: 0.9846
542/949 [================>.............] - ETA: 16:14 - loss: 0.0438 - accuracy: 0.9847
543/949 [================>.............] - ETA: 16:11 - loss: 0.0438 - accuracy: 0.9847
544/949 [================>.............] - ETA: 16:09 - loss: 0.0438 - accuracy: 0.9847
545/949 [================>.............] - ETA: 16:07 - loss: 0.0437 - accuracy: 0.9847
546/949 [================>.............] - ETA: 16:04 - loss: 0.0436 - accuracy: 0.9848
547/949 [================>.............] - ETA: 16:02 - loss: 0.0436 - accuracy: 0.9848
548/949 [================>.............] - ETA: 15:59 - loss: 0.0435 - accuracy: 0.9848
549/949 [================>.............] - ETA: 15:57 - loss: 0.0434 - accuracy: 0.9848
550/949 [================>.............] - ETA: 15:55 - loss: 0.0434 - accuracy: 0.9849
551/949 [================>.............] - ETA: 15:52 - loss: 0.0433 - accuracy: 0.9849
552/949 [================>.............] - ETA: 15:50 - loss: 0.0432 - accuracy: 0.9849
553/949 [================>.............] - ETA: 15:48 - loss: 0.0432 - accuracy: 0.9849
554/949 [================>.............] - ETA: 15:45 - loss: 0.0432 - accuracy: 0.9849
555/949 [================>.............] - ETA: 15:43 - loss: 0.0431 - accuracy: 0.9850
556/949 [================>.............] - ETA: 15:40 - loss: 0.0431 - accuracy: 0.9850
557/949 [================>.............] - ETA: 15:38 - loss: 0.0430 - accuracy: 0.9850
558/949 [================>.............] - ETA: 15:35 - loss: 0.0430 - accuracy: 0.9850
559/949 [================>.............] - ETA: 15:33 - loss: 0.0429 - accuracy: 0.9850
560/949 [================>.............] - ETA: 15:31 - loss: 0.0428 - accuracy: 0.9851
561/949 [================>.............] - ETA: 15:28 - loss: 0.0428 - accuracy: 0.9851
562/949 [================>.............] - ETA: 15:26 - loss: 0.0427 - accuracy: 0.9851
563/949 [================>.............] - ETA: 15:23 - loss: 0.0427 - accuracy: 0.9851
564/949 [================>.............] - ETA: 15:21 - loss: 0.0427 - accuracy: 0.9851
565/949 [================>.............] - ETA: 15:19 - loss: 0.0427 - accuracy: 0.9851
566/949 [================>.............] - ETA: 15:16 - loss: 0.0426 - accuracy: 0.9851
567/949 [================>.............] - ETA: 15:14 - loss: 0.0427 - accuracy: 0.9851
568/949 [================>.............] - ETA: 15:12 - loss: 0.0426 - accuracy: 0.9852
569/949 [================>.............] - ETA: 15:09 - loss: 0.0425 - accuracy: 0.9852
570/949 [=================>............] - ETA: 15:07 - loss: 0.0425 - accuracy: 0.9852
571/949 [=================>............] - ETA: 15:04 - loss: 0.0424 - accuracy: 0.9852
572/949 [=================>............] - ETA: 15:02 - loss: 0.0424 - accuracy: 0.9852
573/949 [=================>............] - ETA: 15:00 - loss: 0.0423 - accuracy: 0.9853
574/949 [=================>............] - ETA: 14:57 - loss: 0.0422 - accuracy: 0.9853
575/949 [=================>............] - ETA: 14:55 - loss: 0.0422 - accuracy: 0.9853
576/949 [=================>............] - ETA: 14:52 - loss: 0.0422 - accuracy: 0.9853
577/949 [=================>............] - ETA: 14:50 - loss: 0.0422 - accuracy: 0.9853
578/949 [=================>............] - ETA: 14:47 - loss: 0.0421 - accuracy: 0.9853
579/949 [=================>............] - ETA: 14:45 - loss: 0.0421 - accuracy: 0.9853
580/949 [=================>............] - ETA: 14:43 - loss: 0.0420 - accuracy: 0.9854
581/949 [=================>............] - ETA: 14:40 - loss: 0.0421 - accuracy: 0.9854
582/949 [=================>............] - ETA: 14:38 - loss: 0.0420 - accuracy: 0.9854
583/949 [=================>............] - ETA: 14:35 - loss: 0.0419 - accuracy: 0.9854
584/949 [=================>............] - ETA: 14:33 - loss: 0.0420 - accuracy: 0.9854
585/949 [=================>............] - ETA: 14:30 - loss: 0.0419 - accuracy: 0.9854
586/949 [=================>............] - ETA: 14:28 - loss: 0.0419 - accuracy: 0.9854
587/949 [=================>............] - ETA: 14:26 - loss: 0.0419 - accuracy: 0.9854
588/949 [=================>............] - ETA: 14:23 - loss: 0.0418 - accuracy: 0.9854
589/949 [=================>............] - ETA: 14:21 - loss: 0.0418 - accuracy: 0.9855
590/949 [=================>............] - ETA: 14:19 - loss: 0.0417 - accuracy: 0.9855
591/949 [=================>............] - ETA: 14:16 - loss: 0.0417 - accuracy: 0.9855
592/949 [=================>............] - ETA: 14:14 - loss: 0.0416 - accuracy: 0.9855
593/949 [=================>............] - ETA: 14:11 - loss: 0.0415 - accuracy: 0.9856
594/949 [=================>............] - ETA: 14:09 - loss: 0.0415 - accuracy: 0.9856
595/949 [=================>............] - ETA: 14:07 - loss: 0.0415 - accuracy: 0.9856
596/949 [=================>............] - ETA: 14:04 - loss: 0.0414 - accuracy: 0.9856
597/949 [=================>............] - ETA: 14:02 - loss: 0.0414 - accuracy: 0.9856
598/949 [=================>............] - ETA: 13:59 - loss: 0.0414 - accuracy: 0.9856
599/949 [=================>............] - ETA: 13:57 - loss: 0.0413 - accuracy: 0.9857
600/949 [=================>............] - ETA: 13:55 - loss: 0.0413 - accuracy: 0.9857
601/949 [=================>............] - ETA: 13:52 - loss: 0.0412 - accuracy: 0.9857
602/949 [==================>...........] - ETA: 13:50 - loss: 0.0412 - accuracy: 0.9857
603/949 [==================>...........] - ETA: 13:47 - loss: 0.0413 - accuracy: 0.9857
604/949 [==================>...........] - ETA: 13:45 - loss: 0.0413 - accuracy: 0.9857
605/949 [==================>...........] - ETA: 13:43 - loss: 0.0413 - accuracy: 0.9857
606/949 [==================>...........] - ETA: 13:40 - loss: 0.0413 - accuracy: 0.9857
607/949 [==================>...........] - ETA: 13:38 - loss: 0.0412 - accuracy: 0.9857
608/949 [==================>...........] - ETA: 13:36 - loss: 0.0412 - accuracy: 0.9857
609/949 [==================>...........] - ETA: 13:33 - loss: 0.0411 - accuracy: 0.9858
610/949 [==================>...........] - ETA: 13:31 - loss: 0.0411 - accuracy: 0.9858
611/949 [==================>...........] - ETA: 13:28 - loss: 0.0411 - accuracy: 0.9858
612/949 [==================>...........] - ETA: 13:26 - loss: 0.0410 - accuracy: 0.9858
613/949 [==================>...........] - ETA: 13:23 - loss: 0.0410 - accuracy: 0.9858
614/949 [==================>...........] - ETA: 13:21 - loss: 0.0409 - accuracy: 0.9859
615/949 [==================>...........] - ETA: 13:19 - loss: 0.0410 - accuracy: 0.9859
616/949 [==================>...........] - ETA: 13:16 - loss: 0.0409 - accuracy: 0.9859
617/949 [==================>...........] - ETA: 13:14 - loss: 0.0409 - accuracy: 0.9859
618/949 [==================>...........] - ETA: 13:12 - loss: 0.0409 - accuracy: 0.9859
619/949 [==================>...........] - ETA: 13:09 - loss: 0.0408 - accuracy: 0.9859
620/949 [==================>...........] - ETA: 13:07 - loss: 0.0408 - accuracy: 0.9859
621/949 [==================>...........] - ETA: 13:04 - loss: 0.0407 - accuracy: 0.9860
622/949 [==================>...........] - ETA: 13:02 - loss: 0.0407 - accuracy: 0.9860
623/949 [==================>...........] - ETA: 12:59 - loss: 0.0406 - accuracy: 0.9860
624/949 [==================>...........] - ETA: 12:57 - loss: 0.0407 - accuracy: 0.9860
625/949 [==================>...........] - ETA: 12:55 - loss: 0.0406 - accuracy: 0.9860
626/949 [==================>...........] - ETA: 12:52 - loss: 0.0406 - accuracy: 0.9860
627/949 [==================>...........] - ETA: 12:50 - loss: 0.0406 - accuracy: 0.9860
628/949 [==================>...........] - ETA: 12:48 - loss: 0.0406 - accuracy: 0.9861
629/949 [==================>...........] - ETA: 12:45 - loss: 0.0405 - accuracy: 0.9861
630/949 [==================>...........] - ETA: 12:43 - loss: 0.0405 - accuracy: 0.9861
631/949 [==================>...........] - ETA: 12:40 - loss: 0.0405 - accuracy: 0.9861
632/949 [==================>...........] - ETA: 12:38 - loss: 0.0406 - accuracy: 0.9861
633/949 [===================>..........] - ETA: 12:35 - loss: 0.0405 - accuracy: 0.9861
634/949 [===================>..........] - ETA: 12:33 - loss: 0.0406 - accuracy: 0.9861
635/949 [===================>..........] - ETA: 12:31 - loss: 0.0406 - accuracy: 0.9861
636/949 [===================>..........] - ETA: 12:28 - loss: 0.0406 - accuracy: 0.9861
637/949 [===================>..........] - ETA: 12:26 - loss: 0.0405 - accuracy: 0.9861
638/949 [===================>..........] - ETA: 12:24 - loss: 0.0405 - accuracy: 0.9861
639/949 [===================>..........] - ETA: 12:21 - loss: 0.0404 - accuracy: 0.9862
640/949 [===================>..........] - ETA: 12:19 - loss: 0.0403 - accuracy: 0.9862
641/949 [===================>..........] - ETA: 12:16 - loss: 0.0403 - accuracy: 0.9862
642/949 [===================>..........] - ETA: 12:14 - loss: 0.0403 - accuracy: 0.9862
643/949 [===================>..........] - ETA: 12:12 - loss: 0.0402 - accuracy: 0.9862
644/949 [===================>..........] - ETA: 12:09 - loss: 0.0401 - accuracy: 0.9863
645/949 [===================>..........] - ETA: 12:07 - loss: 0.0401 - accuracy: 0.9863
646/949 [===================>..........] - ETA: 12:04 - loss: 0.0401 - accuracy: 0.9863
647/949 [===================>..........] - ETA: 12:02 - loss: 0.0402 - accuracy: 0.9863
648/949 [===================>..........] - ETA: 12:00 - loss: 0.0402 - accuracy: 0.9863
649/949 [===================>..........] - ETA: 11:57 - loss: 0.0402 - accuracy: 0.9863
650/949 [===================>..........] - ETA: 11:55 - loss: 0.0402 - accuracy: 0.9863
651/949 [===================>..........] - ETA: 11:52 - loss: 0.0402 - accuracy: 0.9863
652/949 [===================>..........] - ETA: 11:50 - loss: 0.0402 - accuracy: 0.9863
653/949 [===================>..........] - ETA: 11:48 - loss: 0.0402 - accuracy: 0.9863
654/949 [===================>..........] - ETA: 11:45 - loss: 0.0402 - accuracy: 0.9863
655/949 [===================>..........] - ETA: 11:43 - loss: 0.0402 - accuracy: 0.9863
656/949 [===================>..........] - ETA: 11:40 - loss: 0.0402 - accuracy: 0.9863
657/949 [===================>..........] - ETA: 11:38 - loss: 0.0401 - accuracy: 0.9863
658/949 [===================>..........] - ETA: 11:36 - loss: 0.0401 - accuracy: 0.9863
659/949 [===================>..........] - ETA: 11:33 - loss: 0.0400 - accuracy: 0.9864
660/949 [===================>..........] - ETA: 11:31 - loss: 0.0400 - accuracy: 0.9864
661/949 [===================>..........] - ETA: 11:28 - loss: 0.0400 - accuracy: 0.9864
662/949 [===================>..........] - ETA: 11:26 - loss: 0.0400 - accuracy: 0.9864
663/949 [===================>..........] - ETA: 11:24 - loss: 0.0400 - accuracy: 0.9864
664/949 [===================>..........] - ETA: 11:21 - loss: 0.0400 - accuracy: 0.9864
665/949 [====================>.........] - ETA: 11:19 - loss: 0.0400 - accuracy: 0.9864
666/949 [====================>.........] - ETA: 11:17 - loss: 0.0400 - accuracy: 0.9864
667/949 [====================>.........] - ETA: 11:14 - loss: 0.0399 - accuracy: 0.9864
668/949 [====================>.........] - ETA: 11:12 - loss: 0.0399 - accuracy: 0.9864
669/949 [====================>.........] - ETA: 11:09 - loss: 0.0399 - accuracy: 0.9864
670/949 [====================>.........] - ETA: 11:07 - loss: 0.0398 - accuracy: 0.9864
671/949 [====================>.........] - ETA: 11:04 - loss: 0.0398 - accuracy: 0.9865
672/949 [====================>.........] - ETA: 11:02 - loss: 0.0397 - accuracy: 0.9865
673/949 [====================>.........] - ETA: 11:00 - loss: 0.0397 - accuracy: 0.9865
674/949 [====================>.........] - ETA: 10:57 - loss: 0.0397 - accuracy: 0.9865
675/949 [====================>.........] - ETA: 10:55 - loss: 0.0396 - accuracy: 0.9865
676/949 [====================>.........] - ETA: 10:52 - loss: 0.0396 - accuracy: 0.9865
677/949 [====================>.........] - ETA: 10:50 - loss: 0.0395 - accuracy: 0.9865
678/949 [====================>.........] - ETA: 10:48 - loss: 0.0395 - accuracy: 0.9866
679/949 [====================>.........] - ETA: 10:45 - loss: 0.0394 - accuracy: 0.9866
680/949 [====================>.........] - ETA: 10:43 - loss: 0.0395 - accuracy: 0.9866
681/949 [====================>.........] - ETA: 10:40 - loss: 0.0394 - accuracy: 0.9866
682/949 [====================>.........] - ETA: 10:38 - loss: 0.0395 - accuracy: 0.9866
683/949 [====================>.........] - ETA: 10:36 - loss: 0.0395 - accuracy: 0.9866
684/949 [====================>.........] - ETA: 10:33 - loss: 0.0395 - accuracy: 0.9866
685/949 [====================>.........] - ETA: 10:31 - loss: 0.0395 - accuracy: 0.9866
686/949 [====================>.........] - ETA: 10:28 - loss: 0.0394 - accuracy: 0.9866
687/949 [====================>.........] - ETA: 10:26 - loss: 0.0395 - accuracy: 0.9866
688/949 [====================>.........] - ETA: 10:23 - loss: 0.0395 - accuracy: 0.9866
689/949 [====================>.........] - ETA: 10:21 - loss: 0.0395 - accuracy: 0.9866
690/949 [====================>.........] - ETA: 10:19 - loss: 0.0394 - accuracy: 0.9866
691/949 [====================>.........] - ETA: 10:16 - loss: 0.0394 - accuracy: 0.9866
692/949 [====================>.........] - ETA: 10:14 - loss: 0.0393 - accuracy: 0.9866
693/949 [====================>.........] - ETA: 10:12 - loss: 0.0393 - accuracy: 0.9866
694/949 [====================>.........] - ETA: 10:09 - loss: 0.0393 - accuracy: 0.9867
695/949 [====================>.........] - ETA: 10:07 - loss: 0.0392 - accuracy: 0.9867
696/949 [=====================>........] - ETA: 10:04 - loss: 0.0392 - accuracy: 0.9867
697/949 [=====================>........] - ETA: 10:02 - loss: 0.0392 - accuracy: 0.9867
698/949 [=====================>........] - ETA: 10:00 - loss: 0.0392 - accuracy: 0.9867
699/949 [=====================>........] - ETA: 9:57 - loss: 0.0391 - accuracy: 0.9867 
700/949 [=====================>........] - ETA: 9:55 - loss: 0.0391 - accuracy: 0.9868
701/949 [=====================>........] - ETA: 9:52 - loss: 0.0391 - accuracy: 0.9868
702/949 [=====================>........] - ETA: 9:50 - loss: 0.0391 - accuracy: 0.9868
703/949 [=====================>........] - ETA: 9:47 - loss: 0.0390 - accuracy: 0.9868
704/949 [=====================>........] - ETA: 9:45 - loss: 0.0391 - accuracy: 0.9868
705/949 [=====================>........] - ETA: 9:43 - loss: 0.0390 - accuracy: 0.9868
706/949 [=====================>........] - ETA: 9:40 - loss: 0.0390 - accuracy: 0.9868
707/949 [=====================>........] - ETA: 9:38 - loss: 0.0390 - accuracy: 0.9868
708/949 [=====================>........] - ETA: 9:36 - loss: 0.0390 - accuracy: 0.9868
709/949 [=====================>........] - ETA: 9:33 - loss: 0.0390 - accuracy: 0.9868
710/949 [=====================>........] - ETA: 9:31 - loss: 0.0390 - accuracy: 0.9868
711/949 [=====================>........] - ETA: 9:28 - loss: 0.0390 - accuracy: 0.9868
712/949 [=====================>........] - ETA: 9:26 - loss: 0.0389 - accuracy: 0.9868
713/949 [=====================>........] - ETA: 9:24 - loss: 0.0389 - accuracy: 0.9868
714/949 [=====================>........] - ETA: 9:21 - loss: 0.0389 - accuracy: 0.9869
715/949 [=====================>........] - ETA: 9:19 - loss: 0.0388 - accuracy: 0.9869
716/949 [=====================>........] - ETA: 9:16 - loss: 0.0388 - accuracy: 0.9869
717/949 [=====================>........] - ETA: 9:14 - loss: 0.0388 - accuracy: 0.9869
718/949 [=====================>........] - ETA: 9:12 - loss: 0.0387 - accuracy: 0.9869
719/949 [=====================>........] - ETA: 9:09 - loss: 0.0387 - accuracy: 0.9869
720/949 [=====================>........] - ETA: 9:07 - loss: 0.0386 - accuracy: 0.9869
721/949 [=====================>........] - ETA: 9:04 - loss: 0.0386 - accuracy: 0.9870
722/949 [=====================>........] - ETA: 9:02 - loss: 0.0386 - accuracy: 0.9870
723/949 [=====================>........] - ETA: 8:59 - loss: 0.0385 - accuracy: 0.9870
724/949 [=====================>........] - ETA: 8:57 - loss: 0.0385 - accuracy: 0.9870
725/949 [=====================>........] - ETA: 8:55 - loss: 0.0384 - accuracy: 0.9870
726/949 [=====================>........] - ETA: 8:52 - loss: 0.0384 - accuracy: 0.9870
727/949 [=====================>........] - ETA: 8:50 - loss: 0.0384 - accuracy: 0.9870
728/949 [======================>.......] - ETA: 8:48 - loss: 0.0384 - accuracy: 0.9870
729/949 [======================>.......] - ETA: 8:45 - loss: 0.0383 - accuracy: 0.9871
730/949 [======================>.......] - ETA: 8:43 - loss: 0.0383 - accuracy: 0.9871
731/949 [======================>.......] - ETA: 8:40 - loss: 0.0384 - accuracy: 0.9870
732/949 [======================>.......] - ETA: 8:38 - loss: 0.0383 - accuracy: 0.9870
733/949 [======================>.......] - ETA: 8:36 - loss: 0.0383 - accuracy: 0.9871
734/949 [======================>.......] - ETA: 8:33 - loss: 0.0383 - accuracy: 0.9871
735/949 [======================>.......] - ETA: 8:31 - loss: 0.0382 - accuracy: 0.9871
736/949 [======================>.......] - ETA: 8:28 - loss: 0.0382 - accuracy: 0.9871
737/949 [======================>.......] - ETA: 8:26 - loss: 0.0382 - accuracy: 0.9871
738/949 [======================>.......] - ETA: 8:24 - loss: 0.0381 - accuracy: 0.9871
739/949 [======================>.......] - ETA: 8:21 - loss: 0.0381 - accuracy: 0.9872
740/949 [======================>.......] - ETA: 8:19 - loss: 0.0380 - accuracy: 0.9872
741/949 [======================>.......] - ETA: 8:16 - loss: 0.0380 - accuracy: 0.9872
742/949 [======================>.......] - ETA: 8:14 - loss: 0.0380 - accuracy: 0.9872
743/949 [======================>.......] - ETA: 8:12 - loss: 0.0379 - accuracy: 0.9872
744/949 [======================>.......] - ETA: 8:09 - loss: 0.0379 - accuracy: 0.9872
745/949 [======================>.......] - ETA: 8:07 - loss: 0.0379 - accuracy: 0.9872
746/949 [======================>.......] - ETA: 8:04 - loss: 0.0379 - accuracy: 0.9872
747/949 [======================>.......] - ETA: 8:02 - loss: 0.0379 - accuracy: 0.9872
748/949 [======================>.......] - ETA: 8:00 - loss: 0.0378 - accuracy: 0.9872
749/949 [======================>.......] - ETA: 7:57 - loss: 0.0378 - accuracy: 0.9873
750/949 [======================>.......] - ETA: 7:55 - loss: 0.0379 - accuracy: 0.9873
751/949 [======================>.......] - ETA: 7:52 - loss: 0.0378 - accuracy: 0.9873
752/949 [======================>.......] - ETA: 7:50 - loss: 0.0378 - accuracy: 0.9873
753/949 [======================>.......] - ETA: 7:48 - loss: 0.0378 - accuracy: 0.9873
754/949 [======================>.......] - ETA: 7:45 - loss: 0.0378 - accuracy: 0.9873
755/949 [======================>.......] - ETA: 7:43 - loss: 0.0378 - accuracy: 0.9873
756/949 [======================>.......] - ETA: 7:41 - loss: 0.0378 - accuracy: 0.9873
757/949 [======================>.......] - ETA: 7:38 - loss: 0.0377 - accuracy: 0.9873
758/949 [======================>.......] - ETA: 7:36 - loss: 0.0377 - accuracy: 0.9873
759/949 [======================>.......] - ETA: 7:33 - loss: 0.0377 - accuracy: 0.9873
760/949 [=======================>......] - ETA: 7:31 - loss: 0.0376 - accuracy: 0.9873
761/949 [=======================>......] - ETA: 7:29 - loss: 0.0376 - accuracy: 0.9873
762/949 [=======================>......] - ETA: 7:26 - loss: 0.0376 - accuracy: 0.9874
763/949 [=======================>......] - ETA: 7:24 - loss: 0.0375 - accuracy: 0.9874
764/949 [=======================>......] - ETA: 7:21 - loss: 0.0376 - accuracy: 0.9874
765/949 [=======================>......] - ETA: 7:19 - loss: 0.0376 - accuracy: 0.9874
766/949 [=======================>......] - ETA: 7:17 - loss: 0.0376 - accuracy: 0.9874
767/949 [=======================>......] - ETA: 7:14 - loss: 0.0376 - accuracy: 0.9874
768/949 [=======================>......] - ETA: 7:12 - loss: 0.0376 - accuracy: 0.9874
769/949 [=======================>......] - ETA: 7:09 - loss: 0.0376 - accuracy: 0.9874
770/949 [=======================>......] - ETA: 7:07 - loss: 0.0376 - accuracy: 0.9874
771/949 [=======================>......] - ETA: 7:05 - loss: 0.0376 - accuracy: 0.9874
772/949 [=======================>......] - ETA: 7:02 - loss: 0.0375 - accuracy: 0.9874
773/949 [=======================>......] - ETA: 7:00 - loss: 0.0376 - accuracy: 0.9874
774/949 [=======================>......] - ETA: 6:57 - loss: 0.0376 - accuracy: 0.9874
775/949 [=======================>......] - ETA: 6:55 - loss: 0.0376 - accuracy: 0.9874
776/949 [=======================>......] - ETA: 6:53 - loss: 0.0376 - accuracy: 0.9874
777/949 [=======================>......] - ETA: 6:50 - loss: 0.0376 - accuracy: 0.9874
778/949 [=======================>......] - ETA: 6:48 - loss: 0.0375 - accuracy: 0.9874
779/949 [=======================>......] - ETA: 6:46 - loss: 0.0375 - accuracy: 0.9875
780/949 [=======================>......] - ETA: 6:43 - loss: 0.0375 - accuracy: 0.9875
781/949 [=======================>......] - ETA: 6:41 - loss: 0.0375 - accuracy: 0.9875
782/949 [=======================>......] - ETA: 6:38 - loss: 0.0375 - accuracy: 0.9875
783/949 [=======================>......] - ETA: 6:36 - loss: 0.0374 - accuracy: 0.9875
784/949 [=======================>......] - ETA: 6:34 - loss: 0.0374 - accuracy: 0.9875
785/949 [=======================>......] - ETA: 6:31 - loss: 0.0374 - accuracy: 0.9875
786/949 [=======================>......] - ETA: 6:29 - loss: 0.0374 - accuracy: 0.9875
787/949 [=======================>......] - ETA: 6:26 - loss: 0.0373 - accuracy: 0.9875
788/949 [=======================>......] - ETA: 6:24 - loss: 0.0373 - accuracy: 0.9875
789/949 [=======================>......] - ETA: 6:22 - loss: 0.0373 - accuracy: 0.9875
790/949 [=======================>......] - ETA: 6:19 - loss: 0.0373 - accuracy: 0.9876
791/949 [========================>.....] - ETA: 6:17 - loss: 0.0373 - accuracy: 0.9876
792/949 [========================>.....] - ETA: 6:14 - loss: 0.0372 - accuracy: 0.9876
793/949 [========================>.....] - ETA: 6:12 - loss: 0.0372 - accuracy: 0.9876
794/949 [========================>.....] - ETA: 6:10 - loss: 0.0372 - accuracy: 0.9876
795/949 [========================>.....] - ETA: 6:07 - loss: 0.0372 - accuracy: 0.9876
796/949 [========================>.....] - ETA: 6:05 - loss: 0.0371 - accuracy: 0.9876
797/949 [========================>.....] - ETA: 6:02 - loss: 0.0372 - accuracy: 0.9876
798/949 [========================>.....] - ETA: 6:00 - loss: 0.0371 - accuracy: 0.9876
799/949 [========================>.....] - ETA: 5:58 - loss: 0.0371 - accuracy: 0.9876
800/949 [========================>.....] - ETA: 5:55 - loss: 0.0371 - accuracy: 0.9876
801/949 [========================>.....] - ETA: 5:53 - loss: 0.0370 - accuracy: 0.9877
802/949 [========================>.....] - ETA: 5:51 - loss: 0.0370 - accuracy: 0.9877
803/949 [========================>.....] - ETA: 5:48 - loss: 0.0370 - accuracy: 0.9877
804/949 [========================>.....] - ETA: 5:46 - loss: 0.0370 - accuracy: 0.9877
805/949 [========================>.....] - ETA: 5:43 - loss: 0.0369 - accuracy: 0.9877
806/949 [========================>.....] - ETA: 5:41 - loss: 0.0369 - accuracy: 0.9877
807/949 [========================>.....] - ETA: 5:39 - loss: 0.0369 - accuracy: 0.9877
808/949 [========================>.....] - ETA: 5:36 - loss: 0.0369 - accuracy: 0.9877
809/949 [========================>.....] - ETA: 5:34 - loss: 0.0369 - accuracy: 0.9877
810/949 [========================>.....] - ETA: 5:31 - loss: 0.0369 - accuracy: 0.9877
811/949 [========================>.....] - ETA: 5:29 - loss: 0.0368 - accuracy: 0.9877
812/949 [========================>.....] - ETA: 5:27 - loss: 0.0368 - accuracy: 0.9877
813/949 [========================>.....] - ETA: 5:24 - loss: 0.0368 - accuracy: 0.9877
814/949 [========================>.....] - ETA: 5:22 - loss: 0.0368 - accuracy: 0.9878
815/949 [========================>.....] - ETA: 5:19 - loss: 0.0367 - accuracy: 0.9878
816/949 [========================>.....] - ETA: 5:17 - loss: 0.0367 - accuracy: 0.9878
817/949 [========================>.....] - ETA: 5:15 - loss: 0.0366 - accuracy: 0.9878
818/949 [========================>.....] - ETA: 5:12 - loss: 0.0366 - accuracy: 0.9878
819/949 [========================>.....] - ETA: 5:10 - loss: 0.0366 - accuracy: 0.9878
820/949 [========================>.....] - ETA: 5:07 - loss: 0.0365 - accuracy: 0.9878
821/949 [========================>.....] - ETA: 5:05 - loss: 0.0365 - accuracy: 0.9878
822/949 [========================>.....] - ETA: 5:03 - loss: 0.0365 - accuracy: 0.9878
823/949 [=========================>....] - ETA: 5:00 - loss: 0.0364 - accuracy: 0.9879
824/949 [=========================>....] - ETA: 4:58 - loss: 0.0364 - accuracy: 0.9879
825/949 [=========================>....] - ETA: 4:56 - loss: 0.0365 - accuracy: 0.9879
826/949 [=========================>....] - ETA: 4:53 - loss: 0.0366 - accuracy: 0.9878
827/949 [=========================>....] - ETA: 4:51 - loss: 0.0365 - accuracy: 0.9879
828/949 [=========================>....] - ETA: 4:48 - loss: 0.0365 - accuracy: 0.9879
829/949 [=========================>....] - ETA: 4:46 - loss: 0.0364 - accuracy: 0.9879
830/949 [=========================>....] - ETA: 4:44 - loss: 0.0364 - accuracy: 0.9879
831/949 [=========================>....] - ETA: 4:41 - loss: 0.0364 - accuracy: 0.9879
832/949 [=========================>....] - ETA: 4:39 - loss: 0.0364 - accuracy: 0.9879
833/949 [=========================>....] - ETA: 4:36 - loss: 0.0364 - accuracy: 0.9879
834/949 [=========================>....] - ETA: 4:34 - loss: 0.0364 - accuracy: 0.9879
835/949 [=========================>....] - ETA: 4:32 - loss: 0.0363 - accuracy: 0.9879
836/949 [=========================>....] - ETA: 4:29 - loss: 0.0363 - accuracy: 0.9879
837/949 [=========================>....] - ETA: 4:27 - loss: 0.0363 - accuracy: 0.9879
838/949 [=========================>....] - ETA: 4:25 - loss: 0.0363 - accuracy: 0.9879
839/949 [=========================>....] - ETA: 4:22 - loss: 0.0363 - accuracy: 0.9879
840/949 [=========================>....] - ETA: 4:20 - loss: 0.0363 - accuracy: 0.9880
841/949 [=========================>....] - ETA: 4:17 - loss: 0.0363 - accuracy: 0.9880
842/949 [=========================>....] - ETA: 4:15 - loss: 0.0364 - accuracy: 0.9879
843/949 [=========================>....] - ETA: 4:13 - loss: 0.0363 - accuracy: 0.9880
844/949 [=========================>....] - ETA: 4:10 - loss: 0.0364 - accuracy: 0.9880
845/949 [=========================>....] - ETA: 4:08 - loss: 0.0363 - accuracy: 0.9880
846/949 [=========================>....] - ETA: 4:05 - loss: 0.0363 - accuracy: 0.9880
847/949 [=========================>....] - ETA: 4:03 - loss: 0.0363 - accuracy: 0.9880
848/949 [=========================>....] - ETA: 4:01 - loss: 0.0363 - accuracy: 0.9880
849/949 [=========================>....] - ETA: 3:58 - loss: 0.0363 - accuracy: 0.9880
850/949 [=========================>....] - ETA: 3:56 - loss: 0.0363 - accuracy: 0.9880
851/949 [=========================>....] - ETA: 3:53 - loss: 0.0362 - accuracy: 0.9880
852/949 [=========================>....] - ETA: 3:51 - loss: 0.0362 - accuracy: 0.9880
853/949 [=========================>....] - ETA: 3:49 - loss: 0.0362 - accuracy: 0.9880
854/949 [=========================>....] - ETA: 3:46 - loss: 0.0361 - accuracy: 0.9880
855/949 [==========================>...] - ETA: 3:44 - loss: 0.0362 - accuracy: 0.9880
856/949 [==========================>...] - ETA: 3:42 - loss: 0.0362 - accuracy: 0.9880
857/949 [==========================>...] - ETA: 3:39 - loss: 0.0361 - accuracy: 0.9881
858/949 [==========================>...] - ETA: 3:37 - loss: 0.0361 - accuracy: 0.9881
859/949 [==========================>...] - ETA: 3:34 - loss: 0.0361 - accuracy: 0.9881
860/949 [==========================>...] - ETA: 3:32 - loss: 0.0361 - accuracy: 0.9881
861/949 [==========================>...] - ETA: 3:30 - loss: 0.0361 - accuracy: 0.9881
862/949 [==========================>...] - ETA: 3:27 - loss: 0.0361 - accuracy: 0.9881
863/949 [==========================>...] - ETA: 3:25 - loss: 0.0361 - accuracy: 0.9881
864/949 [==========================>...] - ETA: 3:22 - loss: 0.0361 - accuracy: 0.9880
865/949 [==========================>...] - ETA: 3:20 - loss: 0.0361 - accuracy: 0.9881
866/949 [==========================>...] - ETA: 3:18 - loss: 0.0361 - accuracy: 0.9881
867/949 [==========================>...] - ETA: 3:15 - loss: 0.0361 - accuracy: 0.9880
868/949 [==========================>...] - ETA: 3:13 - loss: 0.0360 - accuracy: 0.9881
869/949 [==========================>...] - ETA: 3:10 - loss: 0.0360 - accuracy: 0.9880
870/949 [==========================>...] - ETA: 3:08 - loss: 0.0360 - accuracy: 0.9881
871/949 [==========================>...] - ETA: 3:06 - loss: 0.0360 - accuracy: 0.9881
872/949 [==========================>...] - ETA: 3:03 - loss: 0.0359 - accuracy: 0.9881
873/949 [==========================>...] - ETA: 3:01 - loss: 0.0359 - accuracy: 0.9881
874/949 [==========================>...] - ETA: 2:59 - loss: 0.0359 - accuracy: 0.9881
875/949 [==========================>...] - ETA: 2:56 - loss: 0.0359 - accuracy: 0.9881
876/949 [==========================>...] - ETA: 2:54 - loss: 0.0358 - accuracy: 0.9881
877/949 [==========================>...] - ETA: 2:51 - loss: 0.0358 - accuracy: 0.9881
878/949 [==========================>...] - ETA: 2:49 - loss: 0.0359 - accuracy: 0.9881
879/949 [==========================>...] - ETA: 2:47 - loss: 0.0359 - accuracy: 0.9881
880/949 [==========================>...] - ETA: 2:44 - loss: 0.0359 - accuracy: 0.9881
881/949 [==========================>...] - ETA: 2:42 - loss: 0.0359 - accuracy: 0.9881
882/949 [==========================>...] - ETA: 2:39 - loss: 0.0358 - accuracy: 0.9881
883/949 [==========================>...] - ETA: 2:37 - loss: 0.0358 - accuracy: 0.9882
884/949 [==========================>...] - ETA: 2:35 - loss: 0.0358 - accuracy: 0.9882
885/949 [==========================>...] - ETA: 2:32 - loss: 0.0358 - accuracy: 0.9882
886/949 [===========================>..] - ETA: 2:30 - loss: 0.0357 - accuracy: 0.9882
887/949 [===========================>..] - ETA: 2:27 - loss: 0.0357 - accuracy: 0.9882
888/949 [===========================>..] - ETA: 2:25 - loss: 0.0357 - accuracy: 0.9882
889/949 [===========================>..] - ETA: 2:23 - loss: 0.0358 - accuracy: 0.9882
890/949 [===========================>..] - ETA: 2:20 - loss: 0.0357 - accuracy: 0.9882
891/949 [===========================>..] - ETA: 2:18 - loss: 0.0357 - accuracy: 0.9882
892/949 [===========================>..] - ETA: 2:16 - loss: 0.0357 - accuracy: 0.9882
893/949 [===========================>..] - ETA: 2:13 - loss: 0.0357 - accuracy: 0.9882
894/949 [===========================>..] - ETA: 2:11 - loss: 0.0356 - accuracy: 0.9882
895/949 [===========================>..] - ETA: 2:08 - loss: 0.0356 - accuracy: 0.9883
896/949 [===========================>..] - ETA: 2:06 - loss: 0.0356 - accuracy: 0.9883
897/949 [===========================>..] - ETA: 2:04 - loss: 0.0355 - accuracy: 0.9883
898/949 [===========================>..] - ETA: 2:01 - loss: 0.0355 - accuracy: 0.9883
899/949 [===========================>..] - ETA: 1:59 - loss: 0.0355 - accuracy: 0.9883
900/949 [===========================>..] - ETA: 1:56 - loss: 0.0355 - accuracy: 0.9883
901/949 [===========================>..] - ETA: 1:54 - loss: 0.0354 - accuracy: 0.9883
902/949 [===========================>..] - ETA: 1:52 - loss: 0.0354 - accuracy: 0.9883
903/949 [===========================>..] - ETA: 1:49 - loss: 0.0354 - accuracy: 0.9883
904/949 [===========================>..] - ETA: 1:47 - loss: 0.0354 - accuracy: 0.9883
905/949 [===========================>..] - ETA: 1:44 - loss: 0.0354 - accuracy: 0.9883
906/949 [===========================>..] - ETA: 1:42 - loss: 0.0353 - accuracy: 0.9883
907/949 [===========================>..] - ETA: 1:40 - loss: 0.0353 - accuracy: 0.9884
908/949 [===========================>..] - ETA: 1:37 - loss: 0.0353 - accuracy: 0.9884
909/949 [===========================>..] - ETA: 1:35 - loss: 0.0353 - accuracy: 0.9884
910/949 [===========================>..] - ETA: 1:33 - loss: 0.0352 - accuracy: 0.9884
911/949 [===========================>..] - ETA: 1:30 - loss: 0.0353 - accuracy: 0.9884
912/949 [===========================>..] - ETA: 1:28 - loss: 0.0353 - accuracy: 0.9884
913/949 [===========================>..] - ETA: 1:25 - loss: 0.0353 - accuracy: 0.9884
914/949 [===========================>..] - ETA: 1:23 - loss: 0.0352 - accuracy: 0.9884
915/949 [===========================>..] - ETA: 1:21 - loss: 0.0352 - accuracy: 0.9884
916/949 [===========================>..] - ETA: 1:18 - loss: 0.0353 - accuracy: 0.9884
917/949 [===========================>..] - ETA: 1:16 - loss: 0.0352 - accuracy: 0.9884
918/949 [============================>.] - ETA: 1:13 - loss: 0.0353 - accuracy: 0.9884
919/949 [============================>.] - ETA: 1:11 - loss: 0.0352 - accuracy: 0.9884
920/949 [============================>.] - ETA: 1:09 - loss: 0.0352 - accuracy: 0.9884
921/949 [============================>.] - ETA: 1:06 - loss: 0.0352 - accuracy: 0.9884
922/949 [============================>.] - ETA: 1:04 - loss: 0.0352 - accuracy: 0.9884
923/949 [============================>.] - ETA: 1:02 - loss: 0.0352 - accuracy: 0.9885
924/949 [============================>.] - ETA: 59s - loss: 0.0352 - accuracy: 0.9885 
925/949 [============================>.] - ETA: 57s - loss: 0.0351 - accuracy: 0.9885
926/949 [============================>.] - ETA: 54s - loss: 0.0351 - accuracy: 0.9885
927/949 [============================>.] - ETA: 52s - loss: 0.0351 - accuracy: 0.9885
928/949 [============================>.] - ETA: 50s - loss: 0.0351 - accuracy: 0.9885
929/949 [============================>.] - ETA: 47s - loss: 0.0351 - accuracy: 0.9885
930/949 [============================>.] - ETA: 45s - loss: 0.0351 - accuracy: 0.9885
931/949 [============================>.] - ETA: 42s - loss: 0.0350 - accuracy: 0.9885
932/949 [============================>.] - ETA: 40s - loss: 0.0351 - accuracy: 0.9885
933/949 [============================>.] - ETA: 38s - loss: 0.0351 - accuracy: 0.9885
934/949 [============================>.] - ETA: 35s - loss: 0.0351 - accuracy: 0.9885
935/949 [============================>.] - ETA: 33s - loss: 0.0351 - accuracy: 0.9885
936/949 [============================>.] - ETA: 31s - loss: 0.0351 - accuracy: 0.9885
937/949 [============================>.] - ETA: 28s - loss: 0.0350 - accuracy: 0.9885
938/949 [============================>.] - ETA: 26s - loss: 0.0351 - accuracy: 0.9885
939/949 [============================>.] - ETA: 23s - loss: 0.0351 - accuracy: 0.9885
940/949 [============================>.] - ETA: 21s - loss: 0.0351 - accuracy: 0.9885
941/949 [============================>.] - ETA: 19s - loss: 0.0350 - accuracy: 0.9885
942/949 [============================>.] - ETA: 16s - loss: 0.0350 - accuracy: 0.9885
943/949 [============================>.] - ETA: 14s - loss: 0.0350 - accuracy: 0.9885
944/949 [============================>.] - ETA: 11s - loss: 0.0350 - accuracy: 0.9885
945/949 [============================>.] - ETA: 9s - loss: 0.0349 - accuracy: 0.9886 
946/949 [============================>.] - ETA: 7s - loss: 0.0349 - accuracy: 0.9886
947/949 [============================>.] - ETA: 4s - loss: 0.0350 - accuracy: 0.9886
948/949 [============================>.] - ETA: 2s - loss: 0.0349 - accuracy: 0.9886
949/949 [==============================] - 2263s 2s/step - loss: 0.0350 - accuracy: 0.9886
Over train job in 2263.794305 s
Model: "model_1"
_________________________________________________________________
Layer (type)                 Output Shape              Param #   
=================================================================
input_1 (InputLayer)         (None, 755, 128)          0         
_________________________________________________________________
conv1d_1 (Conv1D)            (None, 750, 128)          98432     
_________________________________________________________________
zero_padding1d_1 (ZeroPaddin (None, 754, 128)          0         
_________________________________________________________________
lstm_1 (LSTM)                (None, 128)               131584    
_________________________________________________________________
dropout_1 (Dropout)          (None, 128)               0         
_________________________________________________________________
Output (Dense)               (None, 2)                 258       
=================================================================
Total params: 230,274
Trainable params: 230,274
Non-trainable params: 0
_________________________________________________________________
None
1/106 batch
2/106 batch
3/106 batch
4/106 batch
5/106 batch
6/106 batch
7/106 batch
8/106 batch
9/106 batch
10/106 batch
11/106 batch
12/106 batch
13/106 batch
14/106 batch
15/106 batch
16/106 batch
17/106 batch
18/106 batch
19/106 batch
20/106 batch
21/106 batch
22/106 batch
23/106 batch
24/106 batch
25/106 batch
26/106 batch
27/106 batch
28/106 batch
29/106 batch
30/106 batch
31/106 batch
32/106 batch
33/106 batch
34/106 batch
35/106 batch
36/106 batch
37/106 batch
38/106 batch
39/106 batch
40/106 batch
41/106 batch
42/106 batch
43/106 batch
44/106 batch
45/106 batch
46/106 batch
47/106 batch
48/106 batch
49/106 batch
50/106 batch
51/106 batch
52/106 batch
53/106 batch
54/106 batch
55/106 batch
56/106 batch
57/106 batch
58/106 batch
59/106 batch
60/106 batch
61/106 batch
62/106 batch
63/106 batch
64/106 batch
65/106 batch
66/106 batch
67/106 batch
68/106 batch
69/106 batch
70/106 batch
71/106 batch
72/106 batch
73/106 batch
74/106 batch
75/106 batch
76/106 batch
77/106 batch
78/106 batch
79/106 batch
80/106 batch
81/106 batch
82/106 batch
83/106 batch
84/106 batch
85/106 batch
86/106 batch
87/106 batch
88/106 batch
89/106 batch
90/106 batch
91/106 batch
92/106 batch
93/106 batch
94/106 batch
95/106 batch
96/106 batch
97/106 batch
98/106 batch
99/106 batch
100/106 batch
101/106 batch
102/106 batch
103/106 batch
104/106 batch
105/106 batch
106/106 batch
Precision score is : 0.998371335504886
Recall score is : 0.9927125506072875
Accuracy score is :  0.9937422963875984
F1 score is :  0.9955339017458383
FP rate is : [0.         0.00382531 1.        ]
TP rate is : [0.         0.99271255 1.        ]
Roc_AOC is : 0.9944436199003921
