Start Train Job! 
Epoch 1/1

  1/141 [..............................] - ETA: 32:10 - loss: 0.6160 - accuracy: 0.7160
  2/141 [..............................] - ETA: 25:09 - loss: 0.5477 - accuracy: 0.7080
  3/141 [..............................] - ETA: 23:45 - loss: 0.5203 - accuracy: 0.7040
  4/141 [..............................] - ETA: 22:53 - loss: 0.5013 - accuracy: 0.7030
  5/141 [>.............................] - ETA: 22:25 - loss: 0.4837 - accuracy: 0.7004
  6/141 [>.............................] - ETA: 21:55 - loss: 0.4571 - accuracy: 0.7037
  7/141 [>.............................] - ETA: 21:33 - loss: 0.4304 - accuracy: 0.7254
  8/141 [>.............................] - ETA: 21:18 - loss: 0.4060 - accuracy: 0.7570
  9/141 [>.............................] - ETA: 20:59 - loss: 0.3844 - accuracy: 0.7809
 10/141 [=>............................] - ETA: 20:46 - loss: 0.3610 - accuracy: 0.8008
 11/141 [=>............................] - ETA: 20:34 - loss: 0.3381 - accuracy: 0.8180
 12/141 [=>............................] - ETA: 20:18 - loss: 0.3172 - accuracy: 0.8322
 13/141 [=>............................] - ETA: 20:03 - loss: 0.3008 - accuracy: 0.8429
 14/141 [=>............................] - ETA: 19:54 - loss: 0.2847 - accuracy: 0.8527
 15/141 [==>...........................] - ETA: 19:41 - loss: 0.2696 - accuracy: 0.8617
 16/141 [==>...........................] - ETA: 19:30 - loss: 0.2564 - accuracy: 0.8695
 17/141 [==>...........................] - ETA: 19:14 - loss: 0.2440 - accuracy: 0.8764
 18/141 [==>...........................] - ETA: 19:03 - loss: 0.2324 - accuracy: 0.8828
 19/141 [===>..........................] - ETA: 18:56 - loss: 0.2240 - accuracy: 0.8879
 20/141 [===>..........................] - ETA: 18:46 - loss: 0.2164 - accuracy: 0.8924
 21/141 [===>..........................] - ETA: 18:36 - loss: 0.2089 - accuracy: 0.8970
 22/141 [===>..........................] - ETA: 18:25 - loss: 0.2016 - accuracy: 0.9010
 23/141 [===>..........................] - ETA: 18:16 - loss: 0.1946 - accuracy: 0.9046
 24/141 [====>.........................] - ETA: 18:06 - loss: 0.1891 - accuracy: 0.9078
 25/141 [====>.........................] - ETA: 17:58 - loss: 0.1839 - accuracy: 0.9108
 26/141 [====>.........................] - ETA: 17:49 - loss: 0.1790 - accuracy: 0.9135
 27/141 [====>.........................] - ETA: 17:38 - loss: 0.1730 - accuracy: 0.9164
 28/141 [====>.........................] - ETA: 17:28 - loss: 0.1687 - accuracy: 0.9186
 29/141 [=====>........................] - ETA: 17:19 - loss: 0.1644 - accuracy: 0.9209
 30/141 [=====>........................] - ETA: 17:11 - loss: 0.1600 - accuracy: 0.9231
 31/141 [=====>........................] - ETA: 17:00 - loss: 0.1553 - accuracy: 0.9254
 32/141 [=====>........................] - ETA: 16:51 - loss: 0.1512 - accuracy: 0.9274
 33/141 [======>.......................] - ETA: 16:41 - loss: 0.1471 - accuracy: 0.9296
 34/141 [======>.......................] - ETA: 16:31 - loss: 0.1438 - accuracy: 0.9312
 35/141 [======>.......................] - ETA: 16:21 - loss: 0.1411 - accuracy: 0.9329
 36/141 [======>.......................] - ETA: 16:12 - loss: 0.1382 - accuracy: 0.9345
 37/141 [======>.......................] - ETA: 16:02 - loss: 0.1357 - accuracy: 0.9360
 38/141 [=======>......................] - ETA: 15:52 - loss: 0.1331 - accuracy: 0.9373
 39/141 [=======>......................] - ETA: 15:42 - loss: 0.1304 - accuracy: 0.9388
 40/141 [=======>......................] - ETA: 15:34 - loss: 0.1285 - accuracy: 0.9399
 41/141 [=======>......................] - ETA: 15:24 - loss: 0.1265 - accuracy: 0.9411
 42/141 [=======>......................] - ETA: 15:15 - loss: 0.1249 - accuracy: 0.9421
 43/141 [========>.....................] - ETA: 15:05 - loss: 0.1230 - accuracy: 0.9431
 44/141 [========>.....................] - ETA: 14:55 - loss: 0.1211 - accuracy: 0.9441
 45/141 [========>.....................] - ETA: 14:47 - loss: 0.1191 - accuracy: 0.9452
 46/141 [========>.....................] - ETA: 14:37 - loss: 0.1172 - accuracy: 0.9461
 47/141 [=========>....................] - ETA: 14:28 - loss: 0.1154 - accuracy: 0.9471
 48/141 [=========>....................] - ETA: 14:19 - loss: 0.1138 - accuracy: 0.9480
 49/141 [=========>....................] - ETA: 14:10 - loss: 0.1125 - accuracy: 0.9487
 50/141 [=========>....................] - ETA: 14:00 - loss: 0.1111 - accuracy: 0.9494
 51/141 [=========>....................] - ETA: 13:51 - loss: 0.1094 - accuracy: 0.9504
 52/141 [==========>...................] - ETA: 13:41 - loss: 0.1078 - accuracy: 0.9512
 53/141 [==========>...................] - ETA: 13:32 - loss: 0.1060 - accuracy: 0.9520
 54/141 [==========>...................] - ETA: 13:23 - loss: 0.1047 - accuracy: 0.9527
 55/141 [==========>...................] - ETA: 13:14 - loss: 0.1033 - accuracy: 0.9534
 56/141 [==========>...................] - ETA: 13:05 - loss: 0.1018 - accuracy: 0.9541
 57/141 [===========>..................] - ETA: 12:56 - loss: 0.1006 - accuracy: 0.9548
 58/141 [===========>..................] - ETA: 12:46 - loss: 0.0997 - accuracy: 0.9553
 59/141 [===========>..................] - ETA: 12:37 - loss: 0.0985 - accuracy: 0.9559
 60/141 [===========>..................] - ETA: 12:28 - loss: 0.0973 - accuracy: 0.9565
 61/141 [===========>..................] - ETA: 12:19 - loss: 0.0962 - accuracy: 0.9570
 62/141 [============>.................] - ETA: 12:09 - loss: 0.0950 - accuracy: 0.9576
 63/141 [============>.................] - ETA: 12:00 - loss: 0.0937 - accuracy: 0.9583
 64/141 [============>.................] - ETA: 11:50 - loss: 0.0927 - accuracy: 0.9588
 65/141 [============>.................] - ETA: 11:41 - loss: 0.0921 - accuracy: 0.9591
 66/141 [=============>................] - ETA: 11:31 - loss: 0.0911 - accuracy: 0.9596
 67/141 [=============>................] - ETA: 11:22 - loss: 0.0900 - accuracy: 0.9601
 68/141 [=============>................] - ETA: 11:12 - loss: 0.0892 - accuracy: 0.9606
 69/141 [=============>................] - ETA: 11:03 - loss: 0.0884 - accuracy: 0.9610
 70/141 [=============>................] - ETA: 10:54 - loss: 0.0878 - accuracy: 0.9613
 71/141 [==============>...............] - ETA: 10:45 - loss: 0.0869 - accuracy: 0.9618
 72/141 [==============>...............] - ETA: 10:35 - loss: 0.0863 - accuracy: 0.9622
 73/141 [==============>...............] - ETA: 10:26 - loss: 0.0853 - accuracy: 0.9627
 74/141 [==============>...............] - ETA: 10:17 - loss: 0.0846 - accuracy: 0.9630
 75/141 [==============>...............] - ETA: 10:07 - loss: 0.0839 - accuracy: 0.9634
 76/141 [===============>..............] - ETA: 9:58 - loss: 0.0831 - accuracy: 0.9638 
 77/141 [===============>..............] - ETA: 9:49 - loss: 0.0823 - accuracy: 0.9641
 78/141 [===============>..............] - ETA: 9:39 - loss: 0.0817 - accuracy: 0.9645
 79/141 [===============>..............] - ETA: 9:30 - loss: 0.0809 - accuracy: 0.9648
 80/141 [================>.............] - ETA: 9:21 - loss: 0.0802 - accuracy: 0.9651
 81/141 [================>.............] - ETA: 9:11 - loss: 0.0794 - accuracy: 0.9655
 82/141 [================>.............] - ETA: 9:02 - loss: 0.0788 - accuracy: 0.9658
 83/141 [================>.............] - ETA: 8:53 - loss: 0.0782 - accuracy: 0.9661
 84/141 [================>.............] - ETA: 8:44 - loss: 0.0777 - accuracy: 0.9664
 85/141 [=================>............] - ETA: 8:34 - loss: 0.0770 - accuracy: 0.9668
 86/141 [=================>............] - ETA: 8:25 - loss: 0.0763 - accuracy: 0.9671
 87/141 [=================>............] - ETA: 8:16 - loss: 0.0756 - accuracy: 0.9675
 88/141 [=================>............] - ETA: 8:06 - loss: 0.0750 - accuracy: 0.9678
 89/141 [=================>............] - ETA: 7:57 - loss: 0.0744 - accuracy: 0.9681
 90/141 [==================>...........] - ETA: 7:48 - loss: 0.0739 - accuracy: 0.9684
 91/141 [==================>...........] - ETA: 7:39 - loss: 0.0735 - accuracy: 0.9687
 92/141 [==================>...........] - ETA: 7:30 - loss: 0.0729 - accuracy: 0.9689
 93/141 [==================>...........] - ETA: 7:21 - loss: 0.0727 - accuracy: 0.9691
 94/141 [===================>..........] - ETA: 7:12 - loss: 0.0723 - accuracy: 0.9693
 95/141 [===================>..........] - ETA: 7:02 - loss: 0.0718 - accuracy: 0.9696
 96/141 [===================>..........] - ETA: 6:53 - loss: 0.0714 - accuracy: 0.9698
 97/141 [===================>..........] - ETA: 6:44 - loss: 0.0710 - accuracy: 0.9700
 98/141 [===================>..........] - ETA: 6:35 - loss: 0.0707 - accuracy: 0.9702
 99/141 [====================>.........] - ETA: 6:26 - loss: 0.0704 - accuracy: 0.9704
100/141 [====================>.........] - ETA: 6:16 - loss: 0.0698 - accuracy: 0.9707
101/141 [====================>.........] - ETA: 6:07 - loss: 0.0697 - accuracy: 0.9708
102/141 [====================>.........] - ETA: 5:58 - loss: 0.0692 - accuracy: 0.9710
103/141 [====================>.........] - ETA: 5:49 - loss: 0.0689 - accuracy: 0.9712
104/141 [=====================>........] - ETA: 5:39 - loss: 0.0685 - accuracy: 0.9714
105/141 [=====================>........] - ETA: 5:30 - loss: 0.0680 - accuracy: 0.9716
106/141 [=====================>........] - ETA: 5:21 - loss: 0.0679 - accuracy: 0.9717
107/141 [=====================>........] - ETA: 5:12 - loss: 0.0674 - accuracy: 0.9719
108/141 [=====================>........] - ETA: 5:03 - loss: 0.0671 - accuracy: 0.9721
109/141 [======================>.......] - ETA: 4:53 - loss: 0.0668 - accuracy: 0.9722
110/141 [======================>.......] - ETA: 4:44 - loss: 0.0664 - accuracy: 0.9724
111/141 [======================>.......] - ETA: 4:35 - loss: 0.0660 - accuracy: 0.9726
112/141 [======================>.......] - ETA: 4:26 - loss: 0.0656 - accuracy: 0.9728
113/141 [=======================>......] - ETA: 4:17 - loss: 0.0653 - accuracy: 0.9730
114/141 [=======================>......] - ETA: 4:07 - loss: 0.0649 - accuracy: 0.9732
115/141 [=======================>......] - ETA: 3:58 - loss: 0.0645 - accuracy: 0.9734
116/141 [=======================>......] - ETA: 3:49 - loss: 0.0641 - accuracy: 0.9736
117/141 [=======================>......] - ETA: 3:40 - loss: 0.0636 - accuracy: 0.9738
118/141 [========================>.....] - ETA: 3:31 - loss: 0.0634 - accuracy: 0.9739
119/141 [========================>.....] - ETA: 3:21 - loss: 0.0630 - accuracy: 0.9741
120/141 [========================>.....] - ETA: 3:12 - loss: 0.0628 - accuracy: 0.9743
121/141 [========================>.....] - ETA: 3:03 - loss: 0.0626 - accuracy: 0.9744
122/141 [========================>.....] - ETA: 2:54 - loss: 0.0623 - accuracy: 0.9745
123/141 [=========================>....] - ETA: 2:45 - loss: 0.0619 - accuracy: 0.9747
124/141 [=========================>....] - ETA: 2:36 - loss: 0.0618 - accuracy: 0.9747
125/141 [=========================>....] - ETA: 2:26 - loss: 0.0615 - accuracy: 0.9749
126/141 [=========================>....] - ETA: 2:17 - loss: 0.0612 - accuracy: 0.9750
127/141 [==========================>...] - ETA: 2:08 - loss: 0.0610 - accuracy: 0.9751
128/141 [==========================>...] - ETA: 1:59 - loss: 0.0608 - accuracy: 0.9752
129/141 [==========================>...] - ETA: 1:50 - loss: 0.0605 - accuracy: 0.9754
130/141 [==========================>...] - ETA: 1:40 - loss: 0.0605 - accuracy: 0.9754
131/141 [==========================>...] - ETA: 1:31 - loss: 0.0602 - accuracy: 0.9755
132/141 [===========================>..] - ETA: 1:22 - loss: 0.0599 - accuracy: 0.9757
133/141 [===========================>..] - ETA: 1:13 - loss: 0.0596 - accuracy: 0.9758
134/141 [===========================>..] - ETA: 1:04 - loss: 0.0593 - accuracy: 0.9759
135/141 [===========================>..] - ETA: 55s - loss: 0.0590 - accuracy: 0.9761 
136/141 [===========================>..] - ETA: 45s - loss: 0.0588 - accuracy: 0.9762
137/141 [============================>.] - ETA: 36s - loss: 0.0584 - accuracy: 0.9764
138/141 [============================>.] - ETA: 27s - loss: 0.0582 - accuracy: 0.9764
139/141 [============================>.] - ETA: 18s - loss: 0.0580 - accuracy: 0.9766
140/141 [============================>.] - ETA: 9s - loss: 0.0577 - accuracy: 0.9767 
141/141 [==============================] - 1294s 9s/step - loss: 0.0574 - accuracy: 0.9769
Over train job in 1295.084963 s
Model: "model_1"
__________________________________________________________________________________________________
Layer (type)                    Output Shape         Param #     Connected to                     
==================================================================================================
input_1 (InputLayer)            (None, 755, 128)     0                                            
__________________________________________________________________________________________________
conv1d_2 (Conv1D)               (None, 752, 128)     65664       input_1[0][0]                    
__________________________________________________________________________________________________
conv1d_3 (Conv1D)               (None, 750, 128)     98432       input_1[0][0]                    
__________________________________________________________________________________________________
conv1d_1 (Conv1D)               (None, 754, 128)     32896       input_1[0][0]                    
__________________________________________________________________________________________________
zero_padding1d_1 (ZeroPadding1D (None, 754, 128)     0           conv1d_2[0][0]                   
__________________________________________________________________________________________________
zero_padding1d_2 (ZeroPadding1D (None, 754, 128)     0           conv1d_3[0][0]                   
__________________________________________________________________________________________________
concatenate_1 (Concatenate)     (None, 754, 384)     0           conv1d_1[0][0]                   
                                                                 zero_padding1d_1[0][0]           
                                                                 zero_padding1d_2[0][0]           
__________________________________________________________________________________________________
lstm_1 (LSTM)                   (None, 128)          262656      concatenate_1[0][0]              
__________________________________________________________________________________________________
dropout_1 (Dropout)             (None, 128)          0           lstm_1[0][0]                     
__________________________________________________________________________________________________
Output (Dense)                  (None, 2)            258         dropout_1[0][0]                  
==================================================================================================
Total params: 459,906
Trainable params: 459,906
Non-trainable params: 0
__________________________________________________________________________________________________
None
1/70 batch
2/70 batch
3/70 batch
4/70 batch
5/70 batch
6/70 batch
7/70 batch
8/70 batch
9/70 batch
10/70 batch
11/70 batch
12/70 batch
13/70 batch
14/70 batch
15/70 batch
16/70 batch
17/70 batch
18/70 batch
19/70 batch
20/70 batch
21/70 batch
22/70 batch
23/70 batch
24/70 batch
25/70 batch
26/70 batch
27/70 batch
28/70 batch
29/70 batch
30/70 batch
31/70 batch
32/70 batch
33/70 batch
34/70 batch
35/70 batch
36/70 batch
37/70 batch
38/70 batch
39/70 batch
40/70 batch
41/70 batch
42/70 batch
43/70 batch
44/70 batch
45/70 batch
46/70 batch
47/70 batch
48/70 batch
49/70 batch
50/70 batch
51/70 batch
52/70 batch
53/70 batch
54/70 batch
55/70 batch
56/70 batch
57/70 batch
58/70 batch
59/70 batch
60/70 batch
61/70 batch
62/70 batch
63/70 batch
64/70 batch
65/70 batch
66/70 batch
67/70 batch
68/70 batch
69/70 batch
70/70 batch
Precision score is : 0.9992517148202037
Recall score is : 0.9890955476915481
Accuracy score is :  0.991869217950928
F1 score is :  0.9941476931985028
FP rate is : [0.         0.00171363 1.        ]
TP rate is : [0.         0.98909555 1.        ]
Roc_AOC is : 0.9936909573948981
