Start Train Job! 
Epoch 1/1

  1/949 [..............................] - ETA: 1:29:28 - loss: 0.7078 - accuracy: 0.3900
  2/949 [..............................] - ETA: 1:01:18 - loss: 0.5720 - accuracy: 0.5700
  3/949 [..............................] - ETA: 52:44 - loss: 0.5346 - accuracy: 0.5833  
  4/949 [..............................] - ETA: 49:34 - loss: 0.5022 - accuracy: 0.6175
  5/949 [..............................] - ETA: 46:18 - loss: 0.4726 - accuracy: 0.6440
  6/949 [..............................] - ETA: 44:56 - loss: 0.4650 - accuracy: 0.6483
  7/949 [..............................] - ETA: 44:18 - loss: 0.4554 - accuracy: 0.6529
  8/949 [..............................] - ETA: 43:38 - loss: 0.4304 - accuracy: 0.6812
  9/949 [..............................] - ETA: 42:58 - loss: 0.4074 - accuracy: 0.7144
 10/949 [..............................] - ETA: 42:24 - loss: 0.3905 - accuracy: 0.7390
 11/949 [..............................] - ETA: 41:26 - loss: 0.3708 - accuracy: 0.7609
 12/949 [..............................] - ETA: 41:25 - loss: 0.3505 - accuracy: 0.7808
 13/949 [..............................] - ETA: 40:35 - loss: 0.3336 - accuracy: 0.7962
 14/949 [..............................] - ETA: 40:35 - loss: 0.3172 - accuracy: 0.8100
 15/949 [..............................] - ETA: 40:27 - loss: 0.3049 - accuracy: 0.8200
 16/949 [..............................] - ETA: 40:14 - loss: 0.2914 - accuracy: 0.8306
 17/949 [..............................] - ETA: 40:01 - loss: 0.2784 - accuracy: 0.8388
 18/949 [..............................] - ETA: 39:31 - loss: 0.2669 - accuracy: 0.8467
 19/949 [..............................] - ETA: 39:49 - loss: 0.2574 - accuracy: 0.8532
 20/949 [..............................] - ETA: 39:31 - loss: 0.2483 - accuracy: 0.8595
 21/949 [..............................] - ETA: 39:04 - loss: 0.2371 - accuracy: 0.8662
 22/949 [..............................] - ETA: 39:08 - loss: 0.2317 - accuracy: 0.8709
 23/949 [..............................] - ETA: 39:05 - loss: 0.2229 - accuracy: 0.8761
 24/949 [..............................] - ETA: 39:03 - loss: 0.2166 - accuracy: 0.8804
 25/949 [..............................] - ETA: 38:56 - loss: 0.2091 - accuracy: 0.8848
 26/949 [..............................] - ETA: 38:36 - loss: 0.2041 - accuracy: 0.8881
 27/949 [..............................] - ETA: 38:38 - loss: 0.1968 - accuracy: 0.8922
 28/949 [..............................] - ETA: 38:31 - loss: 0.1899 - accuracy: 0.8961
 29/949 [..............................] - ETA: 38:25 - loss: 0.1851 - accuracy: 0.8993
 30/949 [..............................] - ETA: 38:20 - loss: 0.1807 - accuracy: 0.9020
 31/949 [..............................] - ETA: 38:18 - loss: 0.1790 - accuracy: 0.9039
 32/949 [>.............................] - ETA: 38:07 - loss: 0.1774 - accuracy: 0.9056
 33/949 [>.............................] - ETA: 38:03 - loss: 0.1728 - accuracy: 0.9082
 34/949 [>.............................] - ETA: 37:56 - loss: 0.1693 - accuracy: 0.9106
 35/949 [>.............................] - ETA: 37:51 - loss: 0.1655 - accuracy: 0.9126
 36/949 [>.............................] - ETA: 37:47 - loss: 0.1636 - accuracy: 0.9142
 37/949 [>.............................] - ETA: 37:44 - loss: 0.1601 - accuracy: 0.9162
 38/949 [>.............................] - ETA: 37:36 - loss: 0.1561 - accuracy: 0.9184
 39/949 [>.............................] - ETA: 37:35 - loss: 0.1527 - accuracy: 0.9203
 40/949 [>.............................] - ETA: 37:25 - loss: 0.1498 - accuracy: 0.9218
 41/949 [>.............................] - ETA: 37:29 - loss: 0.1475 - accuracy: 0.9232
 42/949 [>.............................] - ETA: 37:25 - loss: 0.1447 - accuracy: 0.9250
 43/949 [>.............................] - ETA: 37:14 - loss: 0.1424 - accuracy: 0.9260
 44/949 [>.............................] - ETA: 37:17 - loss: 0.1397 - accuracy: 0.9277
 45/949 [>.............................] - ETA: 37:09 - loss: 0.1376 - accuracy: 0.9291
 46/949 [>.............................] - ETA: 37:08 - loss: 0.1360 - accuracy: 0.9302
 47/949 [>.............................] - ETA: 37:04 - loss: 0.1335 - accuracy: 0.9317
 48/949 [>.............................] - ETA: 36:56 - loss: 0.1311 - accuracy: 0.9331
 49/949 [>.............................] - ETA: 36:57 - loss: 0.1297 - accuracy: 0.9343
 50/949 [>.............................] - ETA: 36:50 - loss: 0.1283 - accuracy: 0.9352
 51/949 [>.............................] - ETA: 36:53 - loss: 0.1260 - accuracy: 0.9365
 52/949 [>.............................] - ETA: 36:44 - loss: 0.1240 - accuracy: 0.9377
 53/949 [>.............................] - ETA: 36:45 - loss: 0.1225 - accuracy: 0.9387
 54/949 [>.............................] - ETA: 36:40 - loss: 0.1207 - accuracy: 0.9396
 55/949 [>.............................] - ETA: 36:36 - loss: 0.1190 - accuracy: 0.9407
 56/949 [>.............................] - ETA: 36:38 - loss: 0.1170 - accuracy: 0.9418
 57/949 [>.............................] - ETA: 36:34 - loss: 0.1161 - accuracy: 0.9425
 58/949 [>.............................] - ETA: 36:30 - loss: 0.1142 - accuracy: 0.9434
 59/949 [>.............................] - ETA: 36:28 - loss: 0.1123 - accuracy: 0.9444
 60/949 [>.............................] - ETA: 36:22 - loss: 0.1105 - accuracy: 0.9453
 61/949 [>.............................] - ETA: 36:20 - loss: 0.1091 - accuracy: 0.9461
 62/949 [>.............................] - ETA: 36:17 - loss: 0.1074 - accuracy: 0.9469
 63/949 [>.............................] - ETA: 36:11 - loss: 0.1061 - accuracy: 0.9476
 64/949 [=>............................] - ETA: 36:11 - loss: 0.1066 - accuracy: 0.9478
 65/949 [=>............................] - ETA: 36:04 - loss: 0.1050 - accuracy: 0.9486
 66/949 [=>............................] - ETA: 36:06 - loss: 0.1043 - accuracy: 0.9491
 67/949 [=>............................] - ETA: 36:02 - loss: 0.1028 - accuracy: 0.9499
 68/949 [=>............................] - ETA: 35:58 - loss: 0.1021 - accuracy: 0.9503
 69/949 [=>............................] - ETA: 35:53 - loss: 0.1019 - accuracy: 0.9507
 70/949 [=>............................] - ETA: 35:51 - loss: 0.1009 - accuracy: 0.9511
 71/949 [=>............................] - ETA: 35:52 - loss: 0.0999 - accuracy: 0.9517
 72/949 [=>............................] - ETA: 35:46 - loss: 0.0987 - accuracy: 0.9522
 73/949 [=>............................] - ETA: 35:43 - loss: 0.0975 - accuracy: 0.9529
 74/949 [=>............................] - ETA: 35:41 - loss: 0.0971 - accuracy: 0.9531
 75/949 [=>............................] - ETA: 35:41 - loss: 0.0958 - accuracy: 0.9537
 76/949 [=>............................] - ETA: 35:37 - loss: 0.0950 - accuracy: 0.9542
 77/949 [=>............................] - ETA: 35:31 - loss: 0.0939 - accuracy: 0.9548
 78/949 [=>............................] - ETA: 35:32 - loss: 0.0931 - accuracy: 0.9553
 79/949 [=>............................] - ETA: 35:28 - loss: 0.0920 - accuracy: 0.9558
 80/949 [=>............................] - ETA: 35:22 - loss: 0.0916 - accuracy: 0.9563
 81/949 [=>............................] - ETA: 35:20 - loss: 0.0910 - accuracy: 0.9567
 82/949 [=>............................] - ETA: 35:19 - loss: 0.0900 - accuracy: 0.9572
 83/949 [=>............................] - ETA: 35:18 - loss: 0.0889 - accuracy: 0.9577
 84/949 [=>............................] - ETA: 35:16 - loss: 0.0884 - accuracy: 0.9581
 85/949 [=>............................] - ETA: 35:14 - loss: 0.0874 - accuracy: 0.9586
 86/949 [=>............................] - ETA: 35:10 - loss: 0.0865 - accuracy: 0.9591
 87/949 [=>............................] - ETA: 35:06 - loss: 0.0860 - accuracy: 0.9594
 88/949 [=>............................] - ETA: 35:04 - loss: 0.0860 - accuracy: 0.9597
 89/949 [=>............................] - ETA: 35:04 - loss: 0.0852 - accuracy: 0.9601
 90/949 [=>............................] - ETA: 35:00 - loss: 0.0846 - accuracy: 0.9604
 91/949 [=>............................] - ETA: 34:57 - loss: 0.0839 - accuracy: 0.9608
 92/949 [=>............................] - ETA: 34:56 - loss: 0.0831 - accuracy: 0.9612
 93/949 [=>............................] - ETA: 34:50 - loss: 0.0826 - accuracy: 0.9614
 94/949 [=>............................] - ETA: 34:49 - loss: 0.0819 - accuracy: 0.9617
 95/949 [==>...........................] - ETA: 34:44 - loss: 0.0816 - accuracy: 0.9620
 96/949 [==>...........................] - ETA: 34:45 - loss: 0.0809 - accuracy: 0.9624
 97/949 [==>...........................] - ETA: 34:39 - loss: 0.0805 - accuracy: 0.9627
 98/949 [==>...........................] - ETA: 34:39 - loss: 0.0798 - accuracy: 0.9631
 99/949 [==>...........................] - ETA: 34:34 - loss: 0.0795 - accuracy: 0.9633
100/949 [==>...........................] - ETA: 34:33 - loss: 0.0788 - accuracy: 0.9637
101/949 [==>...........................] - ETA: 34:32 - loss: 0.0782 - accuracy: 0.9640
102/949 [==>...........................] - ETA: 34:30 - loss: 0.0779 - accuracy: 0.9642
103/949 [==>...........................] - ETA: 34:26 - loss: 0.0772 - accuracy: 0.9646
104/949 [==>...........................] - ETA: 34:26 - loss: 0.0764 - accuracy: 0.9649
105/949 [==>...........................] - ETA: 34:20 - loss: 0.0758 - accuracy: 0.9652
106/949 [==>...........................] - ETA: 34:20 - loss: 0.0757 - accuracy: 0.9654
107/949 [==>...........................] - ETA: 34:15 - loss: 0.0753 - accuracy: 0.9656
108/949 [==>...........................] - ETA: 34:15 - loss: 0.0746 - accuracy: 0.9659
109/949 [==>...........................] - ETA: 34:11 - loss: 0.0740 - accuracy: 0.9662
110/949 [==>...........................] - ETA: 34:08 - loss: 0.0738 - accuracy: 0.9665
111/949 [==>...........................] - ETA: 34:05 - loss: 0.0739 - accuracy: 0.9666
112/949 [==>...........................] - ETA: 34:02 - loss: 0.0734 - accuracy: 0.9669
113/949 [==>...........................] - ETA: 34:00 - loss: 0.0730 - accuracy: 0.9669
114/949 [==>...........................] - ETA: 33:58 - loss: 0.0733 - accuracy: 0.9668
115/949 [==>...........................] - ETA: 33:55 - loss: 0.0730 - accuracy: 0.9670
116/949 [==>...........................] - ETA: 33:51 - loss: 0.0724 - accuracy: 0.9673
117/949 [==>...........................] - ETA: 33:48 - loss: 0.0719 - accuracy: 0.9676
118/949 [==>...........................] - ETA: 33:46 - loss: 0.0716 - accuracy: 0.9678
119/949 [==>...........................] - ETA: 33:41 - loss: 0.0711 - accuracy: 0.9681
120/949 [==>...........................] - ETA: 33:40 - loss: 0.0706 - accuracy: 0.9683
121/949 [==>...........................] - ETA: 33:35 - loss: 0.0702 - accuracy: 0.9685
122/949 [==>...........................] - ETA: 33:33 - loss: 0.0705 - accuracy: 0.9685
123/949 [==>...........................] - ETA: 33:32 - loss: 0.0700 - accuracy: 0.9688
124/949 [==>...........................] - ETA: 33:31 - loss: 0.0697 - accuracy: 0.9690
125/949 [==>...........................] - ETA: 33:28 - loss: 0.0693 - accuracy: 0.9691
126/949 [==>...........................] - ETA: 33:23 - loss: 0.0688 - accuracy: 0.9694
127/949 [===>..........................] - ETA: 33:23 - loss: 0.0683 - accuracy: 0.9696
128/949 [===>..........................] - ETA: 33:20 - loss: 0.0678 - accuracy: 0.9698
129/949 [===>..........................] - ETA: 33:15 - loss: 0.0677 - accuracy: 0.9699
130/949 [===>..........................] - ETA: 33:14 - loss: 0.0677 - accuracy: 0.9701
131/949 [===>..........................] - ETA: 33:11 - loss: 0.0672 - accuracy: 0.9703
132/949 [===>..........................] - ETA: 33:09 - loss: 0.0673 - accuracy: 0.9705
133/949 [===>..........................] - ETA: 33:04 - loss: 0.0672 - accuracy: 0.9705
134/949 [===>..........................] - ETA: 33:05 - loss: 0.0667 - accuracy: 0.9707
135/949 [===>..........................] - ETA: 33:01 - loss: 0.0663 - accuracy: 0.9710
136/949 [===>..........................] - ETA: 32:58 - loss: 0.0664 - accuracy: 0.9710
137/949 [===>..........................] - ETA: 32:55 - loss: 0.0661 - accuracy: 0.9712
138/949 [===>..........................] - ETA: 32:52 - loss: 0.0657 - accuracy: 0.9714
139/949 [===>..........................] - ETA: 32:49 - loss: 0.0652 - accuracy: 0.9717
140/949 [===>..........................] - ETA: 32:45 - loss: 0.0649 - accuracy: 0.9718
141/949 [===>..........................] - ETA: 32:45 - loss: 0.0645 - accuracy: 0.9720
142/949 [===>..........................] - ETA: 32:41 - loss: 0.0643 - accuracy: 0.9721
143/949 [===>..........................] - ETA: 32:38 - loss: 0.0639 - accuracy: 0.9723
144/949 [===>..........................] - ETA: 32:35 - loss: 0.0635 - accuracy: 0.9725
145/949 [===>..........................] - ETA: 32:34 - loss: 0.0631 - accuracy: 0.9727
146/949 [===>..........................] - ETA: 32:31 - loss: 0.0627 - accuracy: 0.9729
147/949 [===>..........................] - ETA: 32:26 - loss: 0.0626 - accuracy: 0.9730
148/949 [===>..........................] - ETA: 32:25 - loss: 0.0628 - accuracy: 0.9730
149/949 [===>..........................] - ETA: 32:21 - loss: 0.0625 - accuracy: 0.9732
150/949 [===>..........................] - ETA: 32:20 - loss: 0.0623 - accuracy: 0.9733
151/949 [===>..........................] - ETA: 32:17 - loss: 0.0619 - accuracy: 0.9735
152/949 [===>..........................] - ETA: 32:13 - loss: 0.0619 - accuracy: 0.9736
153/949 [===>..........................] - ETA: 32:11 - loss: 0.0615 - accuracy: 0.9738
154/949 [===>..........................] - ETA: 32:08 - loss: 0.0617 - accuracy: 0.9738
155/949 [===>..........................] - ETA: 32:06 - loss: 0.0613 - accuracy: 0.9740
156/949 [===>..........................] - ETA: 32:03 - loss: 0.0613 - accuracy: 0.9740
157/949 [===>..........................] - ETA: 32:00 - loss: 0.0611 - accuracy: 0.9741
158/949 [===>..........................] - ETA: 31:56 - loss: 0.0611 - accuracy: 0.9742
159/949 [====>.........................] - ETA: 31:56 - loss: 0.0608 - accuracy: 0.9744
160/949 [====>.........................] - ETA: 31:53 - loss: 0.0606 - accuracy: 0.9745
161/949 [====>.........................] - ETA: 31:50 - loss: 0.0602 - accuracy: 0.9747
162/949 [====>.........................] - ETA: 31:47 - loss: 0.0601 - accuracy: 0.9748
163/949 [====>.........................] - ETA: 31:45 - loss: 0.0598 - accuracy: 0.9749
164/949 [====>.........................] - ETA: 31:43 - loss: 0.0596 - accuracy: 0.9750
165/949 [====>.........................] - ETA: 31:40 - loss: 0.0593 - accuracy: 0.9752
166/949 [====>.........................] - ETA: 31:35 - loss: 0.0592 - accuracy: 0.9752
167/949 [====>.........................] - ETA: 31:34 - loss: 0.0588 - accuracy: 0.9754
168/949 [====>.........................] - ETA: 31:32 - loss: 0.0586 - accuracy: 0.9755
169/949 [====>.........................] - ETA: 31:30 - loss: 0.0584 - accuracy: 0.9756
170/949 [====>.........................] - ETA: 31:26 - loss: 0.0583 - accuracy: 0.9756
171/949 [====>.........................] - ETA: 31:25 - loss: 0.0580 - accuracy: 0.9758
172/949 [====>.........................] - ETA: 31:22 - loss: 0.0580 - accuracy: 0.9758
173/949 [====>.........................] - ETA: 31:19 - loss: 0.0577 - accuracy: 0.9760
174/949 [====>.........................] - ETA: 31:16 - loss: 0.0574 - accuracy: 0.9761
175/949 [====>.........................] - ETA: 31:14 - loss: 0.0575 - accuracy: 0.9762
176/949 [====>.........................] - ETA: 31:10 - loss: 0.0574 - accuracy: 0.9762
177/949 [====>.........................] - ETA: 31:08 - loss: 0.0574 - accuracy: 0.9763
178/949 [====>.........................] - ETA: 31:06 - loss: 0.0571 - accuracy: 0.9764
179/949 [====>.........................] - ETA: 31:05 - loss: 0.0568 - accuracy: 0.9765
180/949 [====>.........................] - ETA: 31:02 - loss: 0.0565 - accuracy: 0.9767
181/949 [====>.........................] - ETA: 30:58 - loss: 0.0565 - accuracy: 0.9767
182/949 [====>.........................] - ETA: 30:57 - loss: 0.0563 - accuracy: 0.9768
183/949 [====>.........................] - ETA: 30:54 - loss: 0.0560 - accuracy: 0.9769
184/949 [====>.........................] - ETA: 30:52 - loss: 0.0559 - accuracy: 0.9770
185/949 [====>.........................] - ETA: 30:48 - loss: 0.0557 - accuracy: 0.9771
186/949 [====>.........................] - ETA: 30:46 - loss: 0.0554 - accuracy: 0.9772
187/949 [====>.........................] - ETA: 30:44 - loss: 0.0560 - accuracy: 0.9771
188/949 [====>.........................] - ETA: 30:40 - loss: 0.0557 - accuracy: 0.9772
189/949 [====>.........................] - ETA: 30:38 - loss: 0.0556 - accuracy: 0.9773
190/949 [=====>........................] - ETA: 30:36 - loss: 0.0554 - accuracy: 0.9774
191/949 [=====>........................] - ETA: 30:34 - loss: 0.0554 - accuracy: 0.9774
192/949 [=====>........................] - ETA: 30:30 - loss: 0.0551 - accuracy: 0.9775
193/949 [=====>........................] - ETA: 30:29 - loss: 0.0549 - accuracy: 0.9776
194/949 [=====>........................] - ETA: 30:27 - loss: 0.0548 - accuracy: 0.9777
195/949 [=====>........................] - ETA: 30:24 - loss: 0.0545 - accuracy: 0.9778
196/949 [=====>........................] - ETA: 30:21 - loss: 0.0544 - accuracy: 0.9779
197/949 [=====>........................] - ETA: 30:20 - loss: 0.0542 - accuracy: 0.9779
198/949 [=====>........................] - ETA: 30:17 - loss: 0.0541 - accuracy: 0.9780
199/949 [=====>........................] - ETA: 30:14 - loss: 0.0540 - accuracy: 0.9780
200/949 [=====>........................] - ETA: 30:12 - loss: 0.0537 - accuracy: 0.9782
201/949 [=====>........................] - ETA: 30:10 - loss: 0.0535 - accuracy: 0.9783
202/949 [=====>........................] - ETA: 30:07 - loss: 0.0533 - accuracy: 0.9784
203/949 [=====>........................] - ETA: 30:05 - loss: 0.0530 - accuracy: 0.9785
204/949 [=====>........................] - ETA: 30:02 - loss: 0.0529 - accuracy: 0.9785
205/949 [=====>........................] - ETA: 29:58 - loss: 0.0528 - accuracy: 0.9786
206/949 [=====>........................] - ETA: 29:56 - loss: 0.0529 - accuracy: 0.9786
207/949 [=====>........................] - ETA: 29:54 - loss: 0.0527 - accuracy: 0.9787
208/949 [=====>........................] - ETA: 29:52 - loss: 0.0526 - accuracy: 0.9787
209/949 [=====>........................] - ETA: 29:50 - loss: 0.0524 - accuracy: 0.9789
210/949 [=====>........................] - ETA: 29:46 - loss: 0.0521 - accuracy: 0.9790
211/949 [=====>........................] - ETA: 29:45 - loss: 0.0521 - accuracy: 0.9790
212/949 [=====>........................] - ETA: 29:42 - loss: 0.0519 - accuracy: 0.9791
213/949 [=====>........................] - ETA: 29:39 - loss: 0.0517 - accuracy: 0.9791
214/949 [=====>........................] - ETA: 29:37 - loss: 0.0519 - accuracy: 0.9791
215/949 [=====>........................] - ETA: 29:34 - loss: 0.0517 - accuracy: 0.9792
216/949 [=====>........................] - ETA: 29:32 - loss: 0.0516 - accuracy: 0.9792
217/949 [=====>........................] - ETA: 29:29 - loss: 0.0514 - accuracy: 0.9793
218/949 [=====>........................] - ETA: 29:27 - loss: 0.0512 - accuracy: 0.9794
219/949 [=====>........................] - ETA: 29:23 - loss: 0.0512 - accuracy: 0.9794
220/949 [=====>........................] - ETA: 29:21 - loss: 0.0509 - accuracy: 0.9795
221/949 [=====>........................] - ETA: 29:18 - loss: 0.0510 - accuracy: 0.9795
222/949 [======>.......................] - ETA: 29:16 - loss: 0.0509 - accuracy: 0.9796
223/949 [======>.......................] - ETA: 29:14 - loss: 0.0508 - accuracy: 0.9797
224/949 [======>.......................] - ETA: 29:10 - loss: 0.0510 - accuracy: 0.9797
225/949 [======>.......................] - ETA: 29:09 - loss: 0.0509 - accuracy: 0.9797
226/949 [======>.......................] - ETA: 29:06 - loss: 0.0510 - accuracy: 0.9797
227/949 [======>.......................] - ETA: 29:03 - loss: 0.0508 - accuracy: 0.9798
228/949 [======>.......................] - ETA: 29:01 - loss: 0.0511 - accuracy: 0.9797
229/949 [======>.......................] - ETA: 28:57 - loss: 0.0510 - accuracy: 0.9797
230/949 [======>.......................] - ETA: 28:56 - loss: 0.0510 - accuracy: 0.9798
231/949 [======>.......................] - ETA: 28:53 - loss: 0.0508 - accuracy: 0.9799
232/949 [======>.......................] - ETA: 28:52 - loss: 0.0507 - accuracy: 0.9800
233/949 [======>.......................] - ETA: 28:48 - loss: 0.0508 - accuracy: 0.9800
234/949 [======>.......................] - ETA: 28:47 - loss: 0.0507 - accuracy: 0.9800
235/949 [======>.......................] - ETA: 28:42 - loss: 0.0506 - accuracy: 0.9800
236/949 [======>.......................] - ETA: 28:42 - loss: 0.0505 - accuracy: 0.9801
237/949 [======>.......................] - ETA: 28:39 - loss: 0.0506 - accuracy: 0.9800
238/949 [======>.......................] - ETA: 28:36 - loss: 0.0506 - accuracy: 0.9800
239/949 [======>.......................] - ETA: 28:33 - loss: 0.0506 - accuracy: 0.9801
240/949 [======>.......................] - ETA: 28:32 - loss: 0.0506 - accuracy: 0.9801
241/949 [======>.......................] - ETA: 28:29 - loss: 0.0505 - accuracy: 0.9802
242/949 [======>.......................] - ETA: 28:25 - loss: 0.0504 - accuracy: 0.9802
243/949 [======>.......................] - ETA: 28:24 - loss: 0.0502 - accuracy: 0.9802
244/949 [======>.......................] - ETA: 28:22 - loss: 0.0501 - accuracy: 0.9803
245/949 [======>.......................] - ETA: 28:19 - loss: 0.0500 - accuracy: 0.9804
246/949 [======>.......................] - ETA: 28:16 - loss: 0.0498 - accuracy: 0.9804
247/949 [======>.......................] - ETA: 28:14 - loss: 0.0496 - accuracy: 0.9805
248/949 [======>.......................] - ETA: 28:11 - loss: 0.0495 - accuracy: 0.9806
249/949 [======>.......................] - ETA: 28:08 - loss: 0.0496 - accuracy: 0.9806
250/949 [======>.......................] - ETA: 28:06 - loss: 0.0495 - accuracy: 0.9806
251/949 [======>.......................] - ETA: 28:04 - loss: 0.0495 - accuracy: 0.9806
252/949 [======>.......................] - ETA: 28:02 - loss: 0.0495 - accuracy: 0.9807
253/949 [======>.......................] - ETA: 27:58 - loss: 0.0495 - accuracy: 0.9807
254/949 [=======>......................] - ETA: 27:57 - loss: 0.0495 - accuracy: 0.9807
255/949 [=======>......................] - ETA: 27:55 - loss: 0.0493 - accuracy: 0.9808
256/949 [=======>......................] - ETA: 27:52 - loss: 0.0492 - accuracy: 0.9809
257/949 [=======>......................] - ETA: 27:48 - loss: 0.0491 - accuracy: 0.9809
258/949 [=======>......................] - ETA: 27:47 - loss: 0.0489 - accuracy: 0.9810
259/949 [=======>......................] - ETA: 27:44 - loss: 0.0488 - accuracy: 0.9810
260/949 [=======>......................] - ETA: 27:42 - loss: 0.0486 - accuracy: 0.9811
261/949 [=======>......................] - ETA: 27:39 - loss: 0.0486 - accuracy: 0.9811
262/949 [=======>......................] - ETA: 27:37 - loss: 0.0487 - accuracy: 0.9811
263/949 [=======>......................] - ETA: 27:34 - loss: 0.0485 - accuracy: 0.9812
264/949 [=======>......................] - ETA: 27:32 - loss: 0.0484 - accuracy: 0.9812
265/949 [=======>......................] - ETA: 27:29 - loss: 0.0482 - accuracy: 0.9813
266/949 [=======>......................] - ETA: 27:27 - loss: 0.0486 - accuracy: 0.9812
267/949 [=======>......................] - ETA: 27:24 - loss: 0.0485 - accuracy: 0.9813
268/949 [=======>......................] - ETA: 27:22 - loss: 0.0485 - accuracy: 0.9813
269/949 [=======>......................] - ETA: 27:19 - loss: 0.0483 - accuracy: 0.9814
270/949 [=======>......................] - ETA: 27:17 - loss: 0.0483 - accuracy: 0.9814
271/949 [=======>......................] - ETA: 27:14 - loss: 0.0482 - accuracy: 0.9815
272/949 [=======>......................] - ETA: 27:12 - loss: 0.0480 - accuracy: 0.9815
273/949 [=======>......................] - ETA: 27:10 - loss: 0.0481 - accuracy: 0.9815
274/949 [=======>......................] - ETA: 27:07 - loss: 0.0481 - accuracy: 0.9815
275/949 [=======>......................] - ETA: 27:05 - loss: 0.0480 - accuracy: 0.9816
276/949 [=======>......................] - ETA: 27:01 - loss: 0.0480 - accuracy: 0.9816
277/949 [=======>......................] - ETA: 27:00 - loss: 0.0479 - accuracy: 0.9816
278/949 [=======>......................] - ETA: 26:57 - loss: 0.0481 - accuracy: 0.9816
279/949 [=======>......................] - ETA: 26:54 - loss: 0.0483 - accuracy: 0.9815
280/949 [=======>......................] - ETA: 26:52 - loss: 0.0482 - accuracy: 0.9816
281/949 [=======>......................] - ETA: 26:49 - loss: 0.0481 - accuracy: 0.9816
282/949 [=======>......................] - ETA: 26:47 - loss: 0.0480 - accuracy: 0.9817
283/949 [=======>......................] - ETA: 26:44 - loss: 0.0479 - accuracy: 0.9818
284/949 [=======>......................] - ETA: 26:42 - loss: 0.0480 - accuracy: 0.9817
285/949 [========>.....................] - ETA: 26:39 - loss: 0.0479 - accuracy: 0.9818
286/949 [========>.....................] - ETA: 26:37 - loss: 0.0478 - accuracy: 0.9819
287/949 [========>.....................] - ETA: 26:35 - loss: 0.0478 - accuracy: 0.9819
288/949 [========>.....................] - ETA: 26:31 - loss: 0.0477 - accuracy: 0.9819
289/949 [========>.....................] - ETA: 26:30 - loss: 0.0477 - accuracy: 0.9819
290/949 [========>.....................] - ETA: 26:27 - loss: 0.0475 - accuracy: 0.9820
291/949 [========>.....................] - ETA: 26:24 - loss: 0.0475 - accuracy: 0.9820
292/949 [========>.....................] - ETA: 26:22 - loss: 0.0476 - accuracy: 0.9821
293/949 [========>.....................] - ETA: 26:20 - loss: 0.0476 - accuracy: 0.9820
294/949 [========>.....................] - ETA: 26:17 - loss: 0.0474 - accuracy: 0.9821
295/949 [========>.....................] - ETA: 26:15 - loss: 0.0474 - accuracy: 0.9821
296/949 [========>.....................] - ETA: 26:12 - loss: 0.0472 - accuracy: 0.9822
297/949 [========>.....................] - ETA: 26:09 - loss: 0.0473 - accuracy: 0.9822
298/949 [========>.....................] - ETA: 26:06 - loss: 0.0472 - accuracy: 0.9822
299/949 [========>.....................] - ETA: 26:04 - loss: 0.0473 - accuracy: 0.9822
300/949 [========>.....................] - ETA: 26:02 - loss: 0.0472 - accuracy: 0.9823
301/949 [========>.....................] - ETA: 25:59 - loss: 0.0470 - accuracy: 0.9824
302/949 [========>.....................] - ETA: 25:56 - loss: 0.0471 - accuracy: 0.9824
303/949 [========>.....................] - ETA: 25:55 - loss: 0.0469 - accuracy: 0.9824
304/949 [========>.....................] - ETA: 25:52 - loss: 0.0468 - accuracy: 0.9825
305/949 [========>.....................] - ETA: 25:50 - loss: 0.0468 - accuracy: 0.9825
306/949 [========>.....................] - ETA: 25:47 - loss: 0.0466 - accuracy: 0.9826
307/949 [========>.....................] - ETA: 25:45 - loss: 0.0465 - accuracy: 0.9826
308/949 [========>.....................] - ETA: 25:42 - loss: 0.0466 - accuracy: 0.9826
309/949 [========>.....................] - ETA: 25:40 - loss: 0.0466 - accuracy: 0.9827
310/949 [========>.....................] - ETA: 25:37 - loss: 0.0464 - accuracy: 0.9827
311/949 [========>.....................] - ETA: 25:35 - loss: 0.0463 - accuracy: 0.9828
312/949 [========>.....................] - ETA: 25:32 - loss: 0.0462 - accuracy: 0.9828
313/949 [========>.....................] - ETA: 25:29 - loss: 0.0461 - accuracy: 0.9828
314/949 [========>.....................] - ETA: 25:27 - loss: 0.0460 - accuracy: 0.9829
315/949 [========>.....................] - ETA: 25:25 - loss: 0.0459 - accuracy: 0.9830
316/949 [========>.....................] - ETA: 25:22 - loss: 0.0457 - accuracy: 0.9830
317/949 [=========>....................] - ETA: 25:20 - loss: 0.0458 - accuracy: 0.9830
318/949 [=========>....................] - ETA: 25:18 - loss: 0.0458 - accuracy: 0.9830
319/949 [=========>....................] - ETA: 25:15 - loss: 0.0456 - accuracy: 0.9831
320/949 [=========>....................] - ETA: 25:12 - loss: 0.0456 - accuracy: 0.9831
321/949 [=========>....................] - ETA: 25:11 - loss: 0.0456 - accuracy: 0.9831
322/949 [=========>....................] - ETA: 25:08 - loss: 0.0455 - accuracy: 0.9832
323/949 [=========>....................] - ETA: 25:05 - loss: 0.0456 - accuracy: 0.9832
324/949 [=========>....................] - ETA: 25:02 - loss: 0.0455 - accuracy: 0.9832
325/949 [=========>....................] - ETA: 25:01 - loss: 0.0457 - accuracy: 0.9832
326/949 [=========>....................] - ETA: 24:59 - loss: 0.0455 - accuracy: 0.9833
327/949 [=========>....................] - ETA: 24:55 - loss: 0.0454 - accuracy: 0.9833
328/949 [=========>....................] - ETA: 24:54 - loss: 0.0453 - accuracy: 0.9833
329/949 [=========>....................] - ETA: 24:51 - loss: 0.0452 - accuracy: 0.9834
330/949 [=========>....................] - ETA: 24:48 - loss: 0.0451 - accuracy: 0.9834
331/949 [=========>....................] - ETA: 24:46 - loss: 0.0451 - accuracy: 0.9834
332/949 [=========>....................] - ETA: 24:44 - loss: 0.0451 - accuracy: 0.9835
333/949 [=========>....................] - ETA: 24:41 - loss: 0.0450 - accuracy: 0.9835
334/949 [=========>....................] - ETA: 24:39 - loss: 0.0449 - accuracy: 0.9836
335/949 [=========>....................] - ETA: 24:37 - loss: 0.0449 - accuracy: 0.9836
336/949 [=========>....................] - ETA: 24:34 - loss: 0.0447 - accuracy: 0.9836
337/949 [=========>....................] - ETA: 24:31 - loss: 0.0446 - accuracy: 0.9837
338/949 [=========>....................] - ETA: 24:28 - loss: 0.0445 - accuracy: 0.9837
339/949 [=========>....................] - ETA: 24:26 - loss: 0.0445 - accuracy: 0.9837
340/949 [=========>....................] - ETA: 24:24 - loss: 0.0444 - accuracy: 0.9838
341/949 [=========>....................] - ETA: 24:21 - loss: 0.0445 - accuracy: 0.9838
342/949 [=========>....................] - ETA: 24:20 - loss: 0.0445 - accuracy: 0.9838
343/949 [=========>....................] - ETA: 24:17 - loss: 0.0446 - accuracy: 0.9838
344/949 [=========>....................] - ETA: 24:15 - loss: 0.0445 - accuracy: 0.9838
345/949 [=========>....................] - ETA: 24:12 - loss: 0.0444 - accuracy: 0.9839
346/949 [=========>....................] - ETA: 24:10 - loss: 0.0444 - accuracy: 0.9839
347/949 [=========>....................] - ETA: 24:08 - loss: 0.0442 - accuracy: 0.9839
348/949 [==========>...................] - ETA: 24:05 - loss: 0.0441 - accuracy: 0.9840
349/949 [==========>...................] - ETA: 24:03 - loss: 0.0440 - accuracy: 0.9840
350/949 [==========>...................] - ETA: 24:00 - loss: 0.0440 - accuracy: 0.9841
351/949 [==========>...................] - ETA: 23:58 - loss: 0.0438 - accuracy: 0.9841
352/949 [==========>...................] - ETA: 23:56 - loss: 0.0438 - accuracy: 0.9841
353/949 [==========>...................] - ETA: 23:53 - loss: 0.0438 - accuracy: 0.9841
354/949 [==========>...................] - ETA: 23:50 - loss: 0.0436 - accuracy: 0.9842
355/949 [==========>...................] - ETA: 23:48 - loss: 0.0436 - accuracy: 0.9842
356/949 [==========>...................] - ETA: 23:46 - loss: 0.0435 - accuracy: 0.9842
357/949 [==========>...................] - ETA: 23:43 - loss: 0.0435 - accuracy: 0.9843
358/949 [==========>...................] - ETA: 23:41 - loss: 0.0434 - accuracy: 0.9843
359/949 [==========>...................] - ETA: 23:38 - loss: 0.0433 - accuracy: 0.9843
360/949 [==========>...................] - ETA: 23:35 - loss: 0.0432 - accuracy: 0.9844
361/949 [==========>...................] - ETA: 23:34 - loss: 0.0432 - accuracy: 0.9844
362/949 [==========>...................] - ETA: 23:31 - loss: 0.0431 - accuracy: 0.9844
363/949 [==========>...................] - ETA: 23:29 - loss: 0.0430 - accuracy: 0.9845
364/949 [==========>...................] - ETA: 23:26 - loss: 0.0430 - accuracy: 0.9845
365/949 [==========>...................] - ETA: 23:23 - loss: 0.0430 - accuracy: 0.9845
366/949 [==========>...................] - ETA: 23:22 - loss: 0.0429 - accuracy: 0.9845
367/949 [==========>...................] - ETA: 23:19 - loss: 0.0428 - accuracy: 0.9846
368/949 [==========>...................] - ETA: 23:16 - loss: 0.0427 - accuracy: 0.9846
369/949 [==========>...................] - ETA: 23:14 - loss: 0.0427 - accuracy: 0.9846
370/949 [==========>...................] - ETA: 23:12 - loss: 0.0426 - accuracy: 0.9846
371/949 [==========>...................] - ETA: 23:10 - loss: 0.0426 - accuracy: 0.9847
372/949 [==========>...................] - ETA: 23:07 - loss: 0.0425 - accuracy: 0.9847
373/949 [==========>...................] - ETA: 23:05 - loss: 0.0424 - accuracy: 0.9847
374/949 [==========>...................] - ETA: 23:02 - loss: 0.0424 - accuracy: 0.9848
375/949 [==========>...................] - ETA: 23:00 - loss: 0.0423 - accuracy: 0.9848
376/949 [==========>...................] - ETA: 22:57 - loss: 0.0422 - accuracy: 0.9848
377/949 [==========>...................] - ETA: 22:55 - loss: 0.0423 - accuracy: 0.9848
378/949 [==========>...................] - ETA: 22:52 - loss: 0.0424 - accuracy: 0.9848
379/949 [==========>...................] - ETA: 22:50 - loss: 0.0423 - accuracy: 0.9848
380/949 [===========>..................] - ETA: 22:48 - loss: 0.0423 - accuracy: 0.9848
381/949 [===========>..................] - ETA: 22:46 - loss: 0.0424 - accuracy: 0.9849
382/949 [===========>..................] - ETA: 22:43 - loss: 0.0423 - accuracy: 0.9849
383/949 [===========>..................] - ETA: 22:41 - loss: 0.0422 - accuracy: 0.9849
384/949 [===========>..................] - ETA: 22:38 - loss: 0.0423 - accuracy: 0.9849
385/949 [===========>..................] - ETA: 22:35 - loss: 0.0423 - accuracy: 0.9849
386/949 [===========>..................] - ETA: 22:34 - loss: 0.0422 - accuracy: 0.9849
387/949 [===========>..................] - ETA: 22:31 - loss: 0.0421 - accuracy: 0.9850
388/949 [===========>..................] - ETA: 22:29 - loss: 0.0422 - accuracy: 0.9850
389/949 [===========>..................] - ETA: 22:26 - loss: 0.0421 - accuracy: 0.9850
390/949 [===========>..................] - ETA: 22:24 - loss: 0.0420 - accuracy: 0.9851
391/949 [===========>..................] - ETA: 22:21 - loss: 0.0419 - accuracy: 0.9851
392/949 [===========>..................] - ETA: 22:19 - loss: 0.0418 - accuracy: 0.9851
393/949 [===========>..................] - ETA: 22:16 - loss: 0.0418 - accuracy: 0.9852
394/949 [===========>..................] - ETA: 22:14 - loss: 0.0417 - accuracy: 0.9852
395/949 [===========>..................] - ETA: 22:12 - loss: 0.0416 - accuracy: 0.9852
396/949 [===========>..................] - ETA: 22:09 - loss: 0.0415 - accuracy: 0.9853
397/949 [===========>..................] - ETA: 22:06 - loss: 0.0415 - accuracy: 0.9852
398/949 [===========>..................] - ETA: 22:04 - loss: 0.0414 - accuracy: 0.9853
399/949 [===========>..................] - ETA: 22:02 - loss: 0.0414 - accuracy: 0.9853
400/949 [===========>..................] - ETA: 22:00 - loss: 0.0414 - accuracy: 0.9853
401/949 [===========>..................] - ETA: 21:57 - loss: 0.0414 - accuracy: 0.9853
402/949 [===========>..................] - ETA: 21:54 - loss: 0.0413 - accuracy: 0.9854
403/949 [===========>..................] - ETA: 21:52 - loss: 0.0412 - accuracy: 0.9854
404/949 [===========>..................] - ETA: 21:50 - loss: 0.0411 - accuracy: 0.9854
405/949 [===========>..................] - ETA: 21:47 - loss: 0.0412 - accuracy: 0.9854
406/949 [===========>..................] - ETA: 21:45 - loss: 0.0411 - accuracy: 0.9854
407/949 [===========>..................] - ETA: 21:42 - loss: 0.0410 - accuracy: 0.9855
408/949 [===========>..................] - ETA: 21:40 - loss: 0.0410 - accuracy: 0.9855
409/949 [===========>..................] - ETA: 21:38 - loss: 0.0409 - accuracy: 0.9855
410/949 [===========>..................] - ETA: 21:35 - loss: 0.0409 - accuracy: 0.9855
411/949 [===========>..................] - ETA: 21:32 - loss: 0.0410 - accuracy: 0.9855
412/949 [============>.................] - ETA: 21:30 - loss: 0.0410 - accuracy: 0.9855
413/949 [============>.................] - ETA: 21:28 - loss: 0.0409 - accuracy: 0.9856
414/949 [============>.................] - ETA: 21:26 - loss: 0.0408 - accuracy: 0.9856
415/949 [============>.................] - ETA: 21:23 - loss: 0.0408 - accuracy: 0.9856
416/949 [============>.................] - ETA: 21:20 - loss: 0.0407 - accuracy: 0.9856
417/949 [============>.................] - ETA: 21:18 - loss: 0.0407 - accuracy: 0.9857
418/949 [============>.................] - ETA: 21:16 - loss: 0.0406 - accuracy: 0.9857
419/949 [============>.................] - ETA: 21:14 - loss: 0.0407 - accuracy: 0.9857
420/949 [============>.................] - ETA: 21:11 - loss: 0.0406 - accuracy: 0.9857
421/949 [============>.................] - ETA: 21:09 - loss: 0.0405 - accuracy: 0.9857
422/949 [============>.................] - ETA: 21:06 - loss: 0.0405 - accuracy: 0.9857
423/949 [============>.................] - ETA: 21:04 - loss: 0.0404 - accuracy: 0.9858
424/949 [============>.................] - ETA: 21:01 - loss: 0.0403 - accuracy: 0.9858
425/949 [============>.................] - ETA: 20:59 - loss: 0.0404 - accuracy: 0.9858
426/949 [============>.................] - ETA: 20:57 - loss: 0.0405 - accuracy: 0.9858
427/949 [============>.................] - ETA: 20:54 - loss: 0.0405 - accuracy: 0.9858
428/949 [============>.................] - ETA: 20:52 - loss: 0.0406 - accuracy: 0.9858
429/949 [============>.................] - ETA: 20:49 - loss: 0.0405 - accuracy: 0.9858
430/949 [============>.................] - ETA: 20:47 - loss: 0.0404 - accuracy: 0.9859
431/949 [============>.................] - ETA: 20:44 - loss: 0.0404 - accuracy: 0.9859
432/949 [============>.................] - ETA: 20:42 - loss: 0.0404 - accuracy: 0.9859
433/949 [============>.................] - ETA: 20:39 - loss: 0.0405 - accuracy: 0.9858
434/949 [============>.................] - ETA: 20:37 - loss: 0.0405 - accuracy: 0.9859
435/949 [============>.................] - ETA: 20:35 - loss: 0.0404 - accuracy: 0.9859
436/949 [============>.................] - ETA: 20:32 - loss: 0.0404 - accuracy: 0.9859
437/949 [============>.................] - ETA: 20:30 - loss: 0.0403 - accuracy: 0.9859
438/949 [============>.................] - ETA: 20:27 - loss: 0.0403 - accuracy: 0.9859
439/949 [============>.................] - ETA: 20:25 - loss: 0.0402 - accuracy: 0.9859
440/949 [============>.................] - ETA: 20:22 - loss: 0.0402 - accuracy: 0.9860
441/949 [============>.................] - ETA: 20:20 - loss: 0.0401 - accuracy: 0.9860
442/949 [============>.................] - ETA: 20:18 - loss: 0.0401 - accuracy: 0.9860
443/949 [=============>................] - ETA: 20:16 - loss: 0.0400 - accuracy: 0.9860
444/949 [=============>................] - ETA: 20:13 - loss: 0.0401 - accuracy: 0.9860
445/949 [=============>................] - ETA: 20:11 - loss: 0.0400 - accuracy: 0.9860
446/949 [=============>................] - ETA: 20:08 - loss: 0.0400 - accuracy: 0.9861
447/949 [=============>................] - ETA: 20:06 - loss: 0.0399 - accuracy: 0.9861
448/949 [=============>................] - ETA: 20:03 - loss: 0.0399 - accuracy: 0.9861
449/949 [=============>................] - ETA: 20:01 - loss: 0.0398 - accuracy: 0.9861
450/949 [=============>................] - ETA: 19:58 - loss: 0.0398 - accuracy: 0.9861
451/949 [=============>................] - ETA: 19:56 - loss: 0.0399 - accuracy: 0.9861
452/949 [=============>................] - ETA: 19:53 - loss: 0.0398 - accuracy: 0.9862
453/949 [=============>................] - ETA: 19:51 - loss: 0.0398 - accuracy: 0.9861
454/949 [=============>................] - ETA: 19:49 - loss: 0.0399 - accuracy: 0.9861
455/949 [=============>................] - ETA: 19:47 - loss: 0.0398 - accuracy: 0.9862
456/949 [=============>................] - ETA: 19:44 - loss: 0.0397 - accuracy: 0.9862
457/949 [=============>................] - ETA: 19:42 - loss: 0.0398 - accuracy: 0.9862
458/949 [=============>................] - ETA: 19:39 - loss: 0.0397 - accuracy: 0.9862
459/949 [=============>................] - ETA: 19:36 - loss: 0.0397 - accuracy: 0.9862
460/949 [=============>................] - ETA: 19:34 - loss: 0.0396 - accuracy: 0.9862
461/949 [=============>................] - ETA: 19:32 - loss: 0.0396 - accuracy: 0.9862
462/949 [=============>................] - ETA: 19:30 - loss: 0.0396 - accuracy: 0.9862
463/949 [=============>................] - ETA: 19:27 - loss: 0.0396 - accuracy: 0.9862
464/949 [=============>................] - ETA: 19:25 - loss: 0.0396 - accuracy: 0.9862
465/949 [=============>................] - ETA: 19:23 - loss: 0.0395 - accuracy: 0.9863
466/949 [=============>................] - ETA: 19:20 - loss: 0.0395 - accuracy: 0.9863
467/949 [=============>................] - ETA: 19:18 - loss: 0.0394 - accuracy: 0.9863
468/949 [=============>................] - ETA: 19:15 - loss: 0.0393 - accuracy: 0.9863
469/949 [=============>................] - ETA: 19:13 - loss: 0.0393 - accuracy: 0.9864
470/949 [=============>................] - ETA: 19:11 - loss: 0.0392 - accuracy: 0.9864
471/949 [=============>................] - ETA: 19:08 - loss: 0.0391 - accuracy: 0.9864
472/949 [=============>................] - ETA: 19:06 - loss: 0.0390 - accuracy: 0.9864
473/949 [=============>................] - ETA: 19:04 - loss: 0.0391 - accuracy: 0.9864
474/949 [=============>................] - ETA: 19:01 - loss: 0.0391 - accuracy: 0.9865
475/949 [==============>...............] - ETA: 18:59 - loss: 0.0391 - accuracy: 0.9865
476/949 [==============>...............] - ETA: 18:56 - loss: 0.0391 - accuracy: 0.9865
477/949 [==============>...............] - ETA: 18:54 - loss: 0.0390 - accuracy: 0.9865
478/949 [==============>...............] - ETA: 18:51 - loss: 0.0390 - accuracy: 0.9865
479/949 [==============>...............] - ETA: 18:49 - loss: 0.0389 - accuracy: 0.9865
480/949 [==============>...............] - ETA: 18:47 - loss: 0.0388 - accuracy: 0.9866
481/949 [==============>...............] - ETA: 18:45 - loss: 0.0388 - accuracy: 0.9865
482/949 [==============>...............] - ETA: 18:42 - loss: 0.0388 - accuracy: 0.9866
483/949 [==============>...............] - ETA: 18:39 - loss: 0.0389 - accuracy: 0.9866
484/949 [==============>...............] - ETA: 18:37 - loss: 0.0389 - accuracy: 0.9866
485/949 [==============>...............] - ETA: 18:35 - loss: 0.0388 - accuracy: 0.9866
486/949 [==============>...............] - ETA: 18:32 - loss: 0.0387 - accuracy: 0.9866
487/949 [==============>...............] - ETA: 18:30 - loss: 0.0387 - accuracy: 0.9866
488/949 [==============>...............] - ETA: 18:28 - loss: 0.0388 - accuracy: 0.9866
489/949 [==============>...............] - ETA: 18:25 - loss: 0.0388 - accuracy: 0.9866
490/949 [==============>...............] - ETA: 18:22 - loss: 0.0388 - accuracy: 0.9867
491/949 [==============>...............] - ETA: 18:20 - loss: 0.0388 - accuracy: 0.9866
492/949 [==============>...............] - ETA: 18:18 - loss: 0.0389 - accuracy: 0.9866
493/949 [==============>...............] - ETA: 18:16 - loss: 0.0390 - accuracy: 0.9866
494/949 [==============>...............] - ETA: 18:13 - loss: 0.0389 - accuracy: 0.9866
495/949 [==============>...............] - ETA: 18:11 - loss: 0.0389 - accuracy: 0.9866
496/949 [==============>...............] - ETA: 18:08 - loss: 0.0389 - accuracy: 0.9867
497/949 [==============>...............] - ETA: 18:06 - loss: 0.0388 - accuracy: 0.9867
498/949 [==============>...............] - ETA: 18:04 - loss: 0.0387 - accuracy: 0.9867
499/949 [==============>...............] - ETA: 18:01 - loss: 0.0387 - accuracy: 0.9867
500/949 [==============>...............] - ETA: 17:59 - loss: 0.0387 - accuracy: 0.9867
501/949 [==============>...............] - ETA: 17:56 - loss: 0.0386 - accuracy: 0.9868
502/949 [==============>...............] - ETA: 17:54 - loss: 0.0386 - accuracy: 0.9868
503/949 [==============>...............] - ETA: 17:51 - loss: 0.0386 - accuracy: 0.9868
504/949 [==============>...............] - ETA: 17:49 - loss: 0.0386 - accuracy: 0.9868
505/949 [==============>...............] - ETA: 17:47 - loss: 0.0385 - accuracy: 0.9868
506/949 [==============>...............] - ETA: 17:44 - loss: 0.0385 - accuracy: 0.9868
507/949 [===============>..............] - ETA: 17:42 - loss: 0.0384 - accuracy: 0.9868
508/949 [===============>..............] - ETA: 17:39 - loss: 0.0385 - accuracy: 0.9868
509/949 [===============>..............] - ETA: 17:37 - loss: 0.0385 - accuracy: 0.9868
510/949 [===============>..............] - ETA: 17:34 - loss: 0.0385 - accuracy: 0.9868
511/949 [===============>..............] - ETA: 17:32 - loss: 0.0386 - accuracy: 0.9868
512/949 [===============>..............] - ETA: 17:30 - loss: 0.0385 - accuracy: 0.9868
513/949 [===============>..............] - ETA: 17:27 - loss: 0.0386 - accuracy: 0.9868
514/949 [===============>..............] - ETA: 17:25 - loss: 0.0385 - accuracy: 0.9868
515/949 [===============>..............] - ETA: 17:22 - loss: 0.0385 - accuracy: 0.9869
516/949 [===============>..............] - ETA: 17:20 - loss: 0.0384 - accuracy: 0.9869
517/949 [===============>..............] - ETA: 17:17 - loss: 0.0383 - accuracy: 0.9869
518/949 [===============>..............] - ETA: 17:15 - loss: 0.0383 - accuracy: 0.9869
519/949 [===============>..............] - ETA: 17:13 - loss: 0.0383 - accuracy: 0.9870
520/949 [===============>..............] - ETA: 17:10 - loss: 0.0383 - accuracy: 0.9870
521/949 [===============>..............] - ETA: 17:08 - loss: 0.0383 - accuracy: 0.9869
522/949 [===============>..............] - ETA: 17:05 - loss: 0.0384 - accuracy: 0.9869
523/949 [===============>..............] - ETA: 17:03 - loss: 0.0384 - accuracy: 0.9869
524/949 [===============>..............] - ETA: 17:01 - loss: 0.0385 - accuracy: 0.9869
525/949 [===============>..............] - ETA: 16:58 - loss: 0.0385 - accuracy: 0.9870
526/949 [===============>..............] - ETA: 16:56 - loss: 0.0384 - accuracy: 0.9870
527/949 [===============>..............] - ETA: 16:53 - loss: 0.0384 - accuracy: 0.9870
528/949 [===============>..............] - ETA: 16:51 - loss: 0.0384 - accuracy: 0.9870
529/949 [===============>..............] - ETA: 16:49 - loss: 0.0384 - accuracy: 0.9870
530/949 [===============>..............] - ETA: 16:46 - loss: 0.0384 - accuracy: 0.9870
531/949 [===============>..............] - ETA: 16:44 - loss: 0.0384 - accuracy: 0.9870
532/949 [===============>..............] - ETA: 16:41 - loss: 0.0383 - accuracy: 0.9870
533/949 [===============>..............] - ETA: 16:39 - loss: 0.0383 - accuracy: 0.9871
534/949 [===============>..............] - ETA: 16:36 - loss: 0.0382 - accuracy: 0.9871
535/949 [===============>..............] - ETA: 16:34 - loss: 0.0382 - accuracy: 0.9871
536/949 [===============>..............] - ETA: 16:32 - loss: 0.0381 - accuracy: 0.9871
537/949 [===============>..............] - ETA: 16:29 - loss: 0.0380 - accuracy: 0.9872
538/949 [================>.............] - ETA: 16:27 - loss: 0.0380 - accuracy: 0.9872
539/949 [================>.............] - ETA: 16:24 - loss: 0.0379 - accuracy: 0.9872
540/949 [================>.............] - ETA: 16:22 - loss: 0.0379 - accuracy: 0.9872
541/949 [================>.............] - ETA: 16:19 - loss: 0.0379 - accuracy: 0.9872
542/949 [================>.............] - ETA: 16:17 - loss: 0.0379 - accuracy: 0.9872
543/949 [================>.............] - ETA: 16:15 - loss: 0.0378 - accuracy: 0.9873
544/949 [================>.............] - ETA: 16:12 - loss: 0.0378 - accuracy: 0.9873
545/949 [================>.............] - ETA: 16:10 - loss: 0.0379 - accuracy: 0.9872
546/949 [================>.............] - ETA: 16:08 - loss: 0.0378 - accuracy: 0.9873
547/949 [================>.............] - ETA: 16:05 - loss: 0.0378 - accuracy: 0.9872
548/949 [================>.............] - ETA: 16:03 - loss: 0.0378 - accuracy: 0.9872
549/949 [================>.............] - ETA: 16:00 - loss: 0.0378 - accuracy: 0.9873
550/949 [================>.............] - ETA: 15:58 - loss: 0.0377 - accuracy: 0.9873
551/949 [================>.............] - ETA: 15:56 - loss: 0.0378 - accuracy: 0.9873
552/949 [================>.............] - ETA: 15:53 - loss: 0.0377 - accuracy: 0.9873
553/949 [================>.............] - ETA: 15:51 - loss: 0.0377 - accuracy: 0.9873
554/949 [================>.............] - ETA: 15:48 - loss: 0.0377 - accuracy: 0.9873
555/949 [================>.............] - ETA: 15:46 - loss: 0.0378 - accuracy: 0.9873
556/949 [================>.............] - ETA: 15:43 - loss: 0.0378 - accuracy: 0.9873
557/949 [================>.............] - ETA: 15:41 - loss: 0.0377 - accuracy: 0.9873
558/949 [================>.............] - ETA: 15:38 - loss: 0.0378 - accuracy: 0.9873
559/949 [================>.............] - ETA: 15:36 - loss: 0.0377 - accuracy: 0.9874
560/949 [================>.............] - ETA: 15:34 - loss: 0.0377 - accuracy: 0.9874
561/949 [================>.............] - ETA: 15:31 - loss: 0.0376 - accuracy: 0.9874
562/949 [================>.............] - ETA: 15:29 - loss: 0.0376 - accuracy: 0.9874
563/949 [================>.............] - ETA: 15:26 - loss: 0.0377 - accuracy: 0.9874
564/949 [================>.............] - ETA: 15:24 - loss: 0.0376 - accuracy: 0.9874
565/949 [================>.............] - ETA: 15:22 - loss: 0.0376 - accuracy: 0.9874
566/949 [================>.............] - ETA: 15:19 - loss: 0.0375 - accuracy: 0.9874
567/949 [================>.............] - ETA: 15:17 - loss: 0.0375 - accuracy: 0.9874
568/949 [================>.............] - ETA: 15:14 - loss: 0.0375 - accuracy: 0.9875
569/949 [================>.............] - ETA: 15:12 - loss: 0.0374 - accuracy: 0.9875
570/949 [=================>............] - ETA: 15:10 - loss: 0.0375 - accuracy: 0.9875
571/949 [=================>............] - ETA: 15:07 - loss: 0.0374 - accuracy: 0.9875
572/949 [=================>............] - ETA: 15:05 - loss: 0.0374 - accuracy: 0.9875
573/949 [=================>............] - ETA: 15:02 - loss: 0.0373 - accuracy: 0.9875
574/949 [=================>............] - ETA: 15:00 - loss: 0.0373 - accuracy: 0.9876
575/949 [=================>............] - ETA: 14:57 - loss: 0.0372 - accuracy: 0.9876
576/949 [=================>............] - ETA: 14:55 - loss: 0.0373 - accuracy: 0.9876
577/949 [=================>............] - ETA: 14:53 - loss: 0.0373 - accuracy: 0.9876
578/949 [=================>............] - ETA: 14:50 - loss: 0.0372 - accuracy: 0.9876
579/949 [=================>............] - ETA: 14:48 - loss: 0.0373 - accuracy: 0.9876
580/949 [=================>............] - ETA: 14:46 - loss: 0.0373 - accuracy: 0.9876
581/949 [=================>............] - ETA: 14:43 - loss: 0.0373 - accuracy: 0.9876
582/949 [=================>............] - ETA: 14:41 - loss: 0.0373 - accuracy: 0.9876
583/949 [=================>............] - ETA: 14:38 - loss: 0.0373 - accuracy: 0.9876
584/949 [=================>............] - ETA: 14:36 - loss: 0.0373 - accuracy: 0.9876
585/949 [=================>............] - ETA: 14:34 - loss: 0.0372 - accuracy: 0.9876
586/949 [=================>............] - ETA: 14:31 - loss: 0.0372 - accuracy: 0.9876
587/949 [=================>............] - ETA: 14:29 - loss: 0.0371 - accuracy: 0.9877
588/949 [=================>............] - ETA: 14:26 - loss: 0.0371 - accuracy: 0.9877
589/949 [=================>............] - ETA: 14:24 - loss: 0.0371 - accuracy: 0.9877
590/949 [=================>............] - ETA: 14:22 - loss: 0.0371 - accuracy: 0.9877
591/949 [=================>............] - ETA: 14:19 - loss: 0.0371 - accuracy: 0.9877
592/949 [=================>............] - ETA: 14:17 - loss: 0.0371 - accuracy: 0.9877
593/949 [=================>............] - ETA: 14:14 - loss: 0.0370 - accuracy: 0.9877
594/949 [=================>............] - ETA: 14:12 - loss: 0.0370 - accuracy: 0.9877
595/949 [=================>............] - ETA: 14:09 - loss: 0.0369 - accuracy: 0.9877
596/949 [=================>............] - ETA: 14:07 - loss: 0.0369 - accuracy: 0.9878
597/949 [=================>............] - ETA: 14:05 - loss: 0.0369 - accuracy: 0.9878
598/949 [=================>............] - ETA: 14:02 - loss: 0.0368 - accuracy: 0.9878
599/949 [=================>............] - ETA: 14:00 - loss: 0.0368 - accuracy: 0.9878
600/949 [=================>............] - ETA: 13:58 - loss: 0.0369 - accuracy: 0.9878
601/949 [=================>............] - ETA: 13:55 - loss: 0.0368 - accuracy: 0.9878
602/949 [==================>...........] - ETA: 13:53 - loss: 0.0368 - accuracy: 0.9878
603/949 [==================>...........] - ETA: 13:50 - loss: 0.0368 - accuracy: 0.9878
604/949 [==================>...........] - ETA: 13:48 - loss: 0.0368 - accuracy: 0.9878
605/949 [==================>...........] - ETA: 13:45 - loss: 0.0367 - accuracy: 0.9879
606/949 [==================>...........] - ETA: 13:43 - loss: 0.0367 - accuracy: 0.9878
607/949 [==================>...........] - ETA: 13:41 - loss: 0.0367 - accuracy: 0.9879
608/949 [==================>...........] - ETA: 13:38 - loss: 0.0366 - accuracy: 0.9879
609/949 [==================>...........] - ETA: 13:36 - loss: 0.0366 - accuracy: 0.9879
610/949 [==================>...........] - ETA: 13:33 - loss: 0.0365 - accuracy: 0.9879
611/949 [==================>...........] - ETA: 13:31 - loss: 0.0366 - accuracy: 0.9879
612/949 [==================>...........] - ETA: 13:28 - loss: 0.0365 - accuracy: 0.9879
613/949 [==================>...........] - ETA: 13:26 - loss: 0.0366 - accuracy: 0.9879
614/949 [==================>...........] - ETA: 13:24 - loss: 0.0366 - accuracy: 0.9879
615/949 [==================>...........] - ETA: 13:21 - loss: 0.0366 - accuracy: 0.9879
616/949 [==================>...........] - ETA: 13:19 - loss: 0.0365 - accuracy: 0.9880
617/949 [==================>...........] - ETA: 13:16 - loss: 0.0366 - accuracy: 0.9879
618/949 [==================>...........] - ETA: 13:14 - loss: 0.0365 - accuracy: 0.9880
619/949 [==================>...........] - ETA: 13:12 - loss: 0.0366 - accuracy: 0.9879
620/949 [==================>...........] - ETA: 13:09 - loss: 0.0365 - accuracy: 0.9880
621/949 [==================>...........] - ETA: 13:07 - loss: 0.0365 - accuracy: 0.9880
622/949 [==================>...........] - ETA: 13:05 - loss: 0.0364 - accuracy: 0.9880
623/949 [==================>...........] - ETA: 13:02 - loss: 0.0364 - accuracy: 0.9880
624/949 [==================>...........] - ETA: 13:00 - loss: 0.0364 - accuracy: 0.9880
625/949 [==================>...........] - ETA: 12:57 - loss: 0.0364 - accuracy: 0.9880
626/949 [==================>...........] - ETA: 12:55 - loss: 0.0364 - accuracy: 0.9880
627/949 [==================>...........] - ETA: 12:52 - loss: 0.0364 - accuracy: 0.9880
628/949 [==================>...........] - ETA: 12:50 - loss: 0.0365 - accuracy: 0.9880
629/949 [==================>...........] - ETA: 12:48 - loss: 0.0365 - accuracy: 0.9880
630/949 [==================>...........] - ETA: 12:45 - loss: 0.0365 - accuracy: 0.9880
631/949 [==================>...........] - ETA: 12:43 - loss: 0.0364 - accuracy: 0.9880
632/949 [==================>...........] - ETA: 12:40 - loss: 0.0365 - accuracy: 0.9880
633/949 [===================>..........] - ETA: 12:38 - loss: 0.0364 - accuracy: 0.9881
634/949 [===================>..........] - ETA: 12:36 - loss: 0.0364 - accuracy: 0.9881
635/949 [===================>..........] - ETA: 12:33 - loss: 0.0363 - accuracy: 0.9881
636/949 [===================>..........] - ETA: 12:31 - loss: 0.0364 - accuracy: 0.9881
637/949 [===================>..........] - ETA: 12:29 - loss: 0.0364 - accuracy: 0.9881
638/949 [===================>..........] - ETA: 12:26 - loss: 0.0363 - accuracy: 0.9881
639/949 [===================>..........] - ETA: 12:24 - loss: 0.0363 - accuracy: 0.9881
640/949 [===================>..........] - ETA: 12:21 - loss: 0.0363 - accuracy: 0.9881
641/949 [===================>..........] - ETA: 12:19 - loss: 0.0363 - accuracy: 0.9881
642/949 [===================>..........] - ETA: 12:16 - loss: 0.0362 - accuracy: 0.9881
643/949 [===================>..........] - ETA: 12:14 - loss: 0.0363 - accuracy: 0.9881
644/949 [===================>..........] - ETA: 12:12 - loss: 0.0362 - accuracy: 0.9882
645/949 [===================>..........] - ETA: 12:09 - loss: 0.0362 - accuracy: 0.9882
646/949 [===================>..........] - ETA: 12:07 - loss: 0.0361 - accuracy: 0.9882
647/949 [===================>..........] - ETA: 12:04 - loss: 0.0361 - accuracy: 0.9882
648/949 [===================>..........] - ETA: 12:02 - loss: 0.0362 - accuracy: 0.9882
649/949 [===================>..........] - ETA: 11:59 - loss: 0.0361 - accuracy: 0.9882
650/949 [===================>..........] - ETA: 11:57 - loss: 0.0361 - accuracy: 0.9882
651/949 [===================>..........] - ETA: 11:55 - loss: 0.0361 - accuracy: 0.9882
652/949 [===================>..........] - ETA: 11:52 - loss: 0.0361 - accuracy: 0.9882
653/949 [===================>..........] - ETA: 11:50 - loss: 0.0360 - accuracy: 0.9882
654/949 [===================>..........] - ETA: 11:47 - loss: 0.0360 - accuracy: 0.9882
655/949 [===================>..........] - ETA: 11:45 - loss: 0.0360 - accuracy: 0.9882
656/949 [===================>..........] - ETA: 11:43 - loss: 0.0360 - accuracy: 0.9882
657/949 [===================>..........] - ETA: 11:40 - loss: 0.0359 - accuracy: 0.9882
658/949 [===================>..........] - ETA: 11:38 - loss: 0.0360 - accuracy: 0.9882
659/949 [===================>..........] - ETA: 11:35 - loss: 0.0359 - accuracy: 0.9882
660/949 [===================>..........] - ETA: 11:33 - loss: 0.0359 - accuracy: 0.9883
661/949 [===================>..........] - ETA: 11:31 - loss: 0.0359 - accuracy: 0.9883
662/949 [===================>..........] - ETA: 11:28 - loss: 0.0358 - accuracy: 0.9883
663/949 [===================>..........] - ETA: 11:26 - loss: 0.0358 - accuracy: 0.9883
664/949 [===================>..........] - ETA: 11:23 - loss: 0.0357 - accuracy: 0.9883
665/949 [====================>.........] - ETA: 11:21 - loss: 0.0357 - accuracy: 0.9883
666/949 [====================>.........] - ETA: 11:18 - loss: 0.0357 - accuracy: 0.9883
667/949 [====================>.........] - ETA: 11:16 - loss: 0.0357 - accuracy: 0.9883
668/949 [====================>.........] - ETA: 11:14 - loss: 0.0357 - accuracy: 0.9883
669/949 [====================>.........] - ETA: 11:11 - loss: 0.0358 - accuracy: 0.9883
670/949 [====================>.........] - ETA: 11:09 - loss: 0.0358 - accuracy: 0.9883
671/949 [====================>.........] - ETA: 11:06 - loss: 0.0357 - accuracy: 0.9883
672/949 [====================>.........] - ETA: 11:04 - loss: 0.0357 - accuracy: 0.9883
673/949 [====================>.........] - ETA: 11:02 - loss: 0.0356 - accuracy: 0.9884
674/949 [====================>.........] - ETA: 10:59 - loss: 0.0356 - accuracy: 0.9884
675/949 [====================>.........] - ETA: 10:57 - loss: 0.0355 - accuracy: 0.9884
676/949 [====================>.........] - ETA: 10:54 - loss: 0.0355 - accuracy: 0.9884
677/949 [====================>.........] - ETA: 10:52 - loss: 0.0355 - accuracy: 0.9884
678/949 [====================>.........] - ETA: 10:50 - loss: 0.0354 - accuracy: 0.9884
679/949 [====================>.........] - ETA: 10:47 - loss: 0.0355 - accuracy: 0.9884
680/949 [====================>.........] - ETA: 10:45 - loss: 0.0355 - accuracy: 0.9884
681/949 [====================>.........] - ETA: 10:42 - loss: 0.0356 - accuracy: 0.9884
682/949 [====================>.........] - ETA: 10:40 - loss: 0.0356 - accuracy: 0.9884
683/949 [====================>.........] - ETA: 10:37 - loss: 0.0355 - accuracy: 0.9884
684/949 [====================>.........] - ETA: 10:35 - loss: 0.0355 - accuracy: 0.9884
685/949 [====================>.........] - ETA: 10:33 - loss: 0.0354 - accuracy: 0.9885
686/949 [====================>.........] - ETA: 10:30 - loss: 0.0354 - accuracy: 0.9885
687/949 [====================>.........] - ETA: 10:28 - loss: 0.0354 - accuracy: 0.9885
688/949 [====================>.........] - ETA: 10:25 - loss: 0.0354 - accuracy: 0.9885
689/949 [====================>.........] - ETA: 10:23 - loss: 0.0354 - accuracy: 0.9885
690/949 [====================>.........] - ETA: 10:21 - loss: 0.0354 - accuracy: 0.9885
691/949 [====================>.........] - ETA: 10:18 - loss: 0.0354 - accuracy: 0.9885
692/949 [====================>.........] - ETA: 10:16 - loss: 0.0354 - accuracy: 0.9884
693/949 [====================>.........] - ETA: 10:13 - loss: 0.0354 - accuracy: 0.9884
694/949 [====================>.........] - ETA: 10:11 - loss: 0.0353 - accuracy: 0.9885
695/949 [====================>.........] - ETA: 10:09 - loss: 0.0354 - accuracy: 0.9884
696/949 [=====================>........] - ETA: 10:06 - loss: 0.0354 - accuracy: 0.9884
697/949 [=====================>........] - ETA: 10:04 - loss: 0.0354 - accuracy: 0.9884
698/949 [=====================>........] - ETA: 10:01 - loss: 0.0354 - accuracy: 0.9884
699/949 [=====================>........] - ETA: 9:59 - loss: 0.0354 - accuracy: 0.9884 
700/949 [=====================>........] - ETA: 9:57 - loss: 0.0356 - accuracy: 0.9884
701/949 [=====================>........] - ETA: 9:54 - loss: 0.0356 - accuracy: 0.9884
702/949 [=====================>........] - ETA: 9:52 - loss: 0.0355 - accuracy: 0.9884
703/949 [=====================>........] - ETA: 9:49 - loss: 0.0355 - accuracy: 0.9884
704/949 [=====================>........] - ETA: 9:47 - loss: 0.0355 - accuracy: 0.9884
705/949 [=====================>........] - ETA: 9:45 - loss: 0.0354 - accuracy: 0.9884
706/949 [=====================>........] - ETA: 9:42 - loss: 0.0354 - accuracy: 0.9884
707/949 [=====================>........] - ETA: 9:40 - loss: 0.0354 - accuracy: 0.9884
708/949 [=====================>........] - ETA: 9:37 - loss: 0.0354 - accuracy: 0.9885
709/949 [=====================>........] - ETA: 9:35 - loss: 0.0353 - accuracy: 0.9885
710/949 [=====================>........] - ETA: 9:33 - loss: 0.0353 - accuracy: 0.9885
711/949 [=====================>........] - ETA: 9:30 - loss: 0.0352 - accuracy: 0.9885
712/949 [=====================>........] - ETA: 9:28 - loss: 0.0352 - accuracy: 0.9885
713/949 [=====================>........] - ETA: 9:25 - loss: 0.0354 - accuracy: 0.9885
714/949 [=====================>........] - ETA: 9:23 - loss: 0.0354 - accuracy: 0.9885
715/949 [=====================>........] - ETA: 9:21 - loss: 0.0354 - accuracy: 0.9885
716/949 [=====================>........] - ETA: 9:18 - loss: 0.0354 - accuracy: 0.9885
717/949 [=====================>........] - ETA: 9:16 - loss: 0.0353 - accuracy: 0.9885
718/949 [=====================>........] - ETA: 9:14 - loss: 0.0353 - accuracy: 0.9885
719/949 [=====================>........] - ETA: 9:11 - loss: 0.0353 - accuracy: 0.9885
720/949 [=====================>........] - ETA: 9:09 - loss: 0.0354 - accuracy: 0.9885
721/949 [=====================>........] - ETA: 9:06 - loss: 0.0355 - accuracy: 0.9885
722/949 [=====================>........] - ETA: 9:04 - loss: 0.0355 - accuracy: 0.9885
723/949 [=====================>........] - ETA: 9:01 - loss: 0.0355 - accuracy: 0.9885
724/949 [=====================>........] - ETA: 8:59 - loss: 0.0355 - accuracy: 0.9885
725/949 [=====================>........] - ETA: 8:57 - loss: 0.0354 - accuracy: 0.9885
726/949 [=====================>........] - ETA: 8:54 - loss: 0.0354 - accuracy: 0.9885
727/949 [=====================>........] - ETA: 8:52 - loss: 0.0354 - accuracy: 0.9885
728/949 [======================>.......] - ETA: 8:49 - loss: 0.0354 - accuracy: 0.9885
729/949 [======================>.......] - ETA: 8:47 - loss: 0.0354 - accuracy: 0.9885
730/949 [======================>.......] - ETA: 8:45 - loss: 0.0354 - accuracy: 0.9886
731/949 [======================>.......] - ETA: 8:42 - loss: 0.0353 - accuracy: 0.9886
732/949 [======================>.......] - ETA: 8:40 - loss: 0.0353 - accuracy: 0.9886
733/949 [======================>.......] - ETA: 8:37 - loss: 0.0353 - accuracy: 0.9886
734/949 [======================>.......] - ETA: 8:35 - loss: 0.0353 - accuracy: 0.9886
735/949 [======================>.......] - ETA: 8:33 - loss: 0.0354 - accuracy: 0.9886
736/949 [======================>.......] - ETA: 8:30 - loss: 0.0353 - accuracy: 0.9886
737/949 [======================>.......] - ETA: 8:28 - loss: 0.0353 - accuracy: 0.9886
738/949 [======================>.......] - ETA: 8:25 - loss: 0.0353 - accuracy: 0.9886
739/949 [======================>.......] - ETA: 8:23 - loss: 0.0353 - accuracy: 0.9886
740/949 [======================>.......] - ETA: 8:21 - loss: 0.0353 - accuracy: 0.9886
741/949 [======================>.......] - ETA: 8:18 - loss: 0.0353 - accuracy: 0.9886
742/949 [======================>.......] - ETA: 8:16 - loss: 0.0353 - accuracy: 0.9886
743/949 [======================>.......] - ETA: 8:13 - loss: 0.0353 - accuracy: 0.9886
744/949 [======================>.......] - ETA: 8:11 - loss: 0.0353 - accuracy: 0.9886
745/949 [======================>.......] - ETA: 8:09 - loss: 0.0352 - accuracy: 0.9886
746/949 [======================>.......] - ETA: 8:06 - loss: 0.0352 - accuracy: 0.9886
747/949 [======================>.......] - ETA: 8:04 - loss: 0.0352 - accuracy: 0.9886
748/949 [======================>.......] - ETA: 8:01 - loss: 0.0353 - accuracy: 0.9886
749/949 [======================>.......] - ETA: 7:59 - loss: 0.0352 - accuracy: 0.9886
750/949 [======================>.......] - ETA: 7:56 - loss: 0.0353 - accuracy: 0.9886
751/949 [======================>.......] - ETA: 7:54 - loss: 0.0352 - accuracy: 0.9886
752/949 [======================>.......] - ETA: 7:52 - loss: 0.0352 - accuracy: 0.9886
753/949 [======================>.......] - ETA: 7:49 - loss: 0.0352 - accuracy: 0.9887
754/949 [======================>.......] - ETA: 7:47 - loss: 0.0352 - accuracy: 0.9887
755/949 [======================>.......] - ETA: 7:45 - loss: 0.0351 - accuracy: 0.9887
756/949 [======================>.......] - ETA: 7:42 - loss: 0.0352 - accuracy: 0.9887
757/949 [======================>.......] - ETA: 7:40 - loss: 0.0351 - accuracy: 0.9887
758/949 [======================>.......] - ETA: 7:37 - loss: 0.0351 - accuracy: 0.9887
759/949 [======================>.......] - ETA: 7:35 - loss: 0.0351 - accuracy: 0.9887
760/949 [=======================>......] - ETA: 7:33 - loss: 0.0351 - accuracy: 0.9887
761/949 [=======================>......] - ETA: 7:30 - loss: 0.0350 - accuracy: 0.9887
762/949 [=======================>......] - ETA: 7:28 - loss: 0.0350 - accuracy: 0.9887
763/949 [=======================>......] - ETA: 7:25 - loss: 0.0350 - accuracy: 0.9887
764/949 [=======================>......] - ETA: 7:23 - loss: 0.0350 - accuracy: 0.9887
765/949 [=======================>......] - ETA: 7:21 - loss: 0.0350 - accuracy: 0.9887
766/949 [=======================>......] - ETA: 7:18 - loss: 0.0349 - accuracy: 0.9888
767/949 [=======================>......] - ETA: 7:16 - loss: 0.0349 - accuracy: 0.9888
768/949 [=======================>......] - ETA: 7:13 - loss: 0.0348 - accuracy: 0.9888
769/949 [=======================>......] - ETA: 7:11 - loss: 0.0348 - accuracy: 0.9888
770/949 [=======================>......] - ETA: 7:09 - loss: 0.0348 - accuracy: 0.9888
771/949 [=======================>......] - ETA: 7:06 - loss: 0.0348 - accuracy: 0.9888
772/949 [=======================>......] - ETA: 7:04 - loss: 0.0348 - accuracy: 0.9888
773/949 [=======================>......] - ETA: 7:01 - loss: 0.0348 - accuracy: 0.9888
774/949 [=======================>......] - ETA: 6:59 - loss: 0.0348 - accuracy: 0.9888
775/949 [=======================>......] - ETA: 6:57 - loss: 0.0348 - accuracy: 0.9888
776/949 [=======================>......] - ETA: 6:54 - loss: 0.0347 - accuracy: 0.9888
777/949 [=======================>......] - ETA: 6:52 - loss: 0.0348 - accuracy: 0.9888
778/949 [=======================>......] - ETA: 6:49 - loss: 0.0348 - accuracy: 0.9888
779/949 [=======================>......] - ETA: 6:47 - loss: 0.0348 - accuracy: 0.9888
780/949 [=======================>......] - ETA: 6:45 - loss: 0.0348 - accuracy: 0.9888
781/949 [=======================>......] - ETA: 6:42 - loss: 0.0348 - accuracy: 0.9888
782/949 [=======================>......] - ETA: 6:40 - loss: 0.0348 - accuracy: 0.9888
783/949 [=======================>......] - ETA: 6:37 - loss: 0.0348 - accuracy: 0.9888
784/949 [=======================>......] - ETA: 6:35 - loss: 0.0348 - accuracy: 0.9888
785/949 [=======================>......] - ETA: 6:33 - loss: 0.0347 - accuracy: 0.9888
786/949 [=======================>......] - ETA: 6:30 - loss: 0.0347 - accuracy: 0.9888
787/949 [=======================>......] - ETA: 6:28 - loss: 0.0347 - accuracy: 0.9888
788/949 [=======================>......] - ETA: 6:25 - loss: 0.0347 - accuracy: 0.9889
789/949 [=======================>......] - ETA: 6:23 - loss: 0.0346 - accuracy: 0.9889
790/949 [=======================>......] - ETA: 6:21 - loss: 0.0346 - accuracy: 0.9889
791/949 [========================>.....] - ETA: 6:18 - loss: 0.0346 - accuracy: 0.9889
792/949 [========================>.....] - ETA: 6:16 - loss: 0.0346 - accuracy: 0.9889
793/949 [========================>.....] - ETA: 6:13 - loss: 0.0345 - accuracy: 0.9889
794/949 [========================>.....] - ETA: 6:11 - loss: 0.0346 - accuracy: 0.9889
795/949 [========================>.....] - ETA: 6:09 - loss: 0.0346 - accuracy: 0.9889
796/949 [========================>.....] - ETA: 6:06 - loss: 0.0346 - accuracy: 0.9889
797/949 [========================>.....] - ETA: 6:04 - loss: 0.0346 - accuracy: 0.9889
798/949 [========================>.....] - ETA: 6:01 - loss: 0.0345 - accuracy: 0.9889
799/949 [========================>.....] - ETA: 5:59 - loss: 0.0345 - accuracy: 0.9889
800/949 [========================>.....] - ETA: 5:57 - loss: 0.0345 - accuracy: 0.9890
801/949 [========================>.....] - ETA: 5:54 - loss: 0.0345 - accuracy: 0.9890
802/949 [========================>.....] - ETA: 5:52 - loss: 0.0344 - accuracy: 0.9890
803/949 [========================>.....] - ETA: 5:49 - loss: 0.0345 - accuracy: 0.9890
804/949 [========================>.....] - ETA: 5:47 - loss: 0.0344 - accuracy: 0.9890
805/949 [========================>.....] - ETA: 5:45 - loss: 0.0344 - accuracy: 0.9890
806/949 [========================>.....] - ETA: 5:42 - loss: 0.0344 - accuracy: 0.9890
807/949 [========================>.....] - ETA: 5:40 - loss: 0.0343 - accuracy: 0.9890
808/949 [========================>.....] - ETA: 5:37 - loss: 0.0343 - accuracy: 0.9890
809/949 [========================>.....] - ETA: 5:35 - loss: 0.0343 - accuracy: 0.9890
810/949 [========================>.....] - ETA: 5:33 - loss: 0.0343 - accuracy: 0.9890
811/949 [========================>.....] - ETA: 5:30 - loss: 0.0342 - accuracy: 0.9890
812/949 [========================>.....] - ETA: 5:28 - loss: 0.0342 - accuracy: 0.9890
813/949 [========================>.....] - ETA: 5:25 - loss: 0.0342 - accuracy: 0.9890
814/949 [========================>.....] - ETA: 5:23 - loss: 0.0342 - accuracy: 0.9890
815/949 [========================>.....] - ETA: 5:21 - loss: 0.0341 - accuracy: 0.9890
816/949 [========================>.....] - ETA: 5:18 - loss: 0.0342 - accuracy: 0.9890
817/949 [========================>.....] - ETA: 5:16 - loss: 0.0342 - accuracy: 0.9890
818/949 [========================>.....] - ETA: 5:13 - loss: 0.0342 - accuracy: 0.9890
819/949 [========================>.....] - ETA: 5:11 - loss: 0.0342 - accuracy: 0.9890
820/949 [========================>.....] - ETA: 5:09 - loss: 0.0342 - accuracy: 0.9890
821/949 [========================>.....] - ETA: 5:06 - loss: 0.0342 - accuracy: 0.9890
822/949 [========================>.....] - ETA: 5:04 - loss: 0.0342 - accuracy: 0.9890
823/949 [=========================>....] - ETA: 5:01 - loss: 0.0341 - accuracy: 0.9891
824/949 [=========================>....] - ETA: 4:59 - loss: 0.0341 - accuracy: 0.9891
825/949 [=========================>....] - ETA: 4:57 - loss: 0.0341 - accuracy: 0.9891
826/949 [=========================>....] - ETA: 4:54 - loss: 0.0342 - accuracy: 0.9891
827/949 [=========================>....] - ETA: 4:52 - loss: 0.0341 - accuracy: 0.9891
828/949 [=========================>....] - ETA: 4:49 - loss: 0.0341 - accuracy: 0.9891
829/949 [=========================>....] - ETA: 4:47 - loss: 0.0341 - accuracy: 0.9891
830/949 [=========================>....] - ETA: 4:45 - loss: 0.0341 - accuracy: 0.9891
831/949 [=========================>....] - ETA: 4:42 - loss: 0.0340 - accuracy: 0.9891
832/949 [=========================>....] - ETA: 4:40 - loss: 0.0340 - accuracy: 0.9891
833/949 [=========================>....] - ETA: 4:37 - loss: 0.0340 - accuracy: 0.9891
834/949 [=========================>....] - ETA: 4:35 - loss: 0.0340 - accuracy: 0.9891
835/949 [=========================>....] - ETA: 4:33 - loss: 0.0340 - accuracy: 0.9891
836/949 [=========================>....] - ETA: 4:30 - loss: 0.0339 - accuracy: 0.9891
837/949 [=========================>....] - ETA: 4:28 - loss: 0.0339 - accuracy: 0.9892
838/949 [=========================>....] - ETA: 4:25 - loss: 0.0339 - accuracy: 0.9892
839/949 [=========================>....] - ETA: 4:23 - loss: 0.0339 - accuracy: 0.9892
840/949 [=========================>....] - ETA: 4:21 - loss: 0.0339 - accuracy: 0.9892
841/949 [=========================>....] - ETA: 4:18 - loss: 0.0339 - accuracy: 0.9892
842/949 [=========================>....] - ETA: 4:16 - loss: 0.0338 - accuracy: 0.9892
843/949 [=========================>....] - ETA: 4:13 - loss: 0.0338 - accuracy: 0.9892
844/949 [=========================>....] - ETA: 4:11 - loss: 0.0339 - accuracy: 0.9892
845/949 [=========================>....] - ETA: 4:09 - loss: 0.0339 - accuracy: 0.9892
846/949 [=========================>....] - ETA: 4:06 - loss: 0.0338 - accuracy: 0.9892
847/949 [=========================>....] - ETA: 4:04 - loss: 0.0339 - accuracy: 0.9892
848/949 [=========================>....] - ETA: 4:01 - loss: 0.0338 - accuracy: 0.9892
849/949 [=========================>....] - ETA: 3:59 - loss: 0.0338 - accuracy: 0.9892
850/949 [=========================>....] - ETA: 3:57 - loss: 0.0338 - accuracy: 0.9892
851/949 [=========================>....] - ETA: 3:54 - loss: 0.0339 - accuracy: 0.9892
852/949 [=========================>....] - ETA: 3:52 - loss: 0.0338 - accuracy: 0.9892
853/949 [=========================>....] - ETA: 3:50 - loss: 0.0338 - accuracy: 0.9892
854/949 [=========================>....] - ETA: 3:47 - loss: 0.0338 - accuracy: 0.9892
855/949 [==========================>...] - ETA: 3:45 - loss: 0.0338 - accuracy: 0.9892
856/949 [==========================>...] - ETA: 3:42 - loss: 0.0337 - accuracy: 0.9892
857/949 [==========================>...] - ETA: 3:40 - loss: 0.0337 - accuracy: 0.9893
858/949 [==========================>...] - ETA: 3:38 - loss: 0.0337 - accuracy: 0.9892
859/949 [==========================>...] - ETA: 3:35 - loss: 0.0337 - accuracy: 0.9892
860/949 [==========================>...] - ETA: 3:33 - loss: 0.0337 - accuracy: 0.9892
861/949 [==========================>...] - ETA: 3:30 - loss: 0.0337 - accuracy: 0.9892
862/949 [==========================>...] - ETA: 3:28 - loss: 0.0336 - accuracy: 0.9893
863/949 [==========================>...] - ETA: 3:26 - loss: 0.0337 - accuracy: 0.9892
864/949 [==========================>...] - ETA: 3:23 - loss: 0.0337 - accuracy: 0.9892
865/949 [==========================>...] - ETA: 3:21 - loss: 0.0337 - accuracy: 0.9892
866/949 [==========================>...] - ETA: 3:18 - loss: 0.0336 - accuracy: 0.9892
867/949 [==========================>...] - ETA: 3:16 - loss: 0.0336 - accuracy: 0.9893
868/949 [==========================>...] - ETA: 3:14 - loss: 0.0336 - accuracy: 0.9893
869/949 [==========================>...] - ETA: 3:11 - loss: 0.0336 - accuracy: 0.9893
870/949 [==========================>...] - ETA: 3:09 - loss: 0.0336 - accuracy: 0.9893
871/949 [==========================>...] - ETA: 3:06 - loss: 0.0335 - accuracy: 0.9893
872/949 [==========================>...] - ETA: 3:04 - loss: 0.0335 - accuracy: 0.9893
873/949 [==========================>...] - ETA: 3:02 - loss: 0.0335 - accuracy: 0.9893
874/949 [==========================>...] - ETA: 2:59 - loss: 0.0335 - accuracy: 0.9893
875/949 [==========================>...] - ETA: 2:57 - loss: 0.0335 - accuracy: 0.9893
876/949 [==========================>...] - ETA: 2:54 - loss: 0.0334 - accuracy: 0.9893
877/949 [==========================>...] - ETA: 2:52 - loss: 0.0334 - accuracy: 0.9894
878/949 [==========================>...] - ETA: 2:50 - loss: 0.0334 - accuracy: 0.9894
879/949 [==========================>...] - ETA: 2:47 - loss: 0.0334 - accuracy: 0.9894
880/949 [==========================>...] - ETA: 2:45 - loss: 0.0334 - accuracy: 0.9894
881/949 [==========================>...] - ETA: 2:42 - loss: 0.0334 - accuracy: 0.9894
882/949 [==========================>...] - ETA: 2:40 - loss: 0.0334 - accuracy: 0.9894
883/949 [==========================>...] - ETA: 2:38 - loss: 0.0333 - accuracy: 0.9894
884/949 [==========================>...] - ETA: 2:35 - loss: 0.0334 - accuracy: 0.9894
885/949 [==========================>...] - ETA: 2:33 - loss: 0.0333 - accuracy: 0.9894
886/949 [===========================>..] - ETA: 2:30 - loss: 0.0334 - accuracy: 0.9894
887/949 [===========================>..] - ETA: 2:28 - loss: 0.0333 - accuracy: 0.9894
888/949 [===========================>..] - ETA: 2:26 - loss: 0.0333 - accuracy: 0.9894
889/949 [===========================>..] - ETA: 2:23 - loss: 0.0333 - accuracy: 0.9894
890/949 [===========================>..] - ETA: 2:21 - loss: 0.0335 - accuracy: 0.9894
891/949 [===========================>..] - ETA: 2:18 - loss: 0.0335 - accuracy: 0.9894
892/949 [===========================>..] - ETA: 2:16 - loss: 0.0335 - accuracy: 0.9894
893/949 [===========================>..] - ETA: 2:14 - loss: 0.0334 - accuracy: 0.9894
894/949 [===========================>..] - ETA: 2:11 - loss: 0.0335 - accuracy: 0.9894
895/949 [===========================>..] - ETA: 2:09 - loss: 0.0334 - accuracy: 0.9894
896/949 [===========================>..] - ETA: 2:07 - loss: 0.0334 - accuracy: 0.9894
897/949 [===========================>..] - ETA: 2:04 - loss: 0.0334 - accuracy: 0.9894
898/949 [===========================>..] - ETA: 2:02 - loss: 0.0334 - accuracy: 0.9894
899/949 [===========================>..] - ETA: 1:59 - loss: 0.0334 - accuracy: 0.9894
900/949 [===========================>..] - ETA: 1:57 - loss: 0.0334 - accuracy: 0.9894
901/949 [===========================>..] - ETA: 1:55 - loss: 0.0334 - accuracy: 0.9894
902/949 [===========================>..] - ETA: 1:52 - loss: 0.0334 - accuracy: 0.9894
903/949 [===========================>..] - ETA: 1:50 - loss: 0.0333 - accuracy: 0.9894
904/949 [===========================>..] - ETA: 1:47 - loss: 0.0333 - accuracy: 0.9895
905/949 [===========================>..] - ETA: 1:45 - loss: 0.0333 - accuracy: 0.9895
906/949 [===========================>..] - ETA: 1:43 - loss: 0.0333 - accuracy: 0.9895
907/949 [===========================>..] - ETA: 1:40 - loss: 0.0332 - accuracy: 0.9895
908/949 [===========================>..] - ETA: 1:38 - loss: 0.0332 - accuracy: 0.9895
909/949 [===========================>..] - ETA: 1:35 - loss: 0.0332 - accuracy: 0.9895
910/949 [===========================>..] - ETA: 1:33 - loss: 0.0332 - accuracy: 0.9895
911/949 [===========================>..] - ETA: 1:31 - loss: 0.0333 - accuracy: 0.9895
912/949 [===========================>..] - ETA: 1:28 - loss: 0.0332 - accuracy: 0.9895
913/949 [===========================>..] - ETA: 1:26 - loss: 0.0332 - accuracy: 0.9895
914/949 [===========================>..] - ETA: 1:23 - loss: 0.0332 - accuracy: 0.9895
915/949 [===========================>..] - ETA: 1:21 - loss: 0.0332 - accuracy: 0.9895
916/949 [===========================>..] - ETA: 1:19 - loss: 0.0332 - accuracy: 0.9895
917/949 [===========================>..] - ETA: 1:16 - loss: 0.0332 - accuracy: 0.9895
918/949 [============================>.] - ETA: 1:14 - loss: 0.0333 - accuracy: 0.9895
919/949 [============================>.] - ETA: 1:11 - loss: 0.0332 - accuracy: 0.9895
920/949 [============================>.] - ETA: 1:09 - loss: 0.0332 - accuracy: 0.9895
921/949 [============================>.] - ETA: 1:07 - loss: 0.0332 - accuracy: 0.9895
922/949 [============================>.] - ETA: 1:04 - loss: 0.0332 - accuracy: 0.9895
923/949 [============================>.] - ETA: 1:02 - loss: 0.0332 - accuracy: 0.9895
924/949 [============================>.] - ETA: 59s - loss: 0.0332 - accuracy: 0.9895 
925/949 [============================>.] - ETA: 57s - loss: 0.0331 - accuracy: 0.9895
926/949 [============================>.] - ETA: 55s - loss: 0.0331 - accuracy: 0.9896
927/949 [============================>.] - ETA: 52s - loss: 0.0331 - accuracy: 0.9896
928/949 [============================>.] - ETA: 50s - loss: 0.0331 - accuracy: 0.9896
929/949 [============================>.] - ETA: 47s - loss: 0.0331 - accuracy: 0.9896
930/949 [============================>.] - ETA: 45s - loss: 0.0331 - accuracy: 0.9896
931/949 [============================>.] - ETA: 43s - loss: 0.0331 - accuracy: 0.9896
932/949 [============================>.] - ETA: 40s - loss: 0.0331 - accuracy: 0.9896
933/949 [============================>.] - ETA: 38s - loss: 0.0331 - accuracy: 0.9896
934/949 [============================>.] - ETA: 35s - loss: 0.0331 - accuracy: 0.9896
935/949 [============================>.] - ETA: 33s - loss: 0.0332 - accuracy: 0.9895
936/949 [============================>.] - ETA: 31s - loss: 0.0332 - accuracy: 0.9895
937/949 [============================>.] - ETA: 28s - loss: 0.0332 - accuracy: 0.9895
938/949 [============================>.] - ETA: 26s - loss: 0.0332 - accuracy: 0.9895
939/949 [============================>.] - ETA: 23s - loss: 0.0332 - accuracy: 0.9895
940/949 [============================>.] - ETA: 21s - loss: 0.0332 - accuracy: 0.9895
941/949 [============================>.] - ETA: 19s - loss: 0.0332 - accuracy: 0.9895
942/949 [============================>.] - ETA: 16s - loss: 0.0332 - accuracy: 0.9895
943/949 [============================>.] - ETA: 14s - loss: 0.0332 - accuracy: 0.9895
944/949 [============================>.] - ETA: 11s - loss: 0.0331 - accuracy: 0.9895
945/949 [============================>.] - ETA: 9s - loss: 0.0331 - accuracy: 0.9896 
946/949 [============================>.] - ETA: 7s - loss: 0.0331 - accuracy: 0.9896
947/949 [============================>.] - ETA: 4s - loss: 0.0330 - accuracy: 0.9896
948/949 [============================>.] - ETA: 2s - loss: 0.0330 - accuracy: 0.9896
949/949 [==============================] - 2272s 2s/step - loss: 0.0330 - accuracy: 0.9896
Over train job in 2273.020998 s
Model: "model_1"
__________________________________________________________________________________________________
Layer (type)                    Output Shape         Param #     Connected to                     
==================================================================================================
input_1 (InputLayer)            (None, 755, 128)     0                                            
__________________________________________________________________________________________________
conv1d_2 (Conv1D)               (None, 752, 128)     65664       input_1[0][0]                    
__________________________________________________________________________________________________
conv1d_3 (Conv1D)               (None, 750, 128)     98432       input_1[0][0]                    
__________________________________________________________________________________________________
conv1d_1 (Conv1D)               (None, 754, 128)     32896       input_1[0][0]                    
__________________________________________________________________________________________________
zero_padding1d_1 (ZeroPadding1D (None, 754, 128)     0           conv1d_2[0][0]                   
__________________________________________________________________________________________________
zero_padding1d_2 (ZeroPadding1D (None, 754, 128)     0           conv1d_3[0][0]                   
__________________________________________________________________________________________________
concatenate_1 (Concatenate)     (None, 754, 384)     0           conv1d_1[0][0]                   
                                                                 zero_padding1d_1[0][0]           
                                                                 zero_padding1d_2[0][0]           
__________________________________________________________________________________________________
lstm_1 (LSTM)                   (None, 128)          262656      concatenate_1[0][0]              
__________________________________________________________________________________________________
dropout_1 (Dropout)             (None, 128)          0           lstm_1[0][0]                     
__________________________________________________________________________________________________
Output (Dense)                  (None, 2)            258         dropout_1[0][0]                  
==================================================================================================
Total params: 459,906
Trainable params: 459,906
Non-trainable params: 0
__________________________________________________________________________________________________
None
1/106 batch
2/106 batch
3/106 batch
4/106 batch
5/106 batch
6/106 batch
7/106 batch
8/106 batch
9/106 batch
10/106 batch
11/106 batch
12/106 batch
13/106 batch
14/106 batch
15/106 batch
16/106 batch
17/106 batch
18/106 batch
19/106 batch
20/106 batch
21/106 batch
22/106 batch
23/106 batch
24/106 batch
25/106 batch
26/106 batch
27/106 batch
28/106 batch
29/106 batch
30/106 batch
31/106 batch
32/106 batch
33/106 batch
34/106 batch
35/106 batch
36/106 batch
37/106 batch
38/106 batch
39/106 batch
40/106 batch
41/106 batch
42/106 batch
43/106 batch
44/106 batch
45/106 batch
46/106 batch
47/106 batch
48/106 batch
49/106 batch
50/106 batch
51/106 batch
52/106 batch
53/106 batch
54/106 batch
55/106 batch
56/106 batch
57/106 batch
58/106 batch
59/106 batch
60/106 batch
61/106 batch
62/106 batch
63/106 batch
64/106 batch
65/106 batch
66/106 batch
67/106 batch
68/106 batch
69/106 batch
70/106 batch
71/106 batch
72/106 batch
73/106 batch
74/106 batch
75/106 batch
76/106 batch
77/106 batch
78/106 batch
79/106 batch
80/106 batch
81/106 batch
82/106 batch
83/106 batch
84/106 batch
85/106 batch
86/106 batch
87/106 batch
88/106 batch
89/106 batch
90/106 batch
91/106 batch
92/106 batch
93/106 batch
94/106 batch
95/106 batch
96/106 batch
97/106 batch
98/106 batch
99/106 batch
100/106 batch
101/106 batch
102/106 batch
103/106 batch
104/106 batch
105/106 batch
106/106 batch
Precision score is : 0.9983735429655733
Recall score is : 0.992722371967655
Accuracy score is :  0.9937422963875984
F1 score is :  0.9955399378294364
FP rate is : [0.         0.00383754 1.        ]
TP rate is : [0.         0.99272237 1.        ]
Roc_AOC is : 0.9944424139978986
Start Train Job! 
Epoch 1/1

  1/949 [..............................] - ETA: 1:09:56 - loss: 0.6946 - accuracy: 0.5100
  2/949 [..............................] - ETA: 50:22 - loss: 0.5559 - accuracy: 0.6300  
  3/949 [..............................] - ETA: 43:05 - loss: 0.5165 - accuracy: 0.6400
  4/949 [..............................] - ETA: 42:28 - loss: 0.5023 - accuracy: 0.6425
  5/949 [..............................] - ETA: 39:41 - loss: 0.4930 - accuracy: 0.6420
  6/949 [..............................] - ETA: 39:22 - loss: 0.4500 - accuracy: 0.6867
  7/949 [..............................] - ETA: 38:51 - loss: 0.4148 - accuracy: 0.7271
  8/949 [..............................] - ETA: 38:31 - loss: 0.3885 - accuracy: 0.7600
  9/949 [..............................] - ETA: 38:30 - loss: 0.3613 - accuracy: 0.7833
 10/949 [..............................] - ETA: 38:20 - loss: 0.3385 - accuracy: 0.8010
 11/949 [..............................] - ETA: 37:51 - loss: 0.3172 - accuracy: 0.8182
 12/949 [..............................] - ETA: 38:11 - loss: 0.2976 - accuracy: 0.8325
 13/949 [..............................] - ETA: 38:22 - loss: 0.2809 - accuracy: 0.8438
 14/949 [..............................] - ETA: 38:00 - loss: 0.2631 - accuracy: 0.8550
 15/949 [..............................] - ETA: 37:52 - loss: 0.2487 - accuracy: 0.8647
 16/949 [..............................] - ETA: 38:04 - loss: 0.2378 - accuracy: 0.8712
 17/949 [..............................] - ETA: 37:53 - loss: 0.2248 - accuracy: 0.8788
 18/949 [..............................] - ETA: 38:19 - loss: 0.2153 - accuracy: 0.8844
 19/949 [..............................] - ETA: 38:05 - loss: 0.2083 - accuracy: 0.8889
 20/949 [..............................] - ETA: 37:48 - loss: 0.1999 - accuracy: 0.8935
 21/949 [..............................] - ETA: 37:49 - loss: 0.1917 - accuracy: 0.8981
 22/949 [..............................] - ETA: 37:35 - loss: 0.1846 - accuracy: 0.9023
 23/949 [..............................] - ETA: 37:31 - loss: 0.1795 - accuracy: 0.9061
 24/949 [..............................] - ETA: 37:36 - loss: 0.1773 - accuracy: 0.9087
 25/949 [..............................] - ETA: 37:42 - loss: 0.1751 - accuracy: 0.9108
 26/949 [..............................] - ETA: 37:22 - loss: 0.1698 - accuracy: 0.9138
 27/949 [..............................] - ETA: 37:43 - loss: 0.1637 - accuracy: 0.9170
 28/949 [..............................] - ETA: 37:33 - loss: 0.1581 - accuracy: 0.9200
 29/949 [..............................] - ETA: 37:22 - loss: 0.1540 - accuracy: 0.9224
 30/949 [..............................] - ETA: 37:25 - loss: 0.1499 - accuracy: 0.9247
 31/949 [..............................] - ETA: 37:15 - loss: 0.1511 - accuracy: 0.9258
 32/949 [>.............................] - ETA: 37:10 - loss: 0.1488 - accuracy: 0.9275
 33/949 [>.............................] - ETA: 37:13 - loss: 0.1474 - accuracy: 0.9285
 34/949 [>.............................] - ETA: 37:09 - loss: 0.1449 - accuracy: 0.9300
 35/949 [>.............................] - ETA: 37:08 - loss: 0.1416 - accuracy: 0.9317
 36/949 [>.............................] - ETA: 37:04 - loss: 0.1386 - accuracy: 0.9333
 37/949 [>.............................] - ETA: 37:07 - loss: 0.1364 - accuracy: 0.9349
 38/949 [>.............................] - ETA: 37:03 - loss: 0.1337 - accuracy: 0.9363
 39/949 [>.............................] - ETA: 37:09 - loss: 0.1307 - accuracy: 0.9379
 40/949 [>.............................] - ETA: 36:59 - loss: 0.1283 - accuracy: 0.9392
 41/949 [>.............................] - ETA: 37:03 - loss: 0.1256 - accuracy: 0.9407
 42/949 [>.............................] - ETA: 37:01 - loss: 0.1249 - accuracy: 0.9414
 43/949 [>.............................] - ETA: 36:48 - loss: 0.1227 - accuracy: 0.9426
 44/949 [>.............................] - ETA: 36:43 - loss: 0.1210 - accuracy: 0.9436
 45/949 [>.............................] - ETA: 36:50 - loss: 0.1190 - accuracy: 0.9447
 46/949 [>.............................] - ETA: 36:39 - loss: 0.1174 - accuracy: 0.9454
 47/949 [>.............................] - ETA: 36:36 - loss: 0.1154 - accuracy: 0.9464
 48/949 [>.............................] - ETA: 36:39 - loss: 0.1138 - accuracy: 0.9473
 49/949 [>.............................] - ETA: 36:30 - loss: 0.1118 - accuracy: 0.9482
 50/949 [>.............................] - ETA: 36:28 - loss: 0.1101 - accuracy: 0.9490
 51/949 [>.............................] - ETA: 36:26 - loss: 0.1081 - accuracy: 0.9500
 52/949 [>.............................] - ETA: 36:22 - loss: 0.1067 - accuracy: 0.9508
 53/949 [>.............................] - ETA: 36:21 - loss: 0.1057 - accuracy: 0.9513
 54/949 [>.............................] - ETA: 36:24 - loss: 0.1045 - accuracy: 0.9520
 55/949 [>.............................] - ETA: 36:20 - loss: 0.1044 - accuracy: 0.9524
 56/949 [>.............................] - ETA: 36:12 - loss: 0.1033 - accuracy: 0.9529
 57/949 [>.............................] - ETA: 36:12 - loss: 0.1022 - accuracy: 0.9533
 58/949 [>.............................] - ETA: 36:02 - loss: 0.1008 - accuracy: 0.9540
 59/949 [>.............................] - ETA: 36:00 - loss: 0.0996 - accuracy: 0.9546
 60/949 [>.............................] - ETA: 36:03 - loss: 0.0984 - accuracy: 0.9552
 61/949 [>.............................] - ETA: 35:57 - loss: 0.0977 - accuracy: 0.9556
 62/949 [>.............................] - ETA: 35:53 - loss: 0.0972 - accuracy: 0.9560
 63/949 [>.............................] - ETA: 35:56 - loss: 0.0965 - accuracy: 0.9565
 64/949 [=>............................] - ETA: 35:48 - loss: 0.0958 - accuracy: 0.9570
 65/949 [=>............................] - ETA: 35:46 - loss: 0.0947 - accuracy: 0.9577
 66/949 [=>............................] - ETA: 35:43 - loss: 0.0935 - accuracy: 0.9583
 67/949 [=>............................] - ETA: 35:44 - loss: 0.0942 - accuracy: 0.9584
 68/949 [=>............................] - ETA: 35:38 - loss: 0.0930 - accuracy: 0.9590
 69/949 [=>............................] - ETA: 35:35 - loss: 0.0923 - accuracy: 0.9594
 70/949 [=>............................] - ETA: 35:37 - loss: 0.0919 - accuracy: 0.9599
 71/949 [=>............................] - ETA: 35:28 - loss: 0.0907 - accuracy: 0.9604
 72/949 [=>............................] - ETA: 35:28 - loss: 0.0900 - accuracy: 0.9608
 73/949 [=>............................] - ETA: 35:26 - loss: 0.0894 - accuracy: 0.9612
 74/949 [=>............................] - ETA: 35:19 - loss: 0.0888 - accuracy: 0.9616
 75/949 [=>............................] - ETA: 35:17 - loss: 0.0877 - accuracy: 0.9621
 76/949 [=>............................] - ETA: 35:18 - loss: 0.0866 - accuracy: 0.9626
 77/949 [=>............................] - ETA: 35:11 - loss: 0.0860 - accuracy: 0.9630
 78/949 [=>............................] - ETA: 35:09 - loss: 0.0854 - accuracy: 0.9632
 79/949 [=>............................] - ETA: 35:07 - loss: 0.0845 - accuracy: 0.9637
 80/949 [=>............................] - ETA: 35:03 - loss: 0.0835 - accuracy: 0.9641
 81/949 [=>............................] - ETA: 35:02 - loss: 0.0832 - accuracy: 0.9642
 82/949 [=>............................] - ETA: 35:01 - loss: 0.0828 - accuracy: 0.9645
 83/949 [=>............................] - ETA: 34:56 - loss: 0.0819 - accuracy: 0.9649
 84/949 [=>............................] - ETA: 34:54 - loss: 0.0814 - accuracy: 0.9652
 85/949 [=>............................] - ETA: 34:50 - loss: 0.0815 - accuracy: 0.9652
 86/949 [=>............................] - ETA: 34:47 - loss: 0.0807 - accuracy: 0.9656
 87/949 [=>............................] - ETA: 34:47 - loss: 0.0803 - accuracy: 0.9659
 88/949 [=>............................] - ETA: 34:41 - loss: 0.0796 - accuracy: 0.9661
 89/949 [=>............................] - ETA: 34:39 - loss: 0.0788 - accuracy: 0.9665
 90/949 [=>............................] - ETA: 34:38 - loss: 0.0780 - accuracy: 0.9669
 91/949 [=>............................] - ETA: 34:34 - loss: 0.0772 - accuracy: 0.9673
 92/949 [=>............................] - ETA: 34:33 - loss: 0.0764 - accuracy: 0.9676
 93/949 [=>............................] - ETA: 34:31 - loss: 0.0760 - accuracy: 0.9678
 94/949 [=>............................] - ETA: 34:30 - loss: 0.0757 - accuracy: 0.9681
 95/949 [==>...........................] - ETA: 34:25 - loss: 0.0758 - accuracy: 0.9682
 96/949 [==>...........................] - ETA: 34:22 - loss: 0.0751 - accuracy: 0.9685
 97/949 [==>...........................] - ETA: 34:23 - loss: 0.0744 - accuracy: 0.9689
 98/949 [==>...........................] - ETA: 34:16 - loss: 0.0738 - accuracy: 0.9691
 99/949 [==>...........................] - ETA: 34:14 - loss: 0.0739 - accuracy: 0.9691
100/949 [==>...........................] - ETA: 34:14 - loss: 0.0732 - accuracy: 0.9694
101/949 [==>...........................] - ETA: 34:08 - loss: 0.0726 - accuracy: 0.9696
102/949 [==>...........................] - ETA: 34:06 - loss: 0.0724 - accuracy: 0.9698
103/949 [==>...........................] - ETA: 34:07 - loss: 0.0717 - accuracy: 0.9701
104/949 [==>...........................] - ETA: 34:01 - loss: 0.0711 - accuracy: 0.9704
105/949 [==>...........................] - ETA: 34:01 - loss: 0.0706 - accuracy: 0.9706
106/949 [==>...........................] - ETA: 33:54 - loss: 0.0706 - accuracy: 0.9707
107/949 [==>...........................] - ETA: 33:51 - loss: 0.0703 - accuracy: 0.9707
108/949 [==>...........................] - ETA: 33:51 - loss: 0.0702 - accuracy: 0.9707
109/949 [==>...........................] - ETA: 33:50 - loss: 0.0699 - accuracy: 0.9709
110/949 [==>...........................] - ETA: 33:44 - loss: 0.0694 - accuracy: 0.9712
111/949 [==>...........................] - ETA: 33:43 - loss: 0.0689 - accuracy: 0.9714
112/949 [==>...........................] - ETA: 33:38 - loss: 0.0687 - accuracy: 0.9716
113/949 [==>...........................] - ETA: 33:36 - loss: 0.0687 - accuracy: 0.9717
114/949 [==>...........................] - ETA: 33:34 - loss: 0.0681 - accuracy: 0.9719
115/949 [==>...........................] - ETA: 33:33 - loss: 0.0678 - accuracy: 0.9720
116/949 [==>...........................] - ETA: 33:28 - loss: 0.0672 - accuracy: 0.9722
117/949 [==>...........................] - ETA: 33:25 - loss: 0.0667 - accuracy: 0.9725